[ 40%] [32mBuilding CXX object CMakeFiles/lidar_gui.dir/src/main.cpp.o[0m
[ 40%] [32mBuilding CXX object CMakeFiles/lidar_gui.dir/src/lidarnode.cpp.o[0m
[01m[K/home/aksel/Documents/GitHub/Mobile_robotter/ros2_ws/src/lidar_gui/src/lidarnode.cpp:[m[K In member function â€˜[01m[Kvoid MappingNode::scanCallback(sensor_msgs::msg::LaserScan_<std::allocator<void> >::SharedPtr)[m[Kâ€™:
[01m[K/home/aksel/Documents/GitHub/Mobile_robotter/ros2_ws/src/lidar_gui/src/lidarnode.cpp:50:31:[m[K [01;31m[Kerror: [m[Kno matching function for call to â€˜[01m[KMappingNode::estimatePoseDuringScan(double&, double&, double&, double&)[m[Kâ€™
   50 |         [01;31m[KestimatePoseDuringScan(beam_time, robot_x, robot_y, robot_yaw)[m[K;
      |         [01;31m[K~~~~~~~~~~~~~~~~~~~~~~^~~~~~~~~~~~~~~~~~~~~~~~~~~~~~~~~~~~~~~~[m[K
In file included from [01m[K/home/aksel/Documents/GitHub/Mobile_robotter/ros2_ws/src/lidar_gui/src/lidarnode.cpp:1[m[K:
[01m[K/home/aksel/Documents/GitHub/Mobile_robotter/ros2_ws/src/lidar_gui/include/lidarnode.h:49:10:[m[K [01;36m[Knote: [m[Kcandidate: â€˜[01m[Kvoid MappingNode::estimatePoseDuringScan(double, double, double, double, double&, double&, double&)[m[Kâ€™
   49 |     void [01;36m[KestimatePoseDuringScan[m[K(double start_x, double start_y, double start_yaw,
      |          [01;36m[K^~~~~~~~~~~~~~~~~~~~~~[m[K
[01m[K/home/aksel/Documents/GitHub/Mobile_robotter/ros2_ws/src/lidar_gui/include/lidarnode.h:49:10:[m[K [01;36m[Knote: [m[K  candidate expects 7 arguments, 4 provided
[01m[K/home/aksel/Documents/GitHub/Mobile_robotter/ros2_ws/src/lidar_gui/src/lidarnode.cpp:[m[K At global scope:
[01m[K/home/aksel/Documents/GitHub/Mobile_robotter/ros2_ws/src/lidar_gui/src/lidarnode.cpp:98:6:[m[K [01;31m[Kerror: [m[Kno declaration matches â€˜[01m[Kvoid MappingNode::estimatePoseDuringScan(double, double&, double&, double&)[m[Kâ€™
   98 | void [01;31m[KMappingNode[m[K::estimatePoseDuringScan(double beam_time, double &x, double &y, double &yaw) {
      |      [01;31m[K^~~~~~~~~~~[m[K
In file included from [01m[K/home/aksel/Documents/GitHub/Mobile_robotter/ros2_ws/src/lidar_gui/src/lidarnode.cpp:1[m[K:
[01m[K/home/aksel/Documents/GitHub/Mobile_robotter/ros2_ws/src/lidar_gui/include/lidarnode.h:49:10:[m[K [01;36m[Knote: [m[Kcandidate is: â€˜[01m[Kvoid MappingNode::estimatePoseDuringScan(double, double, double, double, double&, double&, double&)[m[Kâ€™
   49 |     void [01;36m[KestimatePoseDuringScan[m[K(double start_x, double start_y, double start_yaw,
      |          [01;36m[K^~~~~~~~~~~~~~~~~~~~~~[m[K
[01m[K/home/aksel/Documents/GitHub/Mobile_robotter/ros2_ws/src/lidar_gui/include/lidarnode.h:13:7:[m[K [01;36m[Knote: [m[Kâ€˜[01m[Kclass MappingNode[m[Kâ€™ defined here
   13 | class [01;36m[KMappingNode[m[K : public rclcpp::Node {
      |       [01;36m[K^~~~~~~~~~~[m[K
gmake[2]: *** [CMakeFiles/lidar_gui.dir/build.make:90: CMakeFiles/lidar_gui.dir/src/lidarnode.cpp.o] Error 1
gmake[1]: *** [CMakeFiles/Makefile2:137: CMakeFiles/lidar_gui.dir/all] Error 2
gmake: *** [Makefile:146: all] Error 2
