[0.021s] Invoking command in '/home/aksel/Documents/GitHub/Mobile_robotter/ros2_ws/build/lidar_gui': CMAKE_PREFIX_PATH=${CMAKE_PREFIX_PATH}:/home/aksel/turtlebot3_ws/install/turtlebot3_teleop:/home/aksel/turtlebot3_ws/install/turtlebot3_example:/opt/ros/humble /usr/bin/cmake --build /home/aksel/Documents/GitHub/Mobile_robotter/ros2_ws/build/lidar_gui -- -j16 -l16
[0.110s] [ 40%] [32mBuilding CXX object CMakeFiles/lidar_gui.dir/src/main.cpp.o[0m
[0.111s] [ 40%] [32mBuilding CXX object CMakeFiles/lidar_gui.dir/src/lidarnode.cpp.o[0m
[2.924s] [01m[K/home/aksel/Documents/GitHub/Mobile_robotter/ros2_ws/src/lidar_gui/src/lidarnode.cpp:[m[K In member function â€˜[01m[Kvoid MappingNode::scanCallback(sensor_msgs::msg::LaserScan_<std::allocator<void> >::SharedPtr)[m[Kâ€™:
[2.925s] [01m[K/home/aksel/Documents/GitHub/Mobile_robotter/ros2_ws/src/lidar_gui/src/lidarnode.cpp:50:31:[m[K [01;31m[Kerror: [m[Kno matching function for call to â€˜[01m[KMappingNode::estimatePoseDuringScan(double&, double&, double&, double&)[m[Kâ€™
[2.925s]    50 |         [01;31m[KestimatePoseDuringScan(beam_time, robot_x, robot_y, robot_yaw)[m[K;
[2.925s]       |         [01;31m[K~~~~~~~~~~~~~~~~~~~~~~^~~~~~~~~~~~~~~~~~~~~~~~~~~~~~~~~~~~~~~~[m[K
[2.925s] In file included from [01m[K/home/aksel/Documents/GitHub/Mobile_robotter/ros2_ws/src/lidar_gui/src/lidarnode.cpp:1[m[K:
[2.925s] [01m[K/home/aksel/Documents/GitHub/Mobile_robotter/ros2_ws/src/lidar_gui/include/lidarnode.h:49:10:[m[K [01;36m[Knote: [m[Kcandidate: â€˜[01m[Kvoid MappingNode::estimatePoseDuringScan(double, double, double, double, double&, double&, double&)[m[Kâ€™
[2.925s]    49 |     void [01;36m[KestimatePoseDuringScan[m[K(double start_x, double start_y, double start_yaw,
[2.925s]       |          [01;36m[K^~~~~~~~~~~~~~~~~~~~~~[m[K
[2.925s] [01m[K/home/aksel/Documents/GitHub/Mobile_robotter/ros2_ws/src/lidar_gui/include/lidarnode.h:49:10:[m[K [01;36m[Knote: [m[K  candidate expects 7 arguments, 4 provided
[2.927s] [01m[K/home/aksel/Documents/GitHub/Mobile_robotter/ros2_ws/src/lidar_gui/src/lidarnode.cpp:[m[K At global scope:
[2.927s] [01m[K/home/aksel/Documents/GitHub/Mobile_robotter/ros2_ws/src/lidar_gui/src/lidarnode.cpp:98:6:[m[K [01;31m[Kerror: [m[Kno declaration matches â€˜[01m[Kvoid MappingNode::estimatePoseDuringScan(double, double&, double&, double&)[m[Kâ€™
[2.927s]    98 | void [01;31m[KMappingNode[m[K::estimatePoseDuringScan(double beam_time, double &x, double &y, double &yaw) {
[2.927s]       |      [01;31m[K^~~~~~~~~~~[m[K
[2.927s] In file included from [01m[K/home/aksel/Documents/GitHub/Mobile_robotter/ros2_ws/src/lidar_gui/src/lidarnode.cpp:1[m[K:
[2.927s] [01m[K/home/aksel/Documents/GitHub/Mobile_robotter/ros2_ws/src/lidar_gui/include/lidarnode.h:49:10:[m[K [01;36m[Knote: [m[Kcandidate is: â€˜[01m[Kvoid MappingNode::estimatePoseDuringScan(double, double, double, double, double&, double&, double&)[m[Kâ€™
[2.928s]    49 |     void [01;36m[KestimatePoseDuringScan[m[K(double start_x, double start_y, double start_yaw,
[2.928s]       |          [01;36m[K^~~~~~~~~~~~~~~~~~~~~~[m[K
[2.928s] [01m[K/home/aksel/Documents/GitHub/Mobile_robotter/ros2_ws/src/lidar_gui/include/lidarnode.h:13:7:[m[K [01;36m[Knote: [m[Kâ€˜[01m[Kclass MappingNode[m[Kâ€™ defined here
[2.928s]    13 | class [01;36m[KMappingNode[m[K : public rclcpp::Node {
[2.928s]       |       [01;36m[K^~~~~~~~~~~[m[K
[6.167s] gmake[2]: *** [CMakeFiles/lidar_gui.dir/build.make:90: CMakeFiles/lidar_gui.dir/src/lidarnode.cpp.o] Error 1
[6.168s] gmake[1]: *** [CMakeFiles/Makefile2:137: CMakeFiles/lidar_gui.dir/all] Error 2
[6.168s] gmake: *** [Makefile:146: all] Error 2
[6.170s] Invoked command in '/home/aksel/Documents/GitHub/Mobile_robotter/ros2_ws/build/lidar_gui' returned '2': CMAKE_PREFIX_PATH=${CMAKE_PREFIX_PATH}:/home/aksel/turtlebot3_ws/install/turtlebot3_teleop:/home/aksel/turtlebot3_ws/install/turtlebot3_example:/opt/ros/humble /usr/bin/cmake --build /home/aksel/Documents/GitHub/Mobile_robotter/ros2_ws/build/lidar_gui -- -j16 -l16
