[0.019s] Invoking command in '/home/aksel/Documents/GitHub/Mobile_robotter/ros2_ws/build/controller_input': CMAKE_PREFIX_PATH=${CMAKE_PREFIX_PATH}:/home/aksel/turtlebot3_ws/install/turtlebot3_teleop:/home/aksel/turtlebot3_ws/install/turtlebot3_example:/opt/ros/humble /usr/bin/cmake --build /home/aksel/Documents/GitHub/Mobile_robotter/ros2_ws/build/controller_input -- -j16 -l16
[0.056s] [35m[1mConsolidate compiler generated dependencies of target controller_input[0m
[0.073s] [ 33%] [32mBuilding CXX object CMakeFiles/controller_input.dir/src/main.cpp.o[0m
[0.073s] [ 66%] [32mBuilding CXX object CMakeFiles/controller_input.dir/src/controllerinput.cpp.o[0m
[2.831s] In file included from [01m[K/home/aksel/Documents/GitHub/Mobile_robotter/ros2_ws/src/controller_input/src/controllerinput.cpp:1[m[K:
[2.831s] [01m[K/home/aksel/Documents/GitHub/Mobile_robotter/ros2_ws/src/controller_input/include/controllerinput.h:23:44:[m[K [01;31m[Kerror: [m[Kâ€˜[01m[KLaserScan[m[Kâ€™ is not a member of â€˜[01m[Ksensor_msgs::msg[m[Kâ€™
[2.831s]    23 |     rclcpp::Subscription<sensor_msgs::msg::[01;31m[KLaserScan[m[K>::SharedPtr _lidar_subscription;
[2.831s]       |                                            [01;31m[K^~~~~~~~~[m[K
[2.831s] [01m[K/home/aksel/Documents/GitHub/Mobile_robotter/ros2_ws/src/controller_input/include/controllerinput.h:23:53:[m[K [01;31m[Kerror: [m[Ktemplate argument 1 is invalid
[2.831s]    23 |     rclcpp::Subscription<sensor_msgs::msg::LaserScan[01;31m[K>[m[K::SharedPtr _lidar_subscription;
[2.831s]       |                                                     [01;31m[K^[m[K
[2.831s] [01m[K/home/aksel/Documents/GitHub/Mobile_robotter/ros2_ws/src/controller_input/include/controllerinput.h:23:53:[m[K [01;31m[Kerror: [m[Ktemplate argument 3 is invalid
[2.831s] [01m[K/home/aksel/Documents/GitHub/Mobile_robotter/ros2_ws/src/controller_input/include/controllerinput.h:23:53:[m[K [01;31m[Kerror: [m[Ktemplate argument 4 is invalid
[2.832s] [01m[K/home/aksel/Documents/GitHub/Mobile_robotter/ros2_ws/src/controller_input/include/controllerinput.h:23:53:[m[K [01;31m[Kerror: [m[Ktemplate argument 5 is invalid
[2.832s] [01m[K/home/aksel/Documents/GitHub/Mobile_robotter/ros2_ws/src/controller_input/include/controllerinput.h:23:56:[m[K [01;31m[Kerror: [m[Kexpected â€˜[01m[K;[m[Kâ€™ at end of member declaration
[2.832s]    23 |     rclcpp::Subscription<sensor_msgs::msg::LaserScan>::[01;31m[KSharedPtr[m[K _lidar_subscription;
[2.832s]       |                                                        [01;31m[K^~~~~~~~~[m[K
[2.832s]       |                                                                 [32m[K;[m[K
[2.833s] In file included from [01m[K/home/aksel/Documents/GitHub/Mobile_robotter/ros2_ws/src/controller_input/src/main.cpp:2[m[K:
[2.833s] [01m[K/home/aksel/Documents/GitHub/Mobile_robotter/ros2_ws/src/controller_input/include/controllerinput.h:23:44:[m[K [01;31m[Kerror: [m[Kâ€˜[01m[KLaserScan[m[Kâ€™ is not a member of â€˜[01m[Ksensor_msgs::msg[m[Kâ€™
[2.833s]    23 |     rclcpp::Subscription<sensor_msgs::msg::[01;31m[KLaserScan[m[K>::SharedPtr _lidar_subscription;
[2.833s]       |                                            [01;31m[K^~~~~~~~~[m[K
[2.833s] [01m[K/home/aksel/Documents/GitHub/Mobile_robotter/ros2_ws/src/controller_input/include/controllerinput.h:23:53:[m[K [01;31m[Kerror: [m[Ktemplate argument 1 is invalid
[2.833s]    23 |     rclcpp::Subscription<sensor_msgs::msg::LaserScan[01;31m[K>[m[K::SharedPtr _lidar_subscription;
[2.833s]       |                                                     [01;31m[K^[m[K
[2.833s] [01m[K/home/aksel/Documents/GitHub/Mobile_robotter/ros2_ws/src/controller_input/include/controllerinput.h:23:53:[m[K [01;31m[Kerror: [m[Ktemplate argument 3 is invalid
[2.833s] [01m[K/home/aksel/Documents/GitHub/Mobile_robotter/ros2_ws/src/controller_input/include/controllerinput.h:23:53:[m[K [01;31m[Kerror: [m[Ktemplate argument 4 is invalid
[2.833s] [01m[K/home/aksel/Documents/GitHub/Mobile_robotter/ros2_ws/src/controller_input/include/controllerinput.h:23:53:[m[K [01;31m[Kerror: [m[Ktemplate argument 5 is invalid
[2.833s] [01m[K/home/aksel/Documents/GitHub/Mobile_robotter/ros2_ws/src/controller_input/include/controllerinput.h:23:56:[m[K [01;31m[Kerror: [m[Kexpected â€˜[01m[K;[m[Kâ€™ at end of member declaration
[2.833s]    23 |     rclcpp::Subscription<sensor_msgs::msg::LaserScan>::[01;31m[KSharedPtr[m[K _lidar_subscription;
[2.833s]       |                                                        [01;31m[K^~~~~~~~~[m[K
[2.833s]       |                                                                 [32m[K;[m[K
[2.835s] [01m[K/home/aksel/Documents/GitHub/Mobile_robotter/ros2_ws/src/controller_input/include/controllerinput.h:23:66:[m[K [01;31m[Kerror: [m[Kâ€˜[01m[K_lidar_subscription[m[Kâ€™ does not name a type
[2.835s]    23 |     rclcpp::Subscription<sensor_msgs::msg::LaserScan>::SharedPtr [01;31m[K_lidar_subscription[m[K;
[2.835s]       |                                                                  [01;31m[K^~~~~~~~~~~~~~~~~~~[m[K
[2.837s] [01m[K/home/aksel/Documents/GitHub/Mobile_robotter/ros2_ws/src/controller_input/include/controllerinput.h:23:66:[m[K [01;31m[Kerror: [m[Kâ€˜[01m[K_lidar_subscription[m[Kâ€™ does not name a type
[2.837s]    23 |     rclcpp::Subscription<sensor_msgs::msg::LaserScan>::SharedPtr [01;31m[K_lidar_subscription[m[K;
[2.837s]       |                                                                  [01;31m[K^~~~~~~~~~~~~~~~~~~[m[K
[2.841s] [01m[K/home/aksel/Documents/GitHub/Mobile_robotter/ros2_ws/src/controller_input/include/controllerinput.h:24:26:[m[K [01;31m[Kerror: [m[Kâ€˜[01m[Knav_msgs[m[Kâ€™ was not declared in this scope
[2.841s]    24 |     rclcpp::Subscription<[01;31m[Knav_msgs[m[K::msg::Odometry>::SharedPtr _odom_subscription;
[2.841s]       |                          [01;31m[K^~~~~~~~[m[K
[2.841s] [01m[K/home/aksel/Documents/GitHub/Mobile_robotter/ros2_ws/src/controller_input/include/controllerinput.h:24:49:[m[K [01;31m[Kerror: [m[Ktemplate argument 1 is invalid
[2.841s]    24 |     rclcpp::Subscription<nav_msgs::msg::Odometry[01;31m[K>[m[K::SharedPtr _odom_subscription;
[2.841s]       |                                                 [01;31m[K^[m[K
[2.841s] [01m[K/home/aksel/Documents/GitHub/Mobile_robotter/ros2_ws/src/controller_input/include/controllerinput.h:24:49:[m[K [01;31m[Kerror: [m[Ktemplate argument 3 is invalid
[2.841s] [01m[K/home/aksel/Documents/GitHub/Mobile_robotter/ros2_ws/src/controller_input/include/controllerinput.h:24:49:[m[K [01;31m[Kerror: [m[Ktemplate argument 4 is invalid
[2.841s] [01m[K/home/aksel/Documents/GitHub/Mobile_robotter/ros2_ws/src/controller_input/include/controllerinput.h:24:49:[m[K [01;31m[Kerror: [m[Ktemplate argument 5 is invalid
[2.841s] [01m[K/home/aksel/Documents/GitHub/Mobile_robotter/ros2_ws/src/controller_input/include/controllerinput.h:24:52:[m[K [01;31m[Kerror: [m[Kexpected â€˜[01m[K;[m[Kâ€™ at end of member declaration
[2.841s]    24 |     rclcpp::Subscription<nav_msgs::msg::Odometry>::[01;31m[KSharedPtr[m[K _odom_subscription;
[2.842s]       |                                                    [01;31m[K^~~~~~~~~[m[K
[2.842s]       |                                                             [32m[K;[m[K
[2.842s] [01m[K/home/aksel/Documents/GitHub/Mobile_robotter/ros2_ws/src/controller_input/include/controllerinput.h:24:52:[m[K [01;31m[Kerror: [m[Kredeclaration of â€˜[01m[Kint controllerInput::SharedPtr[m[Kâ€™
[2.842s] [01m[K/home/aksel/Documents/GitHub/Mobile_robotter/ros2_ws/src/controller_input/include/controllerinput.h:23:56:[m[K [01;36m[Knote: [m[Kprevious declaration â€˜[01m[Kint controllerInput::SharedPtr[m[Kâ€™
[2.842s]    23 |     rclcpp::Subscription<sensor_msgs::msg::LaserScan>::[01;36m[KSharedPtr[m[K _lidar_subscription;
[2.842s]       |                                                        [01;36m[K^~~~~~~~~[m[K
[2.842s] [01m[K/home/aksel/Documents/GitHub/Mobile_robotter/ros2_ws/src/controller_input/include/controllerinput.h:24:26:[m[K [01;31m[Kerror: [m[Kâ€˜[01m[Knav_msgs[m[Kâ€™ was not declared in this scope
[2.842s]    24 |     rclcpp::Subscription<[01;31m[Knav_msgs[m[K::msg::Odometry>::SharedPtr _odom_subscription;
[2.842s]       |                          [01;31m[K^~~~~~~~[m[K
[2.842s] [01m[K/home/aksel/Documents/GitHub/Mobile_robotter/ros2_ws/src/controller_input/include/controllerinput.h:24:49:[m[K [01;31m[Kerror: [m[Ktemplate argument 1 is invalid
[2.842s]    24 |     rclcpp::Subscription<nav_msgs::msg::Odometry[01;31m[K>[m[K::SharedPtr _odom_subscription;
[2.842s]       |                                                 [01;31m[K^[m[K
[2.842s] [01m[K/home/aksel/Documents/GitHub/Mobile_robotter/ros2_ws/src/controller_input/include/controllerinput.h:24:49:[m[K [01;31m[Kerror: [m[Ktemplate argument 3 is invalid
[2.842s] [01m[K/home/aksel/Documents/GitHub/Mobile_robotter/ros2_ws/src/controller_input/include/controllerinput.h:24:49:[m[K [01;31m[Kerror: [m[Ktemplate argument 4 is invalid
[2.842s] [01m[K/home/aksel/Documents/GitHub/Mobile_robotter/ros2_ws/src/controller_input/include/controllerinput.h:24:49:[m[K [01;31m[Kerror: [m[Ktemplate argument 5 is invalid
[2.842s] [01m[K/home/aksel/Documents/GitHub/Mobile_robotter/ros2_ws/src/controller_input/include/controllerinput.h:24:52:[m[K [01;31m[Kerror: [m[Kexpected â€˜[01m[K;[m[Kâ€™ at end of member declaration
[2.842s]    24 |     rclcpp::Subscription<nav_msgs::msg::Odometry>::[01;31m[KSharedPtr[m[K _odom_subscription;
[2.842s]       |                                                    [01;31m[K^~~~~~~~~[m[K
[2.843s]       |                                                             [32m[K;[m[K
[2.843s] [01m[K/home/aksel/Documents/GitHub/Mobile_robotter/ros2_ws/src/controller_input/include/controllerinput.h:24:52:[m[K [01;31m[Kerror: [m[Kredeclaration of â€˜[01m[Kint controllerInput::SharedPtr[m[Kâ€™
[2.843s] [01m[K/home/aksel/Documents/GitHub/Mobile_robotter/ros2_ws/src/controller_input/include/controllerinput.h:23:56:[m[K [01;36m[Knote: [m[Kprevious declaration â€˜[01m[Kint controllerInput::SharedPtr[m[Kâ€™
[2.843s]    23 |     rclcpp::Subscription<sensor_msgs::msg::LaserScan>::[01;36m[KSharedPtr[m[K _lidar_subscription;
[2.843s]       |                                                        [01;36m[K^~~~~~~~~[m[K
[2.844s] [01m[K/home/aksel/Documents/GitHub/Mobile_robotter/ros2_ws/src/controller_input/include/controllerinput.h:24:62:[m[K [01;31m[Kerror: [m[Kâ€˜[01m[K_odom_subscription[m[Kâ€™ does not name a type
[2.844s]    24 |     rclcpp::Subscription<nav_msgs::msg::Odometry>::SharedPtr [01;31m[K_odom_subscription[m[K;
[2.844s]       |                                                              [01;31m[K^~~~~~~~~~~~~~~~~~[m[K
[2.845s] [01m[K/home/aksel/Documents/GitHub/Mobile_robotter/ros2_ws/src/controller_input/include/controllerinput.h:24:62:[m[K [01;31m[Kerror: [m[Kâ€˜[01m[K_odom_subscription[m[Kâ€™ does not name a type
[2.845s]    24 |     rclcpp::Subscription<nav_msgs::msg::Odometry>::SharedPtr [01;31m[K_odom_subscription[m[K;
[2.845s]       |                                                              [01;31m[K^~~~~~~~~~~~~~~~~~[m[K
[2.865s] [01m[K/home/aksel/Documents/GitHub/Mobile_robotter/ros2_ws/src/controller_input/src/controllerinput.cpp:[m[K In constructor â€˜[01m[KcontrollerInput::controllerInput()[m[Kâ€™:
[2.865s] [01m[K/home/aksel/Documents/GitHub/Mobile_robotter/ros2_ws/src/controller_input/src/controllerinput.cpp:30:5:[m[K [01;31m[Kerror: [m[Kâ€˜[01m[K_lidar_subscription[m[Kâ€™ was not declared in this scope; did you mean â€˜[01m[Kcreate_subscription[m[Kâ€™?
[2.865s]    30 |     [01;31m[K_lidar_subscription[m[K = this->create_subscription<sensor_msgs::msg::LaserScan>(
[2.865s]       |     [01;31m[K^~~~~~~~~~~~~~~~~~~[m[K
[2.865s]       |     [32m[Kcreate_subscription[m[K
[2.866s] [01m[K/home/aksel/Documents/GitHub/Mobile_robotter/ros2_ws/src/controller_input/src/controllerinput.cpp:30:71:[m[K [01;31m[Kerror: [m[Kâ€˜[01m[KLaserScan[m[Kâ€™ is not a member of â€˜[01m[Ksensor_msgs::msg[m[Kâ€™
[2.866s]    30 |     _lidar_subscription = this->create_subscription<sensor_msgs::msg::[01;31m[KLaserScan[m[K>(
[2.866s]       |                                                                       [01;31m[K^~~~~~~~~[m[K
[2.866s] [01m[K/home/aksel/Documents/GitHub/Mobile_robotter/ros2_ws/src/controller_input/src/controllerinput.cpp:31:54:[m[K [01;31m[Kerror: [m[Kâ€˜[01m[KMappingNode[m[Kâ€™ has not been declared
[2.866s]    31 |         "/scan", rclcpp::SensorDataQoS(), std::bind(&[01;31m[KMappingNode[m[K::scanCallback, this, std::placeholders::_1));
[2.866s]       |                                                      [01;31m[K^~~~~~~~~~~[m[K
[2.876s] [01m[K/home/aksel/Documents/GitHub/Mobile_robotter/ros2_ws/src/controller_input/src/controllerinput.cpp:32:5:[m[K [01;31m[Kerror: [m[Kâ€˜[01m[K_odom_subscription[m[Kâ€™ was not declared in this scope; did you mean â€˜[01m[Kcreate_subscription[m[Kâ€™?
[2.876s]    32 |     [01;31m[K_odom_subscription[m[K = this->create_subscription<nav_msgs::msg::Odometry>(
[2.876s]       |     [01;31m[K^~~~~~~~~~~~~~~~~~[m[K
[2.876s]       |     [32m[Kcreate_subscription[m[K
[2.881s] [01m[K/home/aksel/Documents/GitHub/Mobile_robotter/ros2_ws/src/controller_input/src/controllerinput.cpp:32:52:[m[K [01;31m[Kerror: [m[Kâ€˜[01m[Knav_msgs[m[Kâ€™ was not declared in this scope
[2.881s]    32 |     _odom_subscription = this->create_subscription<[01;31m[Knav_msgs[m[K::msg::Odometry>(
[2.881s]       |                                                    [01;31m[K^~~~~~~~[m[K
[2.881s] [01m[K/home/aksel/Documents/GitHub/Mobile_robotter/ros2_ws/src/controller_input/src/controllerinput.cpp:32:32:[m[K [01;31m[Kerror: [m[Kparse error in template argument list
[2.881s]    32 |     _odom_subscription = this->[01;31m[Kcreate_subscription<nav_msgs::msg::Odometry>[m[K(
[2.881s]       |                                [01;31m[K^~~~~~~~~~~~~~~~~~~~~~~~~~~~~~~~~~~~~~~~~~~~[m[K
[2.881s] [01m[K/home/aksel/Documents/GitHub/Mobile_robotter/ros2_ws/src/controller_input/src/controllerinput.cpp:33:54:[m[K [01;31m[Kerror: [m[Kâ€˜[01m[KMappingNode[m[Kâ€™ has not been declared
[2.881s]    33 |         "/odom", rclcpp::SensorDataQoS(), std::bind(&[01;31m[KMappingNode[m[K::odomCallback, this, std::placeholders::_1));
[2.881s]       |                                                      [01;31m[K^~~~~~~~~~~[m[K
[2.881s] [01m[K/home/aksel/Documents/GitHub/Mobile_robotter/ros2_ws/src/controller_input/src/controllerinput.cpp:35:18:[m[K [01;31m[Kerror: [m[Kâ€˜[01m[Kmsg[m[Kâ€™ was not declared in this scope
[2.881s]    35 |     _initial_x = [01;31m[Kmsg[m[K->pose.pose.position.x;
[2.881s]       |                  [01;31m[K^~~[m[K
[2.881s] [01m[K/home/aksel/Documents/GitHub/Mobile_robotter/ros2_ws/src/controller_input/src/controllerinput.cpp:35:18:[m[K [01;36m[Knote: [m[Ksuggested alternatives:
[2.882s] In file included from [01m[K/opt/ros/humble/include/builtin_interfaces/builtin_interfaces/msg/duration.hpp:7[m[K,
[2.882s]                  from [01m[K/opt/ros/humble/include/rclcpp/rclcpp/duration.hpp:20[m[K,
[2.882s]                  from [01m[K/opt/ros/humble/include/rclcpp/rclcpp/qos.hpp:20[m[K,
[2.882s]                  from [01m[K/opt/ros/humble/include/rclcpp/rclcpp/node_interfaces/node_graph_interface.hpp:32[m[K,
[2.882s]                  from [01m[K/opt/ros/humble/include/rclcpp/rclcpp/client.hpp:42[m[K,
[2.882s]                  from [01m[K/opt/ros/humble/include/rclcpp/rclcpp/callback_group.hpp:24[m[K,
[2.882s]                  from [01m[K/opt/ros/humble/include/rclcpp/rclcpp/any_executable.hpp:20[m[K,
[2.882s]                  from [01m[K/opt/ros/humble/include/rclcpp/rclcpp/memory_strategy.hpp:25[m[K,
[2.882s]                  from [01m[K/opt/ros/humble/include/rclcpp/rclcpp/memory_strategies.hpp:18[m[K,
[2.882s]                  from [01m[K/opt/ros/humble/include/rclcpp/rclcpp/executor_options.hpp:20[m[K,
[2.882s]                  from [01m[K/opt/ros/humble/include/rclcpp/rclcpp/executor.hpp:37[m[K,
[2.882s]                  from [01m[K/opt/ros/humble/include/rclcpp/rclcpp/executors/multi_threaded_executor.hpp:25[m[K,
[2.882s]                  from [01m[K/opt/ros/humble/include/rclcpp/rclcpp/executors.hpp:21[m[K,
[2.882s]                  from [01m[K/opt/ros/humble/include/rclcpp/rclcpp/rclcpp.hpp:155[m[K,
[2.882s]                  from [01m[K/home/aksel/Documents/GitHub/Mobile_robotter/ros2_ws/src/controller_input/include/controllerinput.h:4[m[K,
[2.882s]                  from [01m[K/home/aksel/Documents/GitHub/Mobile_robotter/ros2_ws/src/controller_input/src/controllerinput.cpp:1[m[K:
[2.882s] [01m[K/opt/ros/humble/include/builtin_interfaces/builtin_interfaces/msg/detail/duration__struct.hpp:27:11:[m[K [01;36m[Knote: [m[K  â€˜[01m[Kbuiltin_interfaces::msg[m[Kâ€™
[2.882s]    27 | namespace [01;36m[Kmsg[m[K
[2.882s]       |           [01;36m[K^~~[m[K
[2.882s] In file included from [01m[K/opt/ros/humble/include/rcl_interfaces/rcl_interfaces/msg/set_parameters_result.hpp:7[m[K,
[2.882s]                  from [01m[K/opt/ros/humble/include/rclcpp/rclcpp/qos_overriding_options.hpp:28[m[K,
[2.882s]                  from [01m[K/opt/ros/humble/include/rclcpp/rclcpp/subscription_options.hpp:30[m[K,
[2.882s]                  from [01m[K/opt/ros/humble/include/rclcpp/rclcpp/subscription.hpp:45[m[K,
[2.882s]                  from [01m[K/opt/ros/humble/include/rclcpp/rclcpp/any_executable.hpp:25[m[K,
[2.883s]                  from [01m[K/opt/ros/humble/include/rclcpp/rclcpp/memory_strategy.hpp:25[m[K,
[2.883s]                  from [01m[K/opt/ros/humble/include/rclcpp/rclcpp/memory_strategies.hpp:18[m[K,
[2.883s]                  from [01m[K/opt/ros/humble/include/rclcpp/rclcpp/executor_options.hpp:20[m[K,
[2.883s]                  from [01m[K/opt/ros/humble/include/rclcpp/rclcpp/executor.hpp:37[m[K,
[2.883s]                  from [01m[K/opt/ros/humble/include/rclcpp/rclcpp/executors/multi_threaded_executor.hpp:25[m[K,
[2.883s]                  from [01m[K/opt/ros/humble/include/rclcpp/rclcpp/executors.hpp:21[m[K,
[2.883s]                  from [01m[K/opt/ros/humble/include/rclcpp/rclcpp/rclcpp.hpp:155[m[K,
[2.883s]                  from [01m[K/home/aksel/Documents/GitHub/Mobile_robotter/ros2_ws/src/controller_input/include/controllerinput.h:4[m[K,
[2.883s]                  from [01m[K/home/aksel/Documents/GitHub/Mobile_robotter/ros2_ws/src/controller_input/src/controllerinput.cpp:1[m[K:
[2.883s] [01m[K/opt/ros/humble/include/rcl_interfaces/rcl_interfaces/msg/detail/set_parameters_result__struct.hpp:27:11:[m[K [01;36m[Knote: [m[K  â€˜[01m[Krcl_interfaces::msg[m[Kâ€™
[2.883s]    27 | namespace [01;36m[Kmsg[m[K
[2.883s]       |           [01;36m[K^~~[m[K
[2.883s] In file included from [01m[K/opt/ros/humble/include/statistics_msgs/statistics_msgs/msg/detail/metrics_message__struct.hpp:23[m[K,
[2.883s]                  from [01m[K/opt/ros/humble/include/statistics_msgs/statistics_msgs/msg/metrics_message.hpp:7[m[K,
[2.883s]                  from [01m[K/opt/ros/humble/include/libstatistics_collector/libstatistics_collector/collector/generate_statistics_message.hpp:21[m[K,
[2.883s]                  from [01m[K/opt/ros/humble/include/rclcpp/rclcpp/topic_statistics/subscription_topic_statistics.hpp:23[m[K,
[2.883s]                  from [01m[K/opt/ros/humble/include/rclcpp/rclcpp/subscription.hpp:50[m[K,
[2.883s]                  from [01m[K/opt/ros/humble/include/rclcpp/rclcpp/any_executable.hpp:25[m[K,
[2.883s]                  from [01m[K/opt/ros/humble/include/rclcpp/rclcpp/memory_strategy.hpp:25[m[K,
[2.883s]                  from [01m[K/opt/ros/humble/include/rclcpp/rclcpp/memory_strategies.hpp:18[m[K,
[2.883s]                  from [01m[K/opt/ros/humble/include/rclcpp/rclcpp/executor_options.hpp:20[m[K,
[2.883s]                  from [01m[K/opt/ros/humble/include/rclcpp/rclcpp/executor.hpp:37[m[K,
[2.883s]                  from [01m[K/opt/ros/humble/include/rclcpp/rclcpp/executors/multi_threaded_executor.hpp:25[m[K,
[2.883s]                  from [01m[K/opt/ros/humble/include/rclcpp/rclcpp/executors.hpp:21[m[K,
[2.883s]                  from [01m[K/opt/ros/humble/include/rclcpp/rclcpp/rclcpp.hpp:155[m[K,
[2.883s]                  from [01m[K/home/aksel/Documents/GitHub/Mobile_robotter/ros2_ws/src/controller_input/include/controllerinput.h:4[m[K,
[2.883s]                  from [01m[K/home/aksel/Documents/GitHub/Mobile_robotter/ros2_ws/src/controller_input/src/controllerinput.cpp:1[m[K:
[2.883s] [01m[K/opt/ros/humble/include/statistics_msgs/statistics_msgs/msg/detail/statistic_data_point__struct.hpp:27:11:[m[K [01;36m[Knote: [m[K  â€˜[01m[Kstatistics_msgs::msg[m[Kâ€™
[2.883s]    27 | namespace [01;36m[Kmsg[m[K
[2.883s]       |           [01;36m[K^~~[m[K
[2.884s] In file included from [01m[K/opt/ros/humble/include/sensor_msgs/sensor_msgs/msg/detail/joy__struct.hpp:20[m[K,
[2.884s]                  from [01m[K/opt/ros/humble/include/sensor_msgs/sensor_msgs/msg/joy.hpp:7[m[K,
[2.884s]                  from [01m[K/home/aksel/Documents/GitHub/Mobile_robotter/ros2_ws/src/controller_input/include/controllerinput.h:5[m[K,
[2.884s]                  from [01m[K/home/aksel/Documents/GitHub/Mobile_robotter/ros2_ws/src/controller_input/src/controllerinput.cpp:1[m[K:
[2.884s] [01m[K/opt/ros/humble/include/std_msgs/std_msgs/msg/detail/header__struct.hpp:31:11:[m[K [01;36m[Knote: [m[K  â€˜[01m[Kstd_msgs::msg[m[Kâ€™
[2.884s]    31 | namespace [01;36m[Kmsg[m[K
[2.884s]       |           [01;36m[K^~~[m[K
[2.884s] In file included from [01m[K/opt/ros/humble/include/sensor_msgs/sensor_msgs/msg/joy.hpp:7[m[K,
[2.884s]                  from [01m[K/home/aksel/Documents/GitHub/Mobile_robotter/ros2_ws/src/controller_input/include/controllerinput.h:5[m[K,
[2.884s]                  from [01m[K/home/aksel/Documents/GitHub/Mobile_robotter/ros2_ws/src/controller_input/src/controllerinput.cpp:1[m[K:
[2.884s] [01m[K/opt/ros/humble/include/sensor_msgs/sensor_msgs/msg/detail/joy__struct.hpp:31:11:[m[K [01;36m[Knote: [m[K  â€˜[01m[Ksensor_msgs::msg[m[Kâ€™
[2.884s]    31 | namespace [01;36m[Kmsg[m[K
[2.884s]       |           [01;36m[K^~~[m[K
[2.884s] In file included from [01m[K/opt/ros/humble/include/geometry_msgs/geometry_msgs/msg/detail/twist__struct.hpp:21[m[K,
[2.884s]                  from [01m[K/opt/ros/humble/include/geometry_msgs/geometry_msgs/msg/twist.hpp:7[m[K,
[2.884s]                  from [01m[K/home/aksel/Documents/GitHub/Mobile_robotter/ros2_ws/src/controller_input/include/controllerinput.h:6[m[K,
[2.884s]                  from [01m[K/home/aksel/Documents/GitHub/Mobile_robotter/ros2_ws/src/controller_input/src/controllerinput.cpp:1[m[K:
[2.884s] [01m[K/opt/ros/humble/include/geometry_msgs/geometry_msgs/msg/detail/vector3__struct.hpp:27:11:[m[K [01;36m[Knote: [m[K  â€˜[01m[Kgeometry_msgs::msg[m[Kâ€™
[2.884s]    27 | namespace [01;36m[Kmsg[m[K
[2.884s]       |           [01;36m[K^~~[m[K
[2.885s] [01m[K/home/aksel/Documents/GitHub/Mobile_robotter/ros2_ws/src/controller_input/src/controllerinput.cpp:[m[K In member function â€˜[01m[Kvoid controllerInput::joy_callback(sensor_msgs::msg::Joy_<std::allocator<void> >::SharedPtr)[m[Kâ€™:
[2.885s] [01m[K/home/aksel/Documents/GitHub/Mobile_robotter/ros2_ws/src/controller_input/src/controllerinput.cpp:63:37:[m[K [01;31m[Kerror: [m[Kâ€˜[01m[Kusing element_type = struct sensor_msgs::msg::Joy_<std::allocator<void> >[m[Kâ€™ {aka â€˜[01m[Kstruct sensor_msgs::msg::Joy_<std::allocator<void> >[m[Kâ€™} has no member named â€˜[01m[Kangle_min[m[Kâ€™
[2.885s]    63 |         double _latest_angle = msg->[01;31m[Kangle_min[m[K;
[2.885s]       |                                     [01;31m[K^~~~~~~~~[m[K
[2.885s] [01m[K/home/aksel/Documents/GitHub/Mobile_robotter/ros2_ws/src/controller_input/src/controllerinput.cpp:64:37:[m[K [01;31m[Kerror: [m[Kâ€˜[01m[Kusing element_type = struct sensor_msgs::msg::Joy_<std::allocator<void> >[m[Kâ€™ {aka â€˜[01m[Kstruct sensor_msgs::msg::Joy_<std::allocator<void> >[m[Kâ€™} has no member named â€˜[01m[Kranges[m[Kâ€™
[2.885s]    64 |         for (size_t i = 0; i < msg->[01;31m[Kranges[m[K.size(); ++i) {
[2.885s]       |                                     [01;31m[K^~~~~~[m[K
[2.885s] [01m[K/home/aksel/Documents/GitHub/Mobile_robotter/ros2_ws/src/controller_input/src/controllerinput.cpp:65:36:[m[K [01;31m[Kerror: [m[Kâ€˜[01m[Kusing element_type = struct sensor_msgs::msg::Joy_<std::allocator<void> >[m[Kâ€™ {aka â€˜[01m[Kstruct sensor_msgs::msg::Joy_<std::allocator<void> >[m[Kâ€™} has no member named â€˜[01m[Kranges[m[Kâ€™
[2.885s]    65 |             double distance = msg->[01;31m[Kranges[m[K[i];
[2.885s]       |                                    [01;31m[K^~~~~~[m[K
[2.885s] [01m[K/home/aksel/Documents/GitHub/Mobile_robotter/ros2_ws/src/controller_input/src/controllerinput.cpp:66:34:[m[K [01;31m[Kerror: [m[Kâ€˜[01m[Kusing element_type = struct sensor_msgs::msg::Joy_<std::allocator<void> >[m[Kâ€™ {aka â€˜[01m[Kstruct sensor_msgs::msg::Joy_<std::allocator<void> >[m[Kâ€™} has no member named â€˜[01m[Krange_min[m[Kâ€™
[2.885s]    66 |             if (distance >= msg->[01;31m[Krange_min[m[K && distance <= msg->range_max) {
[2.885s]       |                                  [01;31m[K^~~~~~~~~[m[K
[2.885s] [01m[K/home/aksel/Documents/GitHub/Mobile_robotter/ros2_ws/src/controller_input/src/controllerinput.cpp:66:64:[m[K [01;31m[Kerror: [m[Kâ€˜[01m[Kusing element_type = struct sensor_msgs::msg::Joy_<std::allocator<void> >[m[Kâ€™ {aka â€˜[01m[Kstruct sensor_msgs::msg::Joy_<std::allocator<void> >[m[Kâ€™} has no member named â€˜[01m[Krange_max[m[Kâ€™
[2.885s]    66 |             if (distance >= msg->range_min && distance <= msg->[01;31m[Krange_max[m[K) {
[2.885s]       |                                                                [01;31m[K^~~~~~~~~[m[K
[2.885s] [01m[K/home/aksel/Documents/GitHub/Mobile_robotter/ros2_ws/src/controller_input/src/controllerinput.cpp:67:40:[m[K [01;31m[Kerror: [m[Kâ€˜[01m[Kusing element_type = struct sensor_msgs::msg::Joy_<std::allocator<void> >[m[Kâ€™ {aka â€˜[01m[Kstruct sensor_msgs::msg::Joy_<std::allocator<void> >[m[Kâ€™} has no member named â€˜[01m[Kpose[m[Kâ€™
[2.885s]    67 |                 double _robot_x = msg->[01;31m[Kpose[m[K.pose.position.x - _initial_x;
[2.886s]       |                                        [01;31m[K^~~~[m[K
[2.886s] [01m[K/home/aksel/Documents/GitHub/Mobile_robotter/ros2_ws/src/controller_input/src/controllerinput.cpp:68:41:[m[K [01;31m[Kerror: [m[Kâ€˜[01m[Kusing element_type = struct sensor_msgs::msg::Joy_<std::allocator<void> >[m[Kâ€™ {aka â€˜[01m[Kstruct sensor_msgs::msg::Joy_<std::allocator<void> >[m[Kâ€™} has no member named â€˜[01m[Kpose[m[Kâ€™
[2.886s]    68 |                 double _robot_y = -msg->[01;31m[Kpose[m[K.pose.position.y - _initial_y;
[2.886s]       |                                         [01;31m[K^~~~[m[K
[2.886s] [01m[K/home/aksel/Documents/GitHub/Mobile_robotter/ros2_ws/src/controller_input/src/controllerinput.cpp:69:38:[m[K [01;31m[Kerror: [m[Kâ€˜[01m[Kusing element_type = struct sensor_msgs::msg::Joy_<std::allocator<void> >[m[Kâ€™ {aka â€˜[01m[Kstruct sensor_msgs::msg::Joy_<std::allocator<void> >[m[Kâ€™} has no member named â€˜[01m[Kpose[m[Kâ€™
[2.886s]    69 |                 const auto &q = msg->[01;31m[Kpose[m[K.pose.orientation;
[2.886s]       |                                      [01;31m[K^~~~[m[K
[2.889s] [01m[K/home/aksel/Documents/GitHub/Mobile_robotter/ros2_ws/src/controller_input/src/controllerinput.cpp:78:43:[m[K [01;31m[Kerror: [m[Kâ€˜[01m[Kangle[m[Kâ€™ was not declared in this scope
[2.890s]    78 |                 query.bindValue(":angle", [01;31m[Kangle[m[K);
[2.890s]       |                                           [01;31m[K^~~~~[m[K
[2.894s] [01m[K/home/aksel/Documents/GitHub/Mobile_robotter/ros2_ws/src/controller_input/src/controllerinput.cpp:79:45:[m[K [01;31m[Kerror: [m[Kâ€˜[01m[Krobot_x[m[Kâ€™ was not declared in this scope; did you mean â€˜[01m[K_robot_x[m[Kâ€™?
[2.894s]    79 |                 query.bindValue(":robot_x", [01;31m[Krobot_x[m[K);
[2.894s]       |                                             [01;31m[K^~~~~~~[m[K
[2.894s]       |                                             [32m[K_robot_x[m[K
[2.898s] [01m[K/home/aksel/Documents/GitHub/Mobile_robotter/ros2_ws/src/controller_input/src/controllerinput.cpp:80:45:[m[K [01;31m[Kerror: [m[Kâ€˜[01m[Krobot_y[m[Kâ€™ was not declared in this scope; did you mean â€˜[01m[K_robot_y[m[Kâ€™?
[2.898s]    80 |                 query.bindValue(":robot_y", [01;31m[Krobot_y[m[K);
[2.898s]       |                                             [01;31m[K^~~~~~~[m[K
[2.898s]       |                                             [32m[K_robot_y[m[K
[2.899s] [01m[K/home/aksel/Documents/GitHub/Mobile_robotter/ros2_ws/src/controller_input/src/controllerinput.cpp:67:24:[m[K [01;35m[Kwarning: [m[Kunused variable â€˜[01m[K_robot_x[m[Kâ€™ [[01;35m[K]8;;https://gcc.gnu.org/onlinedocs/gcc/Warning-Options.html#index-Wunused-variable-Wunused-variable]8;;[m[K]
[2.900s]    67 |                 double [01;35m[K_robot_x[m[K = msg->pose.pose.position.x - _initial_x;
[2.900s]       |                        [01;35m[K^~~~~~~~[m[K
[2.900s] [01m[K/home/aksel/Documents/GitHub/Mobile_robotter/ros2_ws/src/controller_input/src/controllerinput.cpp:68:24:[m[K [01;35m[Kwarning: [m[Kunused variable â€˜[01m[K_robot_y[m[Kâ€™ [[01;35m[K]8;;https://gcc.gnu.org/onlinedocs/gcc/Warning-Options.html#index-Wunused-variable-Wunused-variable]8;;[m[K]
[2.900s]    68 |                 double [01;35m[K_robot_y[m[K = -msg->pose.pose.position.y - _initial_y;
[2.900s]       |                        [01;35m[K^~~~~~~~[m[K
[2.900s] [01m[K/home/aksel/Documents/GitHub/Mobile_robotter/ros2_ws/src/controller_input/src/controllerinput.cpp:88:35:[m[K [01;31m[Kerror: [m[Kâ€˜[01m[Kusing element_type = struct sensor_msgs::msg::Joy_<std::allocator<void> >[m[Kâ€™ {aka â€˜[01m[Kstruct sensor_msgs::msg::Joy_<std::allocator<void> >[m[Kâ€™} has no member named â€˜[01m[Kangle_increment[m[Kâ€™
[2.900s]    88 |             _latest_angle += msg->[01;31m[Kangle_increment[m[K;
[2.900s]       |                                   [01;31m[K^~~~~~~~~~~~~~~[m[K
[3.258s] gmake[2]: *** [CMakeFiles/controller_input.dir/build.make:76: CMakeFiles/controller_input.dir/src/main.cpp.o] Error 1
[3.259s] gmake[2]: *** Waiting for unfinished jobs....
[4.442s] gmake[2]: *** [CMakeFiles/controller_input.dir/build.make:90: CMakeFiles/controller_input.dir/src/controllerinput.cpp.o] Error 1
[4.442s] gmake[1]: *** [CMakeFiles/Makefile2:137: CMakeFiles/controller_input.dir/all] Error 2
[4.443s] gmake: *** [Makefile:146: all] Error 2
[4.445s] Invoked command in '/home/aksel/Documents/GitHub/Mobile_robotter/ros2_ws/build/controller_input' returned '2': CMAKE_PREFIX_PATH=${CMAKE_PREFIX_PATH}:/home/aksel/turtlebot3_ws/install/turtlebot3_teleop:/home/aksel/turtlebot3_ws/install/turtlebot3_example:/opt/ros/humble /usr/bin/cmake --build /home/aksel/Documents/GitHub/Mobile_robotter/ros2_ws/build/controller_input -- -j16 -l16
