[0.018s] Invoking command in '/home/aksel/Documents/GitHub/Mobile_robotter/ros2_ws/build/lidar_gui': CMAKE_PREFIX_PATH=${CMAKE_PREFIX_PATH}:/home/aksel/turtlebot3_ws/install/turtlebot3_teleop:/home/aksel/turtlebot3_ws/install/turtlebot3_example:/opt/ros/humble /usr/bin/cmake --build /home/aksel/Documents/GitHub/Mobile_robotter/ros2_ws/build/lidar_gui -- -j16 -l16
[0.061s] [35m[1mConsolidate compiler generated dependencies of target lidar_gui[0m
[0.082s] [ 60%] [32mBuilding CXX object CMakeFiles/lidar_gui.dir/src/lidarnode.cpp.o[0m
[0.082s] [ 60%] [32mBuilding CXX object CMakeFiles/lidar_gui.dir/src/main.cpp.o[0m
[0.082s] [ 60%] [32mBuilding CXX object CMakeFiles/lidar_gui.dir/src/GUIWindow.cpp.o[0m
[0.516s] [01m[K/home/aksel/Documents/GitHub/Mobile_robotter/ros2_ws/src/lidar_gui/src/GUIWindow.cpp:[m[K In constructor â€˜[01m[KGUI::GUI()[m[Kâ€™:
[0.516s] [01m[K/home/aksel/Documents/GitHub/Mobile_robotter/ros2_ws/src/lidar_gui/src/GUIWindow.cpp:26:5:[m[K [01;31m[Kerror: [m[Kâ€˜[01m[KgcEmpty[m[Kâ€™ was not declared in this scope
[0.517s]    26 |     [01;31m[KgcEmpty[m[K = XCreateGC(display, window, 0, NULL);
[0.517s]       |     [01;31m[K^~~~~~~[m[K
[0.518s] [01m[K/home/aksel/Documents/GitHub/Mobile_robotter/ros2_ws/src/lidar_gui/src/GUIWindow.cpp:[m[K In member function â€˜[01m[Kvoid GUI::movementRobot(float, float, float)[m[Kâ€™:
[0.518s] [01m[K/home/aksel/Documents/GitHub/Mobile_robotter/ros2_ws/src/lidar_gui/src/GUIWindow.cpp:86:61:[m[K [01;35m[Kwarning: [m[Kunused parameter â€˜[01m[Kyaw[m[Kâ€™ [[01;35m[K]8;;https://gcc.gnu.org/onlinedocs/gcc/Warning-Options.html#index-Wunused-parameter-Wunused-parameter]8;;[m[K]
[0.518s]    86 | void GUI::movementRobot(float robot_x, float robot_y, [01;35m[Kfloat yaw[m[K){
[0.518s]       |                                                       [01;35m[K~~~~~~^~~[m[K
[0.527s] [01m[K/home/aksel/Documents/GitHub/Mobile_robotter/ros2_ws/src/lidar_gui/src/GUIWindow.cpp:[m[K In member function â€˜[01m[Kvoid GUI::paintMap()[m[Kâ€™:
[0.528s] [01m[K/home/aksel/Documents/GitHub/Mobile_robotter/ros2_ws/src/lidar_gui/src/GUIWindow.cpp:188:94:[m[K [01;31m[Kerror: [m[Kâ€˜[01m[KgcEmpty[m[Kâ€™ was not declared in this scope
[0.528s]   188 |         XFillRectangle(display, window, (wallFrags[i].getType() == Wall::typeWall ? gcWall : [01;31m[KgcEmpty[m[K), wallFrags[i].x - wallFrags[i].size.width/2, wallFrags[i].y - wallFrags[i].size.height/2, wallFrags[i].size.width, wallFrags[i].size.height);
[0.528s]       |                                                                                              [01;31m[K^~~~~~~[m[K
[0.605s] gmake[2]: *** [CMakeFiles/lidar_gui.dir/build.make:118: CMakeFiles/lidar_gui.dir/src/GUIWindow.cpp.o] Error 1
[0.605s] gmake[2]: *** Waiting for unfinished jobs....
[10.722s] gmake[1]: *** [CMakeFiles/Makefile2:137: CMakeFiles/lidar_gui.dir/all] Error 2
[10.722s] gmake: *** [Makefile:146: all] Error 2
[10.725s] Invoked command in '/home/aksel/Documents/GitHub/Mobile_robotter/ros2_ws/build/lidar_gui' returned '2': CMAKE_PREFIX_PATH=${CMAKE_PREFIX_PATH}:/home/aksel/turtlebot3_ws/install/turtlebot3_teleop:/home/aksel/turtlebot3_ws/install/turtlebot3_example:/opt/ros/humble /usr/bin/cmake --build /home/aksel/Documents/GitHub/Mobile_robotter/ros2_ws/build/lidar_gui -- -j16 -l16
