[0.012s] Invoking command in '/home/aksel/Documents/GitHub/Mobile_robotter/ros2_ws/build/lidar_data': CMAKE_PREFIX_PATH=${CMAKE_PREFIX_PATH}:/home/aksel/turtlebot3_ws/install/turtlebot3_teleop:/home/aksel/turtlebot3_ws/install/turtlebot3_example:/opt/ros/humble /usr/bin/cmake --build /home/aksel/Documents/GitHub/Mobile_robotter/ros2_ws/build/lidar_data -- -j16 -l16
[0.047s] [35m[1mConsolidate compiler generated dependencies of target lidar_data[0m
[0.063s] [ 33%] [32mBuilding CXX object CMakeFiles/lidar_data.dir/src/main.cpp.o[0m
[0.063s] [ 66%] [32mBuilding CXX object CMakeFiles/lidar_data.dir/src/lidarnode.cpp.o[0m
[1.925s] In file included from [01m[K/home/aksel/Documents/GitHub/Mobile_robotter/ros2_ws/src/lidar_data/src/lidarnode.cpp:1[m[K:
[1.925s] [01m[K/home/aksel/Documents/GitHub/Mobile_robotter/ros2_ws/src/lidar_data/include/lidarnode.h:9:17:[m[K [01;31m[Kerror: [m[Kâ€˜[01m[Kmatplotlibcpp[m[Kâ€™ is not a namespace-name
[1.925s]     9 | namespace plt = [01;31m[Kmatplotlibcpp[m[K;
[1.925s]       |                 [01;31m[K^~~~~~~~~~~~~[m[K
[1.953s] [01m[K/home/aksel/Documents/GitHub/Mobile_robotter/ros2_ws/src/lidar_data/include/lidarnode.h:16:5:[m[K [01;31m[Kerror: [m[Kâ€˜[01m[KQSqlDatabase[m[Kâ€™ does not name a type
[1.953s]    16 |     [01;31m[KQSqlDatabase[m[K db;
[1.953s]       |     [01;31m[K^~~~~~~~~~~~[m[K
[1.957s] [01m[K/home/aksel/Documents/GitHub/Mobile_robotter/ros2_ws/src/lidar_data/src/lidarnode.cpp:[m[K In constructor â€˜[01m[KMappingNode::MappingNode()[m[Kâ€™:
[1.957s] [01m[K/home/aksel/Documents/GitHub/Mobile_robotter/ros2_ws/src/lidar_data/src/lidarnode.cpp:5:5:[m[K [01;31m[Kerror: [m[Kâ€˜[01m[Kdb[m[Kâ€™ was not declared in this scope
[1.958s]     5 |     [01;31m[Kdb[m[K = QSqlDatabase::addDatabase("QMYSQL");
[1.958s]       |     [01;31m[K^~[m[K
[1.958s] [01m[K/home/aksel/Documents/GitHub/Mobile_robotter/ros2_ws/src/lidar_data/src/lidarnode.cpp:5:10:[m[K [01;31m[Kerror: [m[Kâ€˜[01m[KQSqlDatabase[m[Kâ€™ has not been declared
[1.958s]     5 |     db = [01;31m[KQSqlDatabase[m[K::addDatabase("QMYSQL");
[1.958s]       |          [01;31m[K^~~~~~~~~~~~[m[K
[1.968s] [01m[K/home/aksel/Documents/GitHub/Mobile_robotter/ros2_ws/src/lidar_data/src/lidarnode.cpp:[m[K In destructor â€˜[01m[Kvirtual MappingNode::~MappingNode()[m[Kâ€™:
[1.968s] [01m[K/home/aksel/Documents/GitHub/Mobile_robotter/ros2_ws/src/lidar_data/src/lidarnode.cpp:24:5:[m[K [01;31m[Kerror: [m[Kâ€˜[01m[Kdb[m[Kâ€™ was not declared in this scope
[1.968s]    24 |     [01;31m[Kdb[m[K.close();
[1.968s]       |     [01;31m[K^~[m[K
[1.974s] [01m[K/home/aksel/Documents/GitHub/Mobile_robotter/ros2_ws/src/lidar_data/src/lidarnode.cpp:[m[K In member function â€˜[01m[Kvoid MappingNode::scanCallback(sensor_msgs::msg::LaserScan_<std::allocator<void> >::SharedPtr)[m[Kâ€™:
[1.974s] [01m[K/home/aksel/Documents/GitHub/Mobile_robotter/ros2_ws/src/lidar_data/src/lidarnode.cpp:29:5:[m[K [01;31m[Kerror: [m[Kâ€˜[01m[KQSqlQuery[m[Kâ€™ was not declared in this scope
[1.974s]    29 |     [01;31m[KQSqlQuery[m[K query;
[1.974s]       |     [01;31m[K^~~~~~~~~[m[K
[1.978s] [01m[K/home/aksel/Documents/GitHub/Mobile_robotter/ros2_ws/src/lidar_data/src/lidarnode.cpp:31:9:[m[K [01;31m[Kerror: [m[Kâ€˜[01m[Kquery[m[Kâ€™ was not declared in this scope
[1.978s]    31 |     if ([01;31m[Kquery[m[K.exec("SELECT status FROM lidar_data WHERE id = 1") && query.next()) {
[1.978s]       |         [01;31m[K^~~~~[m[K
[1.983s] In file included from [01m[K/home/aksel/Documents/GitHub/Mobile_robotter/ros2_ws/src/lidar_data/src/main.cpp:5[m[K:
[1.983s] [01m[K/home/aksel/Documents/GitHub/Mobile_robotter/ros2_ws/src/lidar_data/include/lidarnode.h:9:17:[m[K [01;31m[Kerror: [m[Kâ€˜[01m[Kmatplotlibcpp[m[Kâ€™ is not a namespace-name
[1.983s]     9 | namespace plt = [01;31m[Kmatplotlibcpp[m[K;
[1.983s]       |                 [01;31m[K^~~~~~~~~~~~~[m[K
[2.015s] [01m[K/home/aksel/Documents/GitHub/Mobile_robotter/ros2_ws/src/lidar_data/include/lidarnode.h:16:5:[m[K [01;31m[Kerror: [m[Kâ€˜[01m[KQSqlDatabase[m[Kâ€™ does not name a type
[2.015s]    16 |     [01;31m[KQSqlDatabase[m[K db;
[2.015s]       |     [01;31m[K^~~~~~~~~~~~[m[K
[2.708s] gmake[2]: *** [CMakeFiles/lidar_data.dir/build.make:76: CMakeFiles/lidar_data.dir/src/main.cpp.o] Error 1
[2.708s] gmake[2]: *** Waiting for unfinished jobs....
[3.897s] gmake[2]: *** [CMakeFiles/lidar_data.dir/build.make:90: CMakeFiles/lidar_data.dir/src/lidarnode.cpp.o] Error 1
[3.897s] gmake[1]: *** [CMakeFiles/Makefile2:137: CMakeFiles/lidar_data.dir/all] Error 2
[3.897s] gmake: *** [Makefile:146: all] Error 2
[3.900s] Invoked command in '/home/aksel/Documents/GitHub/Mobile_robotter/ros2_ws/build/lidar_data' returned '2': CMAKE_PREFIX_PATH=${CMAKE_PREFIX_PATH}:/home/aksel/turtlebot3_ws/install/turtlebot3_teleop:/home/aksel/turtlebot3_ws/install/turtlebot3_example:/opt/ros/humble /usr/bin/cmake --build /home/aksel/Documents/GitHub/Mobile_robotter/ros2_ws/build/lidar_data -- -j16 -l16
