[0.167s] Invoking command in '/home/aksel/Documents/GitHub/Mobile_robotter/ros2_ws/build/lidar_gui': CMAKE_PREFIX_PATH=${CMAKE_PREFIX_PATH}:/home/aksel/turtlebot3_ws/install/turtlebot3_teleop:/home/aksel/turtlebot3_ws/install/turtlebot3_example:/opt/ros/humble /usr/bin/cmake --build /home/aksel/Documents/GitHub/Mobile_robotter/ros2_ws/build/lidar_gui -- -j16 -l16
[0.314s] [35m[1mConsolidate compiler generated dependencies of target lidar_gui[0m
[0.337s] [ 40%] [32mBuilding CXX object CMakeFiles/lidar_gui.dir/src/lidarnode.cpp.o[0m
[0.337s] [ 40%] [32mBuilding CXX object CMakeFiles/lidar_gui.dir/src/main.cpp.o[0m
[5.447s] [01m[K/home/aksel/Documents/GitHub/Mobile_robotter/ros2_ws/src/lidar_gui/src/lidarnode.cpp:[m[K In member function â€˜[01m[Kvoid MappingNode::scanCallback(sensor_msgs::msg::LaserScan_<std::allocator<void> >::SharedPtr)[m[Kâ€™:
[5.447s] [01m[K/home/aksel/Documents/GitHub/Mobile_robotter/ros2_ws/src/lidar_gui/src/lidarnode.cpp:27:13:[m[K [01;31m[Kerror: [m[Kâ€˜[01m[KupdateGUI[m[Kâ€™ was not declared in this scope; did you mean â€˜[01m[Kupdate[m[Kâ€™?
[5.448s]    27 |             [01;31m[KupdateGUI[m[K();
[5.448s]       |             [01;31m[K^~~~~~~~~[m[K
[5.448s]       |             [32m[Kupdate[m[K
[5.448s] [01m[K/home/aksel/Documents/GitHub/Mobile_robotter/ros2_ws/src/lidar_gui/src/lidarnode.cpp:20:11:[m[K [01;35m[Kwarning: [m[Kunused variable â€˜[01m[Knoise_threshold[m[Kâ€™ [[01;35m[K]8;;https://gcc.gnu.org/onlinedocs/gcc/Warning-Options.html#index-Wunused-variable-Wunused-variable]8;;[m[K]
[5.448s]    20 |     float [01;35m[Knoise_threshold[m[K = 0.1;
[5.449s]       |           [01;35m[K^~~~~~~~~~~~~~~[m[K
[5.494s] [01m[K/home/aksel/Documents/GitHub/Mobile_robotter/ros2_ws/src/lidar_gui/src/lidarnode.cpp:[m[K In member function â€˜[01m[Kvoid MappingNode::odomCallback(nav_msgs::msg::Odometry_<std::allocator<void> >::SharedPtr)[m[Kâ€™:
[5.495s] [01m[K/home/aksel/Documents/GitHub/Mobile_robotter/ros2_ws/src/lidar_gui/src/lidarnode.cpp:61:5:[m[K [01;31m[Kerror: [m[Kâ€˜[01m[KupdateGUI[m[Kâ€™ was not declared in this scope; did you mean â€˜[01m[Kupdate[m[Kâ€™?
[5.496s]    61 |     [01;31m[KupdateGUI[m[K();
[5.497s]       |     [01;31m[K^~~~~~~~~[m[K
[5.497s]       |     [32m[Kupdate[m[K
[5.498s] [01m[K/home/aksel/Documents/GitHub/Mobile_robotter/ros2_ws/src/lidar_gui/src/lidarnode.cpp:[m[K At global scope:
[5.499s] [01m[K/home/aksel/Documents/GitHub/Mobile_robotter/ros2_ws/src/lidar_gui/src/lidarnode.cpp:64:6:[m[K [01;31m[Kerror: [m[Kno declaration matches â€˜[01m[Kvoid MappingNode::updateGUI()[m[Kâ€™
[5.499s]    64 | void [01;31m[KMappingNode[m[K::updateGUI() {
[5.499s]       |      [01;31m[K^~~~~~~~~~~[m[K
[5.499s] [01m[K/home/aksel/Documents/GitHub/Mobile_robotter/ros2_ws/src/lidar_gui/src/lidarnode.cpp:64:6:[m[K [01;36m[Knote: [m[Kno functions named â€˜[01m[Kvoid MappingNode::updateGUI()[m[Kâ€™
[5.499s] In file included from [01m[K/home/aksel/Documents/GitHub/Mobile_robotter/ros2_ws/src/lidar_gui/src/lidarnode.cpp:1[m[K:
[5.499s] [01m[K/home/aksel/Documents/GitHub/Mobile_robotter/ros2_ws/src/lidar_gui/include/lidarnode.h:11:7:[m[K [01;36m[Knote: [m[Kâ€˜[01m[Kclass MappingNode[m[Kâ€™ defined here
[5.499s]    11 | class [01;36m[KMappingNode[m[K : public rclcpp::Node {
[5.499s]       |       [01;36m[K^~~~~~~~~~~[m[K
[21.296s] gmake[2]: *** [CMakeFiles/lidar_gui.dir/build.make:90: CMakeFiles/lidar_gui.dir/src/lidarnode.cpp.o] Error 1
[21.297s] gmake[1]: *** [CMakeFiles/Makefile2:137: CMakeFiles/lidar_gui.dir/all] Error 2
[21.297s] gmake: *** [Makefile:146: all] Error 2
[21.299s] Invoked command in '/home/aksel/Documents/GitHub/Mobile_robotter/ros2_ws/build/lidar_gui' returned '2': CMAKE_PREFIX_PATH=${CMAKE_PREFIX_PATH}:/home/aksel/turtlebot3_ws/install/turtlebot3_teleop:/home/aksel/turtlebot3_ws/install/turtlebot3_example:/opt/ros/humble /usr/bin/cmake --build /home/aksel/Documents/GitHub/Mobile_robotter/ros2_ws/build/lidar_gui -- -j16 -l16
