[01m[K/home/aksel/Documents/GitHub/Mobile_robotter/ros2_ws/src/lidar_data/src/main.cpp:[m[K In constructor â€˜[01m[KLidarSubscriber::LidarSubscriber()[m[Kâ€™:
[01m[K/home/aksel/Documents/GitHub/Mobile_robotter/ros2_ws/src/lidar_data/src/main.cpp:30:24:[m[K [01;35m[Kwarning: [m[Kparentheses were disambiguated as a function declaration [[01;35m[K]8;;https://gcc.gnu.org/onlinedocs/gcc/Warning-Options.html#index-Wvexing-parse-Wvexing-parse]8;;[m[K]
   30 |         rclcpp::QoS qos[01;35m[K(rclcpp::SensorDataQoS())[m[K;  // Uses rmw_qos_profile_sensor_data under the hood
      |                        [01;35m[K^~~~~~~~~~~~~~~~~~~~~~~~~[m[K
[01m[K/home/aksel/Documents/GitHub/Mobile_robotter/ros2_ws/src/lidar_data/src/main.cpp:30:24:[m[K [01;36m[Knote: [m[Kreplace parentheses with braces to declare a variable
   30 |         rclcpp::QoS qos[01;36m[K(rclcpp::SensorDataQoS())[m[K;  // Uses rmw_qos_profile_sensor_data under the hood
      |                        [01;36m[K^~~~~~~~~~~~~~~~~~~~~~~~~[m[K
      |                        [31m[K-[m[K
      |                        [32m[K{[m[K                       [31m[K-[m[K
      |                                                [32m[K}[m[K
[01m[K/home/aksel/Documents/GitHub/Mobile_robotter/ros2_ws/src/lidar_data/src/main.cpp:33:9:[m[K [01;31m[Kerror: [m[Kâ€˜[01m[Ksubscription_[m[Kâ€™ was not declared in this scope; did you mean â€˜[01m[K_subscription[m[Kâ€™?
   33 |         [01;31m[Ksubscription_[m[K = this->create_subscription<sensor_msgs::msg::LaserScan>(
      |         [01;31m[K^~~~~~~~~~~~~[m[K
      |         [32m[K_subscription[m[K
[01m[K/home/aksel/Documents/GitHub/Mobile_robotter/ros2_ws/src/lidar_data/src/main.cpp:33:79:[m[K [01;31m[Kerror: [m[Kno matching function for call to â€˜[01m[KLidarSubscriber::create_subscription<sensor_msgs::msg::LaserScan>(const char [6], rclcpp::QoS (&)(rclcpp::SensorDataQoS (*)()), std::_Bind_helper<false, void (LidarSubscriber::*)(std::shared_ptr<sensor_msgs::msg::LaserScan_<std::allocator<void> > >), LidarSubscriber*, const std::_Placeholder<1>&>::type)[m[Kâ€™
   33 |         subscription_ = [01;31m[Kthis->create_subscription<sensor_msgs::msg::LaserScan>([m[K
      |                         [01;31m[K~~~~~~~~~~~~~~~~~~~~~~~~~~~~~~~~~~~~~~~~~~~~~~~~~~~~~~^[m[K
   34 | [01;31m[K            "/scan", qos, std::bind(&LidarSubscriber::scanCallback, this, std::placeholders::_1))[m[K;
      |             [01;31m[K~~~~~~~~~~~~~~~~~~~~~~~~~~~~~~~~~~~~~~~~~~~~~~~~~~~~~~~~~~~~~~~~~~~~~~~~~~~~~~~~~~~~~[m[K
In file included from [01m[K/opt/ros/humble/include/rclcpp/rclcpp/executors/single_threaded_executor.hpp:28[m[K,
                 from [01m[K/opt/ros/humble/include/rclcpp/rclcpp/executors.hpp:22[m[K,
                 from [01m[K/opt/ros/humble/include/rclcpp/rclcpp/rclcpp.hpp:155[m[K,
                 from [01m[K/home/aksel/Documents/GitHub/Mobile_robotter/ros2_ws/src/lidar_data/src/main.cpp:1[m[K:
[01m[K/opt/ros/humble/include/rclcpp/rclcpp/node.hpp:219:3:[m[K [01;36m[Knote: [m[Kcandidate: â€˜[01m[Ktemplate<class MessageT, class CallbackT, class AllocatorT, class SubscriptionT, class MessageMemoryStrategyT> std::shared_ptr<ROSMessageT> rclcpp::Node::create_subscription(const string&, const rclcpp::QoS&, CallbackT&&, const rclcpp::SubscriptionOptionsWithAllocator<AllocatorT>&, typename MessageMemoryStrategyT::SharedPtr)[m[Kâ€™
  219 |   [01;36m[Kcreate_subscription[m[K(
      |   [01;36m[K^~~~~~~~~~~~~~~~~~~[m[K
[01m[K/opt/ros/humble/include/rclcpp/rclcpp/node.hpp:219:3:[m[K [01;36m[Knote: [m[K  template argument deduction/substitution failed:
[01m[K/home/aksel/Documents/GitHub/Mobile_robotter/ros2_ws/src/lidar_data/src/main.cpp:34:22:[m[K [01;36m[Knote: [m[K  cannot convert â€˜[01m[Kqos[m[Kâ€™ (type â€˜[01m[Krclcpp::QoS(rclcpp::SensorDataQoS (*)())[m[Kâ€™) to type â€˜[01m[Kconst rclcpp::QoS&[m[Kâ€™
   34 |             "/scan", [01;36m[Kqos[m[K, std::bind(&LidarSubscriber::scanCallback, this, std::placeholders::_1));
      |                      [01;36m[K^~~[m[K
gmake[2]: *** [CMakeFiles/lidar_data.dir/build.make:76: CMakeFiles/lidar_data.dir/src/main.cpp.o] Error 1
gmake[1]: *** [CMakeFiles/Makefile2:137: CMakeFiles/lidar_data.dir/all] Error 2
gmake: *** [Makefile:146: all] Error 2
