[0.019s] Invoking command in '/home/aksel/Documents/GitHub/Mobile_robotter/ros2_ws/build/lidar_gui': CMAKE_PREFIX_PATH=${CMAKE_PREFIX_PATH}:/home/aksel/turtlebot3_ws/install/turtlebot3_teleop:/home/aksel/turtlebot3_ws/install/turtlebot3_example:/opt/ros/humble /usr/bin/cmake --build /home/aksel/Documents/GitHub/Mobile_robotter/ros2_ws/build/lidar_gui -- -j16 -l16
[0.058s] [35m[1mConsolidate compiler generated dependencies of target lidar_gui[0m
[0.076s] [ 20%] [32mBuilding CXX object CMakeFiles/lidar_gui.dir/src/GUIWindow.cpp.o[0m
[0.401s] [01m[K/home/aksel/Documents/GitHub/Mobile_robotter/ros2_ws/src/lidar_gui/src/GUIWindow.cpp:135:6:[m[K [01;31m[Kerror: [m[Kno declaration matches â€˜[01m[Kvoid GUI::paintRobot(float)[m[Kâ€™
[0.401s]   135 | void [01;31m[KGUI[m[K::paintRobot(float yaw) {
[0.401s]       |      [01;31m[K^~~[m[K
[0.401s] In file included from [01m[K/home/aksel/Documents/GitHub/Mobile_robotter/ros2_ws/src/lidar_gui/src/GUIWindow.cpp:1[m[K:
[0.401s] [01m[K/home/aksel/Documents/GitHub/Mobile_robotter/ros2_ws/src/lidar_gui/include/GUIWindow.h:44:10:[m[K [01;36m[Knote: [m[Kcandidate is: â€˜[01m[Kvoid GUI::paintRobot()[m[Kâ€™
[0.401s]    44 |     void [01;36m[KpaintRobot[m[K();
[0.401s]       |          [01;36m[K^~~~~~~~~~[m[K
[0.401s] [01m[K/home/aksel/Documents/GitHub/Mobile_robotter/ros2_ws/src/lidar_gui/include/GUIWindow.h:11:7:[m[K [01;36m[Knote: [m[Kâ€˜[01m[Kclass GUI[m[Kâ€™ defined here
[0.401s]    11 | class [01;36m[KGUI[m[K{
[0.401s]       |       [01;36m[K^~~[m[K
[0.401s] [01m[K/home/aksel/Documents/GitHub/Mobile_robotter/ros2_ws/src/lidar_gui/src/GUIWindow.cpp:[m[K In member function â€˜[01m[Kvoid GUI::update(bool&, float, float, float, float, float)[m[Kâ€™:
[0.401s] [01m[K/home/aksel/Documents/GitHub/Mobile_robotter/ros2_ws/src/lidar_gui/src/GUIWindow.cpp:184:15:[m[K [01;31m[Kerror: [m[Kno matching function for call to â€˜[01m[KGUI::paintRobot(float&)[m[Kâ€™
[0.401s]   184 |     [01;31m[KpaintRobot(robot_yaw)[m[K;
[0.401s]       |     [01;31m[K~~~~~~~~~~^~~~~~~~~~~[m[K
[0.401s] In file included from [01m[K/home/aksel/Documents/GitHub/Mobile_robotter/ros2_ws/src/lidar_gui/src/GUIWindow.cpp:1[m[K:
[0.401s] [01m[K/home/aksel/Documents/GitHub/Mobile_robotter/ros2_ws/src/lidar_gui/include/GUIWindow.h:44:10:[m[K [01;36m[Knote: [m[Kcandidate: â€˜[01m[Kvoid GUI::paintRobot()[m[Kâ€™
[0.401s]    44 |     void [01;36m[KpaintRobot[m[K();
[0.402s]       |          [01;36m[K^~~~~~~~~~[m[K
[0.411s] [01m[K/home/aksel/Documents/GitHub/Mobile_robotter/ros2_ws/src/lidar_gui/include/GUIWindow.h:44:10:[m[K [01;36m[Knote: [m[K  candidate expects 0 arguments, 1 provided
[0.479s] gmake[2]: *** [CMakeFiles/lidar_gui.dir/build.make:118: CMakeFiles/lidar_gui.dir/src/GUIWindow.cpp.o] Error 1
[0.479s] gmake[1]: *** [CMakeFiles/Makefile2:137: CMakeFiles/lidar_gui.dir/all] Error 2
[0.479s] gmake: *** [Makefile:146: all] Error 2
[0.483s] Invoked command in '/home/aksel/Documents/GitHub/Mobile_robotter/ros2_ws/build/lidar_gui' returned '2': CMAKE_PREFIX_PATH=${CMAKE_PREFIX_PATH}:/home/aksel/turtlebot3_ws/install/turtlebot3_teleop:/home/aksel/turtlebot3_ws/install/turtlebot3_example:/opt/ros/humble /usr/bin/cmake --build /home/aksel/Documents/GitHub/Mobile_robotter/ros2_ws/build/lidar_gui -- -j16 -l16
