[01m[K/home/aksel/Documents/GitHub/Mobile_robotter/ros2_ws/src/dtmf_to_cmd_vel/src/audio.cpp:16:1:[m[K [01;31m[Kerror: [m[Kdeclaration of â€˜[01m[KAudio::Audio()[m[Kâ€™ outside of class is not definition [[01;31m[K]8;;https://gcc.gnu.org/onlinedocs/gcc/Warning-Options.html#index-fpermissive-fpermissive]8;;[m[K]
   16 | [01;31m[KAudio[m[K::Audio();
      | [01;31m[K^~~~~[m[K
[01m[K/home/aksel/Documents/GitHub/Mobile_robotter/ros2_ws/src/dtmf_to_cmd_vel/src/audio.cpp:[m[K In static member function â€˜[01m[Kstatic int Audio::streamCallback(const void*, void*, long unsigned int, const PaStreamCallbackTimeInfo*, PaStreamCallbackFlags, void*)[m[Kâ€™:
[01m[K/home/aksel/Documents/GitHub/Mobile_robotter/ros2_ws/src/dtmf_to_cmd_vel/src/audio.cpp:101:64:[m[K [01;35m[Kwarning: [m[Kunused parameter â€˜[01m[KframesPerBuffer[m[Kâ€™ [[01;35m[K]8;;https://gcc.gnu.org/onlinedocs/gcc/Warning-Options.html#index-Wunused-parameter-Wunused-parameter]8;;[m[K]
  101 |     const void* inputBuffer, void* outputBuffer, [01;35m[Kunsigned long framesPerBuffer[m[K,
      |                                                  [01;35m[K~~~~~~~~~~~~~~^~~~~~~~~~~~~~~[m[K
[01m[K/home/aksel/Documents/GitHub/Mobile_robotter/ros2_ws/src/dtmf_to_cmd_vel/src/audio.cpp:103:11:[m[K [01;35m[Kwarning: [m[Kunused parameter â€˜[01m[KuserData[m[Kâ€™ [[01;35m[K]8;;https://gcc.gnu.org/onlinedocs/gcc/Warning-Options.html#index-Wunused-parameter-Wunused-parameter]8;;[m[K]
  103 |     [01;35m[Kvoid* userData[m[K
      |     [01;35m[K~~~~~~^~~~~~~~[m[K
gmake[2]: *** [CMakeFiles/dtmf_to_cmd_vel.dir/build.make:90: CMakeFiles/dtmf_to_cmd_vel.dir/src/audio.cpp.o] Error 1
gmake[1]: *** [CMakeFiles/Makefile2:137: CMakeFiles/dtmf_to_cmd_vel.dir/all] Error 2
gmake: *** [Makefile:146: all] Error 2
