[0.007s] Invoking command in '/home/aksel/Documents/GitHub/Mobile_robotter/ros2_ws/build/dtmf_to_cmd_vel': CMAKE_PREFIX_PATH=/opt/ros/humble /usr/bin/cmake --build /home/aksel/Documents/GitHub/Mobile_robotter/ros2_ws/build/dtmf_to_cmd_vel -- -j16 -l16
[0.043s] [35m[1mConsolidate compiler generated dependencies of target dtmf_to_cmd_vel[0m
[0.060s] [ 50%] [32mBuilding CXX object CMakeFiles/dtmf_to_cmd_vel.dir/src/main.cpp.o[0m
[0.061s] [ 75%] [32mBuilding CXX object CMakeFiles/dtmf_to_cmd_vel.dir/src/audio.cpp.o[0m
[0.061s] [ 75%] [32mBuilding CXX object CMakeFiles/dtmf_to_cmd_vel.dir/src/dtmf_to_cmd_vel_node.cpp.o[0m
[2.059s] [01m[K/home/aksel/Documents/GitHub/Mobile_robotter/ros2_ws/src/dtmf_to_cmd_vel/src/audio.cpp:[m[K In static member function â€˜[01m[Kstatic void Audio::reactOnSignal()[m[Kâ€™:
[2.059s] [01m[K/home/aksel/Documents/GitHub/Mobile_robotter/ros2_ws/src/dtmf_to_cmd_vel/src/audio.cpp:404:9:[m[K [01;31m[Kerror: [m[Kinvalid use of member â€˜[01m[KAudio::dtmfNode[m[Kâ€™ in static member function
[2.059s]   404 |         [01;31m[KdtmfNode[m[K->publishTwistMessage(drivingSpeed, direction);
[2.059s]       |         [01;31m[K^~~~~~~~[m[K
[2.059s] In file included from [01m[K/home/aksel/Documents/GitHub/Mobile_robotter/ros2_ws/src/dtmf_to_cmd_vel/src/audio.cpp:1[m[K:
[2.059s] [01m[K/home/aksel/Documents/GitHub/Mobile_robotter/ros2_ws/src/dtmf_to_cmd_vel/include/audio.h:44:27:[m[K [01;36m[Knote: [m[Kdeclared here
[2.059s]    44 |         DtmfToCmdVelNode* [01;36m[KdtmfNode[m[K;
[2.059s]       |                           [01;36m[K^~~~~~~~[m[K
[2.103s] In file included from [01m[K/usr/include/c++/11/memory:76[m[K,
[2.103s]                  from [01m[K/opt/ros/humble/include/rclcpp/rclcpp/rclcpp.hpp:153[m[K,
[2.103s]                  from [01m[K/home/aksel/Documents/GitHub/Mobile_robotter/ros2_ws/src/dtmf_to_cmd_vel/include/dtmf_to_cmd_vel_node.h:4[m[K,
[2.103s]                  from [01m[K/home/aksel/Documents/GitHub/Mobile_robotter/ros2_ws/src/dtmf_to_cmd_vel/src/dtmf_to_cmd_vel_node.cpp:1[m[K:
[2.103s] /usr/include/c++/11/bits/unique_ptr.h: In instantiation of â€˜[01m[Ktypename std::_MakeUniq<_Tp>::__single_object std::make_unique(_Args&& ...) [with _Tp = Audio; _Args = {}; typename std::_MakeUniq<_Tp>::__single_object = std::unique_ptr<Audio>][m[Kâ€™:
[2.103s] [01m[K/home/aksel/Documents/GitHub/Mobile_robotter/ros2_ws/src/dtmf_to_cmd_vel/src/dtmf_to_cmd_vel_node.cpp:5:37:[m[K   required from here
[2.103s] [01m[K/usr/include/c++/11/bits/unique_ptr.h:962:30:[m[K [01;31m[Kerror: [m[Kno matching function for call to â€˜[01m[KAudio::Audio()[m[Kâ€™
[2.103s]   962 |     { return unique_ptr<_Tp>([01;31m[Knew _Tp(std::forward<_Args>(__args)...)[m[K); }
[2.103s]       |                              [01;31m[K^~~~~~~~~~~~~~~~~~~~~~~~~~~~~~~~~~~~~~~[m[K
[2.103s] In file included from [01m[K/home/aksel/Documents/GitHub/Mobile_robotter/ros2_ws/src/dtmf_to_cmd_vel/src/dtmf_to_cmd_vel_node.cpp:2[m[K:
[2.103s] [01m[K/home/aksel/Documents/GitHub/Mobile_robotter/ros2_ws/src/dtmf_to_cmd_vel/include/audio.h:52:5:[m[K [01;36m[Knote: [m[Kcandidate: â€˜[01m[KAudio::Audio(PaError, PaStream*)[m[Kâ€™
[2.103s]    52 |     [01;36m[KAudio[m[K(PaError err, PaStream* stream);
[2.103s]       |     [01;36m[K^~~~~[m[K
[2.103s] [01m[K/home/aksel/Documents/GitHub/Mobile_robotter/ros2_ws/src/dtmf_to_cmd_vel/include/audio.h:52:5:[m[K [01;36m[Knote: [m[K  candidate expects 2 arguments, 0 provided
[2.103s] [01m[K/home/aksel/Documents/GitHub/Mobile_robotter/ros2_ws/src/dtmf_to_cmd_vel/include/audio.h:51:5:[m[K [01;36m[Knote: [m[Kcandidate: â€˜[01m[KAudio::Audio(DtmfToCmdVelNode*)[m[Kâ€™
[2.103s]    51 |     [01;36m[KAudio[m[K(DtmfToCmdVelNode* dtmfNodeInstance);
[2.103s]       |     [01;36m[K^~~~~[m[K
[2.103s] [01m[K/home/aksel/Documents/GitHub/Mobile_robotter/ros2_ws/src/dtmf_to_cmd_vel/include/audio.h:51:5:[m[K [01;36m[Knote: [m[K  candidate expects 1 argument, 0 provided
[2.104s] [01m[K/home/aksel/Documents/GitHub/Mobile_robotter/ros2_ws/src/dtmf_to_cmd_vel/include/audio.h:40:7:[m[K [01;36m[Knote: [m[Kcandidate: â€˜[01m[KAudio::Audio(const Audio&)[m[Kâ€™
[2.104s]    40 | class [01;36m[KAudio[m[K
[2.104s]       |       [01;36m[K^~~~~[m[K
[2.104s] [01m[K/home/aksel/Documents/GitHub/Mobile_robotter/ros2_ws/src/dtmf_to_cmd_vel/include/audio.h:40:7:[m[K [01;36m[Knote: [m[K  candidate expects 1 argument, 0 provided
[2.104s] [01m[K/home/aksel/Documents/GitHub/Mobile_robotter/ros2_ws/src/dtmf_to_cmd_vel/include/audio.h:40:7:[m[K [01;36m[Knote: [m[Kcandidate: â€˜[01m[KAudio::Audio(Audio&&)[m[Kâ€™
[2.104s] [01m[K/home/aksel/Documents/GitHub/Mobile_robotter/ros2_ws/src/dtmf_to_cmd_vel/include/audio.h:40:7:[m[K [01;36m[Knote: [m[K  candidate expects 1 argument, 0 provided
[2.408s] In file included from [01m[K/home/aksel/Documents/GitHub/Mobile_robotter/ros2_ws/src/dtmf_to_cmd_vel/src/main.cpp:2[m[K:
[2.409s] [01m[K/home/aksel/Documents/GitHub/Mobile_robotter/ros2_ws/src/dtmf_to_cmd_vel/include/audio.h:37:28:[m[K [01;35m[Kwarning: [m[Kâ€˜[01m[KspectroData[m[Kâ€™ defined but not used [[01;35m[K]8;;https://gcc.gnu.org/onlinedocs/gcc/Warning-Options.html#index-Wunused-variable-Wunused-variable]8;;[m[K]
[2.409s]    37 | static streamCallbackData* [01;35m[KspectroData[m[K;
[2.409s]       |                            [01;35m[K^~~~~~~~~~~[m[K
[2.460s] gmake[2]: *** [CMakeFiles/dtmf_to_cmd_vel.dir/build.make:90: CMakeFiles/dtmf_to_cmd_vel.dir/src/audio.cpp.o] Error 1
[2.461s] gmake[2]: *** Waiting for unfinished jobs....
[2.683s] [01m[K/home/aksel/Documents/GitHub/Mobile_robotter/ros2_ws/src/dtmf_to_cmd_vel/include/audio.h:37:28:[m[K [01;35m[Kwarning: [m[Kâ€˜[01m[KspectroData[m[Kâ€™ defined but not used [[01;35m[K]8;;https://gcc.gnu.org/onlinedocs/gcc/Warning-Options.html#index-Wunused-variable-Wunused-variable]8;;[m[K]
[2.683s]    37 | static streamCallbackData* [01;35m[KspectroData[m[K;
[2.683s]       |                            [01;35m[K^~~~~~~~~~~[m[K
[2.718s] gmake[2]: *** [CMakeFiles/dtmf_to_cmd_vel.dir/build.make:104: CMakeFiles/dtmf_to_cmd_vel.dir/src/dtmf_to_cmd_vel_node.cpp.o] Error 1
[2.718s] gmake[1]: *** [CMakeFiles/Makefile2:137: CMakeFiles/dtmf_to_cmd_vel.dir/all] Error 2
[2.719s] gmake: *** [Makefile:146: all] Error 2
[2.721s] Invoked command in '/home/aksel/Documents/GitHub/Mobile_robotter/ros2_ws/build/dtmf_to_cmd_vel' returned '2': CMAKE_PREFIX_PATH=/opt/ros/humble /usr/bin/cmake --build /home/aksel/Documents/GitHub/Mobile_robotter/ros2_ws/build/dtmf_to_cmd_vel -- -j16 -l16
