In file included from [01m[K/home/aksel/Documents/GitHub/Mobile_robotter/ros2_ws/src/lidar_data/src/main.cpp:5[m[K:
[01m[K/home/aksel/Documents/GitHub/Mobile_robotter/ros2_ws/src/lidar_data/include/lidarnode.h:7:10:[m[K [01;31m[Kfatal error: [m[Kmatplotlibcpp.h: No such file or directory
    7 | #include [01;31m[K"matplotlibcpp.h"[m[K
      |          [01;31m[K^~~~~~~~~~~~~~~~~[m[K
compilation terminated.
In file included from [01m[K/home/aksel/Documents/GitHub/Mobile_robotter/ros2_ws/src/lidar_data/src/lidarnode.cpp:1[m[K:
[01m[K/home/aksel/Documents/GitHub/Mobile_robotter/ros2_ws/src/lidar_data/include/lidarnode.h:7:10:[m[K [01;31m[Kfatal error: [m[Kmatplotlibcpp.h: No such file or directory
    7 | #include [01;31m[K"matplotlibcpp.h"[m[K
      |          [01;31m[K^~~~~~~~~~~~~~~~~[m[K
compilation terminated.
gmake[2]: *** [CMakeFiles/lidar_data.dir/build.make:76: CMakeFiles/lidar_data.dir/src/main.cpp.o] Error 1
gmake[2]: *** Waiting for unfinished jobs....
gmake[2]: *** [CMakeFiles/lidar_data.dir/build.make:90: CMakeFiles/lidar_data.dir/src/lidarnode.cpp.o] Error 1
gmake[1]: *** [CMakeFiles/Makefile2:137: CMakeFiles/lidar_data.dir/all] Error 2
gmake: *** [Makefile:146: all] Error 2
