[0.011s] Invoking command in '/home/aksel/Documents/GitHub/Mobile_robotter/ros2_ws/build/lidar_data': CMAKE_PREFIX_PATH=${CMAKE_PREFIX_PATH}:/home/aksel/turtlebot3_ws/install/turtlebot3_teleop:/home/aksel/turtlebot3_ws/install/turtlebot3_example:/opt/ros/humble /usr/bin/cmake /home/aksel/Documents/GitHub/Mobile_robotter/ros2_ws/src/lidar_data -DCMAKE_INSTALL_PREFIX=/home/aksel/Documents/GitHub/Mobile_robotter/ros2_ws/install/lidar_data
[0.061s] -- The CXX compiler identification is GNU 11.4.0
[0.067s] -- Detecting CXX compiler ABI info
[0.132s] -- Detecting CXX compiler ABI info - done
[0.138s] -- Check for working CXX compiler: /usr/bin/c++ - skipped
[0.138s] -- Detecting CXX compile features
[0.138s] -- Detecting CXX compile features - done
[0.145s] -- Found ament_cmake: 1.3.10 (/opt/ros/humble/share/ament_cmake/cmake)
[0.252s] -- Found Python3: /usr/bin/python3 (found version "3.10.12") found components: Interpreter 
[0.351s] -- Found rclcpp: 16.0.10 (/opt/ros/humble/share/rclcpp/cmake)
[0.398s] -- Found rosidl_generator_c: 3.1.5 (/opt/ros/humble/share/rosidl_generator_c/cmake)
[0.405s] -- Found rosidl_adapter: 3.1.5 (/opt/ros/humble/share/rosidl_adapter/cmake)
[0.414s] -- Found rosidl_generator_cpp: 3.1.5 (/opt/ros/humble/share/rosidl_generator_cpp/cmake)
[0.426s] -- Using all available rosidl_typesupport_c: rosidl_typesupport_fastrtps_c;rosidl_typesupport_introspection_c
[0.442s] -- Using all available rosidl_typesupport_cpp: rosidl_typesupport_fastrtps_cpp;rosidl_typesupport_introspection_cpp
[0.488s] -- Found rmw_implementation_cmake: 6.1.2 (/opt/ros/humble/share/rmw_implementation_cmake/cmake)
[0.491s] -- Found rmw_fastrtps_cpp: 6.2.7 (/opt/ros/humble/share/rmw_fastrtps_cpp/cmake)
[0.577s] -- Found OpenSSL: /usr/lib/x86_64-linux-gnu/libcrypto.so (found version "3.0.2")  
[0.605s] -- Found FastRTPS: /opt/ros/humble/include  
[0.648s] -- Using RMW implementation 'rmw_fastrtps_cpp' as default
[0.658s] -- Looking for C++ include pthread.h
[0.728s] -- Looking for C++ include pthread.h - found
[0.728s] -- Performing Test CMAKE_HAVE_LIBC_PTHREAD
[0.799s] -- Performing Test CMAKE_HAVE_LIBC_PTHREAD - Success
[0.800s] -- Found Threads: TRUE  
[0.861s] -- Found geometry_msgs: 4.2.4 (/opt/ros/humble/share/geometry_msgs/cmake)
[0.871s] -- Found sensor_msgs: 4.2.4 (/opt/ros/humble/share/sensor_msgs/cmake)
[0.885s] -- Found rclcpp_components: 16.0.10 (/opt/ros/humble/share/rclcpp_components/cmake)
[0.911s] -- Found nav_msgs: 4.2.4 (/opt/ros/humble/share/nav_msgs/cmake)
[0.935s] -- Performing Test HAVE_STDATOMIC
[1.032s] -- Performing Test HAVE_STDATOMIC - Success
[1.033s] -- Found WrapAtomic: TRUE  
[1.059s] -- Found OpenGL: /usr/lib/x86_64-linux-gnu/libOpenGL.so   
[1.060s] -- Found WrapOpenGL: TRUE  
[1.112s] -- Found XKB: /usr/lib/x86_64-linux-gnu/libxkbcommon.so (found suitable version "1.4.0", minimum required is "0.5.0") 
[1.116s] -- Found WrapVulkanHeaders: /usr/include  
[1.200s] -- Configuring done
[1.210s] -- Generating done
[1.212s] -- Build files have been written to: /home/aksel/Documents/GitHub/Mobile_robotter/ros2_ws/build/lidar_data
[1.223s] Invoked command in '/home/aksel/Documents/GitHub/Mobile_robotter/ros2_ws/build/lidar_data' returned '0': CMAKE_PREFIX_PATH=${CMAKE_PREFIX_PATH}:/home/aksel/turtlebot3_ws/install/turtlebot3_teleop:/home/aksel/turtlebot3_ws/install/turtlebot3_example:/opt/ros/humble /usr/bin/cmake /home/aksel/Documents/GitHub/Mobile_robotter/ros2_ws/src/lidar_data -DCMAKE_INSTALL_PREFIX=/home/aksel/Documents/GitHub/Mobile_robotter/ros2_ws/install/lidar_data
[1.224s] Invoking command in '/home/aksel/Documents/GitHub/Mobile_robotter/ros2_ws/build/lidar_data': CMAKE_PREFIX_PATH=${CMAKE_PREFIX_PATH}:/home/aksel/turtlebot3_ws/install/turtlebot3_teleop:/home/aksel/turtlebot3_ws/install/turtlebot3_example:/opt/ros/humble /usr/bin/cmake --build /home/aksel/Documents/GitHub/Mobile_robotter/ros2_ws/build/lidar_data -- -j16 -l16
[1.274s] [ 66%] [32mBuilding CXX object CMakeFiles/lidar_data.dir/src/lidarnode.cpp.o[0m
[1.274s] [ 66%] [32mBuilding CXX object CMakeFiles/lidar_data.dir/src/main.cpp.o[0m
[1.495s] In file included from [01m[K/home/aksel/Documents/GitHub/Mobile_robotter/ros2_ws/src/lidar_data/src/main.cpp:5[m[K:
[1.495s] [01m[K/home/aksel/Documents/GitHub/Mobile_robotter/ros2_ws/src/lidar_data/include/lidarnode.h:7:10:[m[K [01;31m[Kfatal error: [m[Kmatplotlibcpp.h: No such file or directory
[1.495s]     7 | #include [01;31m[K"matplotlibcpp.h"[m[K
[1.495s]       |          [01;31m[K^~~~~~~~~~~~~~~~~[m[K
[1.495s] compilation terminated.
[1.496s] In file included from [01m[K/home/aksel/Documents/GitHub/Mobile_robotter/ros2_ws/src/lidar_data/src/lidarnode.cpp:1[m[K:
[1.496s] [01m[K/home/aksel/Documents/GitHub/Mobile_robotter/ros2_ws/src/lidar_data/include/lidarnode.h:7:10:[m[K [01;31m[Kfatal error: [m[Kmatplotlibcpp.h: No such file or directory
[1.496s]     7 | #include [01;31m[K"matplotlibcpp.h"[m[K
[1.496s]       |          [01;31m[K^~~~~~~~~~~~~~~~~[m[K
[1.497s] compilation terminated.
[1.508s] gmake[2]: *** [CMakeFiles/lidar_data.dir/build.make:76: CMakeFiles/lidar_data.dir/src/main.cpp.o] Error 1
[1.508s] gmake[2]: *** Waiting for unfinished jobs....
[1.508s] gmake[2]: *** [CMakeFiles/lidar_data.dir/build.make:90: CMakeFiles/lidar_data.dir/src/lidarnode.cpp.o] Error 1
[1.509s] gmake[1]: *** [CMakeFiles/Makefile2:137: CMakeFiles/lidar_data.dir/all] Error 2
[1.509s] gmake: *** [Makefile:146: all] Error 2
[1.511s] Invoked command in '/home/aksel/Documents/GitHub/Mobile_robotter/ros2_ws/build/lidar_data' returned '2': CMAKE_PREFIX_PATH=${CMAKE_PREFIX_PATH}:/home/aksel/turtlebot3_ws/install/turtlebot3_teleop:/home/aksel/turtlebot3_ws/install/turtlebot3_example:/opt/ros/humble /usr/bin/cmake --build /home/aksel/Documents/GitHub/Mobile_robotter/ros2_ws/build/lidar_data -- -j16 -l16
