[0.037s] Invoking command in '/home/aksel/Documents/GitHub/Mobile_robotter/ros2_ws/build/lidar_gui': CMAKE_PREFIX_PATH=${CMAKE_PREFIX_PATH}:/home/aksel/turtlebot3_ws/install/turtlebot3_teleop:/home/aksel/turtlebot3_ws/install/turtlebot3_example:/opt/ros/humble /usr/bin/cmake --build /home/aksel/Documents/GitHub/Mobile_robotter/ros2_ws/build/lidar_gui -- -j16 -l16
[0.077s] [35m[1mConsolidate compiler generated dependencies of target lidar_gui[0m
[0.097s] [ 40%] [32mBuilding CXX object CMakeFiles/lidar_gui.dir/src/lidarnode.cpp.o[0m
[0.097s] [ 40%] [32mBuilding CXX object CMakeFiles/lidar_gui.dir/src/main.cpp.o[0m
[0.097s] [ 60%] [32mBuilding CXX object CMakeFiles/lidar_gui.dir/src/GUIWindow.cpp.o[0m
[0.523s] [01m[K/home/aksel/Documents/GitHub/Mobile_robotter/ros2_ws/src/lidar_gui/src/GUIWindow.cpp:[m[K In member function â€˜[01m[Kvoid GUI::movementRobot(float, float, float)[m[Kâ€™:
[0.524s] [01m[K/home/aksel/Documents/GitHub/Mobile_robotter/ros2_ws/src/lidar_gui/src/GUIWindow.cpp:86:61:[m[K [01;35m[Kwarning: [m[Kunused parameter â€˜[01m[Kyaw[m[Kâ€™ [[01;35m[K]8;;https://gcc.gnu.org/onlinedocs/gcc/Warning-Options.html#index-Wunused-parameter-Wunused-parameter]8;;[m[K]
[0.524s]    86 | void GUI::movementRobot(float robot_x, float robot_y, [01;35m[Kfloat yaw[m[K){
[0.524s]       |                                                       [01;35m[K~~~~~~^~~[m[K
[10.619s] [ 80%] [32m[1mLinking CXX executable lidar_gui[0m
[12.777s] /usr/bin/ld: CMakeFiles/lidar_gui.dir/src/lidarnode.cpp.o: in function `MappingNode::MappingNode()':
[12.777s] /home/aksel/Documents/GitHub/Mobile_robotter/ros2_ws/src/lidar_gui/src/lidarnode.cpp:29: undefined reference to `MappingNode::odomCallback(std::shared_ptr<nav_msgs::msg::Odometry_<std::allocator<void> > >)'
[12.876s] collect2: error: ld returned 1 exit status
[12.879s] gmake[2]: *** [CMakeFiles/lidar_gui.dir/build.make:249: lidar_gui] Error 1
[12.879s] gmake[1]: *** [CMakeFiles/Makefile2:137: CMakeFiles/lidar_gui.dir/all] Error 2
[12.880s] gmake: *** [Makefile:146: all] Error 2
[12.883s] Invoked command in '/home/aksel/Documents/GitHub/Mobile_robotter/ros2_ws/build/lidar_gui' returned '2': CMAKE_PREFIX_PATH=${CMAKE_PREFIX_PATH}:/home/aksel/turtlebot3_ws/install/turtlebot3_teleop:/home/aksel/turtlebot3_ws/install/turtlebot3_example:/opt/ros/humble /usr/bin/cmake --build /home/aksel/Documents/GitHub/Mobile_robotter/ros2_ws/build/lidar_gui -- -j16 -l16
