[0.015s] Invoking command in '/home/aksel/Documents/GitHub/Mobile_robotter/ros2_ws/build/lidar_data': CMAKE_PREFIX_PATH=${CMAKE_PREFIX_PATH}:/home/aksel/turtlebot3_ws/install/turtlebot3_teleop:/home/aksel/turtlebot3_ws/install/turtlebot3_example:/opt/ros/humble /bin/cmake --build /home/aksel/Documents/GitHub/Mobile_robotter/ros2_ws/build/lidar_data -- -j16 -l16
[0.052s] [35m[1mConsolidate compiler generated dependencies of target lidar_data[0m
[0.071s] [ 33%] [32mBuilding CXX object CMakeFiles/lidar_data.dir/src/lidarnode.cpp.o[0m
[2.882s] [01m[K/home/aksel/Documents/GitHub/Mobile_robotter/ros2_ws/src/lidar_data/src/lidarnode.cpp:[m[K In constructor â€˜[01m[KMappingNode::MappingNode()[m[Kâ€™:
[2.882s] [01m[K/home/aksel/Documents/GitHub/Mobile_robotter/ros2_ws/src/lidar_data/src/lidarnode.cpp:3:49:[m[K [01;31m[Kerror: [m[Kno matching function for call to â€˜[01m[Ktf2_ros::Buffer::Buffer()[m[Kâ€™
[2.882s]     3 | MappingNode::MappingNode() : Node("mapping_node"[01;31m[K)[m[K {
[2.882s]       |                                                 [01;31m[K^[m[K
[2.882s] In file included from [01m[K/home/aksel/Documents/GitHub/Mobile_robotter/ros2_ws/src/lidar_data/include/lidarnode.h:8[m[K,
[2.882s]                  from [01m[K/home/aksel/Documents/GitHub/Mobile_robotter/ros2_ws/src/lidar_data/src/lidarnode.cpp:1[m[K:
[2.882s] [01m[K/opt/ros/humble/include/tf2_ros/tf2_ros/buffer.h:73:18:[m[K [01;36m[Knote: [m[Kcandidate: â€˜[01m[Ktf2_ros::Buffer::Buffer(rclcpp::Clock::SharedPtr, tf2::Duration, rclcpp::Node::SharedPtr)[m[Kâ€™
[2.882s]    73 |   TF2_ROS_PUBLIC [01;36m[KBuffer[m[K(
[2.882s]       |                  [01;36m[K^~~~~~[m[K
[2.882s] [01m[K/opt/ros/humble/include/tf2_ros/tf2_ros/buffer.h:73:18:[m[K [01;36m[Knote: [m[K  candidate expects 3 arguments, 0 provided
[2.882s] [01m[K/home/aksel/Documents/GitHub/Mobile_robotter/ros2_ws/src/lidar_data/src/lidarnode.cpp:3:49:[m[K [01;31m[Kerror: [m[Kno matching function for call to â€˜[01m[Ktf2_ros::TransformListener::TransformListener()[m[Kâ€™
[2.882s]     3 | MappingNode::MappingNode() : Node("mapping_node"[01;31m[K)[m[K {
[2.882s]       |                                                 [01;31m[K^[m[K
[2.882s] In file included from [01m[K/home/aksel/Documents/GitHub/Mobile_robotter/ros2_ws/src/lidar_data/include/lidarnode.h:7[m[K,
[2.882s]                  from [01m[K/home/aksel/Documents/GitHub/Mobile_robotter/ros2_ws/src/lidar_data/src/lidarnode.cpp:1[m[K:
[2.882s] [01m[K/opt/ros/humble/include/tf2_ros/tf2_ros/transform_listener.h:90:3:[m[K [01;36m[Knote: [m[Kcandidate: â€˜[01m[Ktemplate<class NodeT, class AllocatorT> tf2_ros::TransformListener::TransformListener(tf2::BufferCore&, NodeT&&, bool, const rclcpp::QoS&, const rclcpp::QoS&, const rclcpp::SubscriptionOptionsWithAllocator<AllocatorT>&, const rclcpp::SubscriptionOptionsWithAllocator<AllocatorT>&)[m[Kâ€™
[2.882s]    90 |   [01;36m[KTransformListener[m[K(
[2.882s]       |   [01;36m[K^~~~~~~~~~~~~~~~~[m[K
[2.882s] [01m[K/opt/ros/humble/include/tf2_ros/tf2_ros/transform_listener.h:90:3:[m[K [01;36m[Knote: [m[K  template argument deduction/substitution failed:
[2.882s] [01m[K/home/aksel/Documents/GitHub/Mobile_robotter/ros2_ws/src/lidar_data/src/lidarnode.cpp:3:49:[m[K [01;36m[Knote: [m[K  candidate expects 7 arguments, 0 provided
[2.883s]     3 | MappingNode::MappingNode() : Node("mapping_node"[01;36m[K)[m[K {
[2.883s]       |                                                 [01;36m[K^[m[K
[2.883s] In file included from [01m[K/home/aksel/Documents/GitHub/Mobile_robotter/ros2_ws/src/lidar_data/include/lidarnode.h:7[m[K,
[2.883s]                  from [01m[K/home/aksel/Documents/GitHub/Mobile_robotter/ros2_ws/src/lidar_data/src/lidarnode.cpp:1[m[K:
[2.883s] [01m[K/opt/ros/humble/include/tf2_ros/tf2_ros/transform_listener.h:87:12:[m[K [01;36m[Knote: [m[Kcandidate: â€˜[01m[Ktf2_ros::TransformListener::TransformListener(tf2::BufferCore&, bool)[m[Kâ€™
[2.883s]    87 |   explicit [01;36m[KTransformListener[m[K(tf2::BufferCore & buffer, bool spin_thread = true);
[2.883s]       |            [01;36m[K^~~~~~~~~~~~~~~~~[m[K
[2.883s] [01m[K/opt/ros/humble/include/tf2_ros/tf2_ros/transform_listener.h:87:12:[m[K [01;36m[Knote: [m[K  candidate expects 2 arguments, 0 provided
[2.897s] [01m[K/home/aksel/Documents/GitHub/Mobile_robotter/ros2_ws/src/lidar_data/src/lidarnode.cpp:[m[K In member function â€˜[01m[Kvoid MappingNode::scanCallback(sensor_msgs::msg::LaserScan_<std::allocator<void> >::SharedPtr)[m[Kâ€™:
[2.897s] [01m[K/home/aksel/Documents/GitHub/Mobile_robotter/ros2_ws/src/lidar_data/src/lidarnode.cpp:47:17:[m[K [01;31m[Kerror: [m[Kâ€˜[01m[Kmap_x_points[m[Kâ€™ was not declared in this scope; did you mean â€˜[01m[K_map_x_points[m[Kâ€™?
[2.897s]    47 |                 [01;31m[Kmap_x_points[m[K.push_back(global_point.point.x);
[2.897s]       |                 [01;31m[K^~~~~~~~~~~~[m[K
[2.897s]       |                 [32m[K_map_x_points[m[K
[2.901s] [01m[K/home/aksel/Documents/GitHub/Mobile_robotter/ros2_ws/src/lidar_data/src/lidarnode.cpp:48:17:[m[K [01;31m[Kerror: [m[Kâ€˜[01m[Kmap_y_points[m[Kâ€™ was not declared in this scope; did you mean â€˜[01m[K_map_y_points[m[Kâ€™?
[2.901s]    48 |                 [01;31m[Kmap_y_points[m[K.push_back(global_point.point.y);
[2.901s]       |                 [01;31m[K^~~~~~~~~~~~[m[K
[2.901s]       |                 [32m[K_map_y_points[m[K
[2.906s] [01m[K/home/aksel/Documents/GitHub/Mobile_robotter/ros2_ws/src/lidar_data/src/lidarnode.cpp:57:22:[m[K [01;31m[Kerror: [m[Kâ€˜[01m[Kmap_x_points[m[Kâ€™ was not declared in this scope; did you mean â€˜[01m[K_map_x_points[m[Kâ€™?
[2.906s]    57 |     sendMapDataToGUI([01;31m[Kmap_x_points[m[K, map_y_points, _robot_x, _robot_y, _robot_yaw);
[2.906s]       |                      [01;31m[K^~~~~~~~~~~~[m[K
[2.906s]       |                      [32m[K_map_x_points[m[K
[2.910s] [01m[K/home/aksel/Documents/GitHub/Mobile_robotter/ros2_ws/src/lidar_data/src/lidarnode.cpp:57:36:[m[K [01;31m[Kerror: [m[Kâ€˜[01m[Kmap_y_points[m[Kâ€™ was not declared in this scope; did you mean â€˜[01m[K_map_y_points[m[Kâ€™?
[2.910s]    57 |     sendMapDataToGUI(map_x_points, [01;31m[Kmap_y_points[m[K, _robot_x, _robot_y, _robot_yaw);
[2.910s]       |                                    [01;31m[K^~~~~~~~~~~~[m[K
[2.910s]       |                                    [32m[K_map_y_points[m[K
[2.913s] [01m[K/home/aksel/Documents/GitHub/Mobile_robotter/ros2_ws/src/lidar_data/src/lidarnode.cpp:[m[K In member function â€˜[01m[Kvoid MappingNode::sendMapDataToGUI(const std::vector<double, std::allocator<double> >&, const std::vector<double, std::allocator<double> >&, double, double, double)[m[Kâ€™:
[2.913s] [01m[K/home/aksel/Documents/GitHub/Mobile_robotter/ros2_ws/src/lidar_data/src/lidarnode.cpp:75:43:[m[K [01;35m[Kwarning: [m[Kunused parameter â€˜[01m[Krobot_x[m[Kâ€™ [[01;35m[K]8;;https://gcc.gnu.org/onlinedocs/gcc/Warning-Options.html#index-Wunused-parameter-Wunused-parameter]8;;[m[K]
[2.913s]    75 |                                    [01;35m[Kdouble robot_x[m[K, double robot_y, double robot_yaw) {
[2.913s]       |                                    [01;35m[K~~~~~~~^~~~~~~[m[K
[2.914s] [01m[K/home/aksel/Documents/GitHub/Mobile_robotter/ros2_ws/src/lidar_data/src/lidarnode.cpp:75:59:[m[K [01;35m[Kwarning: [m[Kunused parameter â€˜[01m[Krobot_y[m[Kâ€™ [[01;35m[K]8;;https://gcc.gnu.org/onlinedocs/gcc/Warning-Options.html#index-Wunused-parameter-Wunused-parameter]8;;[m[K]
[2.914s]    75 |                                    double robot_x, [01;35m[Kdouble robot_y[m[K, double robot_yaw) {
[2.914s]       |                                                    [01;35m[K~~~~~~~^~~~~~~[m[K
[2.914s] [01m[K/home/aksel/Documents/GitHub/Mobile_robotter/ros2_ws/src/lidar_data/src/lidarnode.cpp:75:75:[m[K [01;35m[Kwarning: [m[Kunused parameter â€˜[01m[Krobot_yaw[m[Kâ€™ [[01;35m[K]8;;https://gcc.gnu.org/onlinedocs/gcc/Warning-Options.html#index-Wunused-parameter-Wunused-parameter]8;;[m[K]
[2.914s]    75 |                                    double robot_x, double robot_y, [01;35m[Kdouble robot_yaw[m[K) {
[2.914s]       |                                                                    [01;35m[K~~~~~~~^~~~~~~~~[m[K
[5.290s] gmake[2]: *** [CMakeFiles/lidar_data.dir/build.make:90: CMakeFiles/lidar_data.dir/src/lidarnode.cpp.o] Error 1
[5.291s] gmake[1]: *** [CMakeFiles/Makefile2:137: CMakeFiles/lidar_data.dir/all] Error 2
[5.291s] gmake: *** [Makefile:146: all] Error 2
[5.294s] Invoked command in '/home/aksel/Documents/GitHub/Mobile_robotter/ros2_ws/build/lidar_data' returned '2': CMAKE_PREFIX_PATH=${CMAKE_PREFIX_PATH}:/home/aksel/turtlebot3_ws/install/turtlebot3_teleop:/home/aksel/turtlebot3_ws/install/turtlebot3_example:/opt/ros/humble /bin/cmake --build /home/aksel/Documents/GitHub/Mobile_robotter/ros2_ws/build/lidar_data -- -j16 -l16
