[35m[1mConsolidate compiler generated dependencies of target controller_input[0m
[ 33%] [32mBuilding CXX object CMakeFiles/controller_input.dir/src/controllerinput.cpp.o[0m
[01m[K/home/aksel/Documents/GitHub/Mobile_robotter/ros2_ws/src/controller_input/src/controllerinput.cpp:[m[K In member function â€˜[01m[Kvoid controllerInput::joy_callback(sensor_msgs::msg::Joy_<std::allocator<void> >::SharedPtr)[m[Kâ€™:
[01m[K/home/aksel/Documents/GitHub/Mobile_robotter/ros2_ws/src/controller_input/src/controllerinput.cpp:115:34:[m[K [01;31m[Kerror: [m[Kâ€˜[01m[Krobot_x[m[Kâ€™ was not declared in this scope; did you mean â€˜[01m[Krobot_yaw[m[Kâ€™?
  115 |                             .arg([01;31m[Krobot_x[m[K)
      |                                  [01;31m[K^~~~~~~[m[K
      |                                  [32m[Krobot_yaw[m[K
[01m[K/home/aksel/Documents/GitHub/Mobile_robotter/ros2_ws/src/controller_input/src/controllerinput.cpp:116:34:[m[K [01;31m[Kerror: [m[Kâ€˜[01m[Krobot_y[m[Kâ€™ was not declared in this scope; did you mean â€˜[01m[Krobot_yaw[m[Kâ€™?
  116 |                             .arg([01;31m[Krobot_y[m[K)
      |                                  [01;31m[K^~~~~~~[m[K
      |                                  [32m[Krobot_yaw[m[K
gmake[2]: *** [CMakeFiles/controller_input.dir/build.make:90: CMakeFiles/controller_input.dir/src/controllerinput.cpp.o] Error 1
gmake[1]: *** [CMakeFiles/Makefile2:137: CMakeFiles/controller_input.dir/all] Error 2
gmake: *** [Makefile:146: all] Error 2
