[01m[K/home/aksel/Documents/GitHub/Mobile_robotter/ros2_ws/src/controller_input/src/controllerinput.cpp:[m[K In member function â€˜[01m[Kvoid controllerInput::joy_callback(sensor_msgs::msg::Joy_<std::allocator<void> >::SharedPtr)[m[Kâ€™:
[01m[K/home/aksel/Documents/GitHub/Mobile_robotter/ros2_ws/src/controller_input/src/controllerinput.cpp:78:5:[m[K [01;31m[Kerror: [m[Kâ€˜[01m[KQuery[m[Kâ€™ was not declared in this scope; did you mean â€˜[01m[Kquery[m[Kâ€™?
   78 |     [01;31m[KQuery[m[K.prepare("INSERT INTO robot_positions (robot_x, robot_y) VALUES (:robot_x, :robot_y)");
      |     [01;31m[K^~~~~[m[K
      |     [32m[Kquery[m[K
[01m[K/home/aksel/Documents/GitHub/Mobile_robotter/ros2_ws/src/controller_input/src/controllerinput.cpp:[m[K In member function â€˜[01m[Kvoid controllerInput::playTone(double, double)[m[Kâ€™:
[01m[K/home/aksel/Documents/GitHub/Mobile_robotter/ros2_ws/src/controller_input/src/controllerinput.cpp:197:16:[m[K [01;31m[Kerror: [m[Kâ€˜[01m[KSamplesPerFrame[m[Kâ€™ was not declared in this scope; did you mean â€˜[01m[KSamplesPerFrame2[m[Kâ€™?
  197 |     int time = [01;31m[KSamplesPerFrame[m[K;
      |                [01;31m[K^~~~~~~~~~~~~~~[m[K
      |                [32m[KSamplesPerFrame2[m[K
gmake[2]: *** [CMakeFiles/controller_input.dir/build.make:90: CMakeFiles/controller_input.dir/src/controllerinput.cpp.o] Error 1
gmake[1]: *** [CMakeFiles/Makefile2:137: CMakeFiles/controller_input.dir/all] Error 2
gmake: *** [Makefile:146: all] Error 2
