[35m[1mConsolidate compiler generated dependencies of target lidar_gui[0m
[ 20%] [32mBuilding CXX object CMakeFiles/lidar_gui.dir/src/GUIWindow.cpp.o[0m
[01m[K/home/aksel/Documents/GitHub/Mobile_robotter/ros2_ws/src/lidar_gui/src/GUIWindow.cpp:[m[K In member function â€˜[01m[Kvoid GUI::update(float, float, float, float, float)[m[Kâ€™:
[01m[K/home/aksel/Documents/GitHub/Mobile_robotter/ros2_ws/src/lidar_gui/src/GUIWindow.cpp:195:40:[m[K [01;31m[Kerror: [m[Kâ€˜[01m[Kgc[m[Kâ€™ was not declared in this scope; did you mean â€˜[01m[KGC[m[Kâ€™?
  195 |     XCopyArea(display, pixmap, window, [01;31m[Kgc[m[K, 0, 0,
      |                                        [01;31m[K^~[m[K
      |                                        [32m[KGC[m[K
gmake[2]: *** [CMakeFiles/lidar_gui.dir/build.make:118: CMakeFiles/lidar_gui.dir/src/GUIWindow.cpp.o] Error 1
gmake[1]: *** [CMakeFiles/Makefile2:137: CMakeFiles/lidar_gui.dir/all] Error 2
gmake: *** [Makefile:146: all] Error 2
