[35m[1mConsolidate compiler generated dependencies of target dtmf_to_cmd_vel[0m
[ 75%] [32mBuilding CXX object CMakeFiles/dtmf_to_cmd_vel.dir/src/main.cpp.o[0m
[ 75%] [32mBuilding CXX object CMakeFiles/dtmf_to_cmd_vel.dir/src/dtmf_to_cmd_vel_node.cpp.o[0m
[ 75%] [32mBuilding CXX object CMakeFiles/dtmf_to_cmd_vel.dir/src/audio.cpp.o[0m
[01m[K/home/aksel/Documents/GitHub/Mobile_robotter/ros2_ws/src/dtmf_to_cmd_vel/src/dtmf_to_cmd_vel_node.cpp:6:83:[m[K [01;35m[Kwarning: [m[Kmissing terminating ' character
    6 |     _publisher = this->create_publisher<geometry_msgs::msg::Twist>("cmd_vel", 10);[01;35m[K'[m[K
      |                                                                                   [01;35m[K^[m[K
[01m[K/home/aksel/Documents/GitHub/Mobile_robotter/ros2_ws/src/dtmf_to_cmd_vel/src/dtmf_to_cmd_vel_node.cpp:6:83:[m[K [01;31m[Kerror: [m[Kmissing terminating ' character
In file included from [01m[K/home/aksel/Documents/GitHub/Mobile_robotter/ros2_ws/src/dtmf_to_cmd_vel/src/main.cpp:2[m[K:
[01m[K/home/aksel/Documents/GitHub/Mobile_robotter/ros2_ws/src/dtmf_to_cmd_vel/include/audio.h:48:30:[m[K [01;31m[Kerror: [m[Kâ€˜[01m[KDtmfToCmdVelNode* Audio::dtmfNode[m[Kâ€™ conflicts with a previous declaration
   48 |     static DtmfToCmdVelNode* [01;31m[KdtmfNode[m[K;
      |                              [01;31m[K^~~~~~~~[m[K
[01m[K/home/aksel/Documents/GitHub/Mobile_robotter/ros2_ws/src/dtmf_to_cmd_vel/include/audio.h:43:27:[m[K [01;36m[Knote: [m[Kprevious declaration â€˜[01m[KDtmfToCmdVelNode* Audio::dtmfNode[m[Kâ€™
   43 |         DtmfToCmdVelNode* [01;36m[KdtmfNode[m[K;
      |                           [01;36m[K^~~~~~~~[m[K
In file included from [01m[K/home/aksel/Documents/GitHub/Mobile_robotter/ros2_ws/src/dtmf_to_cmd_vel/src/main.cpp:2[m[K:
[01m[K/home/aksel/Documents/GitHub/Mobile_robotter/ros2_ws/src/dtmf_to_cmd_vel/include/audio.h:[m[K In static member function â€˜[01m[Kstatic void Audio::setDtmfNode(DtmfToCmdVelNode*)[m[Kâ€™:
[01m[K/home/aksel/Documents/GitHub/Mobile_robotter/ros2_ws/src/dtmf_to_cmd_vel/include/audio.h:165:9:[m[K [01;31m[Kerror: [m[Kinvalid use of member â€˜[01m[KAudio::dtmfNode[m[Kâ€™ in static member function
  165 |         [01;31m[KdtmfNode[m[K = node;
      |         [01;31m[K^~~~~~~~[m[K
In file included from [01m[K/home/aksel/Documents/GitHub/Mobile_robotter/ros2_ws/src/dtmf_to_cmd_vel/src/main.cpp:2[m[K:
[01m[K/home/aksel/Documents/GitHub/Mobile_robotter/ros2_ws/src/dtmf_to_cmd_vel/include/audio.h:43:27:[m[K [01;36m[Knote: [m[Kdeclared here
   43 |         DtmfToCmdVelNode* [01;36m[KdtmfNode[m[K;
      |                           [01;36m[K^~~~~~~~[m[K
In file included from [01m[K/home/aksel/Documents/GitHub/Mobile_robotter/ros2_ws/src/dtmf_to_cmd_vel/src/dtmf_to_cmd_vel_node.cpp:2[m[K:
[01m[K/home/aksel/Documents/GitHub/Mobile_robotter/ros2_ws/src/dtmf_to_cmd_vel/include/audio.h:48:30:[m[K [01;31m[Kerror: [m[Kâ€˜[01m[KDtmfToCmdVelNode* Audio::dtmfNode[m[Kâ€™ conflicts with a previous declaration
   48 |     static DtmfToCmdVelNode* [01;31m[KdtmfNode[m[K;
      |                              [01;31m[K^~~~~~~~[m[K
[01m[K/home/aksel/Documents/GitHub/Mobile_robotter/ros2_ws/src/dtmf_to_cmd_vel/include/audio.h:43:27:[m[K [01;36m[Knote: [m[Kprevious declaration â€˜[01m[KDtmfToCmdVelNode* Audio::dtmfNode[m[Kâ€™
   43 |         DtmfToCmdVelNode* [01;36m[KdtmfNode[m[K;
      |                           [01;36m[K^~~~~~~~[m[K
In file included from [01m[K/home/aksel/Documents/GitHub/Mobile_robotter/ros2_ws/src/dtmf_to_cmd_vel/src/dtmf_to_cmd_vel_node.cpp:2[m[K:
[01m[K/home/aksel/Documents/GitHub/Mobile_robotter/ros2_ws/src/dtmf_to_cmd_vel/include/audio.h:[m[K In static member function â€˜[01m[Kstatic void Audio::setDtmfNode(DtmfToCmdVelNode*)[m[Kâ€™:
[01m[K/home/aksel/Documents/GitHub/Mobile_robotter/ros2_ws/src/dtmf_to_cmd_vel/include/audio.h:165:9:[m[K [01;31m[Kerror: [m[Kinvalid use of member â€˜[01m[KAudio::dtmfNode[m[Kâ€™ in static member function
  165 |         [01;31m[KdtmfNode[m[K = node;
      |         [01;31m[K^~~~~~~~[m[K
In file included from [01m[K/home/aksel/Documents/GitHub/Mobile_robotter/ros2_ws/src/dtmf_to_cmd_vel/src/dtmf_to_cmd_vel_node.cpp:2[m[K:
[01m[K/home/aksel/Documents/GitHub/Mobile_robotter/ros2_ws/src/dtmf_to_cmd_vel/include/audio.h:43:27:[m[K [01;36m[Knote: [m[Kdeclared here
   43 |         DtmfToCmdVelNode* [01;36m[KdtmfNode[m[K;
      |                           [01;36m[K^~~~~~~~[m[K
In file included from [01m[K/home/aksel/Documents/GitHub/Mobile_robotter/ros2_ws/src/dtmf_to_cmd_vel/src/audio.cpp:1[m[K:
[01m[K/home/aksel/Documents/GitHub/Mobile_robotter/ros2_ws/src/dtmf_to_cmd_vel/include/audio.h:48:30:[m[K [01;31m[Kerror: [m[Kâ€˜[01m[KDtmfToCmdVelNode* Audio::dtmfNode[m[Kâ€™ conflicts with a previous declaration
   48 |     static DtmfToCmdVelNode* [01;31m[KdtmfNode[m[K;
      |                              [01;31m[K^~~~~~~~[m[K
[01m[K/home/aksel/Documents/GitHub/Mobile_robotter/ros2_ws/src/dtmf_to_cmd_vel/include/audio.h:43:27:[m[K [01;36m[Knote: [m[Kprevious declaration â€˜[01m[KDtmfToCmdVelNode* Audio::dtmfNode[m[Kâ€™
   43 |         DtmfToCmdVelNode* [01;36m[KdtmfNode[m[K;
      |                           [01;36m[K^~~~~~~~[m[K
In file included from [01m[K/home/aksel/Documents/GitHub/Mobile_robotter/ros2_ws/src/dtmf_to_cmd_vel/src/audio.cpp:1[m[K:
[01m[K/home/aksel/Documents/GitHub/Mobile_robotter/ros2_ws/src/dtmf_to_cmd_vel/include/audio.h:[m[K In static member function â€˜[01m[Kstatic void Audio::setDtmfNode(DtmfToCmdVelNode*)[m[Kâ€™:
[01m[K/home/aksel/Documents/GitHub/Mobile_robotter/ros2_ws/src/dtmf_to_cmd_vel/include/audio.h:165:9:[m[K [01;31m[Kerror: [m[Kinvalid use of member â€˜[01m[KAudio::dtmfNode[m[Kâ€™ in static member function
  165 |         [01;31m[KdtmfNode[m[K = node;
      |         [01;31m[K^~~~~~~~[m[K
In file included from [01m[K/home/aksel/Documents/GitHub/Mobile_robotter/ros2_ws/src/dtmf_to_cmd_vel/src/audio.cpp:1[m[K:
[01m[K/home/aksel/Documents/GitHub/Mobile_robotter/ros2_ws/src/dtmf_to_cmd_vel/include/audio.h:43:27:[m[K [01;36m[Knote: [m[Kdeclared here
   43 |         DtmfToCmdVelNode* [01;36m[KdtmfNode[m[K;
      |                           [01;36m[K^~~~~~~~[m[K
[01m[K/home/aksel/Documents/GitHub/Mobile_robotter/ros2_ws/src/dtmf_to_cmd_vel/src/audio.cpp:[m[K At global scope:
[01m[K/home/aksel/Documents/GitHub/Mobile_robotter/ros2_ws/src/dtmf_to_cmd_vel/src/audio.cpp:14:19:[m[K [01;31m[Kerror: [m[Kâ€˜[01m[KDtmfToCmdVelNode* Audio::dtmfNode[m[Kâ€™ is not a static data member of â€˜[01m[Kclass Audio[m[Kâ€™
   14 | DtmfToCmdVelNode* [01;31m[KAudio[m[K::dtmfNode = nullptr;
      |                   [01;31m[K^~~~~[m[K
[01m[K/home/aksel/Documents/GitHub/Mobile_robotter/ros2_ws/src/dtmf_to_cmd_vel/src/audio.cpp:[m[K In static member function â€˜[01m[Kstatic void Audio::reactOnSignal()[m[Kâ€™:
[01m[K/home/aksel/Documents/GitHub/Mobile_robotter/ros2_ws/src/dtmf_to_cmd_vel/src/audio.cpp:409:9:[m[K [01;31m[Kerror: [m[Kinvalid use of member â€˜[01m[KAudio::dtmfNode[m[Kâ€™ in static member function
  409 |     if ([01;31m[KdtmfNode[m[K) {
      |         [01;31m[K^~~~~~~~[m[K
In file included from [01m[K/home/aksel/Documents/GitHub/Mobile_robotter/ros2_ws/src/dtmf_to_cmd_vel/src/audio.cpp:1[m[K:
[01m[K/home/aksel/Documents/GitHub/Mobile_robotter/ros2_ws/src/dtmf_to_cmd_vel/include/audio.h:43:27:[m[K [01;36m[Knote: [m[Kdeclared here
   43 |         DtmfToCmdVelNode* [01;36m[KdtmfNode[m[K;
      |                           [01;36m[K^~~~~~~~[m[K
[01m[K/home/aksel/Documents/GitHub/Mobile_robotter/ros2_ws/src/dtmf_to_cmd_vel/src/audio.cpp:410:9:[m[K [01;31m[Kerror: [m[Kinvalid use of member â€˜[01m[KAudio::dtmfNode[m[Kâ€™ in static member function
  410 |         [01;31m[KdtmfNode[m[K->publishTwistMessage(drivingSpeed, direction);
      |         [01;31m[K^~~~~~~~[m[K
In file included from [01m[K/home/aksel/Documents/GitHub/Mobile_robotter/ros2_ws/src/dtmf_to_cmd_vel/src/audio.cpp:1[m[K:
[01m[K/home/aksel/Documents/GitHub/Mobile_robotter/ros2_ws/src/dtmf_to_cmd_vel/include/audio.h:43:27:[m[K [01;36m[Knote: [m[Kdeclared here
   43 |         DtmfToCmdVelNode* [01;36m[KdtmfNode[m[K;
      |                           [01;36m[K^~~~~~~~[m[K
[01m[K/home/aksel/Documents/GitHub/Mobile_robotter/ros2_ws/src/dtmf_to_cmd_vel/include/audio.h:[m[K At global scope:
[01m[K/home/aksel/Documents/GitHub/Mobile_robotter/ros2_ws/src/dtmf_to_cmd_vel/include/audio.h:36:28:[m[K [01;35m[Kwarning: [m[Kâ€˜[01m[KspectroData[m[Kâ€™ defined but not used [[01;35m[K]8;;https://gcc.gnu.org/onlinedocs/gcc/Warning-Options.html#index-Wunused-variable-Wunused-variable]8;;[m[K]
   36 | static streamCallbackData* [01;35m[KspectroData[m[K;
      |                            [01;35m[K^~~~~~~~~~~[m[K
gmake[2]: *** [CMakeFiles/dtmf_to_cmd_vel.dir/build.make:76: CMakeFiles/dtmf_to_cmd_vel.dir/src/main.cpp.o] Error 1
gmake[2]: *** Waiting for unfinished jobs....
gmake[2]: *** [CMakeFiles/dtmf_to_cmd_vel.dir/build.make:90: CMakeFiles/dtmf_to_cmd_vel.dir/src/audio.cpp.o] Error 1
[01m[K/home/aksel/Documents/GitHub/Mobile_robotter/ros2_ws/src/dtmf_to_cmd_vel/include/audio.h:[m[K At global scope:
[01m[K/home/aksel/Documents/GitHub/Mobile_robotter/ros2_ws/src/dtmf_to_cmd_vel/include/audio.h:36:28:[m[K [01;35m[Kwarning: [m[Kâ€˜[01m[KspectroData[m[Kâ€™ defined but not used [[01;35m[K]8;;https://gcc.gnu.org/onlinedocs/gcc/Warning-Options.html#index-Wunused-variable-Wunused-variable]8;;[m[K]
   36 | static streamCallbackData* [01;35m[KspectroData[m[K;
      |                            [01;35m[K^~~~~~~~~~~[m[K
gmake[2]: *** [CMakeFiles/dtmf_to_cmd_vel.dir/build.make:104: CMakeFiles/dtmf_to_cmd_vel.dir/src/dtmf_to_cmd_vel_node.cpp.o] Error 1
gmake[1]: *** [CMakeFiles/Makefile2:137: CMakeFiles/dtmf_to_cmd_vel.dir/all] Error 2
gmake: *** [Makefile:146: all] Error 2
