[0.008s] Invoking command in '/home/aksel/Documents/GitHub/Mobile_robotter/ros2_ws/build/dtmf_to_cmd_vel': CMAKE_PREFIX_PATH=/opt/ros/humble /usr/bin/cmake --build /home/aksel/Documents/GitHub/Mobile_robotter/ros2_ws/build/dtmf_to_cmd_vel -- -j16 -l16
[0.043s] [35m[1mConsolidate compiler generated dependencies of target dtmf_to_cmd_vel[0m
[0.060s] [ 75%] [32mBuilding CXX object CMakeFiles/dtmf_to_cmd_vel.dir/src/main.cpp.o[0m
[0.060s] [ 75%] [32mBuilding CXX object CMakeFiles/dtmf_to_cmd_vel.dir/src/dtmf_to_cmd_vel_node.cpp.o[0m
[0.060s] [ 75%] [32mBuilding CXX object CMakeFiles/dtmf_to_cmd_vel.dir/src/audio.cpp.o[0m
[0.262s] [01m[K/home/aksel/Documents/GitHub/Mobile_robotter/ros2_ws/src/dtmf_to_cmd_vel/src/dtmf_to_cmd_vel_node.cpp:6:83:[m[K [01;35m[Kwarning: [m[Kmissing terminating ' character
[0.262s]     6 |     _publisher = this->create_publisher<geometry_msgs::msg::Twist>("cmd_vel", 10);[01;35m[K'[m[K
[0.262s]       |                                                                                   [01;35m[K^[m[K
[0.262s] [01m[K/home/aksel/Documents/GitHub/Mobile_robotter/ros2_ws/src/dtmf_to_cmd_vel/src/dtmf_to_cmd_vel_node.cpp:6:83:[m[K [01;31m[Kerror: [m[Kmissing terminating ' character
[1.962s] In file included from [01m[K/home/aksel/Documents/GitHub/Mobile_robotter/ros2_ws/src/dtmf_to_cmd_vel/src/main.cpp:2[m[K:
[1.962s] [01m[K/home/aksel/Documents/GitHub/Mobile_robotter/ros2_ws/src/dtmf_to_cmd_vel/include/audio.h:48:30:[m[K [01;31m[Kerror: [m[Kâ€˜[01m[KDtmfToCmdVelNode* Audio::dtmfNode[m[Kâ€™ conflicts with a previous declaration
[1.962s]    48 |     static DtmfToCmdVelNode* [01;31m[KdtmfNode[m[K;
[1.962s]       |                              [01;31m[K^~~~~~~~[m[K
[1.962s] [01m[K/home/aksel/Documents/GitHub/Mobile_robotter/ros2_ws/src/dtmf_to_cmd_vel/include/audio.h:43:27:[m[K [01;36m[Knote: [m[Kprevious declaration â€˜[01m[KDtmfToCmdVelNode* Audio::dtmfNode[m[Kâ€™
[1.962s]    43 |         DtmfToCmdVelNode* [01;36m[KdtmfNode[m[K;
[1.962s]       |                           [01;36m[K^~~~~~~~[m[K
[1.962s] In file included from [01m[K/home/aksel/Documents/GitHub/Mobile_robotter/ros2_ws/src/dtmf_to_cmd_vel/src/main.cpp:2[m[K:
[1.962s] [01m[K/home/aksel/Documents/GitHub/Mobile_robotter/ros2_ws/src/dtmf_to_cmd_vel/include/audio.h:[m[K In static member function â€˜[01m[Kstatic void Audio::setDtmfNode(DtmfToCmdVelNode*)[m[Kâ€™:
[1.962s] [01m[K/home/aksel/Documents/GitHub/Mobile_robotter/ros2_ws/src/dtmf_to_cmd_vel/include/audio.h:165:9:[m[K [01;31m[Kerror: [m[Kinvalid use of member â€˜[01m[KAudio::dtmfNode[m[Kâ€™ in static member function
[1.962s]   165 |         [01;31m[KdtmfNode[m[K = node;
[1.962s]       |         [01;31m[K^~~~~~~~[m[K
[1.962s] In file included from [01m[K/home/aksel/Documents/GitHub/Mobile_robotter/ros2_ws/src/dtmf_to_cmd_vel/src/main.cpp:2[m[K:
[1.962s] [01m[K/home/aksel/Documents/GitHub/Mobile_robotter/ros2_ws/src/dtmf_to_cmd_vel/include/audio.h:43:27:[m[K [01;36m[Knote: [m[Kdeclared here
[1.962s]    43 |         DtmfToCmdVelNode* [01;36m[KdtmfNode[m[K;
[1.963s]       |                           [01;36m[K^~~~~~~~[m[K
[1.972s] In file included from [01m[K/home/aksel/Documents/GitHub/Mobile_robotter/ros2_ws/src/dtmf_to_cmd_vel/src/dtmf_to_cmd_vel_node.cpp:2[m[K:
[1.972s] [01m[K/home/aksel/Documents/GitHub/Mobile_robotter/ros2_ws/src/dtmf_to_cmd_vel/include/audio.h:48:30:[m[K [01;31m[Kerror: [m[Kâ€˜[01m[KDtmfToCmdVelNode* Audio::dtmfNode[m[Kâ€™ conflicts with a previous declaration
[1.972s]    48 |     static DtmfToCmdVelNode* [01;31m[KdtmfNode[m[K;
[1.972s]       |                              [01;31m[K^~~~~~~~[m[K
[1.972s] [01m[K/home/aksel/Documents/GitHub/Mobile_robotter/ros2_ws/src/dtmf_to_cmd_vel/include/audio.h:43:27:[m[K [01;36m[Knote: [m[Kprevious declaration â€˜[01m[KDtmfToCmdVelNode* Audio::dtmfNode[m[Kâ€™
[1.972s]    43 |         DtmfToCmdVelNode* [01;36m[KdtmfNode[m[K;
[1.972s]       |                           [01;36m[K^~~~~~~~[m[K
[1.972s] In file included from [01m[K/home/aksel/Documents/GitHub/Mobile_robotter/ros2_ws/src/dtmf_to_cmd_vel/src/dtmf_to_cmd_vel_node.cpp:2[m[K:
[1.973s] [01m[K/home/aksel/Documents/GitHub/Mobile_robotter/ros2_ws/src/dtmf_to_cmd_vel/include/audio.h:[m[K In static member function â€˜[01m[Kstatic void Audio::setDtmfNode(DtmfToCmdVelNode*)[m[Kâ€™:
[1.973s] [01m[K/home/aksel/Documents/GitHub/Mobile_robotter/ros2_ws/src/dtmf_to_cmd_vel/include/audio.h:165:9:[m[K [01;31m[Kerror: [m[Kinvalid use of member â€˜[01m[KAudio::dtmfNode[m[Kâ€™ in static member function
[1.973s]   165 |         [01;31m[KdtmfNode[m[K = node;
[1.973s]       |         [01;31m[K^~~~~~~~[m[K
[1.973s] In file included from [01m[K/home/aksel/Documents/GitHub/Mobile_robotter/ros2_ws/src/dtmf_to_cmd_vel/src/dtmf_to_cmd_vel_node.cpp:2[m[K:
[1.973s] [01m[K/home/aksel/Documents/GitHub/Mobile_robotter/ros2_ws/src/dtmf_to_cmd_vel/include/audio.h:43:27:[m[K [01;36m[Knote: [m[Kdeclared here
[1.973s]    43 |         DtmfToCmdVelNode* [01;36m[KdtmfNode[m[K;
[1.973s]       |                           [01;36m[K^~~~~~~~[m[K
[2.001s] In file included from [01m[K/home/aksel/Documents/GitHub/Mobile_robotter/ros2_ws/src/dtmf_to_cmd_vel/src/audio.cpp:1[m[K:
[2.001s] [01m[K/home/aksel/Documents/GitHub/Mobile_robotter/ros2_ws/src/dtmf_to_cmd_vel/include/audio.h:48:30:[m[K [01;31m[Kerror: [m[Kâ€˜[01m[KDtmfToCmdVelNode* Audio::dtmfNode[m[Kâ€™ conflicts with a previous declaration
[2.001s]    48 |     static DtmfToCmdVelNode* [01;31m[KdtmfNode[m[K;
[2.001s]       |                              [01;31m[K^~~~~~~~[m[K
[2.001s] [01m[K/home/aksel/Documents/GitHub/Mobile_robotter/ros2_ws/src/dtmf_to_cmd_vel/include/audio.h:43:27:[m[K [01;36m[Knote: [m[Kprevious declaration â€˜[01m[KDtmfToCmdVelNode* Audio::dtmfNode[m[Kâ€™
[2.001s]    43 |         DtmfToCmdVelNode* [01;36m[KdtmfNode[m[K;
[2.001s]       |                           [01;36m[K^~~~~~~~[m[K
[2.001s] In file included from [01m[K/home/aksel/Documents/GitHub/Mobile_robotter/ros2_ws/src/dtmf_to_cmd_vel/src/audio.cpp:1[m[K:
[2.001s] [01m[K/home/aksel/Documents/GitHub/Mobile_robotter/ros2_ws/src/dtmf_to_cmd_vel/include/audio.h:[m[K In static member function â€˜[01m[Kstatic void Audio::setDtmfNode(DtmfToCmdVelNode*)[m[Kâ€™:
[2.001s] [01m[K/home/aksel/Documents/GitHub/Mobile_robotter/ros2_ws/src/dtmf_to_cmd_vel/include/audio.h:165:9:[m[K [01;31m[Kerror: [m[Kinvalid use of member â€˜[01m[KAudio::dtmfNode[m[Kâ€™ in static member function
[2.001s]   165 |         [01;31m[KdtmfNode[m[K = node;
[2.001s]       |         [01;31m[K^~~~~~~~[m[K
[2.001s] In file included from [01m[K/home/aksel/Documents/GitHub/Mobile_robotter/ros2_ws/src/dtmf_to_cmd_vel/src/audio.cpp:1[m[K:
[2.001s] [01m[K/home/aksel/Documents/GitHub/Mobile_robotter/ros2_ws/src/dtmf_to_cmd_vel/include/audio.h:43:27:[m[K [01;36m[Knote: [m[Kdeclared here
[2.002s]    43 |         DtmfToCmdVelNode* [01;36m[KdtmfNode[m[K;
[2.002s]       |                           [01;36m[K^~~~~~~~[m[K
[2.002s] [01m[K/home/aksel/Documents/GitHub/Mobile_robotter/ros2_ws/src/dtmf_to_cmd_vel/src/audio.cpp:[m[K At global scope:
[2.002s] [01m[K/home/aksel/Documents/GitHub/Mobile_robotter/ros2_ws/src/dtmf_to_cmd_vel/src/audio.cpp:14:19:[m[K [01;31m[Kerror: [m[Kâ€˜[01m[KDtmfToCmdVelNode* Audio::dtmfNode[m[Kâ€™ is not a static data member of â€˜[01m[Kclass Audio[m[Kâ€™
[2.002s]    14 | DtmfToCmdVelNode* [01;31m[KAudio[m[K::dtmfNode = nullptr;
[2.002s]       |                   [01;31m[K^~~~~[m[K
[2.003s] [01m[K/home/aksel/Documents/GitHub/Mobile_robotter/ros2_ws/src/dtmf_to_cmd_vel/src/audio.cpp:[m[K In static member function â€˜[01m[Kstatic void Audio::reactOnSignal()[m[Kâ€™:
[2.004s] [01m[K/home/aksel/Documents/GitHub/Mobile_robotter/ros2_ws/src/dtmf_to_cmd_vel/src/audio.cpp:409:9:[m[K [01;31m[Kerror: [m[Kinvalid use of member â€˜[01m[KAudio::dtmfNode[m[Kâ€™ in static member function
[2.004s]   409 |     if ([01;31m[KdtmfNode[m[K) {
[2.004s]       |         [01;31m[K^~~~~~~~[m[K
[2.004s] In file included from [01m[K/home/aksel/Documents/GitHub/Mobile_robotter/ros2_ws/src/dtmf_to_cmd_vel/src/audio.cpp:1[m[K:
[2.004s] [01m[K/home/aksel/Documents/GitHub/Mobile_robotter/ros2_ws/src/dtmf_to_cmd_vel/include/audio.h:43:27:[m[K [01;36m[Knote: [m[Kdeclared here
[2.004s]    43 |         DtmfToCmdVelNode* [01;36m[KdtmfNode[m[K;
[2.004s]       |                           [01;36m[K^~~~~~~~[m[K
[2.004s] [01m[K/home/aksel/Documents/GitHub/Mobile_robotter/ros2_ws/src/dtmf_to_cmd_vel/src/audio.cpp:410:9:[m[K [01;31m[Kerror: [m[Kinvalid use of member â€˜[01m[KAudio::dtmfNode[m[Kâ€™ in static member function
[2.004s]   410 |         [01;31m[KdtmfNode[m[K->publishTwistMessage(drivingSpeed, direction);
[2.004s]       |         [01;31m[K^~~~~~~~[m[K
[2.004s] In file included from [01m[K/home/aksel/Documents/GitHub/Mobile_robotter/ros2_ws/src/dtmf_to_cmd_vel/src/audio.cpp:1[m[K:
[2.004s] [01m[K/home/aksel/Documents/GitHub/Mobile_robotter/ros2_ws/src/dtmf_to_cmd_vel/include/audio.h:43:27:[m[K [01;36m[Knote: [m[Kdeclared here
[2.004s]    43 |         DtmfToCmdVelNode* [01;36m[KdtmfNode[m[K;
[2.004s]       |                           [01;36m[K^~~~~~~~[m[K
[2.324s] [01m[K/home/aksel/Documents/GitHub/Mobile_robotter/ros2_ws/src/dtmf_to_cmd_vel/include/audio.h:[m[K At global scope:
[2.324s] [01m[K/home/aksel/Documents/GitHub/Mobile_robotter/ros2_ws/src/dtmf_to_cmd_vel/include/audio.h:36:28:[m[K [01;35m[Kwarning: [m[Kâ€˜[01m[KspectroData[m[Kâ€™ defined but not used [[01;35m[K]8;;https://gcc.gnu.org/onlinedocs/gcc/Warning-Options.html#index-Wunused-variable-Wunused-variable]8;;[m[K]
[2.324s]    36 | static streamCallbackData* [01;35m[KspectroData[m[K;
[2.324s]       |                            [01;35m[K^~~~~~~~~~~[m[K
[2.357s] gmake[2]: *** [CMakeFiles/dtmf_to_cmd_vel.dir/build.make:76: CMakeFiles/dtmf_to_cmd_vel.dir/src/main.cpp.o] Error 1
[2.357s] gmake[2]: *** Waiting for unfinished jobs....
[2.380s] gmake[2]: *** [CMakeFiles/dtmf_to_cmd_vel.dir/build.make:90: CMakeFiles/dtmf_to_cmd_vel.dir/src/audio.cpp.o] Error 1
[2.558s] [01m[K/home/aksel/Documents/GitHub/Mobile_robotter/ros2_ws/src/dtmf_to_cmd_vel/include/audio.h:[m[K At global scope:
[2.558s] [01m[K/home/aksel/Documents/GitHub/Mobile_robotter/ros2_ws/src/dtmf_to_cmd_vel/include/audio.h:36:28:[m[K [01;35m[Kwarning: [m[Kâ€˜[01m[KspectroData[m[Kâ€™ defined but not used [[01;35m[K]8;;https://gcc.gnu.org/onlinedocs/gcc/Warning-Options.html#index-Wunused-variable-Wunused-variable]8;;[m[K]
[2.558s]    36 | static streamCallbackData* [01;35m[KspectroData[m[K;
[2.558s]       |                            [01;35m[K^~~~~~~~~~~[m[K
[2.590s] gmake[2]: *** [CMakeFiles/dtmf_to_cmd_vel.dir/build.make:104: CMakeFiles/dtmf_to_cmd_vel.dir/src/dtmf_to_cmd_vel_node.cpp.o] Error 1
[2.591s] gmake[1]: *** [CMakeFiles/Makefile2:137: CMakeFiles/dtmf_to_cmd_vel.dir/all] Error 2
[2.591s] gmake: *** [Makefile:146: all] Error 2
[2.593s] Invoked command in '/home/aksel/Documents/GitHub/Mobile_robotter/ros2_ws/build/dtmf_to_cmd_vel' returned '2': CMAKE_PREFIX_PATH=/opt/ros/humble /usr/bin/cmake --build /home/aksel/Documents/GitHub/Mobile_robotter/ros2_ws/build/dtmf_to_cmd_vel -- -j16 -l16
