[35m[1mConsolidate compiler generated dependencies of target dtmf_to_cmd_vel[0m
[ 75%] [32mBuilding CXX object CMakeFiles/dtmf_to_cmd_vel.dir/src/main.cpp.o[0m
[ 75%] [32mBuilding CXX object CMakeFiles/dtmf_to_cmd_vel.dir/src/audio.cpp.o[0m
[ 75%] [32mBuilding CXX object CMakeFiles/dtmf_to_cmd_vel.dir/src/dtmf_to_cmd_vel_node.cpp.o[0m
[01m[K/home/aksel/Documents/GitHub/Mobile_robotter/ros2_ws/src/dtmf_to_cmd_vel/src/audio.cpp:14:1:[m[K [01;31m[Kerror: [m[Kâ€˜[01m[Kpublisher[m[Kâ€™ does not name a type
   14 | [01;31m[Kpublisher[m[K = this->create_publisher<geometry_msgs::msg::Twist>("cmd_vel", 10);
      | [01;31m[K^~~~~~~~~[m[K
[01m[K/home/aksel/Documents/GitHub/Mobile_robotter/ros2_ws/src/dtmf_to_cmd_vel/src/audio.cpp:[m[K In static member function â€˜[01m[Kstatic void Audio::reactOnSignal()[m[Kâ€™:
[01m[K/home/aksel/Documents/GitHub/Mobile_robotter/ros2_ws/src/dtmf_to_cmd_vel/src/audio.cpp:409:44:[m[K [01;31m[Kerror: [m[Kâ€˜[01m[Kspeed[m[Kâ€™ was not declared in this scope
  409 |     twistMsg.linear.x = static_cast<float>([01;31m[Kspeed[m[K) / 255.0 * 2.0 - 1.0;
      |                                            [01;31m[K^~~~~[m[K
In file included from [01m[K/home/aksel/Documents/GitHub/Mobile_robotter/ros2_ws/src/dtmf_to_cmd_vel/src/main.cpp:2[m[K:
[01m[K/home/aksel/Documents/GitHub/Mobile_robotter/ros2_ws/src/dtmf_to_cmd_vel/include/audio.h:37:28:[m[K [01;35m[Kwarning: [m[Kâ€˜[01m[KspectroData[m[Kâ€™ defined but not used [[01;35m[K]8;;https://gcc.gnu.org/onlinedocs/gcc/Warning-Options.html#index-Wunused-variable-Wunused-variable]8;;[m[K]
   37 | static streamCallbackData* [01;35m[KspectroData[m[K;
      |                            [01;35m[K^~~~~~~~~~~[m[K
In file included from [01m[K/home/aksel/Documents/GitHub/Mobile_robotter/ros2_ws/src/dtmf_to_cmd_vel/src/dtmf_to_cmd_vel_node.cpp:2[m[K:
[01m[K/home/aksel/Documents/GitHub/Mobile_robotter/ros2_ws/src/dtmf_to_cmd_vel/include/audio.h:37:28:[m[K [01;35m[Kwarning: [m[Kâ€˜[01m[KspectroData[m[Kâ€™ defined but not used [[01;35m[K]8;;https://gcc.gnu.org/onlinedocs/gcc/Warning-Options.html#index-Wunused-variable-Wunused-variable]8;;[m[K]
   37 | static streamCallbackData* [01;35m[KspectroData[m[K;
      |                            [01;35m[K^~~~~~~~~~~[m[K
gmake[2]: *** [CMakeFiles/dtmf_to_cmd_vel.dir/build.make:90: CMakeFiles/dtmf_to_cmd_vel.dir/src/audio.cpp.o] Error 1
gmake[2]: *** Waiting for unfinished jobs....
gmake[1]: *** [CMakeFiles/Makefile2:137: CMakeFiles/dtmf_to_cmd_vel.dir/all] Error 2
gmake: *** [Makefile:146: all] Error 2
