In file included from [01m[K/home/aksel/Documents/GitHub/Mobile_robotter/ros2_ws/src/lidar_data/src/main.cpp:5[m[K:
[01m[K/home/aksel/Documents/GitHub/Mobile_robotter/ros2_ws/src/lidar_data/include/lidarnode.h:9:17:[m[K [01;31m[Kerror: [m[Kâ€˜[01m[Kmatplotlibcpp[m[Kâ€™ is not a namespace-name
    9 | namespace plt = [01;31m[Kmatplotlibcpp[m[K;
      |                 [01;31m[K^~~~~~~~~~~~~[m[K
In file included from [01m[K/home/aksel/Documents/GitHub/Mobile_robotter/ros2_ws/src/lidar_data/src/lidarnode.cpp:1[m[K:
[01m[K/home/aksel/Documents/GitHub/Mobile_robotter/ros2_ws/src/lidar_data/include/lidarnode.h:9:17:[m[K [01;31m[Kerror: [m[Kâ€˜[01m[Kmatplotlibcpp[m[Kâ€™ is not a namespace-name
    9 | namespace plt = [01;31m[Kmatplotlibcpp[m[K;
      |                 [01;31m[K^~~~~~~~~~~~~[m[K
[01m[K/home/aksel/Documents/GitHub/Mobile_robotter/ros2_ws/src/lidar_data/include/lidarnode.h:16:5:[m[K [01;31m[Kerror: [m[Kâ€˜[01m[KQSqlDatabase[m[Kâ€™ does not name a type
   16 |     [01;31m[KQSqlDatabase[m[K db;
      |     [01;31m[K^~~~~~~~~~~~[m[K
[01m[K/home/aksel/Documents/GitHub/Mobile_robotter/ros2_ws/src/lidar_data/include/lidarnode.h:16:5:[m[K [01;31m[Kerror: [m[Kâ€˜[01m[KQSqlDatabase[m[Kâ€™ does not name a type
   16 |     [01;31m[KQSqlDatabase[m[K db;
      |     [01;31m[K^~~~~~~~~~~~[m[K
[01m[K/home/aksel/Documents/GitHub/Mobile_robotter/ros2_ws/src/lidar_data/src/lidarnode.cpp:[m[K In constructor â€˜[01m[KMappingNode::MappingNode()[m[Kâ€™:
[01m[K/home/aksel/Documents/GitHub/Mobile_robotter/ros2_ws/src/lidar_data/src/lidarnode.cpp:5:5:[m[K [01;31m[Kerror: [m[Kâ€˜[01m[Kdb[m[Kâ€™ was not declared in this scope
    5 |     [01;31m[Kdb[m[K = QSqlDatabase::addDatabase("QMYSQL");
      |     [01;31m[K^~[m[K
[01m[K/home/aksel/Documents/GitHub/Mobile_robotter/ros2_ws/src/lidar_data/src/lidarnode.cpp:5:10:[m[K [01;31m[Kerror: [m[Kâ€˜[01m[KQSqlDatabase[m[Kâ€™ has not been declared
    5 |     db = [01;31m[KQSqlDatabase[m[K::addDatabase("QMYSQL");
      |          [01;31m[K^~~~~~~~~~~~[m[K
[01m[K/home/aksel/Documents/GitHub/Mobile_robotter/ros2_ws/src/lidar_data/src/lidarnode.cpp:[m[K In destructor â€˜[01m[Kvirtual MappingNode::~MappingNode()[m[Kâ€™:
[01m[K/home/aksel/Documents/GitHub/Mobile_robotter/ros2_ws/src/lidar_data/src/lidarnode.cpp:24:5:[m[K [01;31m[Kerror: [m[Kâ€˜[01m[Kdb[m[Kâ€™ was not declared in this scope
   24 |     [01;31m[Kdb[m[K.close();
      |     [01;31m[K^~[m[K
[01m[K/home/aksel/Documents/GitHub/Mobile_robotter/ros2_ws/src/lidar_data/src/lidarnode.cpp:[m[K In member function â€˜[01m[Kvoid MappingNode::scanCallback(sensor_msgs::msg::LaserScan_<std::allocator<void> >::SharedPtr)[m[Kâ€™:
[01m[K/home/aksel/Documents/GitHub/Mobile_robotter/ros2_ws/src/lidar_data/src/lidarnode.cpp:29:5:[m[K [01;31m[Kerror: [m[Kâ€˜[01m[KQSqlQuery[m[Kâ€™ was not declared in this scope
   29 |     [01;31m[KQSqlQuery[m[K query;
      |     [01;31m[K^~~~~~~~~[m[K
[01m[K/home/aksel/Documents/GitHub/Mobile_robotter/ros2_ws/src/lidar_data/src/lidarnode.cpp:31:9:[m[K [01;31m[Kerror: [m[Kâ€˜[01m[Kquery[m[Kâ€™ was not declared in this scope
   31 |     if ([01;31m[Kquery[m[K.exec("SELECT status FROM lidar_data WHERE id = 1") && query.next()) {
      |         [01;31m[K^~~~~[m[K
gmake[2]: *** [CMakeFiles/lidar_data.dir/build.make:76: CMakeFiles/lidar_data.dir/src/main.cpp.o] Error 1
gmake[2]: *** Waiting for unfinished jobs....
gmake[2]: *** [CMakeFiles/lidar_data.dir/build.make:90: CMakeFiles/lidar_data.dir/src/lidarnode.cpp.o] Error 1
gmake[1]: *** [CMakeFiles/Makefile2:137: CMakeFiles/lidar_data.dir/all] Error 2
gmake: *** [Makefile:146: all] Error 2
