[0.013s] Invoking command in '/home/aksel/Documents/GitHub/Mobile_robotter/ros2_ws/build/lidar_data': CMAKE_PREFIX_PATH=${CMAKE_PREFIX_PATH}:/home/aksel/turtlebot3_ws/install/turtlebot3_teleop:/home/aksel/turtlebot3_ws/install/turtlebot3_example:/opt/ros/humble /usr/bin/cmake --build /home/aksel/Documents/GitHub/Mobile_robotter/ros2_ws/build/lidar_data -- -j16 -l16
[0.049s] [35m[1mConsolidate compiler generated dependencies of target lidar_data[0m
[0.065s] [ 33%] [32mBuilding CXX object CMakeFiles/lidar_data.dir/src/main.cpp.o[0m
[0.065s] [ 66%] [32mBuilding CXX object CMakeFiles/lidar_data.dir/src/lidarnode.cpp.o[0m
[2.001s] In file included from [01m[K/home/aksel/Documents/GitHub/Mobile_robotter/ros2_ws/src/lidar_data/src/main.cpp:5[m[K:
[2.001s] [01m[K/home/aksel/Documents/GitHub/Mobile_robotter/ros2_ws/src/lidar_data/include/lidarnode.h:9:17:[m[K [01;31m[Kerror: [m[Kâ€˜[01m[Kmatplotlibcpp[m[Kâ€™ is not a namespace-name
[2.001s]     9 | namespace plt = [01;31m[Kmatplotlibcpp[m[K;
[2.001s]       |                 [01;31m[K^~~~~~~~~~~~~[m[K
[2.025s] In file included from [01m[K/home/aksel/Documents/GitHub/Mobile_robotter/ros2_ws/src/lidar_data/src/lidarnode.cpp:1[m[K:
[2.025s] [01m[K/home/aksel/Documents/GitHub/Mobile_robotter/ros2_ws/src/lidar_data/include/lidarnode.h:9:17:[m[K [01;31m[Kerror: [m[Kâ€˜[01m[Kmatplotlibcpp[m[Kâ€™ is not a namespace-name
[2.025s]     9 | namespace plt = [01;31m[Kmatplotlibcpp[m[K;
[2.026s]       |                 [01;31m[K^~~~~~~~~~~~~[m[K
[2.033s] [01m[K/home/aksel/Documents/GitHub/Mobile_robotter/ros2_ws/src/lidar_data/include/lidarnode.h:16:5:[m[K [01;31m[Kerror: [m[Kâ€˜[01m[KQSqlDatabase[m[Kâ€™ does not name a type
[2.033s]    16 |     [01;31m[KQSqlDatabase[m[K db;
[2.033s]       |     [01;31m[K^~~~~~~~~~~~[m[K
[2.057s] [01m[K/home/aksel/Documents/GitHub/Mobile_robotter/ros2_ws/src/lidar_data/include/lidarnode.h:16:5:[m[K [01;31m[Kerror: [m[Kâ€˜[01m[KQSqlDatabase[m[Kâ€™ does not name a type
[2.057s]    16 |     [01;31m[KQSqlDatabase[m[K db;
[2.057s]       |     [01;31m[K^~~~~~~~~~~~[m[K
[2.062s] [01m[K/home/aksel/Documents/GitHub/Mobile_robotter/ros2_ws/src/lidar_data/src/lidarnode.cpp:[m[K In constructor â€˜[01m[KMappingNode::MappingNode()[m[Kâ€™:
[2.062s] [01m[K/home/aksel/Documents/GitHub/Mobile_robotter/ros2_ws/src/lidar_data/src/lidarnode.cpp:5:5:[m[K [01;31m[Kerror: [m[Kâ€˜[01m[Kdb[m[Kâ€™ was not declared in this scope
[2.062s]     5 |     [01;31m[Kdb[m[K = QSqlDatabase::addDatabase("QMYSQL");
[2.062s]       |     [01;31m[K^~[m[K
[2.062s] [01m[K/home/aksel/Documents/GitHub/Mobile_robotter/ros2_ws/src/lidar_data/src/lidarnode.cpp:5:10:[m[K [01;31m[Kerror: [m[Kâ€˜[01m[KQSqlDatabase[m[Kâ€™ has not been declared
[2.062s]     5 |     db = [01;31m[KQSqlDatabase[m[K::addDatabase("QMYSQL");
[2.062s]       |          [01;31m[K^~~~~~~~~~~~[m[K
[2.072s] [01m[K/home/aksel/Documents/GitHub/Mobile_robotter/ros2_ws/src/lidar_data/src/lidarnode.cpp:[m[K In destructor â€˜[01m[Kvirtual MappingNode::~MappingNode()[m[Kâ€™:
[2.072s] [01m[K/home/aksel/Documents/GitHub/Mobile_robotter/ros2_ws/src/lidar_data/src/lidarnode.cpp:24:5:[m[K [01;31m[Kerror: [m[Kâ€˜[01m[Kdb[m[Kâ€™ was not declared in this scope
[2.072s]    24 |     [01;31m[Kdb[m[K.close();
[2.072s]       |     [01;31m[K^~[m[K
[2.079s] [01m[K/home/aksel/Documents/GitHub/Mobile_robotter/ros2_ws/src/lidar_data/src/lidarnode.cpp:[m[K In member function â€˜[01m[Kvoid MappingNode::scanCallback(sensor_msgs::msg::LaserScan_<std::allocator<void> >::SharedPtr)[m[Kâ€™:
[2.079s] [01m[K/home/aksel/Documents/GitHub/Mobile_robotter/ros2_ws/src/lidar_data/src/lidarnode.cpp:29:5:[m[K [01;31m[Kerror: [m[Kâ€˜[01m[KQSqlQuery[m[Kâ€™ was not declared in this scope
[2.079s]    29 |     [01;31m[KQSqlQuery[m[K query;
[2.079s]       |     [01;31m[K^~~~~~~~~[m[K
[2.082s] [01m[K/home/aksel/Documents/GitHub/Mobile_robotter/ros2_ws/src/lidar_data/src/lidarnode.cpp:31:9:[m[K [01;31m[Kerror: [m[Kâ€˜[01m[Kquery[m[Kâ€™ was not declared in this scope
[2.082s]    31 |     if ([01;31m[Kquery[m[K.exec("SELECT status FROM lidar_data WHERE id = 1") && query.next()) {
[2.082s]       |         [01;31m[K^~~~~[m[K
[2.399s] gmake[2]: *** [CMakeFiles/lidar_data.dir/build.make:76: CMakeFiles/lidar_data.dir/src/main.cpp.o] Error 1
[2.400s] gmake[2]: *** Waiting for unfinished jobs....
[4.030s] gmake[2]: *** [CMakeFiles/lidar_data.dir/build.make:90: CMakeFiles/lidar_data.dir/src/lidarnode.cpp.o] Error 1
[4.030s] gmake[1]: *** [CMakeFiles/Makefile2:137: CMakeFiles/lidar_data.dir/all] Error 2
[4.030s] gmake: *** [Makefile:146: all] Error 2
[4.033s] Invoked command in '/home/aksel/Documents/GitHub/Mobile_robotter/ros2_ws/build/lidar_data' returned '2': CMAKE_PREFIX_PATH=${CMAKE_PREFIX_PATH}:/home/aksel/turtlebot3_ws/install/turtlebot3_teleop:/home/aksel/turtlebot3_ws/install/turtlebot3_example:/opt/ros/humble /usr/bin/cmake --build /home/aksel/Documents/GitHub/Mobile_robotter/ros2_ws/build/lidar_data -- -j16 -l16
