[35m[1mConsolidate compiler generated dependencies of target lidar_gui[0m
[ 60%] [32mBuilding CXX object CMakeFiles/lidar_gui.dir/src/lidarnode.cpp.o[0m
[ 60%] [32mBuilding CXX object CMakeFiles/lidar_gui.dir/src/GUIWindow.cpp.o[0m
[ 60%] [32mBuilding CXX object CMakeFiles/lidar_gui.dir/src/main.cpp.o[0m
[01m[K/home/aksel/Documents/GitHub/Mobile_robotter/ros2_ws/src/lidar_gui/src/GUIWindow.cpp:[m[K In member function â€˜[01m[Kvoid GUI::update(float, float, float, float, float)[m[Kâ€™:
[01m[K/home/aksel/Documents/GitHub/Mobile_robotter/ros2_ws/src/lidar_gui/src/GUIWindow.cpp:195:40:[m[K [01;31m[Kerror: [m[Kâ€˜[01m[Kgc[m[Kâ€™ was not declared in this scope; did you mean â€˜[01m[KGC[m[Kâ€™?
  195 |     XCopyArea(display, pixmap, window, [01;31m[Kgc[m[K, 0, 0,
      |                                        [01;31m[K^~[m[K
      |                                        [32m[KGC[m[K
[01m[K/home/aksel/Documents/GitHub/Mobile_robotter/ros2_ws/src/lidar_gui/src/GUIWindow.cpp:202:13:[m[K [01;31m[Kerror: [m[Kinvalid use of member function â€˜[01m[Kvoid GUI::update(float, float, float, float, float)[m[Kâ€™ (did you forget the â€˜[01m[K()[m[Kâ€™ ?)
  202 |             [01;31m[Kupdate[m[K = true;
      |             [01;31m[K^~~~~~[m[K
gmake[2]: *** [CMakeFiles/lidar_gui.dir/build.make:118: CMakeFiles/lidar_gui.dir/src/GUIWindow.cpp.o] Error 1
gmake[2]: *** Waiting for unfinished jobs....
[01m[K/home/aksel/Documents/GitHub/Mobile_robotter/ros2_ws/src/lidar_gui/src/lidarnode.cpp:[m[K In member function â€˜[01m[Kvoid MappingNode::scanCallback(sensor_msgs::msg::LaserScan_<std::allocator<void> >::SharedPtr)[m[Kâ€™:
[01m[K/home/aksel/Documents/GitHub/Mobile_robotter/ros2_ws/src/lidar_gui/src/lidarnode.cpp:28:11:[m[K [01;35m[Kwarning: [m[Kvariable â€˜[01m[Kprevious_distance[m[Kâ€™ set but not used [[01;35m[K]8;;https://gcc.gnu.org/onlinedocs/gcc/Warning-Options.html#index-Wunused-but-set-variable-Wunused-but-set-variable]8;;[m[K]
   28 |     float [01;35m[Kprevious_distance[m[K = msg->ranges[0];
      |           [01;35m[K^~~~~~~~~~~~~~~~~[m[K
gmake[1]: *** [CMakeFiles/Makefile2:137: CMakeFiles/lidar_gui.dir/all] Error 2
gmake: *** [Makefile:146: all] Error 2
