[0.017s] Invoking command in '/home/aksel/Documents/GitHub/Mobile_robotter/ros2_ws/build/lidar_reading': CMAKE_PREFIX_PATH=${CMAKE_PREFIX_PATH}:/home/aksel/turtlebot3_ws/install/turtlebot3_teleop:/home/aksel/turtlebot3_ws/install/turtlebot3_example:/opt/ros/humble /usr/bin/cmake --build /home/aksel/Documents/GitHub/Mobile_robotter/ros2_ws/build/lidar_reading -- -j16 -l16
[0.064s] [35m[1mConsolidate compiler generated dependencies of target lidar_reading[0m
[0.088s] [ 14%] [32mBuilding CXX object CMakeFiles/lidar_reading.dir/src/main.cpp.o[0m
[0.088s] [ 28%] [32mBuilding CXX object CMakeFiles/lidar_reading.dir/src/functions.cpp.o[0m
[0.088s] [ 42%] [32mBuilding CXX object CMakeFiles/lidar_reading.dir/src/lidarData.cpp.o[0m
[0.608s] [01m[K/home/aksel/Documents/GitHub/Mobile_robotter/ros2_ws/src/lidar_reading/src/main.cpp:5:10:[m[K [01;31m[Kfatal error: [m[Kconio.h: No such file or directory
[0.608s]     5 | #include [01;31m[K<conio.h>[m[K
[0.608s]       |          [01;31m[K^~~~~~~~~[m[K
[0.608s] compilation terminated.
[0.625s] gmake[2]: *** [CMakeFiles/lidar_reading.dir/build.make:76: CMakeFiles/lidar_reading.dir/src/main.cpp.o] Error 1
[0.625s] gmake[2]: *** Waiting for unfinished jobs....
[0.847s] [01m[K/home/aksel/Documents/GitHub/Mobile_robotter/ros2_ws/src/lidar_reading/src/functions.cpp:[m[K In function â€˜[01m[Kint getScrnWidth()[m[Kâ€™:
[0.847s] [01m[K/home/aksel/Documents/GitHub/Mobile_robotter/ros2_ws/src/lidar_reading/src/functions.cpp:4:18:[m[K [01;31m[Kerror: [m[Kâ€˜[01m[KqApp[m[Kâ€™ was not declared in this scope
[0.847s]     4 |     QSize size = [01;31m[KqApp[m[K->screens()[0]->size();
[0.847s]       |                  [01;31m[K^~~~[m[K
[0.849s] [01m[K/home/aksel/Documents/GitHub/Mobile_robotter/ros2_ws/src/lidar_reading/src/functions.cpp:[m[K In function â€˜[01m[Kint getScrnHeight()[m[Kâ€™:
[0.849s] [01m[K/home/aksel/Documents/GitHub/Mobile_robotter/ros2_ws/src/lidar_reading/src/functions.cpp:9:18:[m[K [01;31m[Kerror: [m[Kâ€˜[01m[KqApp[m[Kâ€™ was not declared in this scope
[0.849s]     9 |     QSize size = [01;31m[KqApp[m[K->screens()[0]->size();
[0.849s]       |                  [01;31m[K^~~~[m[K
[0.851s] [01m[K/home/aksel/Documents/GitHub/Mobile_robotter/ros2_ws/src/lidar_reading/src/functions.cpp:[m[K In function â€˜[01m[KQSize getScrnSize()[m[Kâ€™:
[0.851s] [01m[K/home/aksel/Documents/GitHub/Mobile_robotter/ros2_ws/src/lidar_reading/src/functions.cpp:14:18:[m[K [01;31m[Kerror: [m[Kâ€˜[01m[KqApp[m[Kâ€™ was not declared in this scope
[0.851s]    14 |     QSize size = [01;31m[KqApp[m[K->screens()[0]->size();
[0.851s]       |                  [01;31m[K^~~~[m[K
[0.945s] gmake[2]: *** [CMakeFiles/lidar_reading.dir/build.make:132: CMakeFiles/lidar_reading.dir/src/functions.cpp.o] Error 1
[2.419s] In file included from [01m[K/home/aksel/Documents/GitHub/Mobile_robotter/ros2_ws/src/lidar_reading/src/lidarData.cpp:1[m[K:
[2.419s] [01m[K/home/aksel/Documents/GitHub/Mobile_robotter/ros2_ws/src/lidar_reading/src/lidarData.h:11:28:[m[K [01;31m[Kerror: [m[Kâ€˜[01m[Krclcpp[m[Kâ€™ has not been declared
[2.419s]    11 | class MappingNode : public [01;31m[Krclcpp[m[K::Node {
[2.419s]       |                            [01;31m[K^~~~~~[m[K
[2.420s] [01m[K/home/aksel/Documents/GitHub/Mobile_robotter/ros2_ws/src/lidar_reading/src/lidarData.h:11:36:[m[K [01;31m[Kerror: [m[Kexpected â€˜[01m[K{[m[Kâ€™ before â€˜[01m[KNode[m[Kâ€™
[2.420s]    11 | class MappingNode : public rclcpp::[01;31m[KNode[m[K {
[2.420s]       |                                    [01;31m[K^~~~[m[K
[2.420s] [01m[K/home/aksel/Documents/GitHub/Mobile_robotter/ros2_ws/src/lidar_reading/src/lidarData.h:12:1:[m[K [01;31m[Kerror: [m[Kexpected primary-expression before â€˜[01m[Kprivate[m[Kâ€™
[2.420s]    12 | [01;31m[Kprivate[m[K:
[2.420s]       | [01;31m[K^~~~~~~[m[K
[2.420s] [01m[K/home/aksel/Documents/GitHub/Mobile_robotter/ros2_ws/src/lidar_reading/src/lidarData.h:12:1:[m[K [01;31m[Kerror: [m[Kexpected â€˜[01m[K}[m[Kâ€™ before â€˜[01m[Kprivate[m[Kâ€™
[2.420s] [01m[K/home/aksel/Documents/GitHub/Mobile_robotter/ros2_ws/src/lidar_reading/src/lidarData.h:11:41:[m[K [01;36m[Knote: [m[Kto match this â€˜[01m[K{[m[Kâ€™
[2.420s]    11 | class MappingNode : public rclcpp::Node [01;36m[K{[m[K
[2.420s]       |                                         [01;36m[K^[m[K
[2.420s] [01m[K/home/aksel/Documents/GitHub/Mobile_robotter/ros2_ws/src/lidar_reading/src/lidarData.h:17:1:[m[K [01;31m[Kerror: [m[Kexpected unqualified-id before â€˜[01m[Kpublic[m[Kâ€™
[2.420s]    17 | [01;31m[Kpublic[m[K:
[2.420s]       | [01;31m[K^~~~~~[m[K
[2.426s] [01m[K/home/aksel/Documents/GitHub/Mobile_robotter/ros2_ws/src/lidar_reading/src/lidarData.h:24:57:[m[K [01;31m[Kerror: [m[Kâ€˜[01m[Ksensor_msgs[m[Kâ€™ does not name a type
[2.426s]    24 |     std::vector<std::vector<double>> scanCallback(const [01;31m[Ksensor_msgs[m[K::msg::LaserScan::SharedPtr msg);
[2.426s]       |                                                         [01;31m[K^~~~~~~~~~~[m[K
[2.426s] [01m[K/home/aksel/Documents/GitHub/Mobile_robotter/ros2_ws/src/lidar_reading/src/lidarData.h:24:73:[m[K [01;31m[Kerror: [m[Kexpected unqualified-id before â€˜[01m[K::[m[Kâ€™ token
[2.426s]    24 |     std::vector<std::vector<double>> scanCallback(const sensor_msgs::msg[01;31m[K::[m[KLaserScan::SharedPtr msg);
[2.426s]       |                                                                         [01;31m[K^~[m[K
[2.426s] [01m[K/home/aksel/Documents/GitHub/Mobile_robotter/ros2_ws/src/lidar_reading/src/lidarData.h:24:73:[m[K [01;31m[Kerror: [m[Kexpected â€˜[01m[K)[m[Kâ€™ before â€˜[01m[K::[m[Kâ€™ token
[2.426s]    24 |     std::vector<std::vector<double>> scanCallback[34m[K([m[Kconst sensor_msgs::msg[01;31m[K:[m[K[32m[K:[m[KLaserScan::SharedPtr msg);
[2.426s]       |                                                  [34m[K~[m[K                      [01;31m[K^[m[K[32m[K~[m[K
[2.426s]       |                                                                         [32m[K)[m[K
[2.426s] [01m[K/home/aksel/Documents/GitHub/Mobile_robotter/ros2_ws/src/lidar_reading/src/lidarData.h:24:73:[m[K [01;31m[Kerror: [m[Kexpected initializer before â€˜[01m[K::[m[Kâ€™ token
[2.426s]    24 |     std::vector<std::vector<double>> scanCallback(const sensor_msgs::msg[01;31m[K::[m[KLaserScan::SharedPtr msg);
[2.426s]       |                                                                         [01;31m[K^~[m[K
[2.427s] [01m[K/home/aksel/Documents/GitHub/Mobile_robotter/ros2_ws/src/lidar_reading/src/lidarData.h:25:1:[m[K [01;31m[Kerror: [m[Kexpected declaration before â€˜[01m[K}[m[Kâ€™ token
[2.427s]    25 | [01;31m[K}[m[K
[2.427s]       | [01;31m[K^[m[K
[2.427s] [01m[K/home/aksel/Documents/GitHub/Mobile_robotter/ros2_ws/src/lidar_reading/src/lidarData.cpp:3:1:[m[K [01;31m[Kerror: [m[KISO C++ forbids declaration of â€˜[01m[KMappingNode[m[Kâ€™ with no type [[01;31m[K]8;;https://gcc.gnu.org/onlinedocs/gcc/Warning-Options.html#index-fpermissive-fpermissive]8;;[m[K]
[2.427s]     3 | [01;31m[KMappingNode[m[K() : Node("mapping_node") {
[2.427s]       | [01;31m[K^~~~~~~~~~~[m[K
[2.427s] [01m[K/home/aksel/Documents/GitHub/Mobile_robotter/ros2_ws/src/lidar_reading/src/lidarData.cpp:[m[K In function â€˜[01m[Kint MappingNode()[m[Kâ€™:
[2.427s] [01m[K/home/aksel/Documents/GitHub/Mobile_robotter/ros2_ws/src/lidar_reading/src/lidarData.cpp:3:17:[m[K [01;31m[Kerror: [m[Konly constructors take member initializers
[2.427s]     3 | MappingNode() : [01;31m[KNode[m[K("mapping_node") {
[2.427s]       |                 [01;31m[K^~~~[m[K
[2.427s] [01m[K/home/aksel/Documents/GitHub/Mobile_robotter/ros2_ws/src/lidar_reading/src/lidarData.cpp:5:5:[m[K [01;31m[Kerror: [m[Kâ€˜[01m[Krclcpp[m[Kâ€™ has not been declared
[2.427s]     5 |     [01;31m[Krclcpp[m[K::QoS qos{rclcpp::SensorDataQoS()};
[2.427s]       |     [01;31m[K^~~~~~[m[K
[2.449s] [01m[K/home/aksel/Documents/GitHub/Mobile_robotter/ros2_ws/src/lidar_reading/src/lidarData.cpp:8:5:[m[K [01;31m[Kerror: [m[Kâ€˜[01m[K_lidar_subscription[m[Kâ€™ was not declared in this scope
[2.449s]     8 |     [01;31m[K_lidar_subscription[m[K = this->create_subscription<sensor_msgs::msg::LaserScan>(
[2.449s]       |     [01;31m[K^~~~~~~~~~~~~~~~~~~[m[K
[2.450s] [01m[K/home/aksel/Documents/GitHub/Mobile_robotter/ros2_ws/src/lidar_reading/src/lidarData.cpp:8:27:[m[K [01;31m[Kerror: [m[Kinvalid use of â€˜[01m[Kthis[m[Kâ€™ in non-member function
[2.450s]     8 |     _lidar_subscription = [01;31m[Kthis[m[K->create_subscription<sensor_msgs::msg::LaserScan>(
[2.450s]       |                           [01;31m[K^~~~[m[K
[2.450s] [01m[K/home/aksel/Documents/GitHub/Mobile_robotter/ros2_ws/src/lidar_reading/src/lidarData.cpp:8:53:[m[K [01;31m[Kerror: [m[Kâ€˜[01m[Ksensor_msgs[m[Kâ€™ has not been declared
[2.450s]     8 |     _lidar_subscription = this->create_subscription<[01;31m[Ksensor_msgs[m[K::msg::LaserScan>(
[2.450s]       |                                                     [01;31m[K^~~~~~~~~~~[m[K
[2.456s] [01m[K/home/aksel/Documents/GitHub/Mobile_robotter/ros2_ws/src/lidar_reading/src/lidarData.cpp:9:18:[m[K [01;31m[Kerror: [m[Kâ€˜[01m[Kqos[m[Kâ€™ was not declared in this scope; did you mean â€˜[01m[KqCos[m[Kâ€™?
[2.456s]     9 |         "/scan", [01;31m[Kqos[m[K, std::bind(&MappingNode::scanCallback, this, std::placeholders::_1));
[2.456s]       |                  [01;31m[K^~~[m[K
[2.456s]       |                  [32m[KqCos[m[K
[2.456s] [01m[K/home/aksel/Documents/GitHub/Mobile_robotter/ros2_ws/src/lidar_reading/src/lidarData.cpp:9:47:[m[K [01;31m[Kerror: [m[Kincomplete type â€˜[01m[KMappingNode[m[Kâ€™ used in nested name specifier
[2.456s]     9 |         "/scan", qos, std::bind(&MappingNode::[01;31m[KscanCallback[m[K, this, std::placeholders::_1));
[2.456s]       |                                               [01;31m[K^~~~~~~~~~~~[m[K
[2.456s] [01m[K/home/aksel/Documents/GitHub/Mobile_robotter/ros2_ws/src/lidar_reading/src/lidarData.cpp:9:61:[m[K [01;31m[Kerror: [m[Kinvalid use of â€˜[01m[Kthis[m[Kâ€™ in non-member function
[2.456s]     9 |         "/scan", qos, std::bind(&MappingNode::scanCallback, [01;31m[Kthis[m[K, std::placeholders::_1));
[2.456s]       |                                                             [01;31m[K^~~~[m[K
[2.462s] [01m[K/home/aksel/Documents/GitHub/Mobile_robotter/ros2_ws/src/lidar_reading/src/lidarData.cpp:12:22:[m[K [01;31m[Kerror: [m[Kâ€˜[01m[Kargc[m[Kâ€™ was not declared in this scope
[2.463s]    12 |     QApplication app([01;31m[Kargc[m[K, argv);
[2.463s]       |                      [01;31m[K^~~~[m[K
[2.469s] [01m[K/home/aksel/Documents/GitHub/Mobile_robotter/ros2_ws/src/lidar_reading/src/lidarData.cpp:12:28:[m[K [01;31m[Kerror: [m[Kâ€˜[01m[Kargv[m[Kâ€™ was not declared in this scope
[2.469s]    12 |     QApplication app(argc, [01;31m[Kargv[m[K);
[2.469s]       |                            [01;31m[K^~~~[m[K
[2.469s] [01m[K/home/aksel/Documents/GitHub/Mobile_robotter/ros2_ws/src/lidar_reading/src/lidarData.cpp:28:1:[m[K [01;35m[Kwarning: [m[Kno return statement in function returning non-void [[01;35m[K]8;;https://gcc.gnu.org/onlinedocs/gcc/Warning-Options.html#index-Wreturn-type-Wreturn-type]8;;[m[K]
[2.469s]    28 | [01;35m[K}[m[K
[2.469s]       | [01;35m[K^[m[K
[2.475s] [01m[K/home/aksel/Documents/GitHub/Mobile_robotter/ros2_ws/src/lidar_reading/src/lidarData.cpp:[m[K At global scope:
[2.475s] [01m[K/home/aksel/Documents/GitHub/Mobile_robotter/ros2_ws/src/lidar_reading/src/lidarData.cpp:44:53:[m[K [01;31m[Kerror: [m[Kâ€˜[01m[Ksensor_msgs[m[Kâ€™ does not name a type
[2.475s]    44 | std::vector<std::vector<double>> scanCallback(const [01;31m[Ksensor_msgs[m[K::msg::LaserScan::SharedPtr msg) {
[2.475s]       |                                                     [01;31m[K^~~~~~~~~~~[m[K
[2.475s] [01m[K/home/aksel/Documents/GitHub/Mobile_robotter/ros2_ws/src/lidar_reading/src/lidarData.cpp:44:69:[m[K [01;31m[Kerror: [m[Kexpected unqualified-id before â€˜[01m[K::[m[Kâ€™ token
[2.475s]    44 | std::vector<std::vector<double>> scanCallback(const sensor_msgs::msg[01;31m[K::[m[KLaserScan::SharedPtr msg) {
[2.475s]       |                                                                     [01;31m[K^~[m[K
[2.475s] [01m[K/home/aksel/Documents/GitHub/Mobile_robotter/ros2_ws/src/lidar_reading/src/lidarData.cpp:44:69:[m[K [01;31m[Kerror: [m[Kexpected â€˜[01m[K)[m[Kâ€™ before â€˜[01m[K::[m[Kâ€™ token
[2.475s]    44 | std::vector<std::vector<double>> scanCallback[34m[K([m[Kconst sensor_msgs::msg[01;31m[K:[m[K[32m[K:[m[KLaserScan::SharedPtr msg) {
[2.475s]       |                                              [34m[K~[m[K                      [01;31m[K^[m[K[32m[K~[m[K
[2.475s]       |                                                                     [32m[K)[m[K
[2.475s] [01m[K/home/aksel/Documents/GitHub/Mobile_robotter/ros2_ws/src/lidar_reading/src/lidarData.cpp:44:69:[m[K [01;31m[Kerror: [m[Kexpected initializer before â€˜[01m[K::[m[Kâ€™ token
[2.475s]    44 | std::vector<std::vector<double>> scanCallback(const sensor_msgs::msg[01;31m[K::[m[KLaserScan::SharedPtr msg) {
[2.476s]       |                                                                     [01;31m[K^~[m[K
[3.124s] gmake[2]: *** [CMakeFiles/lidar_reading.dir/build.make:146: CMakeFiles/lidar_reading.dir/src/lidarData.cpp.o] Error 1
[3.124s] gmake[1]: *** [CMakeFiles/Makefile2:137: CMakeFiles/lidar_reading.dir/all] Error 2
[3.124s] gmake: *** [Makefile:146: all] Error 2
[3.127s] Invoked command in '/home/aksel/Documents/GitHub/Mobile_robotter/ros2_ws/build/lidar_reading' returned '2': CMAKE_PREFIX_PATH=${CMAKE_PREFIX_PATH}:/home/aksel/turtlebot3_ws/install/turtlebot3_teleop:/home/aksel/turtlebot3_ws/install/turtlebot3_example:/opt/ros/humble /usr/bin/cmake --build /home/aksel/Documents/GitHub/Mobile_robotter/ros2_ws/build/lidar_reading -- -j16 -l16
