[0.007s] Invoking command in '/home/aksel/Documents/GitHub/Mobile_robotter/ros2_ws/build/dtmf_to_cmd_vel': CMAKE_PREFIX_PATH=/opt/ros/humble /usr/bin/cmake --build /home/aksel/Documents/GitHub/Mobile_robotter/ros2_ws/build/dtmf_to_cmd_vel -- -j16 -l16
[0.043s] [35m[1mConsolidate compiler generated dependencies of target dtmf_to_cmd_vel[0m
[0.059s] [ 50%] [32mBuilding CXX object CMakeFiles/dtmf_to_cmd_vel.dir/src/dtmf_to_cmd_vel_node.cpp.o[0m
[0.059s] [ 50%] [32mBuilding CXX object CMakeFiles/dtmf_to_cmd_vel.dir/src/audio.cpp.o[0m
[1.917s] [01m[K/home/aksel/Documents/GitHub/Mobile_robotter/ros2_ws/src/dtmf_to_cmd_vel/src/audio.cpp:[m[K In static member function â€˜[01m[Kstatic void Audio::reactOnSignal()[m[Kâ€™:
[1.917s] [01m[K/home/aksel/Documents/GitHub/Mobile_robotter/ros2_ws/src/dtmf_to_cmd_vel/src/audio.cpp:404:9:[m[K [01;31m[Kerror: [m[Kinvalid use of member â€˜[01m[KAudio::dtmfNode[m[Kâ€™ in static member function
[1.917s]   404 |         [01;31m[KdtmfNode[m[K->publishTwistMessage(drivingSpeed, direction);
[1.918s]       |         [01;31m[K^~~~~~~~[m[K
[1.918s] In file included from [01m[K/home/aksel/Documents/GitHub/Mobile_robotter/ros2_ws/src/dtmf_to_cmd_vel/src/audio.cpp:1[m[K:
[1.918s] [01m[K/home/aksel/Documents/GitHub/Mobile_robotter/ros2_ws/src/dtmf_to_cmd_vel/include/audio.h:44:27:[m[K [01;36m[Knote: [m[Kdeclared here
[1.918s]    44 |         DtmfToCmdVelNode* [01;36m[KdtmfNode[m[K;
[1.918s]       |                           [01;36m[K^~~~~~~~[m[K
[2.293s] gmake[2]: *** [CMakeFiles/dtmf_to_cmd_vel.dir/build.make:90: CMakeFiles/dtmf_to_cmd_vel.dir/src/audio.cpp.o] Error 1
[2.294s] gmake[2]: *** Waiting for unfinished jobs....
[2.507s] In file included from [01m[K/home/aksel/Documents/GitHub/Mobile_robotter/ros2_ws/src/dtmf_to_cmd_vel/src/dtmf_to_cmd_vel_node.cpp:2[m[K:
[2.507s] [01m[K/home/aksel/Documents/GitHub/Mobile_robotter/ros2_ws/src/dtmf_to_cmd_vel/include/audio.h:37:28:[m[K [01;35m[Kwarning: [m[Kâ€˜[01m[KspectroData[m[Kâ€™ defined but not used [[01;35m[K]8;;https://gcc.gnu.org/onlinedocs/gcc/Warning-Options.html#index-Wunused-variable-Wunused-variable]8;;[m[K]
[2.508s]    37 | static streamCallbackData* [01;35m[KspectroData[m[K;
[2.508s]       |                            [01;35m[K^~~~~~~~~~~[m[K
[3.259s] gmake[1]: *** [CMakeFiles/Makefile2:137: CMakeFiles/dtmf_to_cmd_vel.dir/all] Error 2
[3.260s] gmake: *** [Makefile:146: all] Error 2
[3.262s] Invoked command in '/home/aksel/Documents/GitHub/Mobile_robotter/ros2_ws/build/dtmf_to_cmd_vel' returned '2': CMAKE_PREFIX_PATH=/opt/ros/humble /usr/bin/cmake --build /home/aksel/Documents/GitHub/Mobile_robotter/ros2_ws/build/dtmf_to_cmd_vel -- -j16 -l16
