[35m[1mConsolidate compiler generated dependencies of target controller_input[0m
[ 66%] [32mBuilding CXX object CMakeFiles/controller_input.dir/src/main.cpp.o[0m
[ 66%] [32mBuilding CXX object CMakeFiles/controller_input.dir/src/controllerinput.cpp.o[0m
[01m[K/home/aksel/Documents/GitHub/Mobile_robotter/ros2_ws/src/controller_input/src/controllerinput.cpp:[m[K In member function â€˜[01m[Kvoid controllerInput::play_dtmf_if_active()[m[Kâ€™:
[01m[K/home/aksel/Documents/GitHub/Mobile_robotter/ros2_ws/src/controller_input/src/controllerinput.cpp:38:13:[m[K [01;31m[Kerror: [m[Kâ€˜[01m[KplayDTMFSequence[m[Kâ€™ was not declared in this scope; did you mean â€˜[01m[KplaySequence[m[Kâ€™?
   38 |             [01;31m[KplayDTMFSequence[m[K(_latestLinearValue, _latestAngularValue);
      |             [01;31m[K^~~~~~~~~~~~~~~~[m[K
      |             [32m[KplaySequence[m[K
gmake[2]: *** [CMakeFiles/controller_input.dir/build.make:90: CMakeFiles/controller_input.dir/src/controllerinput.cpp.o] Error 1
gmake[1]: *** [CMakeFiles/Makefile2:137: CMakeFiles/controller_input.dir/all] Error 2
gmake: *** [Makefile:146: all] Error 2
