[0.019s] Invoking command in '/home/aksel/Documents/GitHub/Mobile_robotter/ros2_ws/build/controller_input': CMAKE_PREFIX_PATH=${CMAKE_PREFIX_PATH}:/home/aksel/turtlebot3_ws/install/turtlebot3_teleop:/home/aksel/turtlebot3_ws/install/turtlebot3_example:/opt/ros/humble /usr/bin/cmake --build /home/aksel/Documents/GitHub/Mobile_robotter/ros2_ws/build/controller_input -- -j16 -l16
[0.044s] -- Found ament_cmake: 1.3.10 (/opt/ros/humble/share/ament_cmake/cmake)
[0.136s] -- Found rclcpp: 16.0.10 (/opt/ros/humble/share/rclcpp/cmake)
[0.158s] -- Found rosidl_generator_c: 3.1.5 (/opt/ros/humble/share/rosidl_generator_c/cmake)
[0.160s] -- Found rosidl_adapter: 3.1.5 (/opt/ros/humble/share/rosidl_adapter/cmake)
[0.164s] -- Found rosidl_generator_cpp: 3.1.5 (/opt/ros/humble/share/rosidl_generator_cpp/cmake)
[0.171s] -- Using all available rosidl_typesupport_c: rosidl_typesupport_fastrtps_c;rosidl_typesupport_introspection_c
[0.180s] -- Using all available rosidl_typesupport_cpp: rosidl_typesupport_fastrtps_cpp;rosidl_typesupport_introspection_cpp
[0.202s] -- Found rmw_implementation_cmake: 6.1.2 (/opt/ros/humble/share/rmw_implementation_cmake/cmake)
[0.203s] -- Found rmw_fastrtps_cpp: 6.2.7 (/opt/ros/humble/share/rmw_fastrtps_cpp/cmake)
[0.310s] -- Using RMW implementation 'rmw_fastrtps_cpp' as default
[0.334s] -- Found geometry_msgs: 4.2.4 (/opt/ros/humble/share/geometry_msgs/cmake)
[0.342s] -- Found sensor_msgs: 4.2.4 (/opt/ros/humble/share/sensor_msgs/cmake)
[0.353s] -- Found teleop_twist_joy: 2.4.7 (/opt/ros/humble/share/teleop_twist_joy/cmake)
[0.354s] -- Found rclcpp_components: 16.0.10 (/opt/ros/humble/share/rclcpp_components/cmake)
[0.369s] -- Found nav_msgs: 4.2.4 (/opt/ros/humble/share/nav_msgs/cmake)
[0.383s] -- Found SFML 2.5.1 in /usr/lib/x86_64-linux-gnu/cmake/SFML
[0.484s] -- Configuring done
[0.494s] -- Generating done
[0.498s] -- Build files have been written to: /home/aksel/Documents/GitHub/Mobile_robotter/ros2_ws/build/controller_input
[0.525s] [35m[1mConsolidate compiler generated dependencies of target controller_input[0m
[0.543s] [ 66%] [32mBuilding CXX object CMakeFiles/controller_input.dir/src/controllerinput.cpp.o[0m
[0.543s] [ 66%] [32mBuilding CXX object CMakeFiles/controller_input.dir/src/main.cpp.o[0m
[3.384s] In file included from [01m[K/home/aksel/Documents/GitHub/Mobile_robotter/ros2_ws/src/controller_input/src/main.cpp:2[m[K:
[3.384s] [01m[K/home/aksel/Documents/GitHub/Mobile_robotter/ros2_ws/src/controller_input/include/controllerinput.h:22:44:[m[K [01;31m[Kerror: [m[Kâ€˜[01m[KLaserScan[m[Kâ€™ is not a member of â€˜[01m[Ksensor_msgs::msg[m[Kâ€™
[3.384s]    22 |     rclcpp::Subscription<sensor_msgs::msg::[01;31m[KLaserScan[m[K>::SharedPtr _lidar_subscription;
[3.384s]       |                                            [01;31m[K^~~~~~~~~[m[K
[3.384s] [01m[K/home/aksel/Documents/GitHub/Mobile_robotter/ros2_ws/src/controller_input/include/controllerinput.h:22:53:[m[K [01;31m[Kerror: [m[Ktemplate argument 1 is invalid
[3.384s]    22 |     rclcpp::Subscription<sensor_msgs::msg::LaserScan[01;31m[K>[m[K::SharedPtr _lidar_subscription;
[3.384s]       |                                                     [01;31m[K^[m[K
[3.384s] [01m[K/home/aksel/Documents/GitHub/Mobile_robotter/ros2_ws/src/controller_input/include/controllerinput.h:22:53:[m[K [01;31m[Kerror: [m[Ktemplate argument 3 is invalid
[3.384s] [01m[K/home/aksel/Documents/GitHub/Mobile_robotter/ros2_ws/src/controller_input/include/controllerinput.h:22:53:[m[K [01;31m[Kerror: [m[Ktemplate argument 4 is invalid
[3.384s] [01m[K/home/aksel/Documents/GitHub/Mobile_robotter/ros2_ws/src/controller_input/include/controllerinput.h:22:53:[m[K [01;31m[Kerror: [m[Ktemplate argument 5 is invalid
[3.384s] [01m[K/home/aksel/Documents/GitHub/Mobile_robotter/ros2_ws/src/controller_input/include/controllerinput.h:22:56:[m[K [01;31m[Kerror: [m[Kexpected â€˜[01m[K;[m[Kâ€™ at end of member declaration
[3.384s]    22 |     rclcpp::Subscription<sensor_msgs::msg::LaserScan>::[01;31m[KSharedPtr[m[K _lidar_subscription;
[3.384s]       |                                                        [01;31m[K^~~~~~~~~[m[K
[3.384s]       |                                                                 [32m[K;[m[K
[3.387s] [01m[K/home/aksel/Documents/GitHub/Mobile_robotter/ros2_ws/src/controller_input/include/controllerinput.h:22:66:[m[K [01;31m[Kerror: [m[Kâ€˜[01m[K_lidar_subscription[m[Kâ€™ does not name a type
[3.388s]    22 |     rclcpp::Subscription<sensor_msgs::msg::LaserScan>::SharedPtr [01;31m[K_lidar_subscription[m[K;
[3.388s]       |                                                                  [01;31m[K^~~~~~~~~~~~~~~~~~~[m[K
[3.391s] In file included from [01m[K/home/aksel/Documents/GitHub/Mobile_robotter/ros2_ws/src/controller_input/src/controllerinput.cpp:1[m[K:
[3.391s] [01m[K/home/aksel/Documents/GitHub/Mobile_robotter/ros2_ws/src/controller_input/include/controllerinput.h:22:44:[m[K [01;31m[Kerror: [m[Kâ€˜[01m[KLaserScan[m[Kâ€™ is not a member of â€˜[01m[Ksensor_msgs::msg[m[Kâ€™
[3.391s]    22 |     rclcpp::Subscription<sensor_msgs::msg::[01;31m[KLaserScan[m[K>::SharedPtr _lidar_subscription;
[3.391s]       |                                            [01;31m[K^~~~~~~~~[m[K
[3.392s] [01m[K/home/aksel/Documents/GitHub/Mobile_robotter/ros2_ws/src/controller_input/include/controllerinput.h:22:53:[m[K [01;31m[Kerror: [m[Ktemplate argument 1 is invalid
[3.392s]    22 |     rclcpp::Subscription<sensor_msgs::msg::LaserScan[01;31m[K>[m[K::SharedPtr _lidar_subscription;
[3.392s]       |                                                     [01;31m[K^[m[K
[3.392s] [01m[K/home/aksel/Documents/GitHub/Mobile_robotter/ros2_ws/src/controller_input/include/controllerinput.h:22:53:[m[K [01;31m[Kerror: [m[Ktemplate argument 3 is invalid
[3.392s] [01m[K/home/aksel/Documents/GitHub/Mobile_robotter/ros2_ws/src/controller_input/include/controllerinput.h:22:53:[m[K [01;31m[Kerror: [m[Ktemplate argument 4 is invalid
[3.392s] [01m[K/home/aksel/Documents/GitHub/Mobile_robotter/ros2_ws/src/controller_input/include/controllerinput.h:22:53:[m[K [01;31m[Kerror: [m[Ktemplate argument 5 is invalid
[3.392s] [01m[K/home/aksel/Documents/GitHub/Mobile_robotter/ros2_ws/src/controller_input/include/controllerinput.h:22:56:[m[K [01;31m[Kerror: [m[Kexpected â€˜[01m[K;[m[Kâ€™ at end of member declaration
[3.392s]    22 |     rclcpp::Subscription<sensor_msgs::msg::LaserScan>::[01;31m[KSharedPtr[m[K _lidar_subscription;
[3.392s]       |                                                        [01;31m[K^~~~~~~~~[m[K
[3.392s]       |                                                                 [32m[K;[m[K
[3.393s] [01m[K/home/aksel/Documents/GitHub/Mobile_robotter/ros2_ws/src/controller_input/include/controllerinput.h:23:26:[m[K [01;31m[Kerror: [m[Kâ€˜[01m[Knav_msgs[m[Kâ€™ was not declared in this scope
[3.393s]    23 |     rclcpp::Subscription<[01;31m[Knav_msgs[m[K::msg::Odometry>::SharedPtr _odom_subscription;
[3.393s]       |                          [01;31m[K^~~~~~~~[m[K
[3.393s] [01m[K/home/aksel/Documents/GitHub/Mobile_robotter/ros2_ws/src/controller_input/include/controllerinput.h:23:49:[m[K [01;31m[Kerror: [m[Ktemplate argument 1 is invalid
[3.394s]    23 |     rclcpp::Subscription<nav_msgs::msg::Odometry[01;31m[K>[m[K::SharedPtr _odom_subscription;
[3.394s]       |                                                 [01;31m[K^[m[K
[3.394s] [01m[K/home/aksel/Documents/GitHub/Mobile_robotter/ros2_ws/src/controller_input/include/controllerinput.h:23:49:[m[K [01;31m[Kerror: [m[Ktemplate argument 3 is invalid
[3.394s] [01m[K/home/aksel/Documents/GitHub/Mobile_robotter/ros2_ws/src/controller_input/include/controllerinput.h:23:49:[m[K [01;31m[Kerror: [m[Ktemplate argument 4 is invalid
[3.394s] [01m[K/home/aksel/Documents/GitHub/Mobile_robotter/ros2_ws/src/controller_input/include/controllerinput.h:23:49:[m[K [01;31m[Kerror: [m[Ktemplate argument 5 is invalid
[3.394s] [01m[K/home/aksel/Documents/GitHub/Mobile_robotter/ros2_ws/src/controller_input/include/controllerinput.h:23:52:[m[K [01;31m[Kerror: [m[Kexpected â€˜[01m[K;[m[Kâ€™ at end of member declaration
[3.394s]    23 |     rclcpp::Subscription<nav_msgs::msg::Odometry>::[01;31m[KSharedPtr[m[K _odom_subscription;
[3.394s]       |                                                    [01;31m[K^~~~~~~~~[m[K
[3.394s]       |                                                             [32m[K;[m[K
[3.394s] [01m[K/home/aksel/Documents/GitHub/Mobile_robotter/ros2_ws/src/controller_input/include/controllerinput.h:23:52:[m[K [01;31m[Kerror: [m[Kredeclaration of â€˜[01m[Kint controllerInput::SharedPtr[m[Kâ€™
[3.394s] [01m[K/home/aksel/Documents/GitHub/Mobile_robotter/ros2_ws/src/controller_input/include/controllerinput.h:22:56:[m[K [01;36m[Knote: [m[Kprevious declaration â€˜[01m[Kint controllerInput::SharedPtr[m[Kâ€™
[3.394s]    22 |     rclcpp::Subscription<sensor_msgs::msg::LaserScan>::[01;36m[KSharedPtr[m[K _lidar_subscription;
[3.394s]       |                                                        [01;36m[K^~~~~~~~~[m[K
[3.395s] [01m[K/home/aksel/Documents/GitHub/Mobile_robotter/ros2_ws/src/controller_input/include/controllerinput.h:22:66:[m[K [01;31m[Kerror: [m[Kâ€˜[01m[K_lidar_subscription[m[Kâ€™ does not name a type
[3.395s]    22 |     rclcpp::Subscription<sensor_msgs::msg::LaserScan>::SharedPtr [01;31m[K_lidar_subscription[m[K;
[3.395s]       |                                                                  [01;31m[K^~~~~~~~~~~~~~~~~~~[m[K
[3.397s] [01m[K/home/aksel/Documents/GitHub/Mobile_robotter/ros2_ws/src/controller_input/include/controllerinput.h:23:62:[m[K [01;31m[Kerror: [m[Kâ€˜[01m[K_odom_subscription[m[Kâ€™ does not name a type
[3.397s]    23 |     rclcpp::Subscription<nav_msgs::msg::Odometry>::SharedPtr [01;31m[K_odom_subscription[m[K;
[3.397s]       |                                                              [01;31m[K^~~~~~~~~~~~~~~~~~[m[K
[3.397s] [01m[K/home/aksel/Documents/GitHub/Mobile_robotter/ros2_ws/src/controller_input/include/controllerinput.h:27:23:[m[K [01;31m[Kerror: [m[Kâ€˜[01m[KLaserScan[m[Kâ€™ in namespace â€˜[01m[Ksensor_msgs::msg[m[Kâ€™ does not name a type
[3.397s]    27 |     sensor_msgs::msg::[01;31m[KLaserScan[m[K::SharedPtr _latest_scan;
[3.397s]       |                       [01;31m[K^~~~~~~~~[m[K
[3.398s] [01m[K/home/aksel/Documents/GitHub/Mobile_robotter/ros2_ws/src/controller_input/include/controllerinput.h:28:5:[m[K [01;31m[Kerror: [m[Kâ€˜[01m[Knav_msgs[m[Kâ€™ does not name a type
[3.398s]    28 |     [01;31m[Knav_msgs[m[K::msg::Odometry::SharedPtr _latest_odom;
[3.399s]       |     [01;31m[K^~~~~~~~[m[K
[3.401s] [01m[K/home/aksel/Documents/GitHub/Mobile_robotter/ros2_ws/src/controller_input/include/controllerinput.h:23:26:[m[K [01;31m[Kerror: [m[Kâ€˜[01m[Knav_msgs[m[Kâ€™ was not declared in this scope
[3.401s]    23 |     rclcpp::Subscription<[01;31m[Knav_msgs[m[K::msg::Odometry>::SharedPtr _odom_subscription;
[3.401s]       |                          [01;31m[K^~~~~~~~[m[K
[3.401s] [01m[K/home/aksel/Documents/GitHub/Mobile_robotter/ros2_ws/src/controller_input/include/controllerinput.h:23:49:[m[K [01;31m[Kerror: [m[Ktemplate argument 1 is invalid
[3.401s]    23 |     rclcpp::Subscription<nav_msgs::msg::Odometry[01;31m[K>[m[K::SharedPtr _odom_subscription;
[3.401s]       |                                                 [01;31m[K^[m[K
[3.401s] [01m[K/home/aksel/Documents/GitHub/Mobile_robotter/ros2_ws/src/controller_input/include/controllerinput.h:23:49:[m[K [01;31m[Kerror: [m[Ktemplate argument 3 is invalid
[3.401s] [01m[K/home/aksel/Documents/GitHub/Mobile_robotter/ros2_ws/src/controller_input/include/controllerinput.h:23:49:[m[K [01;31m[Kerror: [m[Ktemplate argument 4 is invalid
[3.401s] [01m[K/home/aksel/Documents/GitHub/Mobile_robotter/ros2_ws/src/controller_input/include/controllerinput.h:23:49:[m[K [01;31m[Kerror: [m[Ktemplate argument 5 is invalid
[3.401s] [01m[K/home/aksel/Documents/GitHub/Mobile_robotter/ros2_ws/src/controller_input/include/controllerinput.h:23:52:[m[K [01;31m[Kerror: [m[Kexpected â€˜[01m[K;[m[Kâ€™ at end of member declaration
[3.401s]    23 |     rclcpp::Subscription<nav_msgs::msg::Odometry>::[01;31m[KSharedPtr[m[K _odom_subscription;
[3.401s]       |                                                    [01;31m[K^~~~~~~~~[m[K
[3.401s]       |                                                             [32m[K;[m[K
[3.402s] [01m[K/home/aksel/Documents/GitHub/Mobile_robotter/ros2_ws/src/controller_input/include/controllerinput.h:23:52:[m[K [01;31m[Kerror: [m[Kredeclaration of â€˜[01m[Kint controllerInput::SharedPtr[m[Kâ€™
[3.402s] [01m[K/home/aksel/Documents/GitHub/Mobile_robotter/ros2_ws/src/controller_input/include/controllerinput.h:22:56:[m[K [01;36m[Knote: [m[Kprevious declaration â€˜[01m[Kint controllerInput::SharedPtr[m[Kâ€™
[3.402s]    22 |     rclcpp::Subscription<sensor_msgs::msg::LaserScan>::[01;36m[KSharedPtr[m[K _lidar_subscription;
[3.402s]       |                                                        [01;36m[K^~~~~~~~~[m[K
[3.404s] [01m[K/home/aksel/Documents/GitHub/Mobile_robotter/ros2_ws/src/controller_input/include/controllerinput.h:23:62:[m[K [01;31m[Kerror: [m[Kâ€˜[01m[K_odom_subscription[m[Kâ€™ does not name a type
[3.404s]    23 |     rclcpp::Subscription<nav_msgs::msg::Odometry>::SharedPtr [01;31m[K_odom_subscription[m[K;
[3.404s]       |                                                              [01;31m[K^~~~~~~~~~~~~~~~~~[m[K
[3.404s] [01m[K/home/aksel/Documents/GitHub/Mobile_robotter/ros2_ws/src/controller_input/include/controllerinput.h:27:23:[m[K [01;31m[Kerror: [m[Kâ€˜[01m[KLaserScan[m[Kâ€™ in namespace â€˜[01m[Ksensor_msgs::msg[m[Kâ€™ does not name a type
[3.404s]    27 |     sensor_msgs::msg::[01;31m[KLaserScan[m[K::SharedPtr _latest_scan;
[3.404s]       |                       [01;31m[K^~~~~~~~~[m[K
[3.406s] [01m[K/home/aksel/Documents/GitHub/Mobile_robotter/ros2_ws/src/controller_input/include/controllerinput.h:28:5:[m[K [01;31m[Kerror: [m[Kâ€˜[01m[Knav_msgs[m[Kâ€™ does not name a type
[3.406s]    28 |     [01;31m[Knav_msgs[m[K::msg::Odometry::SharedPtr _latest_odom;
[3.406s]       |     [01;31m[K^~~~~~~~[m[K
[3.428s] [01m[K/home/aksel/Documents/GitHub/Mobile_robotter/ros2_ws/src/controller_input/src/controllerinput.cpp:[m[K In constructor â€˜[01m[KcontrollerInput::controllerInput()[m[Kâ€™:
[3.428s] [01m[K/home/aksel/Documents/GitHub/Mobile_robotter/ros2_ws/src/controller_input/src/controllerinput.cpp:30:5:[m[K [01;31m[Kerror: [m[Kâ€˜[01m[K_lidar_subscription[m[Kâ€™ was not declared in this scope; did you mean â€˜[01m[Kcreate_subscription[m[Kâ€™?
[3.428s]    30 |     [01;31m[K_lidar_subscription[m[K = this->create_subscription<sensor_msgs::msg::LaserScan>(
[3.428s]       |     [01;31m[K^~~~~~~~~~~~~~~~~~~[m[K
[3.428s]       |     [32m[Kcreate_subscription[m[K
[3.429s] [01m[K/home/aksel/Documents/GitHub/Mobile_robotter/ros2_ws/src/controller_input/src/controllerinput.cpp:30:71:[m[K [01;31m[Kerror: [m[Kâ€˜[01m[KLaserScan[m[Kâ€™ is not a member of â€˜[01m[Ksensor_msgs::msg[m[Kâ€™
[3.429s]    30 |     _lidar_subscription = this->create_subscription<sensor_msgs::msg::[01;31m[KLaserScan[m[K>(
[3.429s]       |                                                                       [01;31m[K^~~~~~~~~[m[K
[3.429s] [01m[K/home/aksel/Documents/GitHub/Mobile_robotter/ros2_ws/src/controller_input/src/controllerinput.cpp:31:71:[m[K [01;31m[Kerror: [m[Kâ€˜[01m[KscanCallback[m[Kâ€™ is not a member of â€˜[01m[KcontrollerInput[m[Kâ€™
[3.429s]    31 |         "/scan", rclcpp::SensorDataQoS(), std::bind(&controllerInput::[01;31m[KscanCallback[m[K, this, std::placeholders::_1));
[3.429s]       |                                                                       [01;31m[K^~~~~~~~~~~~[m[K
[3.440s] [01m[K/home/aksel/Documents/GitHub/Mobile_robotter/ros2_ws/src/controller_input/src/controllerinput.cpp:32:5:[m[K [01;31m[Kerror: [m[Kâ€˜[01m[K_odom_subscription[m[Kâ€™ was not declared in this scope; did you mean â€˜[01m[Kcreate_subscription[m[Kâ€™?
[3.440s]    32 |     [01;31m[K_odom_subscription[m[K = this->create_subscription<nav_msgs::msg::Odometry>(
[3.440s]       |     [01;31m[K^~~~~~~~~~~~~~~~~~[m[K
[3.440s]       |     [32m[Kcreate_subscription[m[K
[3.446s] [01m[K/home/aksel/Documents/GitHub/Mobile_robotter/ros2_ws/src/controller_input/src/controllerinput.cpp:32:52:[m[K [01;31m[Kerror: [m[Kâ€˜[01m[Knav_msgs[m[Kâ€™ was not declared in this scope
[3.446s]    32 |     _odom_subscription = this->create_subscription<[01;31m[Knav_msgs[m[K::msg::Odometry>(
[3.446s]       |                                                    [01;31m[K^~~~~~~~[m[K
[3.446s] [01m[K/home/aksel/Documents/GitHub/Mobile_robotter/ros2_ws/src/controller_input/src/controllerinput.cpp:32:32:[m[K [01;31m[Kerror: [m[Kparse error in template argument list
[3.446s]    32 |     _odom_subscription = this->[01;31m[Kcreate_subscription<nav_msgs::msg::Odometry>[m[K(
[3.446s]       |                                [01;31m[K^~~~~~~~~~~~~~~~~~~~~~~~~~~~~~~~~~~~~~~~~~~~[m[K
[3.446s] [01m[K/home/aksel/Documents/GitHub/Mobile_robotter/ros2_ws/src/controller_input/src/controllerinput.cpp:33:71:[m[K [01;31m[Kerror: [m[Kâ€˜[01m[KodomCallback[m[Kâ€™ is not a member of â€˜[01m[KcontrollerInput[m[Kâ€™
[3.446s]    33 |         "/odom", rclcpp::SensorDataQoS(), std::bind(&controllerInput::[01;31m[KodomCallback[m[K, this, std::placeholders::_1));
[3.446s]       |                                                                       [01;31m[K^~~~~~~~~~~~[m[K
[3.447s] [01m[K/home/aksel/Documents/GitHub/Mobile_robotter/ros2_ws/src/controller_input/src/controllerinput.cpp:35:18:[m[K [01;31m[Kerror: [m[Kâ€˜[01m[Kmsg[m[Kâ€™ was not declared in this scope
[3.447s]    35 |     _initial_x = [01;31m[Kmsg[m[K->pose.pose.position.x;
[3.447s]       |                  [01;31m[K^~~[m[K
[3.447s] [01m[K/home/aksel/Documents/GitHub/Mobile_robotter/ros2_ws/src/controller_input/src/controllerinput.cpp:35:18:[m[K [01;36m[Knote: [m[Ksuggested alternatives:
[3.447s] In file included from [01m[K/opt/ros/humble/include/builtin_interfaces/builtin_interfaces/msg/duration.hpp:7[m[K,
[3.447s]                  from [01m[K/opt/ros/humble/include/rclcpp/rclcpp/duration.hpp:20[m[K,
[3.447s]                  from [01m[K/opt/ros/humble/include/rclcpp/rclcpp/qos.hpp:20[m[K,
[3.447s]                  from [01m[K/opt/ros/humble/include/rclcpp/rclcpp/node_interfaces/node_graph_interface.hpp:32[m[K,
[3.447s]                  from [01m[K/opt/ros/humble/include/rclcpp/rclcpp/client.hpp:42[m[K,
[3.447s]                  from [01m[K/opt/ros/humble/include/rclcpp/rclcpp/callback_group.hpp:24[m[K,
[3.447s]                  from [01m[K/opt/ros/humble/include/rclcpp/rclcpp/any_executable.hpp:20[m[K,
[3.447s]                  from [01m[K/opt/ros/humble/include/rclcpp/rclcpp/memory_strategy.hpp:25[m[K,
[3.447s]                  from [01m[K/opt/ros/humble/include/rclcpp/rclcpp/memory_strategies.hpp:18[m[K,
[3.448s]                  from [01m[K/opt/ros/humble/include/rclcpp/rclcpp/executor_options.hpp:20[m[K,
[3.448s]                  from [01m[K/opt/ros/humble/include/rclcpp/rclcpp/executor.hpp:37[m[K,
[3.448s]                  from [01m[K/opt/ros/humble/include/rclcpp/rclcpp/executors/multi_threaded_executor.hpp:25[m[K,
[3.448s]                  from [01m[K/opt/ros/humble/include/rclcpp/rclcpp/executors.hpp:21[m[K,
[3.448s]                  from [01m[K/opt/ros/humble/include/rclcpp/rclcpp/rclcpp.hpp:155[m[K,
[3.448s]                  from [01m[K/home/aksel/Documents/GitHub/Mobile_robotter/ros2_ws/src/controller_input/include/controllerinput.h:4[m[K,
[3.448s]                  from [01m[K/home/aksel/Documents/GitHub/Mobile_robotter/ros2_ws/src/controller_input/src/controllerinput.cpp:1[m[K:
[3.448s] [01m[K/opt/ros/humble/include/builtin_interfaces/builtin_interfaces/msg/detail/duration__struct.hpp:27:11:[m[K [01;36m[Knote: [m[K  â€˜[01m[Kbuiltin_interfaces::msg[m[Kâ€™
[3.448s]    27 | namespace [01;36m[Kmsg[m[K
[3.448s]       |           [01;36m[K^~~[m[K
[3.448s] In file included from [01m[K/opt/ros/humble/include/rcl_interfaces/rcl_interfaces/msg/set_parameters_result.hpp:7[m[K,
[3.448s]                  from [01m[K/opt/ros/humble/include/rclcpp/rclcpp/qos_overriding_options.hpp:28[m[K,
[3.448s]                  from [01m[K/opt/ros/humble/include/rclcpp/rclcpp/subscription_options.hpp:30[m[K,
[3.448s]                  from [01m[K/opt/ros/humble/include/rclcpp/rclcpp/subscription.hpp:45[m[K,
[3.448s]                  from [01m[K/opt/ros/humble/include/rclcpp/rclcpp/any_executable.hpp:25[m[K,
[3.448s]                  from [01m[K/opt/ros/humble/include/rclcpp/rclcpp/memory_strategy.hpp:25[m[K,
[3.448s]                  from [01m[K/opt/ros/humble/include/rclcpp/rclcpp/memory_strategies.hpp:18[m[K,
[3.448s]                  from [01m[K/opt/ros/humble/include/rclcpp/rclcpp/executor_options.hpp:20[m[K,
[3.448s]                  from [01m[K/opt/ros/humble/include/rclcpp/rclcpp/executor.hpp:37[m[K,
[3.448s]                  from [01m[K/opt/ros/humble/include/rclcpp/rclcpp/executors/multi_threaded_executor.hpp:25[m[K,
[3.448s]                  from [01m[K/opt/ros/humble/include/rclcpp/rclcpp/executors.hpp:21[m[K,
[3.448s]                  from [01m[K/opt/ros/humble/include/rclcpp/rclcpp/rclcpp.hpp:155[m[K,
[3.448s]                  from [01m[K/home/aksel/Documents/GitHub/Mobile_robotter/ros2_ws/src/controller_input/include/controllerinput.h:4[m[K,
[3.448s]                  from [01m[K/home/aksel/Documents/GitHub/Mobile_robotter/ros2_ws/src/controller_input/src/controllerinput.cpp:1[m[K:
[3.448s] [01m[K/opt/ros/humble/include/rcl_interfaces/rcl_interfaces/msg/detail/set_parameters_result__struct.hpp:27:11:[m[K [01;36m[Knote: [m[K  â€˜[01m[Krcl_interfaces::msg[m[Kâ€™
[3.449s]    27 | namespace [01;36m[Kmsg[m[K
[3.449s]       |           [01;36m[K^~~[m[K
[3.449s] In file included from [01m[K/opt/ros/humble/include/statistics_msgs/statistics_msgs/msg/detail/metrics_message__struct.hpp:23[m[K,
[3.449s]                  from [01m[K/opt/ros/humble/include/statistics_msgs/statistics_msgs/msg/metrics_message.hpp:7[m[K,
[3.449s]                  from [01m[K/opt/ros/humble/include/libstatistics_collector/libstatistics_collector/collector/generate_statistics_message.hpp:21[m[K,
[3.449s]                  from [01m[K/opt/ros/humble/include/rclcpp/rclcpp/topic_statistics/subscription_topic_statistics.hpp:23[m[K,
[3.449s]                  from [01m[K/opt/ros/humble/include/rclcpp/rclcpp/subscription.hpp:50[m[K,
[3.449s]                  from [01m[K/opt/ros/humble/include/rclcpp/rclcpp/any_executable.hpp:25[m[K,
[3.449s]                  from [01m[K/opt/ros/humble/include/rclcpp/rclcpp/memory_strategy.hpp:25[m[K,
[3.449s]                  from [01m[K/opt/ros/humble/include/rclcpp/rclcpp/memory_strategies.hpp:18[m[K,
[3.449s]                  from [01m[K/opt/ros/humble/include/rclcpp/rclcpp/executor_options.hpp:20[m[K,
[3.449s]                  from [01m[K/opt/ros/humble/include/rclcpp/rclcpp/executor.hpp:37[m[K,
[3.449s]                  from [01m[K/opt/ros/humble/include/rclcpp/rclcpp/executors/multi_threaded_executor.hpp:25[m[K,
[3.449s]                  from [01m[K/opt/ros/humble/include/rclcpp/rclcpp/executors.hpp:21[m[K,
[3.449s]                  from [01m[K/opt/ros/humble/include/rclcpp/rclcpp/rclcpp.hpp:155[m[K,
[3.449s]                  from [01m[K/home/aksel/Documents/GitHub/Mobile_robotter/ros2_ws/src/controller_input/include/controllerinput.h:4[m[K,
[3.449s]                  from [01m[K/home/aksel/Documents/GitHub/Mobile_robotter/ros2_ws/src/controller_input/src/controllerinput.cpp:1[m[K:
[3.449s] [01m[K/opt/ros/humble/include/statistics_msgs/statistics_msgs/msg/detail/statistic_data_point__struct.hpp:27:11:[m[K [01;36m[Knote: [m[K  â€˜[01m[Kstatistics_msgs::msg[m[Kâ€™
[3.449s]    27 | namespace [01;36m[Kmsg[m[K
[3.449s]       |           [01;36m[K^~~[m[K
[3.449s] In file included from [01m[K/opt/ros/humble/include/sensor_msgs/sensor_msgs/msg/detail/joy__struct.hpp:20[m[K,
[3.449s]                  from [01m[K/opt/ros/humble/include/sensor_msgs/sensor_msgs/msg/joy.hpp:7[m[K,
[3.449s]                  from [01m[K/home/aksel/Documents/GitHub/Mobile_robotter/ros2_ws/src/controller_input/include/controllerinput.h:5[m[K,
[3.449s]                  from [01m[K/home/aksel/Documents/GitHub/Mobile_robotter/ros2_ws/src/controller_input/src/controllerinput.cpp:1[m[K:
[3.449s] [01m[K/opt/ros/humble/include/std_msgs/std_msgs/msg/detail/header__struct.hpp:31:11:[m[K [01;36m[Knote: [m[K  â€˜[01m[Kstd_msgs::msg[m[Kâ€™
[3.449s]    31 | namespace [01;36m[Kmsg[m[K
[3.449s]       |           [01;36m[K^~~[m[K
[3.449s] In file included from [01m[K/opt/ros/humble/include/sensor_msgs/sensor_msgs/msg/joy.hpp:7[m[K,
[3.449s]                  from [01m[K/home/aksel/Documents/GitHub/Mobile_robotter/ros2_ws/src/controller_input/include/controllerinput.h:5[m[K,
[3.449s]                  from [01m[K/home/aksel/Documents/GitHub/Mobile_robotter/ros2_ws/src/controller_input/src/controllerinput.cpp:1[m[K:
[3.450s] [01m[K/opt/ros/humble/include/sensor_msgs/sensor_msgs/msg/detail/joy__struct.hpp:31:11:[m[K [01;36m[Knote: [m[K  â€˜[01m[Ksensor_msgs::msg[m[Kâ€™
[3.450s]    31 | namespace [01;36m[Kmsg[m[K
[3.450s]       |           [01;36m[K^~~[m[K
[3.450s] In file included from [01m[K/opt/ros/humble/include/geometry_msgs/geometry_msgs/msg/detail/twist__struct.hpp:21[m[K,
[3.450s]                  from [01m[K/opt/ros/humble/include/geometry_msgs/geometry_msgs/msg/twist.hpp:7[m[K,
[3.450s]                  from [01m[K/home/aksel/Documents/GitHub/Mobile_robotter/ros2_ws/src/controller_input/include/controllerinput.h:6[m[K,
[3.450s]                  from [01m[K/home/aksel/Documents/GitHub/Mobile_robotter/ros2_ws/src/controller_input/src/controllerinput.cpp:1[m[K:
[3.450s] [01m[K/opt/ros/humble/include/geometry_msgs/geometry_msgs/msg/detail/vector3__struct.hpp:27:11:[m[K [01;36m[Knote: [m[K  â€˜[01m[Kgeometry_msgs::msg[m[Kâ€™
[3.450s]    27 | namespace [01;36m[Kmsg[m[K
[3.450s]       |           [01;36m[K^~~[m[K
[3.450s] [01m[K/home/aksel/Documents/GitHub/Mobile_robotter/ros2_ws/src/controller_input/src/controllerinput.cpp:[m[K At global scope:
[3.450s] [01m[K/home/aksel/Documents/GitHub/Mobile_robotter/ros2_ws/src/controller_input/src/controllerinput.cpp:45:60:[m[K [01;31m[Kerror: [m[Kâ€˜[01m[KLaserScan[m[Kâ€™ in namespace â€˜[01m[Ksensor_msgs::msg[m[Kâ€™ does not name a type
[3.450s]    45 | void controllerInput::scanCallback(const sensor_msgs::msg::[01;31m[KLaserScan[m[K::SharedPtr msg) {
[3.450s]       |                                                            [01;31m[K^~~~~~~~~[m[K
[3.450s] [01m[K/home/aksel/Documents/GitHub/Mobile_robotter/ros2_ws/src/controller_input/src/controllerinput.cpp:45:81:[m[K [01;31m[Kerror: [m[Kexpected unqualified-id before â€˜[01m[Kmsg[m[Kâ€™
[3.450s]    45 | void controllerInput::scanCallback(const sensor_msgs::msg::LaserScan::SharedPtr [01;31m[Kmsg[m[K) {
[3.450s]       |                                                                                 [01;31m[K^~~[m[K
[3.450s] [01m[K/home/aksel/Documents/GitHub/Mobile_robotter/ros2_ws/src/controller_input/src/controllerinput.cpp:45:80:[m[K [01;31m[Kerror: [m[Kexpected â€˜[01m[K)[m[Kâ€™ before â€˜[01m[Kmsg[m[Kâ€™
[3.450s]    45 | void controllerInput::scanCallback[34m[K([m[Kconst sensor_msgs::msg::LaserScan::SharedPtr[01;31m[K [m[K[32m[Kmsg[m[K) {
[3.450s]       |                                   [34m[K~[m[K                                            [01;31m[K^[m[K[32m[K~~~[m[K
[3.450s]       |                                                                                [32m[K)[m[K
[3.450s] [01m[K/home/aksel/Documents/GitHub/Mobile_robotter/ros2_ws/src/controller_input/src/controllerinput.cpp:45:81:[m[K [01;31m[Kerror: [m[Kexpected initializer before â€˜[01m[Kmsg[m[Kâ€™
[3.450s]    45 | void controllerInput::scanCallback(const sensor_msgs::msg::LaserScan::SharedPtr [01;31m[Kmsg[m[K) {
[3.450s]       |                                                                                 [01;31m[K^~~[m[K
[3.450s] [01m[K/home/aksel/Documents/GitHub/Mobile_robotter/ros2_ws/src/controller_input/src/controllerinput.cpp:49:42:[m[K [01;31m[Kerror: [m[Kâ€˜[01m[Knav_msgs[m[Kâ€™ does not name a type
[3.450s]    49 | void controllerInput::odomCallback(const [01;31m[Knav_msgs[m[K::msg::Odometry::SharedPtr msg){
[3.450s]       |                                          [01;31m[K^~~~~~~~[m[K
[3.450s] [01m[K/home/aksel/Documents/GitHub/Mobile_robotter/ros2_ws/src/controller_input/src/controllerinput.cpp:49:55:[m[K [01;31m[Kerror: [m[Kexpected unqualified-id before â€˜[01m[K::[m[Kâ€™ token
[3.450s]    49 | void controllerInput::odomCallback(const nav_msgs::msg[01;31m[K::[m[KOdometry::SharedPtr msg){
[3.451s]       |                                                       [01;31m[K^~[m[K
[3.451s] [01m[K/home/aksel/Documents/GitHub/Mobile_robotter/ros2_ws/src/controller_input/src/controllerinput.cpp:49:55:[m[K [01;31m[Kerror: [m[Kexpected â€˜[01m[K)[m[Kâ€™ before â€˜[01m[K::[m[Kâ€™ token
[3.451s]    49 | void controllerInput::odomCallback[34m[K([m[Kconst nav_msgs::msg[01;31m[K:[m[K[32m[K:[m[KOdometry::SharedPtr msg){
[3.451s]       |                                   [34m[K~[m[K                   [01;31m[K^[m[K[32m[K~[m[K
[3.451s]       |                                                       [32m[K)[m[K
[3.451s] [01m[K/home/aksel/Documents/GitHub/Mobile_robotter/ros2_ws/src/controller_input/src/controllerinput.cpp:49:55:[m[K [01;31m[Kerror: [m[Kexpected initializer before â€˜[01m[K::[m[Kâ€™ token
[3.451s]    49 | void controllerInput::odomCallback(const nav_msgs::msg[01;31m[K::[m[KOdometry::SharedPtr msg){
[3.451s]       |                                                       [01;31m[K^~[m[K
[3.461s] [01m[K/home/aksel/Documents/GitHub/Mobile_robotter/ros2_ws/src/controller_input/src/controllerinput.cpp:[m[K In member function â€˜[01m[Kvoid controllerInput::joy_callback(sensor_msgs::msg::Joy_<std::allocator<void> >::SharedPtr)[m[Kâ€™:
[3.461s] [01m[K/home/aksel/Documents/GitHub/Mobile_robotter/ros2_ws/src/controller_input/src/controllerinput.cpp:77:12:[m[K [01;31m[Kerror: [m[Kâ€˜[01m[K_latest_scan[m[Kâ€™ was not declared in this scope
[3.461s]    77 |         if([01;31m[K_latest_scan[m[K && _latest_odom){
[3.461s]       |            [01;31m[K^~~~~~~~~~~~[m[K
[3.469s] [01m[K/home/aksel/Documents/GitHub/Mobile_robotter/ros2_ws/src/controller_input/src/controllerinput.cpp:77:28:[m[K [01;31m[Kerror: [m[Kâ€˜[01m[K_latest_odom[m[Kâ€™ was not declared in this scope
[3.469s]    77 |         if(_latest_scan && [01;31m[K_latest_odom[m[K){
[3.469s]       |                            [01;31m[K^~~~~~~~~~~~[m[K
[3.824s] gmake[2]: *** [CMakeFiles/controller_input.dir/build.make:76: CMakeFiles/controller_input.dir/src/main.cpp.o] Error 1
[3.824s] gmake[2]: *** Waiting for unfinished jobs....
[5.061s] gmake[2]: *** [CMakeFiles/controller_input.dir/build.make:90: CMakeFiles/controller_input.dir/src/controllerinput.cpp.o] Error 1
[5.061s] gmake[1]: *** [CMakeFiles/Makefile2:137: CMakeFiles/controller_input.dir/all] Error 2
[5.061s] gmake: *** [Makefile:146: all] Error 2
[5.064s] Invoked command in '/home/aksel/Documents/GitHub/Mobile_robotter/ros2_ws/build/controller_input' returned '2': CMAKE_PREFIX_PATH=${CMAKE_PREFIX_PATH}:/home/aksel/turtlebot3_ws/install/turtlebot3_teleop:/home/aksel/turtlebot3_ws/install/turtlebot3_example:/opt/ros/humble /usr/bin/cmake --build /home/aksel/Documents/GitHub/Mobile_robotter/ros2_ws/build/controller_input -- -j16 -l16
