[0.035s] Invoking command in '/home/aksel/Documents/GitHub/Mobile_robotter/ros2_ws/build/lidar_data': CMAKE_PREFIX_PATH=${CMAKE_PREFIX_PATH}:/home/aksel/turtlebot3_ws/install/turtlebot3_teleop:/home/aksel/turtlebot3_ws/install/turtlebot3_example:/opt/ros/humble /usr/bin/cmake --build /home/aksel/Documents/GitHub/Mobile_robotter/ros2_ws/build/lidar_data -- -j16 -l16
[0.074s] [35m[1mConsolidate compiler generated dependencies of target lidar_data[0m
[0.095s] [ 66%] [32mBuilding CXX object CMakeFiles/lidar_data.dir/src/main.cpp.o[0m
[0.095s] [ 66%] [32mBuilding CXX object CMakeFiles/lidar_data.dir/src/lidarnode.cpp.o[0m
[2.453s] [01m[K/home/aksel/Documents/GitHub/Mobile_robotter/ros2_ws/src/lidar_data/src/lidarnode.cpp:[m[K In constructor â€˜[01m[KMappingNode::MappingNode()[m[Kâ€™:
[2.453s] [01m[K/home/aksel/Documents/GitHub/Mobile_robotter/ros2_ws/src/lidar_data/src/lidarnode.cpp:26:5:[m[K [01;31m[Kerror: [m[Kâ€˜[01m[K_tf_broadcaster[m[Kâ€™ was not declared in this scope
[2.454s]    26 |     [01;31m[K_tf_broadcaster[m[K = std::make_unique<tf2_ros::TransformBroadcaster>(*this);
[2.454s]       |     [01;31m[K^~~~~~~~~~~~~~~[m[K
[2.459s] [01m[K/home/aksel/Documents/GitHub/Mobile_robotter/ros2_ws/src/lidar_data/src/lidarnode.cpp:26:40:[m[K [01;31m[Kerror: [m[Kâ€˜[01m[Ktf2_ros[m[Kâ€™ was not declared in this scope
[2.459s]    26 |     _tf_broadcaster = std::make_unique<[01;31m[Ktf2_ros[m[K::TransformBroadcaster>(*this);
[2.459s]       |                                        [01;31m[K^~~~~~~[m[K
[2.459s] [01m[K/home/aksel/Documents/GitHub/Mobile_robotter/ros2_ws/src/lidar_data/src/lidarnode.cpp:26:28:[m[K [01;31m[Kerror: [m[Kparse error in template argument list
[2.459s]    26 |     _tf_broadcaster = std::[01;31m[Kmake_unique<tf2_ros::TransformBroadcaster>[m[K(*this);
[2.459s]       |                            [01;31m[K^~~~~~~~~~~~~~~~~~~~~~~~~~~~~~~~~~~~~~~~~~[m[K
[2.459s] [01m[K/home/aksel/Documents/GitHub/Mobile_robotter/ros2_ws/src/lidar_data/src/lidarnode.cpp:26:70:[m[K [01;31m[Kerror: [m[Kno matching function for call to â€˜[01m[Kmake_unique<<expression error> >(MappingNode&)[m[Kâ€™
[2.459s]    26 |     _tf_broadcaster = [01;31m[Kstd::make_unique<tf2_ros::TransformBroadcaster>(*this)[m[K;
[2.460s]       |                       [01;31m[K~~~~~~~~~~~~~~~~~~~~~~~~~~~~~~~~~~~~~~~~~~~~~~~^~~~~~~[m[K
[2.460s] In file included from [01m[K/usr/include/c++/11/memory:76[m[K,
[2.460s]                  from [01m[K/opt/ros/humble/include/rclcpp/rclcpp/rclcpp.hpp:153[m[K,
[2.460s]                  from [01m[K/home/aksel/Documents/GitHub/Mobile_robotter/ros2_ws/src/lidar_data/include/lidarnode.h:4[m[K,
[2.460s]                  from [01m[K/home/aksel/Documents/GitHub/Mobile_robotter/ros2_ws/src/lidar_data/src/lidarnode.cpp:1[m[K:
[2.460s] [01m[K/usr/include/c++/11/bits/unique_ptr.h:961:5:[m[K [01;36m[Knote: [m[Kcandidate: â€˜[01m[Ktemplate<class _Tp, class ... _Args> typename std::_MakeUniq<_Tp>::__single_object std::make_unique(_Args&& ...)[m[Kâ€™
[2.460s]   961 |     [01;36m[Kmake_unique[m[K(_Args&&... __args)
[2.460s]       |     [01;36m[K^~~~~~~~~~~[m[K
[2.460s] [01m[K/usr/include/c++/11/bits/unique_ptr.h:961:5:[m[K [01;36m[Knote: [m[K  template argument deduction/substitution failed:
[2.460s] [01m[K/home/aksel/Documents/GitHub/Mobile_robotter/ros2_ws/src/lidar_data/src/lidarnode.cpp:26:70:[m[K [01;31m[Kerror: [m[Ktemplate argument 1 is invalid
[2.460s]    26 |     _tf_broadcaster = [01;31m[Kstd::make_unique<tf2_ros::TransformBroadcaster>(*this)[m[K;
[2.460s]       |                       [01;31m[K~~~~~~~~~~~~~~~~~~~~~~~~~~~~~~~~~~~~~~~~~~~~~~~^~~~~~~[m[K
[2.460s] In file included from [01m[K/usr/include/c++/11/memory:76[m[K,
[2.460s]                  from [01m[K/opt/ros/humble/include/rclcpp/rclcpp/rclcpp.hpp:153[m[K,
[2.460s]                  from [01m[K/home/aksel/Documents/GitHub/Mobile_robotter/ros2_ws/src/lidar_data/include/lidarnode.h:4[m[K,
[2.460s]                  from [01m[K/home/aksel/Documents/GitHub/Mobile_robotter/ros2_ws/src/lidar_data/src/lidarnode.cpp:1[m[K:
[2.460s] [01m[K/usr/include/c++/11/bits/unique_ptr.h:967:5:[m[K [01;36m[Knote: [m[Kcandidate: â€˜[01m[Ktemplate<class _Tp> typename std::_MakeUniq<_Tp>::__array std::make_unique(std::size_t)[m[Kâ€™
[2.460s]   967 |     [01;36m[Kmake_unique[m[K(size_t __num)
[2.460s]       |     [01;36m[K^~~~~~~~~~~[m[K
[2.460s] [01m[K/usr/include/c++/11/bits/unique_ptr.h:967:5:[m[K [01;36m[Knote: [m[K  template argument deduction/substitution failed:
[2.460s] [01m[K/home/aksel/Documents/GitHub/Mobile_robotter/ros2_ws/src/lidar_data/src/lidarnode.cpp:26:70:[m[K [01;31m[Kerror: [m[Ktemplate argument 1 is invalid
[2.460s]    26 |     _tf_broadcaster = [01;31m[Kstd::make_unique<tf2_ros::TransformBroadcaster>(*this)[m[K;
[2.460s]       |                       [01;31m[K~~~~~~~~~~~~~~~~~~~~~~~~~~~~~~~~~~~~~~~~~~~~~~~^~~~~~~[m[K
[2.460s] In file included from [01m[K/usr/include/c++/11/memory:76[m[K,
[2.460s]                  from [01m[K/opt/ros/humble/include/rclcpp/rclcpp/rclcpp.hpp:153[m[K,
[2.460s]                  from [01m[K/home/aksel/Documents/GitHub/Mobile_robotter/ros2_ws/src/lidar_data/include/lidarnode.h:4[m[K,
[2.461s]                  from [01m[K/home/aksel/Documents/GitHub/Mobile_robotter/ros2_ws/src/lidar_data/src/lidarnode.cpp:1[m[K:
[2.461s] [01m[K/usr/include/c++/11/bits/unique_ptr.h:973:5:[m[K [01;36m[Knote: [m[Kcandidate: â€˜[01m[Ktemplate<class _Tp, class ... _Args> typename std::_MakeUniq<_Tp>::__invalid_type std::make_unique(_Args&& ...)[m[Kâ€™ (deleted)
[2.461s]   973 |     [01;36m[Kmake_unique[m[K(_Args&&...) = delete;
[2.461s]       |     [01;36m[K^~~~~~~~~~~[m[K
[2.461s] [01m[K/usr/include/c++/11/bits/unique_ptr.h:973:5:[m[K [01;36m[Knote: [m[K  template argument deduction/substitution failed:
[2.461s] [01m[K/home/aksel/Documents/GitHub/Mobile_robotter/ros2_ws/src/lidar_data/src/lidarnode.cpp:26:70:[m[K [01;31m[Kerror: [m[Ktemplate argument 1 is invalid
[2.461s]    26 |     _tf_broadcaster = [01;31m[Kstd::make_unique<tf2_ros::TransformBroadcaster>(*this)[m[K;
[2.461s]       |                       [01;31m[K~~~~~~~~~~~~~~~~~~~~~~~~~~~~~~~~~~~~~~~~~~~~~~~^~~~~~~[m[K
[2.466s] [01m[K/home/aksel/Documents/GitHub/Mobile_robotter/ros2_ws/src/lidar_data/src/lidarnode.cpp:[m[K In member function â€˜[01m[Kvoid MappingNode::odomCallback(nav_msgs::msg::Odometry_<std::allocator<void> >::SharedPtr)[m[Kâ€™:
[2.466s] [01m[K/home/aksel/Documents/GitHub/Mobile_robotter/ros2_ws/src/lidar_data/src/lidarnode.cpp:85:25:[m[K [01;31m[Kerror: [m[Kâ€˜[01m[KTransformStamped[m[Kâ€™ is not a member of â€˜[01m[Kgeometry_msgs::msg[m[Kâ€™
[2.466s]    85 |     geometry_msgs::msg::[01;31m[KTransformStamped[m[K t;
[2.466s]       |                         [01;31m[K^~~~~~~~~~~~~~~~[m[K
[2.470s] [01m[K/home/aksel/Documents/GitHub/Mobile_robotter/ros2_ws/src/lidar_data/src/lidarnode.cpp:86:5:[m[K [01;31m[Kerror: [m[Kâ€˜[01m[Kt[m[Kâ€™ was not declared in this scope; did you mean â€˜[01m[Ktm[m[Kâ€™?
[2.471s]    86 |     [01;31m[Kt[m[K.header.stamp = this->get_clock()->now();
[2.471s]       |     [01;31m[K^[m[K
[2.471s]       |     [32m[Ktm[m[K
[2.471s] [01m[K/home/aksel/Documents/GitHub/Mobile_robotter/ros2_ws/src/lidar_data/src/lidarnode.cpp:96:5:[m[K [01;31m[Kerror: [m[Kâ€˜[01m[Ktf2[m[Kâ€™ has not been declared
[2.471s]    96 |     [01;31m[Ktf2[m[K::Quaternion q;
[2.471s]       |     [01;31m[K^~~[m[K
[2.475s] [01m[K/home/aksel/Documents/GitHub/Mobile_robotter/ros2_ws/src/lidar_data/src/lidarnode.cpp:97:5:[m[K [01;31m[Kerror: [m[Kâ€˜[01m[Kq[m[Kâ€™ was not declared in this scope
[2.475s]    97 |     [01;31m[Kq[m[K.setRPY(0.0, 0.0, -_initial_yaw);
[2.475s]       |     [01;31m[K^[m[K
[2.484s] [01m[K/home/aksel/Documents/GitHub/Mobile_robotter/ros2_ws/src/lidar_data/src/lidarnode.cpp:104:5:[m[K [01;31m[Kerror: [m[Kâ€˜[01m[K_tf_broadcaster[m[Kâ€™ was not declared in this scope
[2.485s]   104 |     [01;31m[K_tf_broadcaster[m[K->sendTransform(t);
[2.485s]       |     [01;31m[K^~~~~~~~~~~~~~~[m[K
[2.486s] [01m[K/home/aksel/Documents/GitHub/Mobile_robotter/ros2_ws/src/lidar_data/src/lidarnode.cpp:[m[K In member function â€˜[01m[Kvoid MappingNode::sendMapDataToGUI(std::vector<double, std::allocator<double> >&, std::vector<double, std::allocator<double> >&, double, double, double)[m[Kâ€™:
[2.486s] [01m[K/home/aksel/Documents/GitHub/Mobile_robotter/ros2_ws/src/lidar_data/src/lidarnode.cpp:108:43:[m[K [01;35m[Kwarning: [m[Kunused parameter â€˜[01m[Krobot_x[m[Kâ€™ [[01;35m[K]8;;https://gcc.gnu.org/onlinedocs/gcc/Warning-Options.html#index-Wunused-parameter-Wunused-parameter]8;;[m[K]
[2.486s]   108 |                                    [01;35m[Kdouble robot_x[m[K, double robot_y, double robot_yaw) {
[2.486s]       |                                    [01;35m[K~~~~~~~^~~~~~~[m[K
[2.486s] [01m[K/home/aksel/Documents/GitHub/Mobile_robotter/ros2_ws/src/lidar_data/src/lidarnode.cpp:108:59:[m[K [01;35m[Kwarning: [m[Kunused parameter â€˜[01m[Krobot_y[m[Kâ€™ [[01;35m[K]8;;https://gcc.gnu.org/onlinedocs/gcc/Warning-Options.html#index-Wunused-parameter-Wunused-parameter]8;;[m[K]
[2.486s]   108 |                                    double robot_x, [01;35m[Kdouble robot_y[m[K, double robot_yaw) {
[2.486s]       |                                                    [01;35m[K~~~~~~~^~~~~~~[m[K
[2.486s] [01m[K/home/aksel/Documents/GitHub/Mobile_robotter/ros2_ws/src/lidar_data/src/lidarnode.cpp:108:75:[m[K [01;35m[Kwarning: [m[Kunused parameter â€˜[01m[Krobot_yaw[m[Kâ€™ [[01;35m[K]8;;https://gcc.gnu.org/onlinedocs/gcc/Warning-Options.html#index-Wunused-parameter-Wunused-parameter]8;;[m[K]
[2.486s]   108 |                                    double robot_x, double robot_y, [01;35m[Kdouble robot_yaw[m[K) {
[2.486s]       |                                                                    [01;35m[K~~~~~~~^~~~~~~~~[m[K
[5.059s] gmake[2]: *** [CMakeFiles/lidar_data.dir/build.make:90: CMakeFiles/lidar_data.dir/src/lidarnode.cpp.o] Error 1
[5.059s] gmake[1]: *** [CMakeFiles/Makefile2:137: CMakeFiles/lidar_data.dir/all] Error 2
[5.059s] gmake: *** [Makefile:146: all] Error 2
[5.062s] Invoked command in '/home/aksel/Documents/GitHub/Mobile_robotter/ros2_ws/build/lidar_data' returned '2': CMAKE_PREFIX_PATH=${CMAKE_PREFIX_PATH}:/home/aksel/turtlebot3_ws/install/turtlebot3_teleop:/home/aksel/turtlebot3_ws/install/turtlebot3_example:/opt/ros/humble /usr/bin/cmake --build /home/aksel/Documents/GitHub/Mobile_robotter/ros2_ws/build/lidar_data -- -j16 -l16
