[0.018s] Invoking command in '/home/aksel/Documents/GitHub/Mobile_robotter/ros2_ws/build/lidar_data': CMAKE_PREFIX_PATH=${CMAKE_PREFIX_PATH}:/home/aksel/turtlebot3_ws/install/turtlebot3_teleop:/home/aksel/turtlebot3_ws/install/turtlebot3_example:/opt/ros/humble /bin/cmake --build /home/aksel/Documents/GitHub/Mobile_robotter/ros2_ws/build/lidar_data -- -j16 -l16
[0.037s] -- Found ament_cmake: 1.3.10 (/opt/ros/humble/share/ament_cmake/cmake)
[0.080s] -- Found Python3: /usr/bin/python3 (found version "3.10.12") found components: Interpreter 
[0.140s] -- Override CMake install command with custom implementation using symlinks instead of copying resources
[0.147s] -- Found rclcpp: 16.0.10 (/opt/ros/humble/share/rclcpp/cmake)
[0.171s] -- Found rosidl_generator_c: 3.1.5 (/opt/ros/humble/share/rosidl_generator_c/cmake)
[0.173s] -- Found rosidl_adapter: 3.1.5 (/opt/ros/humble/share/rosidl_adapter/cmake)
[0.177s] -- Found rosidl_generator_cpp: 3.1.5 (/opt/ros/humble/share/rosidl_generator_cpp/cmake)
[0.184s] -- Using all available rosidl_typesupport_c: rosidl_typesupport_fastrtps_c;rosidl_typesupport_introspection_c
[0.195s] -- Using all available rosidl_typesupport_cpp: rosidl_typesupport_fastrtps_cpp;rosidl_typesupport_introspection_cpp
[0.220s] -- Found rmw_implementation_cmake: 6.1.2 (/opt/ros/humble/share/rmw_implementation_cmake/cmake)
[0.221s] -- Found rmw_fastrtps_cpp: 6.2.7 (/opt/ros/humble/share/rmw_fastrtps_cpp/cmake)
[0.328s] -- Using RMW implementation 'rmw_fastrtps_cpp' as default
[0.362s] -- Found geometry_msgs: 4.2.4 (/opt/ros/humble/share/geometry_msgs/cmake)
[0.371s] -- Found sensor_msgs: 4.2.4 (/opt/ros/humble/share/sensor_msgs/cmake)
[0.383s] -- Found rclcpp_components: 16.0.10 (/opt/ros/humble/share/rclcpp_components/cmake)
[0.396s] -- Found nav_msgs: 4.2.4 (/opt/ros/humble/share/nav_msgs/cmake)
[0.454s] -- Found Python3: /usr/bin/python3 (found version "3.10.12") found components: Interpreter Development Development.Module Development.Embed 
[0.520s] -- Configuring done
[0.532s] -- Generating done
[0.534s] -- Build files have been written to: /home/aksel/Documents/GitHub/Mobile_robotter/ros2_ws/build/lidar_data
[0.567s] [35m[1mConsolidate compiler generated dependencies of target lidar_data[0m
[0.590s] [ 66%] [32mBuilding CXX object CMakeFiles/lidar_data.dir/src/lidarnode.cpp.o[0m
[0.590s] [ 66%] [32mBuilding CXX object CMakeFiles/lidar_data.dir/src/main.cpp.o[0m
[1.294s] In file included from [01m[K/home/aksel/Documents/GitHub/Mobile_robotter/ros2_ws/src/lidar_data/src/lidarnode.cpp:1[m[K:
[1.294s] [01m[K/home/aksel/Documents/GitHub/Mobile_robotter/ros2_ws/src/lidar_data/include/lidarnode.h:11:28:[m[K [01;31m[Kerror: [m[Kâ€˜[01m[Krclcpp[m[Kâ€™ has not been declared
[1.294s]    11 | class MappingNode : public [01;31m[Krclcpp[m[K::Node {
[1.294s]       |                            [01;31m[K^~~~~~[m[K
[1.294s] [01m[K/home/aksel/Documents/GitHub/Mobile_robotter/ros2_ws/src/lidar_data/include/lidarnode.h:11:36:[m[K [01;31m[Kerror: [m[Kexpected â€˜[01m[K{[m[Kâ€™ before â€˜[01m[KNode[m[Kâ€™
[1.294s]    11 | class MappingNode : public rclcpp::[01;31m[KNode[m[K {
[1.294s]       |                                    [01;31m[K^~~~[m[K
[1.294s] [01m[K/home/aksel/Documents/GitHub/Mobile_robotter/ros2_ws/src/lidar_data/include/lidarnode.h:12:1:[m[K [01;31m[Kerror: [m[Kexpected primary-expression before â€˜[01m[Kprivate[m[Kâ€™
[1.294s]    12 | [01;31m[Kprivate[m[K:
[1.294s]       | [01;31m[K^~~~~~~[m[K
[1.294s] [01m[K/home/aksel/Documents/GitHub/Mobile_robotter/ros2_ws/src/lidar_data/include/lidarnode.h:12:1:[m[K [01;31m[Kerror: [m[Kexpected â€˜[01m[K}[m[Kâ€™ before â€˜[01m[Kprivate[m[Kâ€™
[1.294s] [01m[K/home/aksel/Documents/GitHub/Mobile_robotter/ros2_ws/src/lidar_data/include/lidarnode.h:11:41:[m[K [01;36m[Knote: [m[Kto match this â€˜[01m[K{[m[Kâ€™
[1.294s]    11 | class MappingNode : public rclcpp::Node [01;36m[K{[m[K
[1.294s]       |                                         [01;36m[K^[m[K
[1.296s] [01m[K/home/aksel/Documents/GitHub/Mobile_robotter/ros2_ws/src/lidar_data/include/lidarnode.h:17:5:[m[K [01;31m[Kerror: [m[Kâ€˜[01m[Krclcpp[m[Kâ€™ does not name a type
[1.296s]    17 |     [01;31m[Krclcpp[m[K::Subscription<sensor_msgs::msg::LaserScan>::SharedPtr _lidar_subscription;
[1.296s]       |     [01;31m[K^~~~~~[m[K
[1.299s] [01m[K/home/aksel/Documents/GitHub/Mobile_robotter/ros2_ws/src/lidar_data/include/lidarnode.h:18:5:[m[K [01;31m[Kerror: [m[Kâ€˜[01m[Krclcpp[m[Kâ€™ does not name a type
[1.299s]    18 |     [01;31m[Krclcpp[m[K::Subscription<nav_msgs::msg::Odometry>::SharedPtr _odom_subscription;
[1.299s]       |     [01;31m[K^~~~~~[m[K
[1.299s] [01m[K/home/aksel/Documents/GitHub/Mobile_robotter/ros2_ws/src/lidar_data/include/lidarnode.h:20:1:[m[K [01;31m[Kerror: [m[Kexpected unqualified-id before â€˜[01m[Kpublic[m[Kâ€™
[1.299s]    20 | [01;31m[Kpublic[m[K:
[1.299s]       | [01;31m[K^~~~~~[m[K
[1.299s] [01m[K/home/aksel/Documents/GitHub/Mobile_robotter/ros2_ws/src/lidar_data/include/lidarnode.h:28:1:[m[K [01;31m[Kerror: [m[Kexpected declaration before â€˜[01m[K}[m[Kâ€™ token
[1.299s]    28 | [01;31m[K}[m[K;
[1.299s]       | [01;31m[K^[m[K
[1.299s] [01m[K/home/aksel/Documents/GitHub/Mobile_robotter/ros2_ws/src/lidar_data/src/lidarnode.cpp:3:26:[m[K [01;31m[Kerror: [m[Kinvalid use of incomplete type â€˜[01m[Kclass MappingNode[m[Kâ€™
[1.299s]     3 | MappingNode::MappingNode([01;31m[K)[m[K : Node("mapping_node") {
[1.299s]       |                          [01;31m[K^[m[K
[1.299s] In file included from [01m[K/home/aksel/Documents/GitHub/Mobile_robotter/ros2_ws/src/lidar_data/src/lidarnode.cpp:1[m[K:
[1.299s] [01m[K/home/aksel/Documents/GitHub/Mobile_robotter/ros2_ws/src/lidar_data/include/lidarnode.h:11:7:[m[K [01;36m[Knote: [m[Kforward declaration of â€˜[01m[Kclass MappingNode[m[Kâ€™
[1.299s]    11 | class [01;36m[KMappingNode[m[K : public rclcpp::Node {
[1.299s]       |       [01;36m[K^~~~~~~~~~~[m[K
[1.300s] [01m[K/home/aksel/Documents/GitHub/Mobile_robotter/ros2_ws/src/lidar_data/src/lidarnode.cpp:18:80:[m[K [01;31m[Kerror: [m[Kinvalid use of incomplete type â€˜[01m[Kclass MappingNode[m[Kâ€™
[1.300s]    18 | void MappingNode::scanCallback(const sensor_msgs::msg::LaserScan::SharedPtr msg[01;31m[K)[m[K {
[1.300s]       |                                                                                [01;31m[K^[m[K
[1.300s] In file included from [01m[K/home/aksel/Documents/GitHub/Mobile_robotter/ros2_ws/src/lidar_data/src/lidarnode.cpp:1[m[K:
[1.300s] [01m[K/home/aksel/Documents/GitHub/Mobile_robotter/ros2_ws/src/lidar_data/include/lidarnode.h:11:7:[m[K [01;36m[Knote: [m[Kforward declaration of â€˜[01m[Kclass MappingNode[m[Kâ€™
[1.300s]    11 | class [01;36m[KMappingNode[m[K : public rclcpp::Node {
[1.300s]       |       [01;36m[K^~~~~~~~~~~[m[K
[1.300s] [01m[K/home/aksel/Documents/GitHub/Mobile_robotter/ros2_ws/src/lidar_data/src/lidarnode.cpp:70:76:[m[K [01;31m[Kerror: [m[Kinvalid use of incomplete type â€˜[01m[Kclass MappingNode[m[Kâ€™
[1.300s]    70 | void MappingNode::odomCallback(const nav_msgs::msg::Odometry::SharedPtr msg[01;31m[K)[m[K {
[1.300s]       |                                                                            [01;31m[K^[m[K
[1.300s] In file included from [01m[K/home/aksel/Documents/GitHub/Mobile_robotter/ros2_ws/src/lidar_data/src/lidarnode.cpp:1[m[K:
[1.300s] [01m[K/home/aksel/Documents/GitHub/Mobile_robotter/ros2_ws/src/lidar_data/include/lidarnode.h:11:7:[m[K [01;36m[Knote: [m[Kforward declaration of â€˜[01m[Kclass MappingNode[m[Kâ€™
[1.300s]    11 | class [01;36m[KMappingNode[m[K : public rclcpp::Node {
[1.300s]       |       [01;36m[K^~~~~~~~~~~[m[K
[1.410s] gmake[2]: *** [CMakeFiles/lidar_data.dir/build.make:90: CMakeFiles/lidar_data.dir/src/lidarnode.cpp.o] Error 1
[1.410s] gmake[2]: *** Waiting for unfinished jobs....
[3.318s] gmake[1]: *** [CMakeFiles/Makefile2:137: CMakeFiles/lidar_data.dir/all] Error 2
[3.319s] gmake: *** [Makefile:146: all] Error 2
[3.321s] Invoked command in '/home/aksel/Documents/GitHub/Mobile_robotter/ros2_ws/build/lidar_data' returned '2': CMAKE_PREFIX_PATH=${CMAKE_PREFIX_PATH}:/home/aksel/turtlebot3_ws/install/turtlebot3_teleop:/home/aksel/turtlebot3_ws/install/turtlebot3_example:/opt/ros/humble /bin/cmake --build /home/aksel/Documents/GitHub/Mobile_robotter/ros2_ws/build/lidar_data -- -j16 -l16
