[0.010s] Invoking command in '/home/aksel/Documents/GitHub/Mobile_robotter/ros2_ws/build/dtmf_to_cmd_vel': CMAKE_PREFIX_PATH=${CMAKE_PREFIX_PATH}:/opt/ros/humble /usr/bin/cmake --build /home/aksel/Documents/GitHub/Mobile_robotter/ros2_ws/build/dtmf_to_cmd_vel -- -j16 -l16
[0.048s] [35m[1mConsolidate compiler generated dependencies of target dtmf_to_cmd_vel[0m
[0.067s] [ 25%] [32mBuilding CXX object CMakeFiles/dtmf_to_cmd_vel.dir/src/audio.cpp.o[0m
[2.086s] [01m[K/home/aksel/Documents/GitHub/Mobile_robotter/ros2_ws/src/dtmf_to_cmd_vel/src/audio.cpp:[m[K In static member function â€˜[01m[Kstatic void Audio::reactOnSignal()[m[Kâ€™:
[2.086s] [01m[K/home/aksel/Documents/GitHub/Mobile_robotter/ros2_ws/src/dtmf_to_cmd_vel/src/audio.cpp:410:39:[m[K [01;31m[Kerror: [m[Kâ€˜[01m[Kspeed[m[Kâ€™ was not declared in this scope
[2.086s]   410 |         dtmfNode->publishTwistMessage([01;31m[Kspeed[m[K, direction);
[2.086s]       |                                       [01;31m[K^~~~~[m[K
[2.487s] gmake[2]: *** [CMakeFiles/dtmf_to_cmd_vel.dir/build.make:90: CMakeFiles/dtmf_to_cmd_vel.dir/src/audio.cpp.o] Error 1
[2.487s] gmake[1]: *** [CMakeFiles/Makefile2:137: CMakeFiles/dtmf_to_cmd_vel.dir/all] Error 2
[2.488s] gmake: *** [Makefile:146: all] Error 2
[2.491s] Invoked command in '/home/aksel/Documents/GitHub/Mobile_robotter/ros2_ws/build/dtmf_to_cmd_vel' returned '2': CMAKE_PREFIX_PATH=${CMAKE_PREFIX_PATH}:/opt/ros/humble /usr/bin/cmake --build /home/aksel/Documents/GitHub/Mobile_robotter/ros2_ws/build/dtmf_to_cmd_vel -- -j16 -l16
