[0.015s] Invoking command in '/home/aksel/Documents/GitHub/Mobile_robotter/ros2_ws/build/dtmf_to_cmd_vel': CMAKE_PREFIX_PATH=${CMAKE_PREFIX_PATH}:/home/aksel/turtlebot3_ws/install/turtlebot3_teleop:/home/aksel/turtlebot3_ws/install/turtlebot3_example:/opt/ros/humble /usr/bin/cmake /home/aksel/Documents/GitHub/Mobile_robotter/ros2_ws/src/dtmf_to_cmd_vel -DCMAKE_INSTALL_PREFIX=/home/aksel/Documents/GitHub/Mobile_robotter/ros2_ws/install/dtmf_to_cmd_vel
[0.093s] -- The CXX compiler identification is GNU 11.4.0
[0.102s] -- Detecting CXX compiler ABI info
[0.183s] -- Detecting CXX compiler ABI info - done
[0.192s] -- Check for working CXX compiler: /usr/bin/c++ - skipped
[0.192s] -- Detecting CXX compile features
[0.193s] -- Detecting CXX compile features - done
[0.197s] -- Found ament_cmake: 1.3.10 (/opt/ros/humble/share/ament_cmake/cmake)
[0.317s] -- Found Python3: /usr/bin/python3 (found version "3.10.12") found components: Interpreter 
[0.431s] -- Found rclcpp: 16.0.10 (/opt/ros/humble/share/rclcpp/cmake)
[0.482s] -- Found rosidl_generator_c: 3.1.5 (/opt/ros/humble/share/rosidl_generator_c/cmake)
[0.489s] -- Found rosidl_adapter: 3.1.5 (/opt/ros/humble/share/rosidl_adapter/cmake)
[0.500s] -- Found rosidl_generator_cpp: 3.1.5 (/opt/ros/humble/share/rosidl_generator_cpp/cmake)
[0.514s] -- Using all available rosidl_typesupport_c: rosidl_typesupport_fastrtps_c;rosidl_typesupport_introspection_c
[0.532s] -- Using all available rosidl_typesupport_cpp: rosidl_typesupport_fastrtps_cpp;rosidl_typesupport_introspection_cpp
[0.583s] -- Found rmw_implementation_cmake: 6.1.2 (/opt/ros/humble/share/rmw_implementation_cmake/cmake)
[0.588s] -- Found rmw_fastrtps_cpp: 6.2.7 (/opt/ros/humble/share/rmw_fastrtps_cpp/cmake)
[0.683s] -- Found OpenSSL: /usr/lib/x86_64-linux-gnu/libcrypto.so (found version "3.0.2")  
[0.719s] -- Found FastRTPS: /opt/ros/humble/include  
[0.761s] -- Using RMW implementation 'rmw_fastrtps_cpp' as default
[0.771s] -- Looking for C++ include pthread.h
[0.842s] -- Looking for C++ include pthread.h - found
[0.842s] -- Performing Test CMAKE_HAVE_LIBC_PTHREAD
[0.916s] -- Performing Test CMAKE_HAVE_LIBC_PTHREAD - Success
[0.917s] -- Found Threads: TRUE  
[0.980s] -- Found geometry_msgs: 4.2.4 (/opt/ros/humble/share/geometry_msgs/cmake)
[0.993s] -- Found sensor_msgs: 4.2.4 (/opt/ros/humble/share/sensor_msgs/cmake)
[1.007s] -- Found teleop_twist_joy: 2.4.7 (/opt/ros/humble/share/teleop_twist_joy/cmake)
[1.010s] -- Found rclcpp_components: 16.0.10 (/opt/ros/humble/share/rclcpp_components/cmake)
[1.038s] -- Found SFML 2.5.1 in /usr/lib/x86_64-linux-gnu/cmake/SFML
[1.091s] -- Configuring done
[1.099s] -- Generating done
[1.101s] -- Build files have been written to: /home/aksel/Documents/GitHub/Mobile_robotter/ros2_ws/build/dtmf_to_cmd_vel
[1.110s] Invoked command in '/home/aksel/Documents/GitHub/Mobile_robotter/ros2_ws/build/dtmf_to_cmd_vel' returned '0': CMAKE_PREFIX_PATH=${CMAKE_PREFIX_PATH}:/home/aksel/turtlebot3_ws/install/turtlebot3_teleop:/home/aksel/turtlebot3_ws/install/turtlebot3_example:/opt/ros/humble /usr/bin/cmake /home/aksel/Documents/GitHub/Mobile_robotter/ros2_ws/src/dtmf_to_cmd_vel -DCMAKE_INSTALL_PREFIX=/home/aksel/Documents/GitHub/Mobile_robotter/ros2_ws/install/dtmf_to_cmd_vel
[1.111s] Invoking command in '/home/aksel/Documents/GitHub/Mobile_robotter/ros2_ws/build/dtmf_to_cmd_vel': CMAKE_PREFIX_PATH=${CMAKE_PREFIX_PATH}:/home/aksel/turtlebot3_ws/install/turtlebot3_teleop:/home/aksel/turtlebot3_ws/install/turtlebot3_example:/opt/ros/humble /usr/bin/cmake --build /home/aksel/Documents/GitHub/Mobile_robotter/ros2_ws/build/dtmf_to_cmd_vel -- -j16 -l16
[1.154s] [ 75%] [32mBuilding CXX object CMakeFiles/dtmf_to_cmd_vel.dir/src/main.cpp.o[0m
[1.154s] [ 75%] [32mBuilding CXX object CMakeFiles/dtmf_to_cmd_vel.dir/src/audio.cpp.o[0m
[1.154s] [ 75%] [32mBuilding CXX object CMakeFiles/dtmf_to_cmd_vel.dir/src/dtmf_to_cmd_vel_node.cpp.o[0m
[3.513s] [01m[K/home/aksel/Documents/GitHub/Mobile_robotter/ros2_ws/src/dtmf_to_cmd_vel/src/dtmf_to_cmd_vel_node.cpp:[m[K In constructor â€˜[01m[KDtmfToCmdVelNode::DtmfToCmdVelNode()[m[Kâ€™:
[3.514s] [01m[K/home/aksel/Documents/GitHub/Mobile_robotter/ros2_ws/src/dtmf_to_cmd_vel/src/dtmf_to_cmd_vel_node.cpp:5:31:[m[K [01;31m[Kerror: [m[Kâ€˜[01m[KAudio[m[Kâ€™ was not declared in this scope; did you mean â€˜[01m[K_audio[m[Kâ€™?
[3.514s]     5 |     _audio = std::make_unique<[01;31m[KAudio[m[K>(); // Initialize _audio as a unique pointer
[3.514s]       |                               [01;31m[K^~~~~[m[K
[3.514s]       |                               [32m[K_audio[m[K
[3.514s] [01m[K/home/aksel/Documents/GitHub/Mobile_robotter/ros2_ws/src/dtmf_to_cmd_vel/src/dtmf_to_cmd_vel_node.cpp:5:37:[m[K [01;31m[Kerror: [m[Kno matching function for call to â€˜[01m[Kmake_unique<<expression error> >()[m[Kâ€™
[3.514s]     5 |     _audio = [01;31m[Kstd::make_unique<Audio>()[m[K; // Initialize _audio as a unique pointer
[3.514s]       |              [01;31m[K~~~~~~~~~~~~~~~~~~~~~~~^~[m[K
[3.514s] In file included from [01m[K/usr/include/c++/11/memory:76[m[K,
[3.514s]                  from [01m[K/opt/ros/humble/include/rclcpp/rclcpp/rclcpp.hpp:153[m[K,
[3.515s]                  from [01m[K/home/aksel/Documents/GitHub/Mobile_robotter/ros2_ws/src/dtmf_to_cmd_vel/include/dtmf_to_cmd_vel_node.h:4[m[K,
[3.515s]                  from [01m[K/home/aksel/Documents/GitHub/Mobile_robotter/ros2_ws/src/dtmf_to_cmd_vel/src/dtmf_to_cmd_vel_node.cpp:1[m[K:
[3.515s] [01m[K/usr/include/c++/11/bits/unique_ptr.h:961:5:[m[K [01;36m[Knote: [m[Kcandidate: â€˜[01m[Ktemplate<class _Tp, class ... _Args> typename std::_MakeUniq<_Tp>::__single_object std::make_unique(_Args&& ...)[m[Kâ€™
[3.515s]   961 |     [01;36m[Kmake_unique[m[K(_Args&&... __args)
[3.515s]       |     [01;36m[K^~~~~~~~~~~[m[K
[3.515s] [01m[K/usr/include/c++/11/bits/unique_ptr.h:961:5:[m[K [01;36m[Knote: [m[K  template argument deduction/substitution failed:
[3.515s] [01m[K/home/aksel/Documents/GitHub/Mobile_robotter/ros2_ws/src/dtmf_to_cmd_vel/src/dtmf_to_cmd_vel_node.cpp:5:37:[m[K [01;31m[Kerror: [m[Ktemplate argument 1 is invalid
[3.515s]     5 |     _audio = [01;31m[Kstd::make_unique<Audio>()[m[K; // Initialize _audio as a unique pointer
[3.515s]       |              [01;31m[K~~~~~~~~~~~~~~~~~~~~~~~^~[m[K
[3.515s] In file included from [01m[K/usr/include/c++/11/memory:76[m[K,
[3.515s]                  from [01m[K/opt/ros/humble/include/rclcpp/rclcpp/rclcpp.hpp:153[m[K,
[3.516s]                  from [01m[K/home/aksel/Documents/GitHub/Mobile_robotter/ros2_ws/src/dtmf_to_cmd_vel/include/dtmf_to_cmd_vel_node.h:4[m[K,
[3.516s]                  from [01m[K/home/aksel/Documents/GitHub/Mobile_robotter/ros2_ws/src/dtmf_to_cmd_vel/src/dtmf_to_cmd_vel_node.cpp:1[m[K:
[3.516s] [01m[K/usr/include/c++/11/bits/unique_ptr.h:967:5:[m[K [01;36m[Knote: [m[Kcandidate: â€˜[01m[Ktemplate<class _Tp> typename std::_MakeUniq<_Tp>::__array std::make_unique(std::size_t)[m[Kâ€™
[3.516s]   967 |     [01;36m[Kmake_unique[m[K(size_t __num)
[3.516s]       |     [01;36m[K^~~~~~~~~~~[m[K
[3.516s] [01m[K/usr/include/c++/11/bits/unique_ptr.h:967:5:[m[K [01;36m[Knote: [m[K  template argument deduction/substitution failed:
[3.516s] [01m[K/home/aksel/Documents/GitHub/Mobile_robotter/ros2_ws/src/dtmf_to_cmd_vel/src/dtmf_to_cmd_vel_node.cpp:5:37:[m[K [01;31m[Kerror: [m[Ktemplate argument 1 is invalid
[3.516s]     5 |     _audio = [01;31m[Kstd::make_unique<Audio>()[m[K; // Initialize _audio as a unique pointer
[3.516s]       |              [01;31m[K~~~~~~~~~~~~~~~~~~~~~~~^~[m[K
[3.517s] In file included from [01m[K/usr/include/c++/11/memory:76[m[K,
[3.517s]                  from [01m[K/opt/ros/humble/include/rclcpp/rclcpp/rclcpp.hpp:153[m[K,
[3.517s]                  from [01m[K/home/aksel/Documents/GitHub/Mobile_robotter/ros2_ws/src/dtmf_to_cmd_vel/include/dtmf_to_cmd_vel_node.h:4[m[K,
[3.517s]                  from [01m[K/home/aksel/Documents/GitHub/Mobile_robotter/ros2_ws/src/dtmf_to_cmd_vel/src/dtmf_to_cmd_vel_node.cpp:1[m[K:
[3.517s] [01m[K/usr/include/c++/11/bits/unique_ptr.h:973:5:[m[K [01;36m[Knote: [m[Kcandidate: â€˜[01m[Ktemplate<class _Tp, class ... _Args> typename std::_MakeUniq<_Tp>::__invalid_type std::make_unique(_Args&& ...)[m[Kâ€™ (deleted)
[3.517s]   973 |     [01;36m[Kmake_unique[m[K(_Args&&...) = delete;
[3.517s]       |     [01;36m[K^~~~~~~~~~~[m[K
[3.517s] [01m[K/usr/include/c++/11/bits/unique_ptr.h:973:5:[m[K [01;36m[Knote: [m[K  template argument deduction/substitution failed:
[3.517s] [01m[K/home/aksel/Documents/GitHub/Mobile_robotter/ros2_ws/src/dtmf_to_cmd_vel/src/dtmf_to_cmd_vel_node.cpp:5:37:[m[K [01;31m[Kerror: [m[Ktemplate argument 1 is invalid
[3.518s]     5 |     _audio = [01;31m[Kstd::make_unique<Audio>()[m[K; // Initialize _audio as a unique pointer
[3.518s]       |              [01;31m[K~~~~~~~~~~~~~~~~~~~~~~~^~[m[K
[3.518s] [01m[K/home/aksel/Documents/GitHub/Mobile_robotter/ros2_ws/src/dtmf_to_cmd_vel/src/dtmf_to_cmd_vel_node.cpp:8:5:[m[K [01;31m[Kerror: [m[Kâ€˜[01m[KAudio[m[Kâ€™ is not a class, namespace, or enumeration
[3.518s]     8 |     [01;31m[KAudio[m[K::setDtmfNode(this);
[3.518s]       |     [01;31m[K^~~~~[m[K
[3.518s] [01m[K/home/aksel/Documents/GitHub/Mobile_robotter/ros2_ws/src/dtmf_to_cmd_vel/src/dtmf_to_cmd_vel_node.cpp:[m[K At global scope:
[3.518s] [01m[K/home/aksel/Documents/GitHub/Mobile_robotter/ros2_ws/src/dtmf_to_cmd_vel/src/dtmf_to_cmd_vel_node.cpp:24:6:[m[K [01;31m[Kerror: [m[Kno declaration matches â€˜[01m[Kvoid DtmfToCmdVelNode::testLinearOnly(int)[m[Kâ€™
[3.518s]    24 | void [01;31m[KDtmfToCmdVelNode[m[K::testLinearOnly(int speed) {
[3.518s]       |      [01;31m[K^~~~~~~~~~~~~~~~[m[K
[3.518s] [01m[K/home/aksel/Documents/GitHub/Mobile_robotter/ros2_ws/src/dtmf_to_cmd_vel/src/dtmf_to_cmd_vel_node.cpp:24:6:[m[K [01;36m[Knote: [m[Kno functions named â€˜[01m[Kvoid DtmfToCmdVelNode::testLinearOnly(int)[m[Kâ€™
[3.519s] In file included from [01m[K/home/aksel/Documents/GitHub/Mobile_robotter/ros2_ws/src/dtmf_to_cmd_vel/src/dtmf_to_cmd_vel_node.cpp:1[m[K:
[3.519s] [01m[K/home/aksel/Documents/GitHub/Mobile_robotter/ros2_ws/src/dtmf_to_cmd_vel/include/dtmf_to_cmd_vel_node.h:11:7:[m[K [01;36m[Knote: [m[Kâ€˜[01m[Kclass DtmfToCmdVelNode[m[Kâ€™ defined here
[3.519s]    11 | class [01;36m[KDtmfToCmdVelNode[m[K : public rclcpp::Node {
[3.519s]       |       [01;36m[K^~~~~~~~~~~~~~~~[m[K
[3.519s] [01m[K/home/aksel/Documents/GitHub/Mobile_robotter/ros2_ws/src/dtmf_to_cmd_vel/src/dtmf_to_cmd_vel_node.cpp:32:6:[m[K [01;31m[Kerror: [m[Kno declaration matches â€˜[01m[Kvoid DtmfToCmdVelNode::testAngularOnly(int)[m[Kâ€™
[3.519s]    32 | void [01;31m[KDtmfToCmdVelNode[m[K::testAngularOnly(int direction) {
[3.519s]       |      [01;31m[K^~~~~~~~~~~~~~~~[m[K
[3.519s] [01m[K/home/aksel/Documents/GitHub/Mobile_robotter/ros2_ws/src/dtmf_to_cmd_vel/src/dtmf_to_cmd_vel_node.cpp:32:6:[m[K [01;36m[Knote: [m[Kno functions named â€˜[01m[Kvoid DtmfToCmdVelNode::testAngularOnly(int)[m[Kâ€™
[3.519s] In file included from [01m[K/home/aksel/Documents/GitHub/Mobile_robotter/ros2_ws/src/dtmf_to_cmd_vel/src/dtmf_to_cmd_vel_node.cpp:1[m[K:
[3.519s] [01m[K/home/aksel/Documents/GitHub/Mobile_robotter/ros2_ws/src/dtmf_to_cmd_vel/include/dtmf_to_cmd_vel_node.h:11:7:[m[K [01;36m[Knote: [m[Kâ€˜[01m[Kclass DtmfToCmdVelNode[m[Kâ€™ defined here
[3.520s]    11 | class [01;36m[KDtmfToCmdVelNode[m[K : public rclcpp::Node {
[3.520s]       |       [01;36m[K^~~~~~~~~~~~~~~~[m[K
[3.543s] [01m[K/home/aksel/Documents/GitHub/Mobile_robotter/ros2_ws/src/dtmf_to_cmd_vel/src/audio.cpp:14:19:[m[K [01;31m[Kerror: [m[Kâ€˜[01m[KAudio[m[Kâ€™ has not been declared
[3.544s]    14 | DtmfToCmdVelNode* [01;31m[KAudio[m[K::dtmfNode = nullptr;
[3.544s]       |                   [01;31m[K^~~~~[m[K
[3.545s] [01m[K/home/aksel/Documents/GitHub/Mobile_robotter/ros2_ws/src/dtmf_to_cmd_vel/src/audio.cpp:16:1:[m[K [01;31m[Kerror: [m[Kâ€˜[01m[KAudio[m[Kâ€™ does not name a type
[3.545s]    16 | [01;31m[KAudio[m[K::Audio() {}
[3.545s]       | [01;31m[K^~~~~[m[K
[3.545s] [01m[K/home/aksel/Documents/GitHub/Mobile_robotter/ros2_ws/src/dtmf_to_cmd_vel/src/audio.cpp:18:6:[m[K [01;31m[Kerror: [m[Kâ€˜[01m[KAudio[m[Kâ€™ has not been declared
[3.545s]    18 | void [01;31m[KAudio[m[K::checkErr(PaError err) {
[3.545s]       |      [01;31m[K^~~~~[m[K
[3.545s] [01m[K/home/aksel/Documents/GitHub/Mobile_robotter/ros2_ws/src/dtmf_to_cmd_vel/src/audio.cpp:25:14:[m[K [01;31m[Kerror: [m[Kâ€˜[01m[KAudio[m[Kâ€™ has not been declared
[3.545s]    25 | inline float [01;31m[KAudio[m[K::min(float a, float b) {
[3.545s]       |              [01;31m[K^~~~~[m[K
[3.545s] [01m[K/home/aksel/Documents/GitHub/Mobile_robotter/ros2_ws/src/dtmf_to_cmd_vel/src/audio.cpp:29:6:[m[K [01;31m[Kerror: [m[Kâ€˜[01m[KAudio[m[Kâ€™ has not been declared
[3.546s]    29 | void [01;31m[KAudio[m[K::Init(){
[3.546s]       |      [01;31m[K^~~~~[m[K
[3.549s] [01m[K/home/aksel/Documents/GitHub/Mobile_robotter/ros2_ws/src/dtmf_to_cmd_vel/src/audio.cpp:[m[K In function â€˜[01m[Kvoid Init()[m[Kâ€™:
[3.549s] [01m[K/home/aksel/Documents/GitHub/Mobile_robotter/ros2_ws/src/dtmf_to_cmd_vel/src/audio.cpp:32:5:[m[K [01;31m[Kerror: [m[Kâ€˜[01m[Kerr[m[Kâ€™ was not declared in this scope; did you mean â€˜[01m[Kerf[m[Kâ€™?
[3.549s]    32 |     [01;31m[Kerr[m[K = Pa_Initialize();
[3.549s]       |     [01;31m[K^~~[m[K
[3.549s]       |     [32m[Kerf[m[K
[3.555s] [01m[K/home/aksel/Documents/GitHub/Mobile_robotter/ros2_ws/src/dtmf_to_cmd_vel/src/audio.cpp:44:13:[m[K [01;31m[Kerror: [m[Kâ€˜[01m[KinputParameters[m[Kâ€™ was not declared in this scope
[3.555s]    44 |     memset(&[01;31m[KinputParameters[m[K, 0, sizeof(inputParameters));
[3.555s]       |             [01;31m[K^~~~~~~~~~~~~~~[m[K
[3.556s] [01m[K/home/aksel/Documents/GitHub/Mobile_robotter/ros2_ws/src/dtmf_to_cmd_vel/src/audio.cpp:53:10:[m[K [01;31m[Kerror: [m[Kâ€˜[01m[Kstream[m[Kâ€™ was not declared in this scope; did you mean â€˜[01m[Kstd::io_errc::stream[m[Kâ€™?
[3.556s]    53 |         &[01;31m[Kstream[m[K,
[3.556s]       |          [01;31m[K^~~~~~[m[K
[3.556s]       |          [32m[Kstd::io_errc::stream[m[K
[3.556s] In file included from [01m[K/usr/include/c++/11/ios:42[m[K,
[3.556s]                  from [01m[K/usr/include/c++/11/ostream:38[m[K,
[3.556s]                  from [01m[K/usr/include/c++/11/iostream:39[m[K,
[3.556s]                  from [01m[K/home/aksel/Documents/GitHub/Mobile_robotter/ros2_ws/src/dtmf_to_cmd_vel/include/audio.h:14[m[K,
[3.556s]                  from [01m[K/home/aksel/Documents/GitHub/Mobile_robotter/ros2_ws/src/dtmf_to_cmd_vel/src/audio.cpp:1[m[K:
[3.557s] [01m[K/usr/include/c++/11/bits/ios_base.h:203:24:[m[K [01;36m[Knote: [m[Kâ€˜[01m[Kstd::io_errc::stream[m[Kâ€™ declared here
[3.557s]   203 |   enum class io_errc { [01;36m[Kstream[m[K = 1 };
[3.557s]       |                        [01;36m[K^~~~~~[m[K
[3.560s] [01m[K/home/aksel/Documents/GitHub/Mobile_robotter/ros2_ws/src/dtmf_to_cmd_vel/src/audio.cpp:59:9:[m[K [01;31m[Kerror: [m[Kâ€˜[01m[KstreamCallback[m[Kâ€™ was not declared in this scope; did you mean â€˜[01m[KPaStreamCallback[m[Kâ€™?
[3.560s]    59 |         [01;31m[KstreamCallback[m[K,
[3.560s]       |         [01;31m[K^~~~~~~~~~~~~~[m[K
[3.560s]       |         [32m[KPaStreamCallback[m[K
[3.560s] [01m[K/home/aksel/Documents/GitHub/Mobile_robotter/ros2_ws/src/dtmf_to_cmd_vel/src/audio.cpp:[m[K At global scope:
[3.560s] [01m[K/home/aksel/Documents/GitHub/Mobile_robotter/ros2_ws/src/dtmf_to_cmd_vel/src/audio.cpp:65:6:[m[K [01;31m[Kerror: [m[Kâ€˜[01m[KAudio[m[Kâ€™ has not been declared
[3.560s]    65 | void [01;31m[KAudio[m[K::start(){
[3.561s]       |      [01;31m[K^~~~~[m[K
[3.563s] [01m[K/home/aksel/Documents/GitHub/Mobile_robotter/ros2_ws/src/dtmf_to_cmd_vel/src/audio.cpp:[m[K In function â€˜[01m[Kvoid start()[m[Kâ€™:
[3.563s] [01m[K/home/aksel/Documents/GitHub/Mobile_robotter/ros2_ws/src/dtmf_to_cmd_vel/src/audio.cpp:68:5:[m[K [01;31m[Kerror: [m[Kâ€˜[01m[Kerr[m[Kâ€™ was not declared in this scope; did you mean â€˜[01m[Kerf[m[Kâ€™?
[3.563s]    68 |     [01;31m[Kerr[m[K = Pa_StartStream(stream);
[3.564s]       |     [01;31m[K^~~[m[K
[3.564s]       |     [32m[Kerf[m[K
[3.564s] [01m[K/home/aksel/Documents/GitHub/Mobile_robotter/ros2_ws/src/dtmf_to_cmd_vel/src/audio.cpp:68:26:[m[K [01;31m[Kerror: [m[Kâ€˜[01m[Kstream[m[Kâ€™ was not declared in this scope; did you mean â€˜[01m[Kstd::io_errc::stream[m[Kâ€™?
[3.564s]    68 |     err = Pa_StartStream([01;31m[Kstream[m[K);
[3.564s]       |                          [01;31m[K^~~~~~[m[K
[3.564s]       |                          [32m[Kstd::io_errc::stream[m[K
[3.565s] In file included from [01m[K/usr/include/c++/11/ios:42[m[K,
[3.565s]                  from [01m[K/usr/include/c++/11/ostream:38[m[K,
[3.565s]                  from [01m[K/usr/include/c++/11/iostream:39[m[K,
[3.565s]                  from [01m[K/home/aksel/Documents/GitHub/Mobile_robotter/ros2_ws/src/dtmf_to_cmd_vel/include/audio.h:14[m[K,
[3.565s]                  from [01m[K/home/aksel/Documents/GitHub/Mobile_robotter/ros2_ws/src/dtmf_to_cmd_vel/src/audio.cpp:1[m[K:
[3.565s] [01m[K/usr/include/c++/11/bits/ios_base.h:203:24:[m[K [01;36m[Knote: [m[Kâ€˜[01m[Kstd::io_errc::stream[m[Kâ€™ declared here
[3.565s]   203 |   enum class io_errc { [01;36m[Kstream[m[K = 1 };
[3.565s]       |                        [01;36m[K^~~~~~[m[K
[3.565s] [01m[K/home/aksel/Documents/GitHub/Mobile_robotter/ros2_ws/src/dtmf_to_cmd_vel/src/audio.cpp:[m[K At global scope:
[3.565s] [01m[K/home/aksel/Documents/GitHub/Mobile_robotter/ros2_ws/src/dtmf_to_cmd_vel/src/audio.cpp:76:6:[m[K [01;31m[Kerror: [m[Kâ€˜[01m[KAudio[m[Kâ€™ has not been declared
[3.565s]    76 | void [01;31m[KAudio[m[K::getDevices(){
[3.566s]       |      [01;31m[K^~~~~[m[K
[3.566s] [01m[K/home/aksel/Documents/GitHub/Mobile_robotter/ros2_ws/src/dtmf_to_cmd_vel/src/audio.cpp:100:5:[m[K [01;31m[Kerror: [m[Kâ€˜[01m[KAudio[m[Kâ€™ has not been declared
[3.566s]   100 | int [01;31m[KAudio[m[K::streamCallback(
[3.566s]       |     [01;31m[K^~~~~[m[K
[3.570s] [01m[K/home/aksel/Documents/GitHub/Mobile_robotter/ros2_ws/src/dtmf_to_cmd_vel/src/audio.cpp:[m[K In function â€˜[01m[Kint streamCallback(const void*, void*, long unsigned int, const PaStreamCallbackTimeInfo*, PaStreamCallbackFlags, void*)[m[Kâ€™:
[3.571s] [01m[K/home/aksel/Documents/GitHub/Mobile_robotter/ros2_ws/src/dtmf_to_cmd_vel/src/audio.cpp:116:24:[m[K [01;31m[Kerror: [m[Kâ€˜[01m[KcalculateGoertzel[m[Kâ€™ was not declared in this scope
[3.571s]   116 |         std::thread t0([01;31m[KcalculateGoertzel[m[K, tones[0], in, std::ref(mags), 0);
[3.571s]       |                        [01;31m[K^~~~~~~~~~~~~~~~~[m[K
[3.578s] [01m[K/home/aksel/Documents/GitHub/Mobile_robotter/ros2_ws/src/dtmf_to_cmd_vel/src/audio.cpp:163:8:[m[K [01;31m[Kerror: [m[Kâ€˜[01m[KanalyseGoertzelOutput[m[Kâ€™ was not declared in this scope
[3.579s]   163 |     if([01;31m[KanalyseGoertzelOutput[m[K(mags)){
[3.579s]       |        [01;31m[K^~~~~~~~~~~~~~~~~~~~~[m[K
[3.584s] [01m[K/home/aksel/Documents/GitHub/Mobile_robotter/ros2_ws/src/dtmf_to_cmd_vel/src/audio.cpp:180:17:[m[K [01;31m[Kerror: [m[Kâ€˜[01m[KreactOnSignal[m[Kâ€™ was not declared in this scope
[3.584s]   180 |                 [01;31m[KreactOnSignal[m[K();
[3.584s]       |                 [01;31m[K^~~~~~~~~~~~~[m[K
[3.584s] [01m[K/home/aksel/Documents/GitHub/Mobile_robotter/ros2_ws/src/dtmf_to_cmd_vel/src/audio.cpp:101:64:[m[K [01;35m[Kwarning: [m[Kunused parameter â€˜[01m[KframesPerBuffer[m[Kâ€™ [[01;35m[K]8;;https://gcc.gnu.org/onlinedocs/gcc/Warning-Options.html#index-Wunused-parameter-Wunused-parameter]8;;[m[K]
[3.584s]   101 |     const void* inputBuffer, void* outputBuffer, [01;35m[Kunsigned long framesPerBuffer[m[K,
[3.584s]       |                                                  [01;35m[K~~~~~~~~~~~~~~^~~~~~~~~~~~~~~[m[K
[3.584s] [01m[K/home/aksel/Documents/GitHub/Mobile_robotter/ros2_ws/src/dtmf_to_cmd_vel/src/audio.cpp:103:11:[m[K [01;35m[Kwarning: [m[Kunused parameter â€˜[01m[KuserData[m[Kâ€™ [[01;35m[K]8;;https://gcc.gnu.org/onlinedocs/gcc/Warning-Options.html#index-Wunused-parameter-Wunused-parameter]8;;[m[K]
[3.584s]   103 |     [01;35m[Kvoid* userData[m[K
[3.584s]       |     [01;35m[K~~~~~~^~~~~~~~[m[K
[3.585s] [01m[K/home/aksel/Documents/GitHub/Mobile_robotter/ros2_ws/src/dtmf_to_cmd_vel/src/audio.cpp:[m[K At global scope:
[3.585s] [01m[K/home/aksel/Documents/GitHub/Mobile_robotter/ros2_ws/src/dtmf_to_cmd_vel/src/audio.cpp:196:6:[m[K [01;31m[Kerror: [m[Kâ€˜[01m[KAudio[m[Kâ€™ has not been declared
[3.585s]   196 | void [01;31m[KAudio[m[K::calculateGoertzel(int tone, float* in, std::vector<double>& mags, int magsIterator) {
[3.585s]       |      [01;31m[K^~~~~[m[K
[3.585s] [01m[K/home/aksel/Documents/GitHub/Mobile_robotter/ros2_ws/src/dtmf_to_cmd_vel/src/audio.cpp:218:6:[m[K [01;31m[Kerror: [m[Kâ€˜[01m[KAudio[m[Kâ€™ has not been declared
[3.585s]   218 | bool [01;31m[KAudio[m[K::analyseGoertzelOutput(std::vector<double> mags){
[3.585s]       |      [01;31m[K^~~~~[m[K
[3.589s] [01m[K/home/aksel/Documents/GitHub/Mobile_robotter/ros2_ws/src/dtmf_to_cmd_vel/src/audio.cpp:[m[K In function â€˜[01m[Kbool analyseGoertzelOutput(std::vector<double, std::allocator<double> >)[m[Kâ€™:
[3.589s] [01m[K/home/aksel/Documents/GitHub/Mobile_robotter/ros2_ws/src/dtmf_to_cmd_vel/src/audio.cpp:237:8:[m[K [01;31m[Kerror: [m[Kâ€˜[01m[KSaveSignal[m[Kâ€™ was not declared in this scope
[3.590s]   237 |     if([01;31m[KSaveSignal[m[K(rowMags,columnMags,maxRow,maxColumn)){
[3.590s]       |        [01;31m[K^~~~~~~~~~[m[K
[3.590s] [01m[K/home/aksel/Documents/GitHub/Mobile_robotter/ros2_ws/src/dtmf_to_cmd_vel/src/audio.cpp:[m[K At global scope:
[3.590s] [01m[K/home/aksel/Documents/GitHub/Mobile_robotter/ros2_ws/src/dtmf_to_cmd_vel/src/audio.cpp:246:6:[m[K [01;31m[Kerror: [m[Kâ€˜[01m[KAudio[m[Kâ€™ has not been declared
[3.590s]   246 | bool [01;31m[KAudio[m[K::SaveSignal(std::vector<double> rowMags, std::vector<double> columnMags, int maxRow, int maxColumn){
[3.590s]       |      [01;31m[K^~~~~[m[K
[3.590s] [01m[K/home/aksel/Documents/GitHub/Mobile_robotter/ros2_ws/src/dtmf_to_cmd_vel/src/audio.cpp:305:6:[m[K [01;31m[Kerror: [m[Kâ€˜[01m[KAudio[m[Kâ€™ has not been declared
[3.591s]   305 | void [01;31m[KAudio[m[K::reactOnSignal(){
[3.591s]       |      [01;31m[K^~~~~[m[K
[3.591s] [01m[K/home/aksel/Documents/GitHub/Mobile_robotter/ros2_ws/src/dtmf_to_cmd_vel/src/audio.cpp:326:6:[m[K [01;31m[Kerror: [m[Kâ€˜[01m[KAudio[m[Kâ€™ has not been declared
[3.591s]   326 | void [01;31m[KAudio[m[K::end(){
[3.591s]       |      [01;31m[K^~~~~[m[K
[3.594s] [01m[K/home/aksel/Documents/GitHub/Mobile_robotter/ros2_ws/src/dtmf_to_cmd_vel/src/audio.cpp:[m[K In function â€˜[01m[Kvoid end()[m[Kâ€™:
[3.594s] [01m[K/home/aksel/Documents/GitHub/Mobile_robotter/ros2_ws/src/dtmf_to_cmd_vel/src/audio.cpp:329:5:[m[K [01;31m[Kerror: [m[Kâ€˜[01m[Kerr[m[Kâ€™ was not declared in this scope; did you mean â€˜[01m[Kerf[m[Kâ€™?
[3.594s]   329 |     [01;31m[Kerr[m[K = Pa_StopStream(stream);
[3.594s]       |     [01;31m[K^~~[m[K
[3.594s]       |     [32m[Kerf[m[K
[3.595s] [01m[K/home/aksel/Documents/GitHub/Mobile_robotter/ros2_ws/src/dtmf_to_cmd_vel/src/audio.cpp:329:25:[m[K [01;31m[Kerror: [m[Kâ€˜[01m[Kstream[m[Kâ€™ was not declared in this scope; did you mean â€˜[01m[Kstd::io_errc::stream[m[Kâ€™?
[3.595s]   329 |     err = Pa_StopStream([01;31m[Kstream[m[K);
[3.595s]       |                         [01;31m[K^~~~~~[m[K
[3.595s]       |                         [32m[Kstd::io_errc::stream[m[K
[3.595s] In file included from [01m[K/usr/include/c++/11/ios:42[m[K,
[3.595s]                  from [01m[K/usr/include/c++/11/ostream:38[m[K,
[3.595s]                  from [01m[K/usr/include/c++/11/iostream:39[m[K,
[3.595s]                  from [01m[K/home/aksel/Documents/GitHub/Mobile_robotter/ros2_ws/src/dtmf_to_cmd_vel/include/audio.h:14[m[K,
[3.595s]                  from [01m[K/home/aksel/Documents/GitHub/Mobile_robotter/ros2_ws/src/dtmf_to_cmd_vel/src/audio.cpp:1[m[K:
[3.595s] [01m[K/usr/include/c++/11/bits/ios_base.h:203:24:[m[K [01;36m[Knote: [m[Kâ€˜[01m[Kstd::io_errc::stream[m[Kâ€™ declared here
[3.596s]   203 |   enum class io_errc { [01;36m[Kstream[m[K = 1 };
[3.596s]       |                        [01;36m[K^~~~~~[m[K
[4.049s] [01m[K/home/aksel/Documents/GitHub/Mobile_robotter/ros2_ws/src/dtmf_to_cmd_vel/src/audio.cpp:[m[K In function â€˜[01m[Kint streamCallback(const void*, void*, long unsigned int, const PaStreamCallbackTimeInfo*, PaStreamCallbackFlags, void*)[m[Kâ€™:
[4.049s] [01m[K/home/aksel/Documents/GitHub/Mobile_robotter/ros2_ws/src/dtmf_to_cmd_vel/src/audio.cpp:194:1:[m[K [01;35m[Kwarning: [m[Kcontrol reaches end of non-void function [[01;35m[K]8;;https://gcc.gnu.org/onlinedocs/gcc/Warning-Options.html#index-Wreturn-type-Wreturn-type]8;;[m[K]
[4.049s]   194 | [01;35m[K}[m[K
[4.049s]       | [01;35m[K^[m[K
[4.051s] [01m[K/home/aksel/Documents/GitHub/Mobile_robotter/ros2_ws/src/dtmf_to_cmd_vel/src/audio.cpp:[m[K In function â€˜[01m[Kbool analyseGoertzelOutput(std::vector<double, std::allocator<double> >)[m[Kâ€™:
[4.051s] [01m[K/home/aksel/Documents/GitHub/Mobile_robotter/ros2_ws/src/dtmf_to_cmd_vel/src/audio.cpp:243:1:[m[K [01;35m[Kwarning: [m[Kcontrol reaches end of non-void function [[01;35m[K]8;;https://gcc.gnu.org/onlinedocs/gcc/Warning-Options.html#index-Wreturn-type-Wreturn-type]8;;[m[K]
[4.052s]   243 | [01;35m[K}[m[K
[4.052s]       | [01;35m[K^[m[K
[4.089s] gmake[2]: *** [CMakeFiles/dtmf_to_cmd_vel.dir/build.make:90: CMakeFiles/dtmf_to_cmd_vel.dir/src/audio.cpp.o] Error 1
[4.090s] gmake[2]: *** Waiting for unfinished jobs....
[4.249s] In file included from [01m[K/home/aksel/Documents/GitHub/Mobile_robotter/ros2_ws/src/dtmf_to_cmd_vel/src/main.cpp:2[m[K:
[4.250s] [01m[K/home/aksel/Documents/GitHub/Mobile_robotter/ros2_ws/src/dtmf_to_cmd_vel/include/audio.h:31:28:[m[K [01;35m[Kwarning: [m[Kâ€˜[01m[KspectroData[m[Kâ€™ defined but not used [[01;35m[K]8;;https://gcc.gnu.org/onlinedocs/gcc/Warning-Options.html#index-Wunused-variable-Wunused-variable]8;;[m[K]
[4.250s]    31 | static streamCallbackData* [01;35m[KspectroData[m[K;
[4.250s]       |                            [01;35m[K^~~~~~~~~~~[m[K
[4.323s] In file included from [01m[K/home/aksel/Documents/GitHub/Mobile_robotter/ros2_ws/src/dtmf_to_cmd_vel/src/dtmf_to_cmd_vel_node.cpp:2[m[K:
[4.323s] [01m[K/home/aksel/Documents/GitHub/Mobile_robotter/ros2_ws/src/dtmf_to_cmd_vel/include/audio.h:31:28:[m[K [01;35m[Kwarning: [m[Kâ€˜[01m[KspectroData[m[Kâ€™ defined but not used [[01;35m[K]8;;https://gcc.gnu.org/onlinedocs/gcc/Warning-Options.html#index-Wunused-variable-Wunused-variable]8;;[m[K]
[4.323s]    31 | static streamCallbackData* [01;35m[KspectroData[m[K;
[4.323s]       |                            [01;35m[K^~~~~~~~~~~[m[K
[4.361s] gmake[2]: *** [CMakeFiles/dtmf_to_cmd_vel.dir/build.make:104: CMakeFiles/dtmf_to_cmd_vel.dir/src/dtmf_to_cmd_vel_node.cpp.o] Error 1
[4.361s] gmake[1]: *** [CMakeFiles/Makefile2:137: CMakeFiles/dtmf_to_cmd_vel.dir/all] Error 2
[4.361s] gmake: *** [Makefile:146: all] Error 2
[4.364s] Invoked command in '/home/aksel/Documents/GitHub/Mobile_robotter/ros2_ws/build/dtmf_to_cmd_vel' returned '2': CMAKE_PREFIX_PATH=${CMAKE_PREFIX_PATH}:/home/aksel/turtlebot3_ws/install/turtlebot3_teleop:/home/aksel/turtlebot3_ws/install/turtlebot3_example:/opt/ros/humble /usr/bin/cmake --build /home/aksel/Documents/GitHub/Mobile_robotter/ros2_ws/build/dtmf_to_cmd_vel -- -j16 -l16
