[0.020s] Invoking command in '/home/aksel/Documents/GitHub/Mobile_robotter/ros2_ws/build/controller_input': CMAKE_PREFIX_PATH=${CMAKE_PREFIX_PATH}:/home/aksel/turtlebot3_ws/install/turtlebot3_teleop:/home/aksel/turtlebot3_ws/install/turtlebot3_example:/opt/ros/humble /usr/bin/cmake --build /home/aksel/Documents/GitHub/Mobile_robotter/ros2_ws/build/controller_input -- -j16 -l16
[0.065s] [35m[1mConsolidate compiler generated dependencies of target controller_input[0m
[0.081s] [ 66%] [32mBuilding CXX object CMakeFiles/controller_input.dir/src/main.cpp.o[0m
[0.081s] [ 66%] [32mBuilding CXX object CMakeFiles/controller_input.dir/src/controllerinput.cpp.o[0m
[2.156s] [01m[K/home/aksel/Documents/GitHub/Mobile_robotter/ros2_ws/src/controller_input/src/controllerinput.cpp:[m[K In member function â€˜[01m[Kvoid controllerInput::joy_callback(sensor_msgs::msg::Joy_<std::allocator<void> >::SharedPtr)[m[Kâ€™:
[2.156s] [01m[K/home/aksel/Documents/GitHub/Mobile_robotter/ros2_ws/src/controller_input/src/controllerinput.cpp:18:28:[m[K [01;31m[Kerror: [m[Kâ€˜[01m[KmapAxisToByte[m[Kâ€™ was not declared in this scope
[2.156s]    18 |     uint8_t linear_value = [01;31m[KmapAxisToByte[m[K(msg->axes[1]);  // Linear velocity value
[2.156s]       |                            [01;31m[K^~~~~~~~~~~~~[m[K
[2.161s] [01m[K/home/aksel/Documents/GitHub/Mobile_robotter/ros2_ws/src/controller_input/src/controllerinput.cpp:[m[K In member function â€˜[01m[Kvoid controllerInput::play_dtmf_if_active()[m[Kâ€™:
[2.161s] [01m[K/home/aksel/Documents/GitHub/Mobile_robotter/ros2_ws/src/controller_input/src/controllerinput.cpp:38:13:[m[K [01;31m[Kerror: [m[Kâ€˜[01m[KplayDTMFSequence[m[Kâ€™ was not declared in this scope; did you mean â€˜[01m[KplaySequence[m[Kâ€™?
[2.161s]    38 |             [01;31m[KplayDTMFSequence[m[K(_latestLinearValue, _latestAngularValue);
[2.161s]       |             [01;31m[K^~~~~~~~~~~~~~~~[m[K
[2.161s]       |             [32m[KplaySequence[m[K
[4.052s] gmake[2]: *** [CMakeFiles/controller_input.dir/build.make:90: CMakeFiles/controller_input.dir/src/controllerinput.cpp.o] Error 1
[4.052s] gmake[1]: *** [CMakeFiles/Makefile2:137: CMakeFiles/controller_input.dir/all] Error 2
[4.052s] gmake: *** [Makefile:146: all] Error 2
[4.055s] Invoked command in '/home/aksel/Documents/GitHub/Mobile_robotter/ros2_ws/build/controller_input' returned '2': CMAKE_PREFIX_PATH=${CMAKE_PREFIX_PATH}:/home/aksel/turtlebot3_ws/install/turtlebot3_teleop:/home/aksel/turtlebot3_ws/install/turtlebot3_example:/opt/ros/humble /usr/bin/cmake --build /home/aksel/Documents/GitHub/Mobile_robotter/ros2_ws/build/controller_input -- -j16 -l16
