[0.035s] Invoking command in '/home/aksel/Documents/GitHub/Mobile_robotter/ros2_ws/build/lidar_data': CMAKE_PREFIX_PATH=${CMAKE_PREFIX_PATH}:/home/aksel/turtlebot3_ws/install/turtlebot3_teleop:/home/aksel/turtlebot3_ws/install/turtlebot3_example:/opt/ros/humble /usr/bin/cmake /home/aksel/Documents/GitHub/Mobile_robotter/ros2_ws/src/lidar_data -G CodeBlocks - Unix Makefiles -DCMAKE_BUILD_TYPE=Debug -DCMAKE_INSTALL_PREFIX=/home/aksel/Documents/GitHub/Mobile_robotter/ros2_ws/install/lidar_data
[0.046s] -- Found ament_cmake: 1.3.10 (/opt/ros/humble/share/ament_cmake/cmake)
[0.159s] -- Found rclcpp: 16.0.10 (/opt/ros/humble/share/rclcpp/cmake)
[0.182s] -- Found rosidl_generator_c: 3.1.5 (/opt/ros/humble/share/rosidl_generator_c/cmake)
[0.184s] -- Found rosidl_adapter: 3.1.5 (/opt/ros/humble/share/rosidl_adapter/cmake)
[0.188s] -- Found rosidl_generator_cpp: 3.1.5 (/opt/ros/humble/share/rosidl_generator_cpp/cmake)
[0.195s] -- Using all available rosidl_typesupport_c: rosidl_typesupport_fastrtps_c;rosidl_typesupport_introspection_c
[0.204s] -- Using all available rosidl_typesupport_cpp: rosidl_typesupport_fastrtps_cpp;rosidl_typesupport_introspection_cpp
[0.228s] -- Found rmw_implementation_cmake: 6.1.2 (/opt/ros/humble/share/rmw_implementation_cmake/cmake)
[0.229s] -- Found rmw_fastrtps_cpp: 6.2.7 (/opt/ros/humble/share/rmw_fastrtps_cpp/cmake)
[0.339s] -- Using RMW implementation 'rmw_fastrtps_cpp' as default
[0.373s] -- Found geometry_msgs: 4.2.4 (/opt/ros/humble/share/geometry_msgs/cmake)
[0.382s] -- Found sensor_msgs: 4.2.4 (/opt/ros/humble/share/sensor_msgs/cmake)
[0.394s] -- Found rclcpp_components: 16.0.10 (/opt/ros/humble/share/rclcpp_components/cmake)
[0.407s] -- Found nav_msgs: 4.2.4 (/opt/ros/humble/share/nav_msgs/cmake)
[0.536s] -- Configuring done
[0.555s] -- Generating done
[0.559s] -- Build files have been written to: /home/aksel/Documents/GitHub/Mobile_robotter/ros2_ws/build/lidar_data
[0.572s] Invoked command in '/home/aksel/Documents/GitHub/Mobile_robotter/ros2_ws/build/lidar_data' returned '0': CMAKE_PREFIX_PATH=${CMAKE_PREFIX_PATH}:/home/aksel/turtlebot3_ws/install/turtlebot3_teleop:/home/aksel/turtlebot3_ws/install/turtlebot3_example:/opt/ros/humble /usr/bin/cmake /home/aksel/Documents/GitHub/Mobile_robotter/ros2_ws/src/lidar_data -G CodeBlocks - Unix Makefiles -DCMAKE_BUILD_TYPE=Debug -DCMAKE_INSTALL_PREFIX=/home/aksel/Documents/GitHub/Mobile_robotter/ros2_ws/install/lidar_data
[0.573s] Invoking command in '/home/aksel/Documents/GitHub/Mobile_robotter/ros2_ws/build/lidar_data': CMAKE_PREFIX_PATH=${CMAKE_PREFIX_PATH}:/home/aksel/turtlebot3_ws/install/turtlebot3_teleop:/home/aksel/turtlebot3_ws/install/turtlebot3_example:/opt/ros/humble /usr/bin/cmake --build /home/aksel/Documents/GitHub/Mobile_robotter/ros2_ws/build/lidar_data -- -j16 -l16
[0.619s] Consolidate compiler generated dependencies of target lidar_data
[0.635s] [ 66%] Building CXX object CMakeFiles/lidar_data.dir/src/main.cpp.o
[0.635s] [ 66%] Building CXX object CMakeFiles/lidar_data.dir/src/lidarnode.cpp.o
[4.181s] /home/aksel/Documents/GitHub/Mobile_robotter/ros2_ws/src/lidar_data/src/lidarnode.cpp: In member function ‘void MappingNode::sendMapDataToGUI(std::vector<double, std::allocator<double> >&, std::vector<double, std::allocator<double> >&, double, double, double)’:
[4.182s] /home/aksel/Documents/GitHub/Mobile_robotter/ros2_ws/src/lidar_data/src/lidarnode.cpp:81:43: warning: unused parameter ‘robot_x’ [-Wunused-parameter]
[4.182s]    81 |                                    double robot_x, double robot_y, double robot_yaw) {
[4.182s]       |                                    ~~~~~~~^~~~~~~
[4.182s] /home/aksel/Documents/GitHub/Mobile_robotter/ros2_ws/src/lidar_data/src/lidarnode.cpp:81:59: warning: unused parameter ‘robot_y’ [-Wunused-parameter]
[4.182s]    81 |                                    double robot_x, double robot_y, double robot_yaw) {
[4.182s]       |                                                    ~~~~~~~^~~~~~~
[4.182s] /home/aksel/Documents/GitHub/Mobile_robotter/ros2_ws/src/lidar_data/src/lidarnode.cpp:81:75: warning: unused parameter ‘robot_yaw’ [-Wunused-parameter]
[4.182s]    81 |                                    double robot_x, double robot_y, double robot_yaw) {
[4.182s]       |                                                                    ~~~~~~~^~~~~~~~~
[12.820s] [100%] Linking CXX executable lidar_data
[13.435s] /usr/bin/ld: /snap/core20/current/lib/x86_64-linux-gnu/libpthread.so.0: undefined reference to `_dl_make_stack_executable@GLIBC_PRIVATE'
[13.439s] /usr/bin/ld: /snap/core20/current/lib/x86_64-linux-gnu/libpthread.so.0: undefined reference to `__libc_dlclose@GLIBC_PRIVATE'
[13.442s] /usr/bin/ld: /snap/core20/current/lib/x86_64-linux-gnu/libpthread.so.0: undefined reference to `__libc_dlopen_mode@GLIBC_PRIVATE'
[13.445s] /usr/bin/ld: /snap/core20/current/lib/x86_64-linux-gnu/libpthread.so.0: undefined reference to `__libc_siglongjmp@GLIBC_PRIVATE'
[13.448s] /usr/bin/ld: /snap/core20/current/lib/x86_64-linux-gnu/libpthread.so.0: undefined reference to `__libc_longjmp@GLIBC_PRIVATE'
[13.452s] /usr/bin/ld: /snap/core20/current/lib/x86_64-linux-gnu/libpthread.so.0: undefined reference to `__libc_allocate_rtsig_private@GLIBC_PRIVATE'
[13.456s] /usr/bin/ld: /snap/core20/current/lib/x86_64-linux-gnu/libpthread.so.0: undefined reference to `__libc_thread_freeres@GLIBC_PRIVATE'
[13.461s] /usr/bin/ld: /snap/core20/current/lib/x86_64-linux-gnu/libdl.so.2: undefined reference to `_dl_addr@GLIBC_PRIVATE'
[13.465s] /usr/bin/ld: /snap/core20/current/lib/x86_64-linux-gnu/libpthread.so.0: undefined reference to `__libc_pthread_init@GLIBC_PRIVATE'
[13.470s] /usr/bin/ld: /snap/core20/current/lib/x86_64-linux-gnu/libpthread.so.0: undefined reference to `__libc_current_sigrtmin_private@GLIBC_PRIVATE'
[13.474s] /usr/bin/ld: /snap/core20/current/lib/x86_64-linux-gnu/libdl.so.2: undefined reference to `_dl_sym@GLIBC_PRIVATE'
[13.478s] /usr/bin/ld: /snap/core20/current/lib/x86_64-linux-gnu/libpthread.so.0: undefined reference to `__libc_dlsym@GLIBC_PRIVATE'
[13.484s] /usr/bin/ld: /snap/core20/current/lib/x86_64-linux-gnu/libpthread.so.0: undefined reference to `__libc_current_sigrtmax_private@GLIBC_PRIVATE'
[13.488s] /usr/bin/ld: /snap/core20/current/lib/x86_64-linux-gnu/libdl.so.2: undefined reference to `_dl_vsym@GLIBC_PRIVATE'
[13.523s] collect2: error: ld returned 1 exit status
[13.525s] gmake[2]: *** [CMakeFiles/lidar_data.dir/build.make:216: lidar_data] Error 1
[13.525s] gmake[1]: *** [CMakeFiles/Makefile2:137: CMakeFiles/lidar_data.dir/all] Error 2
[13.525s] gmake: *** [Makefile:146: all] Error 2
[13.527s] Invoked command in '/home/aksel/Documents/GitHub/Mobile_robotter/ros2_ws/build/lidar_data' returned '2': CMAKE_PREFIX_PATH=${CMAKE_PREFIX_PATH}:/home/aksel/turtlebot3_ws/install/turtlebot3_teleop:/home/aksel/turtlebot3_ws/install/turtlebot3_example:/opt/ros/humble /usr/bin/cmake --build /home/aksel/Documents/GitHub/Mobile_robotter/ros2_ws/build/lidar_data -- -j16 -l16
