[35m[1mConsolidate compiler generated dependencies of target controller_input[0m
[ 66%] [32mBuilding CXX object CMakeFiles/controller_input.dir/src/main.cpp.o[0m
[ 66%] [32mBuilding CXX object CMakeFiles/controller_input.dir/src/controllerinput.cpp.o[0m
In file included from [01m[K/home/aksel/Documents/GitHub/Mobile_robotter/ros2_ws/src/controller_input/src/controllerinput.cpp:1[m[K:
[01m[K/home/aksel/Documents/GitHub/Mobile_robotter/ros2_ws/src/controller_input/include/controllerinput.h:14:32:[m[K [01;31m[Kerror: [m[Kâ€˜[01m[Krclcpp[m[Kâ€™ has not been declared
   14 | class controllerInput : public [01;31m[Krclcpp[m[K::Node
      |                                [01;31m[K^~~~~~[m[K
[01m[K/home/aksel/Documents/GitHub/Mobile_robotter/ros2_ws/src/controller_input/include/controllerinput.h:14:40:[m[K [01;31m[Kerror: [m[Kexpected â€˜[01m[K{[m[Kâ€™ before â€˜[01m[KNode[m[Kâ€™
   14 | class controllerInput : public rclcpp::[01;31m[KNode[m[K
      |                                        [01;31m[K^~~~[m[K
[01m[K/home/aksel/Documents/GitHub/Mobile_robotter/ros2_ws/src/controller_input/include/controllerinput.h:16:1:[m[K [01;31m[Kerror: [m[Kexpected primary-expression before â€˜[01m[Kprivate[m[Kâ€™
   16 | [01;31m[Kprivate[m[K:
      | [01;31m[K^~~~~~~[m[K
[01m[K/home/aksel/Documents/GitHub/Mobile_robotter/ros2_ws/src/controller_input/include/controllerinput.h:16:1:[m[K [01;31m[Kerror: [m[Kexpected â€˜[01m[K}[m[Kâ€™ before â€˜[01m[Kprivate[m[Kâ€™
[01m[K/home/aksel/Documents/GitHub/Mobile_robotter/ros2_ws/src/controller_input/include/controllerinput.h:15:1:[m[K [01;36m[Knote: [m[Kto match this â€˜[01m[K{[m[Kâ€™
   15 | [01;36m[K{[m[K
      | [01;36m[K^[m[K
[01m[K/home/aksel/Documents/GitHub/Mobile_robotter/ros2_ws/src/controller_input/include/controllerinput.h:19:5:[m[K [01;31m[Kerror: [m[Kâ€˜[01m[Krclcpp[m[Kâ€™ does not name a type
   19 |     [01;31m[Krclcpp[m[K::TimerBase::SharedPtr _timer;
      |     [01;31m[K^~~~~~[m[K
In file included from [01m[K/home/aksel/Documents/GitHub/Mobile_robotter/ros2_ws/src/controller_input/src/controllerinput.cpp:1[m[K:
[01m[K/home/aksel/Documents/GitHub/Mobile_robotter/ros2_ws/src/controller_input/include/controllerinput.h:42:1:[m[K [01;31m[Kerror: [m[Kexpected unqualified-id before â€˜[01m[Kpublic[m[Kâ€™
   42 | [01;31m[Kpublic[m[K:
      | [01;31m[K^~~~~~[m[K
[01m[K/home/aksel/Documents/GitHub/Mobile_robotter/ros2_ws/src/controller_input/include/controllerinput.h:45:29:[m[K [01;31m[Kerror: [m[Kâ€˜[01m[Ksensor_msgs[m[Kâ€™ does not name a type
   45 |     void joy_callback(const [01;31m[Ksensor_msgs[m[K::msg::Joy::SharedPtr msg);
      |                             [01;31m[K^~~~~~~~~~~[m[K
[01m[K/home/aksel/Documents/GitHub/Mobile_robotter/ros2_ws/src/controller_input/include/controllerinput.h:45:45:[m[K [01;31m[Kerror: [m[Kexpected unqualified-id before â€˜[01m[K::[m[Kâ€™ token
   45 |     void joy_callback(const sensor_msgs::msg[01;31m[K::[m[KJoy::SharedPtr msg);
      |                                             [01;31m[K^~[m[K
[01m[K/home/aksel/Documents/GitHub/Mobile_robotter/ros2_ws/src/controller_input/include/controllerinput.h:45:45:[m[K [01;31m[Kerror: [m[Kexpected â€˜[01m[K)[m[Kâ€™ before â€˜[01m[K::[m[Kâ€™ token
   45 |     void joy_callback[34m[K([m[Kconst sensor_msgs::msg[01;31m[K:[m[K[32m[K:[m[KJoy::SharedPtr msg);
      |                      [34m[K~[m[K                      [01;31m[K^[m[K[32m[K~[m[K
      |                                             [32m[K)[m[K
[01m[K/home/aksel/Documents/GitHub/Mobile_robotter/ros2_ws/src/controller_input/include/controllerinput.h:45:45:[m[K [01;31m[Kerror: [m[Kexpected initializer before â€˜[01m[K::[m[Kâ€™ token
   45 |     void joy_callback(const sensor_msgs::msg[01;31m[K::[m[KJoy::SharedPtr msg);
      |                                             [01;31m[K^~[m[K
[01m[K/home/aksel/Documents/GitHub/Mobile_robotter/ros2_ws/src/controller_input/include/controllerinput.h:57:1:[m[K [01;31m[Kerror: [m[Kexpected declaration before â€˜[01m[K}[m[Kâ€™ token
   57 | [01;31m[K}[m[K;
      | [01;31m[K^[m[K
[01m[K/home/aksel/Documents/GitHub/Mobile_robotter/ros2_ws/src/controller_input/src/controllerinput.cpp:3:34:[m[K [01;31m[Kerror: [m[Kinvalid use of incomplete type â€˜[01m[Kclass controllerInput[m[Kâ€™
    3 | controllerInput::controllerInput([01;31m[K)[m[K : Node("controller_input")
      |                                  [01;31m[K^[m[K
In file included from [01m[K/home/aksel/Documents/GitHub/Mobile_robotter/ros2_ws/src/controller_input/src/controllerinput.cpp:1[m[K:
[01m[K/home/aksel/Documents/GitHub/Mobile_robotter/ros2_ws/src/controller_input/include/controllerinput.h:14:7:[m[K [01;36m[Knote: [m[Kforward declaration of â€˜[01m[Kclass controllerInput[m[Kâ€™
   14 | class [01;36m[KcontrollerInput[m[K : public rclcpp::Node
      |       [01;36m[K^~~~~~~~~~~~~~~[m[K
[01m[K/home/aksel/Documents/GitHub/Mobile_robotter/ros2_ws/src/controller_input/src/controllerinput.cpp:16:42:[m[K [01;31m[Kerror: [m[Kâ€˜[01m[Ksensor_msgs[m[Kâ€™ does not name a type
   16 | void controllerInput::joy_callback(const [01;31m[Ksensor_msgs[m[K::msg::Joy::SharedPtr msg) {
      |                                          [01;31m[K^~~~~~~~~~~[m[K
[01m[K/home/aksel/Documents/GitHub/Mobile_robotter/ros2_ws/src/controller_input/src/controllerinput.cpp:16:58:[m[K [01;31m[Kerror: [m[Kexpected unqualified-id before â€˜[01m[K::[m[Kâ€™ token
   16 | void controllerInput::joy_callback(const sensor_msgs::msg[01;31m[K::[m[KJoy::SharedPtr msg) {
      |                                                          [01;31m[K^~[m[K
[01m[K/home/aksel/Documents/GitHub/Mobile_robotter/ros2_ws/src/controller_input/src/controllerinput.cpp:16:58:[m[K [01;31m[Kerror: [m[Kexpected â€˜[01m[K)[m[Kâ€™ before â€˜[01m[K::[m[Kâ€™ token
   16 | void controllerInput::joy_callback[34m[K([m[Kconst sensor_msgs::msg[01;31m[K:[m[K[32m[K:[m[KJoy::SharedPtr msg) {
      |                                   [34m[K~[m[K                      [01;31m[K^[m[K[32m[K~[m[K
      |                                                          [32m[K)[m[K
[01m[K/home/aksel/Documents/GitHub/Mobile_robotter/ros2_ws/src/controller_input/src/controllerinput.cpp:16:58:[m[K [01;31m[Kerror: [m[Kexpected initializer before â€˜[01m[K::[m[Kâ€™ token
   16 | void controllerInput::joy_callback(const sensor_msgs::msg[01;31m[K::[m[KJoy::SharedPtr msg) {
      |                                                          [01;31m[K^~[m[K
[01m[K/home/aksel/Documents/GitHub/Mobile_robotter/ros2_ws/src/controller_input/src/controllerinput.cpp:29:43:[m[K [01;31m[Kerror: [m[Kinvalid use of incomplete type â€˜[01m[Kclass controllerInput[m[Kâ€™
   29 | void controllerInput::play_dtmf_if_active([01;31m[K)[m[K {
      |                                           [01;31m[K^[m[K
In file included from [01m[K/home/aksel/Documents/GitHub/Mobile_robotter/ros2_ws/src/controller_input/src/controllerinput.cpp:1[m[K:
[01m[K/home/aksel/Documents/GitHub/Mobile_robotter/ros2_ws/src/controller_input/include/controllerinput.h:14:7:[m[K [01;36m[Knote: [m[Kforward declaration of â€˜[01m[Kclass controllerInput[m[Kâ€™
   14 | class [01;36m[KcontrollerInput[m[K : public rclcpp::Node
      |       [01;36m[K^~~~~~~~~~~~~~~[m[K
[01m[K/home/aksel/Documents/GitHub/Mobile_robotter/ros2_ws/src/controller_input/src/controllerinput.cpp:47:43:[m[K [01;31m[Kerror: [m[Kinvalid use of incomplete type â€˜[01m[Kclass controllerInput[m[Kâ€™
   47 | void controllerInput::makeAmplitudeFading([01;31m[K)[m[K{
      |                                           [01;31m[K^[m[K
In file included from [01m[K/home/aksel/Documents/GitHub/Mobile_robotter/ros2_ws/src/controller_input/src/controllerinput.cpp:1[m[K:
[01m[K/home/aksel/Documents/GitHub/Mobile_robotter/ros2_ws/src/controller_input/include/controllerinput.h:14:7:[m[K [01;36m[Knote: [m[Kforward declaration of â€˜[01m[Kclass controllerInput[m[Kâ€™
   14 | class [01;36m[KcontrollerInput[m[K : public rclcpp::Node
      |       [01;36m[K^~~~~~~~~~~~~~~[m[K
[01m[K/home/aksel/Documents/GitHub/Mobile_robotter/ros2_ws/src/controller_input/src/controllerinput.cpp:68:45:[m[K [01;31m[Kerror: [m[Kinvalid use of incomplete type â€˜[01m[Kclass controllerInput[m[Kâ€™
   68 | int controllerInput::mapCharToIndex(char key[01;31m[K)[m[K {
      |                                             [01;31m[K^[m[K
In file included from [01m[K/home/aksel/Documents/GitHub/Mobile_robotter/ros2_ws/src/controller_input/src/controllerinput.cpp:1[m[K:
[01m[K/home/aksel/Documents/GitHub/Mobile_robotter/ros2_ws/src/controller_input/include/controllerinput.h:14:7:[m[K [01;36m[Knote: [m[Kforward declaration of â€˜[01m[Kclass controllerInput[m[Kâ€™
   14 | class [01;36m[KcontrollerInput[m[K : public rclcpp::Node
      |       [01;36m[K^~~~~~~~~~~~~~~[m[K
[01m[K/home/aksel/Documents/GitHub/Mobile_robotter/ros2_ws/src/controller_input/src/controllerinput.cpp:86:58:[m[K [01;31m[Kerror: [m[Kinvalid use of incomplete type â€˜[01m[Kclass controllerInput[m[Kâ€™
   86 | void controllerInput::playTone(double freq1, double freq2[01;31m[K)[m[K{
      |                                                          [01;31m[K^[m[K
In file included from [01m[K/home/aksel/Documents/GitHub/Mobile_robotter/ros2_ws/src/controller_input/src/controllerinput.cpp:1[m[K:
[01m[K/home/aksel/Documents/GitHub/Mobile_robotter/ros2_ws/src/controller_input/include/controllerinput.h:14:7:[m[K [01;36m[Knote: [m[Kforward declaration of â€˜[01m[Kclass controllerInput[m[Kâ€™
   14 | class [01;36m[KcontrollerInput[m[K : public rclcpp::Node
      |       [01;36m[K^~~~~~~~~~~~~~~[m[K
[01m[K/home/aksel/Documents/GitHub/Mobile_robotter/ros2_ws/src/controller_input/src/controllerinput.cpp:109:63:[m[K [01;31m[Kerror: [m[Kinvalid use of incomplete type â€˜[01m[Kclass controllerInput[m[Kâ€™
  109 | void controllerInput::playSequence(const std::string &sequence[01;31m[K)[m[K {
      |                                                               [01;31m[K^[m[K
In file included from [01m[K/home/aksel/Documents/GitHub/Mobile_robotter/ros2_ws/src/controller_input/src/controllerinput.cpp:1[m[K:
[01m[K/home/aksel/Documents/GitHub/Mobile_robotter/ros2_ws/src/controller_input/include/controllerinput.h:14:7:[m[K [01;36m[Knote: [m[Kforward declaration of â€˜[01m[Kclass controllerInput[m[Kâ€™
   14 | class [01;36m[KcontrollerInput[m[K : public rclcpp::Node
      |       [01;36m[K^~~~~~~~~~~~~~~[m[K
gmake[2]: *** [CMakeFiles/controller_input.dir/build.make:90: CMakeFiles/controller_input.dir/src/controllerinput.cpp.o] Error 1
gmake[2]: *** Waiting for unfinished jobs....
In file included from [01m[K/home/aksel/Documents/GitHub/Mobile_robotter/ros2_ws/src/controller_input/src/main.cpp:2[m[K:
[01m[K/home/aksel/Documents/GitHub/Mobile_robotter/ros2_ws/src/controller_input/include/controllerinput.h:18:26:[m[K [01;31m[Kerror: [m[Kâ€˜[01m[Ksensor_msgs[m[Kâ€™ was not declared in this scope
   18 |     rclcpp::Subscription<[01;31m[Ksensor_msgs[m[K::msg::Joy>::SharedPtr _joySubscriber;
      |                          [01;31m[K^~~~~~~~~~~[m[K
[01m[K/home/aksel/Documents/GitHub/Mobile_robotter/ros2_ws/src/controller_input/include/controllerinput.h:18:47:[m[K [01;31m[Kerror: [m[Ktemplate argument 1 is invalid
   18 |     rclcpp::Subscription<sensor_msgs::msg::Joy[01;31m[K>[m[K::SharedPtr _joySubscriber;
      |                                               [01;31m[K^[m[K
[01m[K/home/aksel/Documents/GitHub/Mobile_robotter/ros2_ws/src/controller_input/include/controllerinput.h:18:47:[m[K [01;31m[Kerror: [m[Ktemplate argument 3 is invalid
[01m[K/home/aksel/Documents/GitHub/Mobile_robotter/ros2_ws/src/controller_input/include/controllerinput.h:18:47:[m[K [01;31m[Kerror: [m[Ktemplate argument 4 is invalid
[01m[K/home/aksel/Documents/GitHub/Mobile_robotter/ros2_ws/src/controller_input/include/controllerinput.h:18:47:[m[K [01;31m[Kerror: [m[Ktemplate argument 5 is invalid
[01m[K/home/aksel/Documents/GitHub/Mobile_robotter/ros2_ws/src/controller_input/include/controllerinput.h:18:50:[m[K [01;31m[Kerror: [m[Kexpected â€˜[01m[K;[m[Kâ€™ at end of member declaration
   18 |     rclcpp::Subscription<sensor_msgs::msg::Joy>::[01;31m[KSharedPtr[m[K _joySubscriber;
      |                                                  [01;31m[K^~~~~~~~~[m[K
      |                                                           [32m[K;[m[K
[01m[K/home/aksel/Documents/GitHub/Mobile_robotter/ros2_ws/src/controller_input/include/controllerinput.h:18:60:[m[K [01;31m[Kerror: [m[Kâ€˜[01m[K_joySubscriber[m[Kâ€™ does not name a type
   18 |     rclcpp::Subscription<sensor_msgs::msg::Joy>::SharedPtr [01;31m[K_joySubscriber[m[K;
      |                                                            [01;31m[K^~~~~~~~~~~~~~[m[K
In file included from [01m[K/home/aksel/Documents/GitHub/Mobile_robotter/ros2_ws/src/controller_input/src/main.cpp:2[m[K:
[01m[K/home/aksel/Documents/GitHub/Mobile_robotter/ros2_ws/src/controller_input/include/controllerinput.h:43:5:[m[K [01;31m[Kerror: [m[KISO C++ forbids declaration of â€˜[01m[KControllerInput[m[Kâ€™ with no type [[01;31m[K]8;;https://gcc.gnu.org/onlinedocs/gcc/Warning-Options.html#index-fpermissive-fpermissive]8;;[m[K]
   43 |     [01;31m[KControllerInput[m[K();
      |     [01;31m[K^~~~~~~~~~~~~~~[m[K
[01m[K/home/aksel/Documents/GitHub/Mobile_robotter/ros2_ws/src/controller_input/include/controllerinput.h:45:29:[m[K [01;31m[Kerror: [m[Kâ€˜[01m[Ksensor_msgs[m[Kâ€™ does not name a type
   45 |     void joy_callback(const [01;31m[Ksensor_msgs[m[K::msg::Joy::SharedPtr msg);
      |                             [01;31m[K^~~~~~~~~~~[m[K
[01m[K/home/aksel/Documents/GitHub/Mobile_robotter/ros2_ws/src/controller_input/include/controllerinput.h:45:45:[m[K [01;31m[Kerror: [m[Kexpected unqualified-id before â€˜[01m[K::[m[Kâ€™ token
   45 |     void joy_callback(const sensor_msgs::msg[01;31m[K::[m[KJoy::SharedPtr msg);
      |                                             [01;31m[K^~[m[K
[01m[K/home/aksel/Documents/GitHub/Mobile_robotter/ros2_ws/src/controller_input/include/controllerinput.h:45:45:[m[K [01;31m[Kerror: [m[Kexpected â€˜[01m[K)[m[Kâ€™ before â€˜[01m[K::[m[Kâ€™ token
   45 |     void joy_callback[34m[K([m[Kconst sensor_msgs::msg[01;31m[K:[m[K[32m[K:[m[KJoy::SharedPtr msg);
      |                      [34m[K~[m[K                      [01;31m[K^[m[K[32m[K~[m[K
      |                                             [32m[K)[m[K
[01m[K/home/aksel/Documents/GitHub/Mobile_robotter/ros2_ws/src/controller_input/include/controllerinput.h:45:42:[m[K [01;31m[Kerror: [m[Kexpected â€˜[01m[K;[m[Kâ€™ at end of member declaration
   45 |     void joy_callback(const sensor_msgs::[01;31m[Kmsg[m[K::Joy::SharedPtr msg);
      |                                          [01;31m[K^~~[m[K
      |                                             [32m[K;[m[K
[01m[K/home/aksel/Documents/GitHub/Mobile_robotter/ros2_ws/src/controller_input/include/controllerinput.h:45:47:[m[K [01;31m[Kerror: [m[Kâ€˜[01m[KJoy[m[Kâ€™ in namespace â€˜[01m[K::[m[Kâ€™ does not name a type
   45 |     void joy_callback(const sensor_msgs::msg::[01;31m[KJoy[m[K::SharedPtr msg);
      |                                               [01;31m[K^~~[m[K
[01m[K/home/aksel/Documents/GitHub/Mobile_robotter/ros2_ws/src/controller_input/src/main.cpp:[m[K In function â€˜[01m[Kint main(int, char**)[m[Kâ€™:
[01m[K/home/aksel/Documents/GitHub/Mobile_robotter/ros2_ws/src/controller_input/src/main.cpp:7:35:[m[K [01;31m[Kerror: [m[Kâ€˜[01m[KControllerInput[m[Kâ€™ was not declared in this scope; did you mean â€˜[01m[KcontrollerInput[m[Kâ€™?
    7 |     rclcpp::spin(std::make_shared<[01;31m[KControllerInput[m[K>());
      |                                   [01;31m[K^~~~~~~~~~~~~~~[m[K
      |                                   [32m[KcontrollerInput[m[K
[01m[K/home/aksel/Documents/GitHub/Mobile_robotter/ros2_ws/src/controller_input/src/main.cpp:7:51:[m[K [01;31m[Kerror: [m[Kno matching function for call to â€˜[01m[Kmake_shared<<expression error> >()[m[Kâ€™
    7 |     rclcpp::spin([01;31m[Kstd::make_shared<ControllerInput>()[m[K);
      |                  [01;31m[K~~~~~~~~~~~~~~~~~~~~~~~~~~~~~~~~~^~[m[K
In file included from [01m[K/usr/include/c++/11/memory:77[m[K,
                 from [01m[K/opt/ros/humble/include/rclcpp/rclcpp/rclcpp.hpp:153[m[K,
                 from [01m[K/home/aksel/Documents/GitHub/Mobile_robotter/ros2_ws/src/controller_input/src/main.cpp:1[m[K:
[01m[K/usr/include/c++/11/bits/shared_ptr.h:875:5:[m[K [01;36m[Knote: [m[Kcandidate: â€˜[01m[Ktemplate<class _Tp, class ... _Args> std::shared_ptr<_Tp> std::make_shared(_Args&& ...)[m[Kâ€™
  875 |     [01;36m[Kmake_shared[m[K(_Args&&... __args)
      |     [01;36m[K^~~~~~~~~~~[m[K
[01m[K/usr/include/c++/11/bits/shared_ptr.h:875:5:[m[K [01;36m[Knote: [m[K  template argument deduction/substitution failed:
[01m[K/home/aksel/Documents/GitHub/Mobile_robotter/ros2_ws/src/controller_input/src/main.cpp:7:51:[m[K [01;31m[Kerror: [m[Ktemplate argument 1 is invalid
    7 |     rclcpp::spin([01;31m[Kstd::make_shared<ControllerInput>()[m[K);
      |                  [01;31m[K~~~~~~~~~~~~~~~~~~~~~~~~~~~~~~~~~^~[m[K
gmake[2]: *** [CMakeFiles/controller_input.dir/build.make:76: CMakeFiles/controller_input.dir/src/main.cpp.o] Error 1
gmake[1]: *** [CMakeFiles/Makefile2:137: CMakeFiles/controller_input.dir/all] Error 2
gmake: *** [Makefile:146: all] Error 2
