[01m[K/home/aksel/Documents/GitHub/Mobile_robotter/ros2_ws/src/lidar_gui/src/lidarnode.cpp:[m[K In constructor â€˜[01m[KMappingNode::MappingNode()[m[Kâ€™:
[01m[K/home/aksel/Documents/GitHub/Mobile_robotter/ros2_ws/src/lidar_gui/src/lidarnode.cpp:3:52:[m[K [01;31m[Kerror: [m[Kclass â€˜[01m[KMappingNode[m[Kâ€™ does not have any field named â€˜[01m[Kslam_[m[Kâ€™
    3 | MappingNode::MappingNode() : Node("mapping_node"), [01;31m[Kslam_[m[K(new GMapping::SlamProcessor())
      |                                                    [01;31m[K^~~~~[m[K
[01m[K/home/aksel/Documents/GitHub/Mobile_robotter/ros2_ws/src/lidar_gui/src/lidarnode.cpp:3:62:[m[K [01;31m[Kerror: [m[Kâ€˜[01m[KGMapping[m[Kâ€™ does not name a type
    3 | MappingNode::MappingNode() : Node("mapping_node"), slam_(new [01;31m[KGMapping[m[K::SlamProcessor())
      |                                                              [01;31m[K^~~~~~~~[m[K
[01m[K/home/aksel/Documents/GitHub/Mobile_robotter/ros2_ws/src/lidar_gui/src/lidarnode.cpp:9:5:[m[K [01;31m[Kerror: [m[Kâ€˜[01m[K_map_publisher[m[Kâ€™ was not declared in this scope; did you mean â€˜[01m[Kcreate_publisher[m[Kâ€™?
    9 |     [01;31m[K_map_publisher[m[K = this->create_publisher<nav_msgs::msg::OccupancyGrid>("/map", 10);
      |     [01;31m[K^~~~~~~~~~~~~~[m[K
      |     [32m[Kcreate_publisher[m[K
[01m[K/home/aksel/Documents/GitHub/Mobile_robotter/ros2_ws/src/lidar_gui/src/lidarnode.cpp:9:60:[m[K [01;31m[Kerror: [m[Kâ€˜[01m[KOccupancyGrid[m[Kâ€™ is not a member of â€˜[01m[Knav_msgs::msg[m[Kâ€™
    9 |     _map_publisher = this->create_publisher<nav_msgs::msg::[01;31m[KOccupancyGrid[m[K>("/map", 10);
      |                                                            [01;31m[K^~~~~~~~~~~~~[m[K
[01m[K/home/aksel/Documents/GitHub/Mobile_robotter/ros2_ws/src/lidar_gui/src/lidarnode.cpp:9:74:[m[K [01;31m[Kerror: [m[Kno matching function for call to â€˜[01m[KMappingNode::create_publisher<<expression error> >(const char [5], int)[m[Kâ€™
    9 |     _map_publisher = [01;31m[Kthis->create_publisher<nav_msgs::msg::OccupancyGrid>("/map", 10)[m[K;
      |                      [01;31m[K~~~~~~~~~~~~~~~~~~~~~~~~~~~~~~~~~~~~~~~~~~~~~~~~~~~~^~~~~~~~~~~~[m[K
In file included from [01m[K/opt/ros/humble/include/rclcpp/rclcpp/executors/single_threaded_executor.hpp:28[m[K,
                 from [01m[K/opt/ros/humble/include/rclcpp/rclcpp/executors.hpp:22[m[K,
                 from [01m[K/opt/ros/humble/include/rclcpp/rclcpp/rclcpp.hpp:155[m[K,
                 from [01m[K/home/aksel/Documents/GitHub/Mobile_robotter/ros2_ws/src/lidar_gui/include/lidarnode.h:4[m[K,
                 from [01m[K/home/aksel/Documents/GitHub/Mobile_robotter/ros2_ws/src/lidar_gui/src/lidarnode.cpp:1[m[K:
[01m[K/opt/ros/humble/include/rclcpp/rclcpp/node.hpp:195:3:[m[K [01;36m[Knote: [m[Kcandidate: â€˜[01m[Ktemplate<class MessageT, class AllocatorT, class PublisherT> std::shared_ptr<PublisherT> rclcpp::Node::create_publisher(const string&, const rclcpp::QoS&, const rclcpp::PublisherOptionsWithAllocator<AllocatorT>&)[m[Kâ€™
  195 |   [01;36m[Kcreate_publisher[m[K(
      |   [01;36m[K^~~~~~~~~~~~~~~~[m[K
[01m[K/opt/ros/humble/include/rclcpp/rclcpp/node.hpp:195:3:[m[K [01;36m[Knote: [m[K  template argument deduction/substitution failed:
[01m[K/home/aksel/Documents/GitHub/Mobile_robotter/ros2_ws/src/lidar_gui/src/lidarnode.cpp:9:74:[m[K [01;31m[Kerror: [m[Ktemplate argument 1 is invalid
    9 |     _map_publisher = [01;31m[Kthis->create_publisher<nav_msgs::msg::OccupancyGrid>("/map", 10)[m[K;
      |                      [01;31m[K~~~~~~~~~~~~~~~~~~~~~~~~~~~~~~~~~~~~~~~~~~~~~~~~~~~~^~~~~~~~~~~~[m[K
[01m[K/home/aksel/Documents/GitHub/Mobile_robotter/ros2_ws/src/lidar_gui/src/lidarnode.cpp:[m[K In member function â€˜[01m[Kvoid MappingNode::scanCallback(sensor_msgs::msg::LaserScan_<std::allocator<void> >::SharedPtr)[m[Kâ€™:
[01m[K/home/aksel/Documents/GitHub/Mobile_robotter/ros2_ws/src/lidar_gui/src/lidarnode.cpp:20:5:[m[K [01;31m[Kerror: [m[Kâ€˜[01m[KGMapping[m[Kâ€™ has not been declared
   20 |     [01;31m[KGMapping[m[K::OrientedPoint sensorPose;
      |     [01;31m[K^~~~~~~~[m[K
[01m[K/home/aksel/Documents/GitHub/Mobile_robotter/ros2_ws/src/lidar_gui/src/lidarnode.cpp:21:5:[m[K [01;31m[Kerror: [m[Kâ€˜[01m[KsensorPose[m[Kâ€™ was not declared in this scope
   21 |     [01;31m[KsensorPose[m[K.x = _robot_x;
      |     [01;31m[K^~~~~~~~~~[m[K
[01m[K/home/aksel/Documents/GitHub/Mobile_robotter/ros2_ws/src/lidar_gui/src/lidarnode.cpp:32:5:[m[K [01;31m[Kerror: [m[Kâ€˜[01m[Kslam_[m[Kâ€™ was not declared in this scope
   32 |     [01;31m[Kslam_[m[K->processScan(ranges, sensorPose);
      |     [01;31m[K^~~~~[m[K
gmake[2]: *** [CMakeFiles/lidar_gui.dir/build.make:90: CMakeFiles/lidar_gui.dir/src/lidarnode.cpp.o] Error 1
gmake[1]: *** [CMakeFiles/Makefile2:137: CMakeFiles/lidar_gui.dir/all] Error 2
gmake: *** [Makefile:146: all] Error 2
