[0.024s] Invoking command in '/home/aksel/Documents/GitHub/Mobile_robotter/ros2_ws/build/lidar_gui': CMAKE_PREFIX_PATH=${CMAKE_PREFIX_PATH}:/home/aksel/turtlebot3_ws/install/turtlebot3_teleop:/home/aksel/turtlebot3_ws/install/turtlebot3_example:/opt/ros/humble /usr/bin/cmake --build /home/aksel/Documents/GitHub/Mobile_robotter/ros2_ws/build/lidar_gui -- -j16 -l16
[0.045s] -- Found ament_cmake: 1.3.10 (/opt/ros/humble/share/ament_cmake/cmake)
[0.146s] -- Found rclcpp: 16.0.10 (/opt/ros/humble/share/rclcpp/cmake)
[0.168s] -- Found rosidl_generator_c: 3.1.5 (/opt/ros/humble/share/rosidl_generator_c/cmake)
[0.170s] -- Found rosidl_adapter: 3.1.5 (/opt/ros/humble/share/rosidl_adapter/cmake)
[0.174s] -- Found rosidl_generator_cpp: 3.1.5 (/opt/ros/humble/share/rosidl_generator_cpp/cmake)
[0.181s] -- Using all available rosidl_typesupport_c: rosidl_typesupport_fastrtps_c;rosidl_typesupport_introspection_c
[0.190s] -- Using all available rosidl_typesupport_cpp: rosidl_typesupport_fastrtps_cpp;rosidl_typesupport_introspection_cpp
[0.213s] -- Found rmw_implementation_cmake: 6.1.2 (/opt/ros/humble/share/rmw_implementation_cmake/cmake)
[0.214s] -- Found rmw_fastrtps_cpp: 6.2.7 (/opt/ros/humble/share/rmw_fastrtps_cpp/cmake)
[0.314s] -- Using RMW implementation 'rmw_fastrtps_cpp' as default
[0.347s] -- Found geometry_msgs: 4.2.4 (/opt/ros/humble/share/geometry_msgs/cmake)
[0.355s] -- Found sensor_msgs: 4.2.4 (/opt/ros/humble/share/sensor_msgs/cmake)
[0.366s] -- Found rclcpp_components: 16.0.10 (/opt/ros/humble/share/rclcpp_components/cmake)
[0.378s] -- Found nav_msgs: 4.2.4 (/opt/ros/humble/share/nav_msgs/cmake)
[0.500s] -- Configuring done
[0.513s] -- Generating done
[0.515s] -- Build files have been written to: /home/aksel/Documents/GitHub/Mobile_robotter/ros2_ws/build/lidar_gui
[0.550s] [35m[1mConsolidate compiler generated dependencies of target lidar_gui[0m
[0.568s] [ 40%] [32mBuilding CXX object CMakeFiles/lidar_gui.dir/src/main.cpp.o[0m
[0.568s] [ 40%] [32mBuilding CXX object CMakeFiles/lidar_gui.dir/src/lidarnode.cpp.o[0m
[2.596s] [01m[K/home/aksel/Documents/GitHub/Mobile_robotter/ros2_ws/src/lidar_gui/src/lidarnode.cpp:[m[K In constructor â€˜[01m[KMappingNode::MappingNode()[m[Kâ€™:
[2.596s] [01m[K/home/aksel/Documents/GitHub/Mobile_robotter/ros2_ws/src/lidar_gui/src/lidarnode.cpp:3:52:[m[K [01;31m[Kerror: [m[Kclass â€˜[01m[KMappingNode[m[Kâ€™ does not have any field named â€˜[01m[Kslam_[m[Kâ€™
[2.596s]     3 | MappingNode::MappingNode() : Node("mapping_node"), [01;31m[Kslam_[m[K(new GMapping::SlamProcessor())
[2.596s]       |                                                    [01;31m[K^~~~~[m[K
[2.598s] [01m[K/home/aksel/Documents/GitHub/Mobile_robotter/ros2_ws/src/lidar_gui/src/lidarnode.cpp:3:62:[m[K [01;31m[Kerror: [m[Kâ€˜[01m[KGMapping[m[Kâ€™ does not name a type
[2.598s]     3 | MappingNode::MappingNode() : Node("mapping_node"), slam_(new [01;31m[KGMapping[m[K::SlamProcessor())
[2.598s]       |                                                              [01;31m[K^~~~~~~~[m[K
[2.607s] [01m[K/home/aksel/Documents/GitHub/Mobile_robotter/ros2_ws/src/lidar_gui/src/lidarnode.cpp:9:5:[m[K [01;31m[Kerror: [m[Kâ€˜[01m[K_map_publisher[m[Kâ€™ was not declared in this scope; did you mean â€˜[01m[Kcreate_publisher[m[Kâ€™?
[2.607s]     9 |     [01;31m[K_map_publisher[m[K = this->create_publisher<nav_msgs::msg::OccupancyGrid>("/map", 10);
[2.607s]       |     [01;31m[K^~~~~~~~~~~~~~[m[K
[2.607s]       |     [32m[Kcreate_publisher[m[K
[2.607s] [01m[K/home/aksel/Documents/GitHub/Mobile_robotter/ros2_ws/src/lidar_gui/src/lidarnode.cpp:9:60:[m[K [01;31m[Kerror: [m[Kâ€˜[01m[KOccupancyGrid[m[Kâ€™ is not a member of â€˜[01m[Knav_msgs::msg[m[Kâ€™
[2.608s]     9 |     _map_publisher = this->create_publisher<nav_msgs::msg::[01;31m[KOccupancyGrid[m[K>("/map", 10);
[2.608s]       |                                                            [01;31m[K^~~~~~~~~~~~~[m[K
[2.608s] [01m[K/home/aksel/Documents/GitHub/Mobile_robotter/ros2_ws/src/lidar_gui/src/lidarnode.cpp:9:74:[m[K [01;31m[Kerror: [m[Kno matching function for call to â€˜[01m[KMappingNode::create_publisher<<expression error> >(const char [5], int)[m[Kâ€™
[2.608s]     9 |     _map_publisher = [01;31m[Kthis->create_publisher<nav_msgs::msg::OccupancyGrid>("/map", 10)[m[K;
[2.608s]       |                      [01;31m[K~~~~~~~~~~~~~~~~~~~~~~~~~~~~~~~~~~~~~~~~~~~~~~~~~~~~^~~~~~~~~~~~[m[K
[2.608s] In file included from [01m[K/opt/ros/humble/include/rclcpp/rclcpp/executors/single_threaded_executor.hpp:28[m[K,
[2.608s]                  from [01m[K/opt/ros/humble/include/rclcpp/rclcpp/executors.hpp:22[m[K,
[2.608s]                  from [01m[K/opt/ros/humble/include/rclcpp/rclcpp/rclcpp.hpp:155[m[K,
[2.608s]                  from [01m[K/home/aksel/Documents/GitHub/Mobile_robotter/ros2_ws/src/lidar_gui/include/lidarnode.h:4[m[K,
[2.608s]                  from [01m[K/home/aksel/Documents/GitHub/Mobile_robotter/ros2_ws/src/lidar_gui/src/lidarnode.cpp:1[m[K:
[2.608s] [01m[K/opt/ros/humble/include/rclcpp/rclcpp/node.hpp:195:3:[m[K [01;36m[Knote: [m[Kcandidate: â€˜[01m[Ktemplate<class MessageT, class AllocatorT, class PublisherT> std::shared_ptr<PublisherT> rclcpp::Node::create_publisher(const string&, const rclcpp::QoS&, const rclcpp::PublisherOptionsWithAllocator<AllocatorT>&)[m[Kâ€™
[2.608s]   195 |   [01;36m[Kcreate_publisher[m[K(
[2.609s]       |   [01;36m[K^~~~~~~~~~~~~~~~[m[K
[2.609s] [01m[K/opt/ros/humble/include/rclcpp/rclcpp/node.hpp:195:3:[m[K [01;36m[Knote: [m[K  template argument deduction/substitution failed:
[2.609s] [01m[K/home/aksel/Documents/GitHub/Mobile_robotter/ros2_ws/src/lidar_gui/src/lidarnode.cpp:9:74:[m[K [01;31m[Kerror: [m[Ktemplate argument 1 is invalid
[2.609s]     9 |     _map_publisher = [01;31m[Kthis->create_publisher<nav_msgs::msg::OccupancyGrid>("/map", 10)[m[K;
[2.609s]       |                      [01;31m[K~~~~~~~~~~~~~~~~~~~~~~~~~~~~~~~~~~~~~~~~~~~~~~~~~~~~^~~~~~~~~~~~[m[K
[2.618s] [01m[K/home/aksel/Documents/GitHub/Mobile_robotter/ros2_ws/src/lidar_gui/src/lidarnode.cpp:[m[K In member function â€˜[01m[Kvoid MappingNode::scanCallback(sensor_msgs::msg::LaserScan_<std::allocator<void> >::SharedPtr)[m[Kâ€™:
[2.618s] [01m[K/home/aksel/Documents/GitHub/Mobile_robotter/ros2_ws/src/lidar_gui/src/lidarnode.cpp:20:5:[m[K [01;31m[Kerror: [m[Kâ€˜[01m[KGMapping[m[Kâ€™ has not been declared
[2.618s]    20 |     [01;31m[KGMapping[m[K::OrientedPoint sensorPose;
[2.618s]       |     [01;31m[K^~~~~~~~[m[K
[2.624s] [01m[K/home/aksel/Documents/GitHub/Mobile_robotter/ros2_ws/src/lidar_gui/src/lidarnode.cpp:21:5:[m[K [01;31m[Kerror: [m[Kâ€˜[01m[KsensorPose[m[Kâ€™ was not declared in this scope
[2.624s]    21 |     [01;31m[KsensorPose[m[K.x = _robot_x;
[2.624s]       |     [01;31m[K^~~~~~~~~~[m[K
[2.629s] [01m[K/home/aksel/Documents/GitHub/Mobile_robotter/ros2_ws/src/lidar_gui/src/lidarnode.cpp:32:5:[m[K [01;31m[Kerror: [m[Kâ€˜[01m[Kslam_[m[Kâ€™ was not declared in this scope
[2.629s]    32 |     [01;31m[Kslam_[m[K->processScan(ranges, sensorPose);
[2.629s]       |     [01;31m[K^~~~~[m[K
[5.114s] gmake[2]: *** [CMakeFiles/lidar_gui.dir/build.make:90: CMakeFiles/lidar_gui.dir/src/lidarnode.cpp.o] Error 1
[5.114s] gmake[1]: *** [CMakeFiles/Makefile2:137: CMakeFiles/lidar_gui.dir/all] Error 2
[5.114s] gmake: *** [Makefile:146: all] Error 2
