[0.019s] Invoking command in '/home/aksel/Documents/GitHub/Mobile_robotter/ros2_ws/build/controller_input': CMAKE_PREFIX_PATH=${CMAKE_PREFIX_PATH}:/home/aksel/turtlebot3_ws/install/turtlebot3_teleop:/home/aksel/turtlebot3_ws/install/turtlebot3_example:/opt/ros/humble /usr/bin/cmake --build /home/aksel/Documents/GitHub/Mobile_robotter/ros2_ws/build/controller_input -- -j16 -l16
[0.056s] [35m[1mConsolidate compiler generated dependencies of target controller_input[0m
[0.074s] [ 66%] [32mBuilding CXX object CMakeFiles/controller_input.dir/src/controllerinput.cpp.o[0m
[0.074s] [ 66%] [32mBuilding CXX object CMakeFiles/controller_input.dir/src/main.cpp.o[0m
[2.935s] In file included from [01m[K/home/aksel/Documents/GitHub/Mobile_robotter/ros2_ws/src/controller_input/src/controllerinput.cpp:1[m[K:
[2.935s] [01m[K/home/aksel/Documents/GitHub/Mobile_robotter/ros2_ws/src/controller_input/include/controllerinput.h:22:44:[m[K [01;31m[Kerror: [m[Kâ€˜[01m[KLaserScan[m[Kâ€™ is not a member of â€˜[01m[Ksensor_msgs::msg[m[Kâ€™
[2.935s]    22 |     rclcpp::Subscription<sensor_msgs::msg::[01;31m[KLaserScan[m[K>::SharedPtr _lidar_subscription;
[2.935s]       |                                            [01;31m[K^~~~~~~~~[m[K
[2.935s] [01m[K/home/aksel/Documents/GitHub/Mobile_robotter/ros2_ws/src/controller_input/include/controllerinput.h:22:53:[m[K [01;31m[Kerror: [m[Ktemplate argument 1 is invalid
[2.935s]    22 |     rclcpp::Subscription<sensor_msgs::msg::LaserScan[01;31m[K>[m[K::SharedPtr _lidar_subscription;
[2.935s]       |                                                     [01;31m[K^[m[K
[2.935s] [01m[K/home/aksel/Documents/GitHub/Mobile_robotter/ros2_ws/src/controller_input/include/controllerinput.h:22:53:[m[K [01;31m[Kerror: [m[Ktemplate argument 3 is invalid
[2.935s] [01m[K/home/aksel/Documents/GitHub/Mobile_robotter/ros2_ws/src/controller_input/include/controllerinput.h:22:53:[m[K [01;31m[Kerror: [m[Ktemplate argument 4 is invalid
[2.935s] [01m[K/home/aksel/Documents/GitHub/Mobile_robotter/ros2_ws/src/controller_input/include/controllerinput.h:22:53:[m[K [01;31m[Kerror: [m[Ktemplate argument 5 is invalid
[2.935s] [01m[K/home/aksel/Documents/GitHub/Mobile_robotter/ros2_ws/src/controller_input/include/controllerinput.h:22:56:[m[K [01;31m[Kerror: [m[Kexpected â€˜[01m[K;[m[Kâ€™ at end of member declaration
[2.935s]    22 |     rclcpp::Subscription<sensor_msgs::msg::LaserScan>::[01;31m[KSharedPtr[m[K _lidar_subscription;
[2.936s]       |                                                        [01;31m[K^~~~~~~~~[m[K
[2.936s]       |                                                                 [32m[K;[m[K
[2.938s] In file included from [01m[K/home/aksel/Documents/GitHub/Mobile_robotter/ros2_ws/src/controller_input/src/main.cpp:2[m[K:
[2.938s] [01m[K/home/aksel/Documents/GitHub/Mobile_robotter/ros2_ws/src/controller_input/include/controllerinput.h:22:44:[m[K [01;31m[Kerror: [m[Kâ€˜[01m[KLaserScan[m[Kâ€™ is not a member of â€˜[01m[Ksensor_msgs::msg[m[Kâ€™
[2.938s]    22 |     rclcpp::Subscription<sensor_msgs::msg::[01;31m[KLaserScan[m[K>::SharedPtr _lidar_subscription;
[2.938s]       |                                            [01;31m[K^~~~~~~~~[m[K
[2.938s] [01m[K/home/aksel/Documents/GitHub/Mobile_robotter/ros2_ws/src/controller_input/include/controllerinput.h:22:53:[m[K [01;31m[Kerror: [m[Ktemplate argument 1 is invalid
[2.938s]    22 |     rclcpp::Subscription<sensor_msgs::msg::LaserScan[01;31m[K>[m[K::SharedPtr _lidar_subscription;
[2.938s]       |                                                     [01;31m[K^[m[K
[2.938s] [01m[K/home/aksel/Documents/GitHub/Mobile_robotter/ros2_ws/src/controller_input/include/controllerinput.h:22:53:[m[K [01;31m[Kerror: [m[Ktemplate argument 3 is invalid
[2.938s] [01m[K/home/aksel/Documents/GitHub/Mobile_robotter/ros2_ws/src/controller_input/include/controllerinput.h:22:53:[m[K [01;31m[Kerror: [m[Ktemplate argument 4 is invalid
[2.939s] [01m[K/home/aksel/Documents/GitHub/Mobile_robotter/ros2_ws/src/controller_input/include/controllerinput.h:22:53:[m[K [01;31m[Kerror: [m[Ktemplate argument 5 is invalid
[2.939s] [01m[K/home/aksel/Documents/GitHub/Mobile_robotter/ros2_ws/src/controller_input/include/controllerinput.h:22:56:[m[K [01;31m[Kerror: [m[Kexpected â€˜[01m[K;[m[Kâ€™ at end of member declaration
[2.939s]    22 |     rclcpp::Subscription<sensor_msgs::msg::LaserScan>::[01;31m[KSharedPtr[m[K _lidar_subscription;
[2.939s]       |                                                        [01;31m[K^~~~~~~~~[m[K
[2.939s]       |                                                                 [32m[K;[m[K
[2.939s] [01m[K/home/aksel/Documents/GitHub/Mobile_robotter/ros2_ws/src/controller_input/include/controllerinput.h:22:66:[m[K [01;31m[Kerror: [m[Kâ€˜[01m[K_lidar_subscription[m[Kâ€™ does not name a type
[2.939s]    22 |     rclcpp::Subscription<sensor_msgs::msg::LaserScan>::SharedPtr [01;31m[K_lidar_subscription[m[K;
[2.939s]       |                                                                  [01;31m[K^~~~~~~~~~~~~~~~~~~[m[K
[2.942s] [01m[K/home/aksel/Documents/GitHub/Mobile_robotter/ros2_ws/src/controller_input/include/controllerinput.h:22:66:[m[K [01;31m[Kerror: [m[Kâ€˜[01m[K_lidar_subscription[m[Kâ€™ does not name a type
[2.942s]    22 |     rclcpp::Subscription<sensor_msgs::msg::LaserScan>::SharedPtr [01;31m[K_lidar_subscription[m[K;
[2.942s]       |                                                                  [01;31m[K^~~~~~~~~~~~~~~~~~~[m[K
[2.945s] [01m[K/home/aksel/Documents/GitHub/Mobile_robotter/ros2_ws/src/controller_input/include/controllerinput.h:23:26:[m[K [01;31m[Kerror: [m[Kâ€˜[01m[Knav_msgs[m[Kâ€™ was not declared in this scope
[2.945s]    23 |     rclcpp::Subscription<[01;31m[Knav_msgs[m[K::msg::Odometry>::SharedPtr _odom_subscription;
[2.945s]       |                          [01;31m[K^~~~~~~~[m[K
[2.945s] [01m[K/home/aksel/Documents/GitHub/Mobile_robotter/ros2_ws/src/controller_input/include/controllerinput.h:23:49:[m[K [01;31m[Kerror: [m[Ktemplate argument 1 is invalid
[2.945s]    23 |     rclcpp::Subscription<nav_msgs::msg::Odometry[01;31m[K>[m[K::SharedPtr _odom_subscription;
[2.945s]       |                                                 [01;31m[K^[m[K
[2.946s] [01m[K/home/aksel/Documents/GitHub/Mobile_robotter/ros2_ws/src/controller_input/include/controllerinput.h:23:49:[m[K [01;31m[Kerror: [m[Ktemplate argument 3 is invalid
[2.946s] [01m[K/home/aksel/Documents/GitHub/Mobile_robotter/ros2_ws/src/controller_input/include/controllerinput.h:23:49:[m[K [01;31m[Kerror: [m[Ktemplate argument 4 is invalid
[2.946s] [01m[K/home/aksel/Documents/GitHub/Mobile_robotter/ros2_ws/src/controller_input/include/controllerinput.h:23:49:[m[K [01;31m[Kerror: [m[Ktemplate argument 5 is invalid
[2.946s] [01m[K/home/aksel/Documents/GitHub/Mobile_robotter/ros2_ws/src/controller_input/include/controllerinput.h:23:52:[m[K [01;31m[Kerror: [m[Kexpected â€˜[01m[K;[m[Kâ€™ at end of member declaration
[2.946s]    23 |     rclcpp::Subscription<nav_msgs::msg::Odometry>::[01;31m[KSharedPtr[m[K _odom_subscription;
[2.946s]       |                                                    [01;31m[K^~~~~~~~~[m[K
[2.946s]       |                                                             [32m[K;[m[K
[2.946s] [01m[K/home/aksel/Documents/GitHub/Mobile_robotter/ros2_ws/src/controller_input/include/controllerinput.h:23:52:[m[K [01;31m[Kerror: [m[Kredeclaration of â€˜[01m[Kint controllerInput::SharedPtr[m[Kâ€™
[2.946s] [01m[K/home/aksel/Documents/GitHub/Mobile_robotter/ros2_ws/src/controller_input/include/controllerinput.h:22:56:[m[K [01;36m[Knote: [m[Kprevious declaration â€˜[01m[Kint controllerInput::SharedPtr[m[Kâ€™
[2.946s]    22 |     rclcpp::Subscription<sensor_msgs::msg::LaserScan>::[01;36m[KSharedPtr[m[K _lidar_subscription;
[2.946s]       |                                                        [01;36m[K^~~~~~~~~[m[K
[2.948s] [01m[K/home/aksel/Documents/GitHub/Mobile_robotter/ros2_ws/src/controller_input/include/controllerinput.h:23:26:[m[K [01;31m[Kerror: [m[Kâ€˜[01m[Knav_msgs[m[Kâ€™ was not declared in this scope
[2.948s]    23 |     rclcpp::Subscription<[01;31m[Knav_msgs[m[K::msg::Odometry>::SharedPtr _odom_subscription;
[2.948s]       |                          [01;31m[K^~~~~~~~[m[K
[2.948s] [01m[K/home/aksel/Documents/GitHub/Mobile_robotter/ros2_ws/src/controller_input/include/controllerinput.h:23:49:[m[K [01;31m[Kerror: [m[Ktemplate argument 1 is invalid
[2.948s]    23 |     rclcpp::Subscription<nav_msgs::msg::Odometry[01;31m[K>[m[K::SharedPtr _odom_subscription;
[2.948s]       |                                                 [01;31m[K^[m[K
[2.949s] [01m[K/home/aksel/Documents/GitHub/Mobile_robotter/ros2_ws/src/controller_input/include/controllerinput.h:23:49:[m[K [01;31m[Kerror: [m[Ktemplate argument 3 is invalid
[2.949s] [01m[K/home/aksel/Documents/GitHub/Mobile_robotter/ros2_ws/src/controller_input/include/controllerinput.h:23:49:[m[K [01;31m[Kerror: [m[Ktemplate argument 4 is invalid
[2.949s] [01m[K/home/aksel/Documents/GitHub/Mobile_robotter/ros2_ws/src/controller_input/include/controllerinput.h:23:49:[m[K [01;31m[Kerror: [m[Ktemplate argument 5 is invalid
[2.949s] [01m[K/home/aksel/Documents/GitHub/Mobile_robotter/ros2_ws/src/controller_input/include/controllerinput.h:23:52:[m[K [01;31m[Kerror: [m[Kexpected â€˜[01m[K;[m[Kâ€™ at end of member declaration
[2.949s]    23 |     rclcpp::Subscription<nav_msgs::msg::Odometry>::[01;31m[KSharedPtr[m[K _odom_subscription;
[2.949s]       |                                                    [01;31m[K^~~~~~~~~[m[K
[2.949s]       |                                                             [32m[K;[m[K
[2.949s] [01m[K/home/aksel/Documents/GitHub/Mobile_robotter/ros2_ws/src/controller_input/include/controllerinput.h:23:52:[m[K [01;31m[Kerror: [m[Kredeclaration of â€˜[01m[Kint controllerInput::SharedPtr[m[Kâ€™
[2.949s] [01m[K/home/aksel/Documents/GitHub/Mobile_robotter/ros2_ws/src/controller_input/include/controllerinput.h:22:56:[m[K [01;36m[Knote: [m[Kprevious declaration â€˜[01m[Kint controllerInput::SharedPtr[m[Kâ€™
[2.949s]    22 |     rclcpp::Subscription<sensor_msgs::msg::LaserScan>::[01;36m[KSharedPtr[m[K _lidar_subscription;
[2.949s]       |                                                        [01;36m[K^~~~~~~~~[m[K
[2.949s] [01m[K/home/aksel/Documents/GitHub/Mobile_robotter/ros2_ws/src/controller_input/include/controllerinput.h:23:62:[m[K [01;31m[Kerror: [m[Kâ€˜[01m[K_odom_subscription[m[Kâ€™ does not name a type
[2.949s]    23 |     rclcpp::Subscription<nav_msgs::msg::Odometry>::SharedPtr [01;31m[K_odom_subscription[m[K;
[2.949s]       |                                                              [01;31m[K^~~~~~~~~~~~~~~~~~[m[K
[2.949s] [01m[K/home/aksel/Documents/GitHub/Mobile_robotter/ros2_ws/src/controller_input/include/controllerinput.h:27:23:[m[K [01;31m[Kerror: [m[Kâ€˜[01m[KLaserScan[m[Kâ€™ in namespace â€˜[01m[Ksensor_msgs::msg[m[Kâ€™ does not name a type
[2.949s]    27 |     sensor_msgs::msg::[01;31m[KLaserScan[m[K::SharedPtr _latest_scan;
[2.949s]       |                       [01;31m[K^~~~~~~~~[m[K
[2.950s] [01m[K/home/aksel/Documents/GitHub/Mobile_robotter/ros2_ws/src/controller_input/include/controllerinput.h:28:5:[m[K [01;31m[Kerror: [m[Kâ€˜[01m[Knav_msgs[m[Kâ€™ does not name a type
[2.950s]    28 |     [01;31m[Knav_msgs[m[K::msg::Odometry::SharedPtr _latest_odom;
[2.950s]       |     [01;31m[K^~~~~~~~[m[K
[2.952s] [01m[K/home/aksel/Documents/GitHub/Mobile_robotter/ros2_ws/src/controller_input/include/controllerinput.h:23:62:[m[K [01;31m[Kerror: [m[Kâ€˜[01m[K_odom_subscription[m[Kâ€™ does not name a type
[2.952s]    23 |     rclcpp::Subscription<nav_msgs::msg::Odometry>::SharedPtr [01;31m[K_odom_subscription[m[K;
[2.952s]       |                                                              [01;31m[K^~~~~~~~~~~~~~~~~~[m[K
[2.952s] [01m[K/home/aksel/Documents/GitHub/Mobile_robotter/ros2_ws/src/controller_input/include/controllerinput.h:27:23:[m[K [01;31m[Kerror: [m[Kâ€˜[01m[KLaserScan[m[Kâ€™ in namespace â€˜[01m[Ksensor_msgs::msg[m[Kâ€™ does not name a type
[2.952s]    27 |     sensor_msgs::msg::[01;31m[KLaserScan[m[K::SharedPtr _latest_scan;
[2.952s]       |                       [01;31m[K^~~~~~~~~[m[K
[2.954s] [01m[K/home/aksel/Documents/GitHub/Mobile_robotter/ros2_ws/src/controller_input/include/controllerinput.h:28:5:[m[K [01;31m[Kerror: [m[Kâ€˜[01m[Knav_msgs[m[Kâ€™ does not name a type
[2.954s]    28 |     [01;31m[Knav_msgs[m[K::msg::Odometry::SharedPtr _latest_odom;
[2.954s]       |     [01;31m[K^~~~~~~~[m[K
[2.972s] [01m[K/home/aksel/Documents/GitHub/Mobile_robotter/ros2_ws/src/controller_input/src/controllerinput.cpp:[m[K In constructor â€˜[01m[KcontrollerInput::controllerInput()[m[Kâ€™:
[2.972s] [01m[K/home/aksel/Documents/GitHub/Mobile_robotter/ros2_ws/src/controller_input/src/controllerinput.cpp:30:5:[m[K [01;31m[Kerror: [m[Kâ€˜[01m[K_lidar_subscription[m[Kâ€™ was not declared in this scope; did you mean â€˜[01m[Kcreate_subscription[m[Kâ€™?
[2.972s]    30 |     [01;31m[K_lidar_subscription[m[K = this->create_subscription<sensor_msgs::msg::LaserScan>(
[2.972s]       |     [01;31m[K^~~~~~~~~~~~~~~~~~~[m[K
[2.972s]       |     [32m[Kcreate_subscription[m[K
[2.973s] [01m[K/home/aksel/Documents/GitHub/Mobile_robotter/ros2_ws/src/controller_input/src/controllerinput.cpp:30:71:[m[K [01;31m[Kerror: [m[Kâ€˜[01m[KLaserScan[m[Kâ€™ is not a member of â€˜[01m[Ksensor_msgs::msg[m[Kâ€™
[2.973s]    30 |     _lidar_subscription = this->create_subscription<sensor_msgs::msg::[01;31m[KLaserScan[m[K>(
[2.973s]       |                                                                       [01;31m[K^~~~~~~~~[m[K
[2.973s] [01m[K/home/aksel/Documents/GitHub/Mobile_robotter/ros2_ws/src/controller_input/src/controllerinput.cpp:31:54:[m[K [01;31m[Kerror: [m[Kâ€˜[01m[KMappingNode[m[Kâ€™ has not been declared
[2.973s]    31 |         "/scan", rclcpp::SensorDataQoS(), std::bind(&[01;31m[KMappingNode[m[K::scanCallback, this, std::placeholders::_1));
[2.973s]       |                                                      [01;31m[K^~~~~~~~~~~[m[K
[2.983s] [01m[K/home/aksel/Documents/GitHub/Mobile_robotter/ros2_ws/src/controller_input/src/controllerinput.cpp:32:5:[m[K [01;31m[Kerror: [m[Kâ€˜[01m[K_odom_subscription[m[Kâ€™ was not declared in this scope; did you mean â€˜[01m[Kcreate_subscription[m[Kâ€™?
[2.983s]    32 |     [01;31m[K_odom_subscription[m[K = this->create_subscription<nav_msgs::msg::Odometry>(
[2.983s]       |     [01;31m[K^~~~~~~~~~~~~~~~~~[m[K
[2.983s]       |     [32m[Kcreate_subscription[m[K
[2.988s] [01m[K/home/aksel/Documents/GitHub/Mobile_robotter/ros2_ws/src/controller_input/src/controllerinput.cpp:32:52:[m[K [01;31m[Kerror: [m[Kâ€˜[01m[Knav_msgs[m[Kâ€™ was not declared in this scope
[2.988s]    32 |     _odom_subscription = this->create_subscription<[01;31m[Knav_msgs[m[K::msg::Odometry>(
[2.988s]       |                                                    [01;31m[K^~~~~~~~[m[K
[2.988s] [01m[K/home/aksel/Documents/GitHub/Mobile_robotter/ros2_ws/src/controller_input/src/controllerinput.cpp:32:32:[m[K [01;31m[Kerror: [m[Kparse error in template argument list
[2.988s]    32 |     _odom_subscription = this->[01;31m[Kcreate_subscription<nav_msgs::msg::Odometry>[m[K(
[2.988s]       |                                [01;31m[K^~~~~~~~~~~~~~~~~~~~~~~~~~~~~~~~~~~~~~~~~~~~[m[K
[2.988s] [01m[K/home/aksel/Documents/GitHub/Mobile_robotter/ros2_ws/src/controller_input/src/controllerinput.cpp:33:54:[m[K [01;31m[Kerror: [m[Kâ€˜[01m[KMappingNode[m[Kâ€™ has not been declared
[2.988s]    33 |         "/odom", rclcpp::SensorDataQoS(), std::bind(&[01;31m[KMappingNode[m[K::odomCallback, this, std::placeholders::_1));
[2.988s]       |                                                      [01;31m[K^~~~~~~~~~~[m[K
[2.989s] [01m[K/home/aksel/Documents/GitHub/Mobile_robotter/ros2_ws/src/controller_input/src/controllerinput.cpp:35:18:[m[K [01;31m[Kerror: [m[Kâ€˜[01m[Kmsg[m[Kâ€™ was not declared in this scope
[2.989s]    35 |     _initial_x = [01;31m[Kmsg[m[K->pose.pose.position.x;
[2.989s]       |                  [01;31m[K^~~[m[K
[2.989s] [01m[K/home/aksel/Documents/GitHub/Mobile_robotter/ros2_ws/src/controller_input/src/controllerinput.cpp:35:18:[m[K [01;36m[Knote: [m[Ksuggested alternatives:
[2.989s] In file included from [01m[K/opt/ros/humble/include/builtin_interfaces/builtin_interfaces/msg/duration.hpp:7[m[K,
[2.989s]                  from [01m[K/opt/ros/humble/include/rclcpp/rclcpp/duration.hpp:20[m[K,
[2.989s]                  from [01m[K/opt/ros/humble/include/rclcpp/rclcpp/qos.hpp:20[m[K,
[2.989s]                  from [01m[K/opt/ros/humble/include/rclcpp/rclcpp/node_interfaces/node_graph_interface.hpp:32[m[K,
[2.989s]                  from [01m[K/opt/ros/humble/include/rclcpp/rclcpp/client.hpp:42[m[K,
[2.989s]                  from [01m[K/opt/ros/humble/include/rclcpp/rclcpp/callback_group.hpp:24[m[K,
[2.989s]                  from [01m[K/opt/ros/humble/include/rclcpp/rclcpp/any_executable.hpp:20[m[K,
[2.990s]                  from [01m[K/opt/ros/humble/include/rclcpp/rclcpp/memory_strategy.hpp:25[m[K,
[2.990s]                  from [01m[K/opt/ros/humble/include/rclcpp/rclcpp/memory_strategies.hpp:18[m[K,
[2.990s]                  from [01m[K/opt/ros/humble/include/rclcpp/rclcpp/executor_options.hpp:20[m[K,
[2.990s]                  from [01m[K/opt/ros/humble/include/rclcpp/rclcpp/executor.hpp:37[m[K,
[2.990s]                  from [01m[K/opt/ros/humble/include/rclcpp/rclcpp/executors/multi_threaded_executor.hpp:25[m[K,
[2.990s]                  from [01m[K/opt/ros/humble/include/rclcpp/rclcpp/executors.hpp:21[m[K,
[2.990s]                  from [01m[K/opt/ros/humble/include/rclcpp/rclcpp/rclcpp.hpp:155[m[K,
[2.990s]                  from [01m[K/home/aksel/Documents/GitHub/Mobile_robotter/ros2_ws/src/controller_input/include/controllerinput.h:4[m[K,
[2.990s]                  from [01m[K/home/aksel/Documents/GitHub/Mobile_robotter/ros2_ws/src/controller_input/src/controllerinput.cpp:1[m[K:
[2.990s] [01m[K/opt/ros/humble/include/builtin_interfaces/builtin_interfaces/msg/detail/duration__struct.hpp:27:11:[m[K [01;36m[Knote: [m[K  â€˜[01m[Kbuiltin_interfaces::msg[m[Kâ€™
[2.990s]    27 | namespace [01;36m[Kmsg[m[K
[2.990s]       |           [01;36m[K^~~[m[K
[2.990s] In file included from [01m[K/opt/ros/humble/include/rcl_interfaces/rcl_interfaces/msg/set_parameters_result.hpp:7[m[K,
[2.990s]                  from [01m[K/opt/ros/humble/include/rclcpp/rclcpp/qos_overriding_options.hpp:28[m[K,
[2.990s]                  from [01m[K/opt/ros/humble/include/rclcpp/rclcpp/subscription_options.hpp:30[m[K,
[2.990s]                  from [01m[K/opt/ros/humble/include/rclcpp/rclcpp/subscription.hpp:45[m[K,
[2.990s]                  from [01m[K/opt/ros/humble/include/rclcpp/rclcpp/any_executable.hpp:25[m[K,
[2.990s]                  from [01m[K/opt/ros/humble/include/rclcpp/rclcpp/memory_strategy.hpp:25[m[K,
[2.990s]                  from [01m[K/opt/ros/humble/include/rclcpp/rclcpp/memory_strategies.hpp:18[m[K,
[2.990s]                  from [01m[K/opt/ros/humble/include/rclcpp/rclcpp/executor_options.hpp:20[m[K,
[2.990s]                  from [01m[K/opt/ros/humble/include/rclcpp/rclcpp/executor.hpp:37[m[K,
[2.990s]                  from [01m[K/opt/ros/humble/include/rclcpp/rclcpp/executors/multi_threaded_executor.hpp:25[m[K,
[2.990s]                  from [01m[K/opt/ros/humble/include/rclcpp/rclcpp/executors.hpp:21[m[K,
[2.990s]                  from [01m[K/opt/ros/humble/include/rclcpp/rclcpp/rclcpp.hpp:155[m[K,
[2.990s]                  from [01m[K/home/aksel/Documents/GitHub/Mobile_robotter/ros2_ws/src/controller_input/include/controllerinput.h:4[m[K,
[2.991s]                  from [01m[K/home/aksel/Documents/GitHub/Mobile_robotter/ros2_ws/src/controller_input/src/controllerinput.cpp:1[m[K:
[2.991s] [01m[K/opt/ros/humble/include/rcl_interfaces/rcl_interfaces/msg/detail/set_parameters_result__struct.hpp:27:11:[m[K [01;36m[Knote: [m[K  â€˜[01m[Krcl_interfaces::msg[m[Kâ€™
[2.991s]    27 | namespace [01;36m[Kmsg[m[K
[2.991s]       |           [01;36m[K^~~[m[K
[2.991s] In file included from [01m[K/opt/ros/humble/include/statistics_msgs/statistics_msgs/msg/detail/metrics_message__struct.hpp:23[m[K,
[2.991s]                  from [01m[K/opt/ros/humble/include/statistics_msgs/statistics_msgs/msg/metrics_message.hpp:7[m[K,
[2.991s]                  from [01m[K/opt/ros/humble/include/libstatistics_collector/libstatistics_collector/collector/generate_statistics_message.hpp:21[m[K,
[2.991s]                  from [01m[K/opt/ros/humble/include/rclcpp/rclcpp/topic_statistics/subscription_topic_statistics.hpp:23[m[K,
[2.991s]                  from [01m[K/opt/ros/humble/include/rclcpp/rclcpp/subscription.hpp:50[m[K,
[2.991s]                  from [01m[K/opt/ros/humble/include/rclcpp/rclcpp/any_executable.hpp:25[m[K,
[2.991s]                  from [01m[K/opt/ros/humble/include/rclcpp/rclcpp/memory_strategy.hpp:25[m[K,
[2.991s]                  from [01m[K/opt/ros/humble/include/rclcpp/rclcpp/memory_strategies.hpp:18[m[K,
[2.991s]                  from [01m[K/opt/ros/humble/include/rclcpp/rclcpp/executor_options.hpp:20[m[K,
[2.991s]                  from [01m[K/opt/ros/humble/include/rclcpp/rclcpp/executor.hpp:37[m[K,
[2.991s]                  from [01m[K/opt/ros/humble/include/rclcpp/rclcpp/executors/multi_threaded_executor.hpp:25[m[K,
[2.991s]                  from [01m[K/opt/ros/humble/include/rclcpp/rclcpp/executors.hpp:21[m[K,
[2.991s]                  from [01m[K/opt/ros/humble/include/rclcpp/rclcpp/rclcpp.hpp:155[m[K,
[2.991s]                  from [01m[K/home/aksel/Documents/GitHub/Mobile_robotter/ros2_ws/src/controller_input/include/controllerinput.h:4[m[K,
[2.991s]                  from [01m[K/home/aksel/Documents/GitHub/Mobile_robotter/ros2_ws/src/controller_input/src/controllerinput.cpp:1[m[K:
[2.991s] [01m[K/opt/ros/humble/include/statistics_msgs/statistics_msgs/msg/detail/statistic_data_point__struct.hpp:27:11:[m[K [01;36m[Knote: [m[K  â€˜[01m[Kstatistics_msgs::msg[m[Kâ€™
[2.991s]    27 | namespace [01;36m[Kmsg[m[K
[2.991s]       |           [01;36m[K^~~[m[K
[2.991s] In file included from [01m[K/opt/ros/humble/include/sensor_msgs/sensor_msgs/msg/detail/joy__struct.hpp:20[m[K,
[2.991s]                  from [01m[K/opt/ros/humble/include/sensor_msgs/sensor_msgs/msg/joy.hpp:7[m[K,
[2.991s]                  from [01m[K/home/aksel/Documents/GitHub/Mobile_robotter/ros2_ws/src/controller_input/include/controllerinput.h:5[m[K,
[2.991s]                  from [01m[K/home/aksel/Documents/GitHub/Mobile_robotter/ros2_ws/src/controller_input/src/controllerinput.cpp:1[m[K:
[2.991s] [01m[K/opt/ros/humble/include/std_msgs/std_msgs/msg/detail/header__struct.hpp:31:11:[m[K [01;36m[Knote: [m[K  â€˜[01m[Kstd_msgs::msg[m[Kâ€™
[2.991s]    31 | namespace [01;36m[Kmsg[m[K
[2.992s]       |           [01;36m[K^~~[m[K
[2.992s] In file included from [01m[K/opt/ros/humble/include/sensor_msgs/sensor_msgs/msg/joy.hpp:7[m[K,
[2.992s]                  from [01m[K/home/aksel/Documents/GitHub/Mobile_robotter/ros2_ws/src/controller_input/include/controllerinput.h:5[m[K,
[2.992s]                  from [01m[K/home/aksel/Documents/GitHub/Mobile_robotter/ros2_ws/src/controller_input/src/controllerinput.cpp:1[m[K:
[2.992s] [01m[K/opt/ros/humble/include/sensor_msgs/sensor_msgs/msg/detail/joy__struct.hpp:31:11:[m[K [01;36m[Knote: [m[K  â€˜[01m[Ksensor_msgs::msg[m[Kâ€™
[2.992s]    31 | namespace [01;36m[Kmsg[m[K
[2.992s]       |           [01;36m[K^~~[m[K
[2.992s] In file included from [01m[K/opt/ros/humble/include/geometry_msgs/geometry_msgs/msg/detail/twist__struct.hpp:21[m[K,
[2.992s]                  from [01m[K/opt/ros/humble/include/geometry_msgs/geometry_msgs/msg/twist.hpp:7[m[K,
[2.992s]                  from [01m[K/home/aksel/Documents/GitHub/Mobile_robotter/ros2_ws/src/controller_input/include/controllerinput.h:6[m[K,
[2.992s]                  from [01m[K/home/aksel/Documents/GitHub/Mobile_robotter/ros2_ws/src/controller_input/src/controllerinput.cpp:1[m[K:
[2.992s] [01m[K/opt/ros/humble/include/geometry_msgs/geometry_msgs/msg/detail/vector3__struct.hpp:27:11:[m[K [01;36m[Knote: [m[K  â€˜[01m[Kgeometry_msgs::msg[m[Kâ€™
[2.992s]    27 | namespace [01;36m[Kmsg[m[K
[2.992s]       |           [01;36m[K^~~[m[K
[2.992s] [01m[K/home/aksel/Documents/GitHub/Mobile_robotter/ros2_ws/src/controller_input/src/controllerinput.cpp:[m[K At global scope:
[2.992s] [01m[K/home/aksel/Documents/GitHub/Mobile_robotter/ros2_ws/src/controller_input/src/controllerinput.cpp:45:60:[m[K [01;31m[Kerror: [m[Kâ€˜[01m[KLaserScan[m[Kâ€™ in namespace â€˜[01m[Ksensor_msgs::msg[m[Kâ€™ does not name a type
[2.992s]    45 | void controllerInput::scanCallback(const sensor_msgs::msg::[01;31m[KLaserScan[m[K::SharedPtr msg) {
[2.992s]       |                                                            [01;31m[K^~~~~~~~~[m[K
[2.992s] [01m[K/home/aksel/Documents/GitHub/Mobile_robotter/ros2_ws/src/controller_input/src/controllerinput.cpp:45:81:[m[K [01;31m[Kerror: [m[Kexpected unqualified-id before â€˜[01m[Kmsg[m[Kâ€™
[2.992s]    45 | void controllerInput::scanCallback(const sensor_msgs::msg::LaserScan::SharedPtr [01;31m[Kmsg[m[K) {
[2.992s]       |                                                                                 [01;31m[K^~~[m[K
[2.992s] [01m[K/home/aksel/Documents/GitHub/Mobile_robotter/ros2_ws/src/controller_input/src/controllerinput.cpp:45:80:[m[K [01;31m[Kerror: [m[Kexpected â€˜[01m[K)[m[Kâ€™ before â€˜[01m[Kmsg[m[Kâ€™
[2.992s]    45 | void controllerInput::scanCallback[34m[K([m[Kconst sensor_msgs::msg::LaserScan::SharedPtr[01;31m[K [m[K[32m[Kmsg[m[K) {
[2.992s]       |                                   [34m[K~[m[K                                            [01;31m[K^[m[K[32m[K~~~[m[K
[2.992s]       |                                                                                [32m[K)[m[K
[2.992s] [01m[K/home/aksel/Documents/GitHub/Mobile_robotter/ros2_ws/src/controller_input/src/controllerinput.cpp:45:81:[m[K [01;31m[Kerror: [m[Kexpected initializer before â€˜[01m[Kmsg[m[Kâ€™
[2.992s]    45 | void controllerInput::scanCallback(const sensor_msgs::msg::LaserScan::SharedPtr [01;31m[Kmsg[m[K) {
[2.992s]       |                                                                                 [01;31m[K^~~[m[K
[2.993s] [01m[K/home/aksel/Documents/GitHub/Mobile_robotter/ros2_ws/src/controller_input/src/controllerinput.cpp:49:42:[m[K [01;31m[Kerror: [m[Kâ€˜[01m[Knav_msgs[m[Kâ€™ does not name a type
[2.993s]    49 | void controllerInput::odomCallback(const [01;31m[Knav_msgs[m[K::msg::Odometry::SharedPtr msg){
[2.993s]       |                                          [01;31m[K^~~~~~~~[m[K
[2.993s] [01m[K/home/aksel/Documents/GitHub/Mobile_robotter/ros2_ws/src/controller_input/src/controllerinput.cpp:49:55:[m[K [01;31m[Kerror: [m[Kexpected unqualified-id before â€˜[01m[K::[m[Kâ€™ token
[2.993s]    49 | void controllerInput::odomCallback(const nav_msgs::msg[01;31m[K::[m[KOdometry::SharedPtr msg){
[2.993s]       |                                                       [01;31m[K^~[m[K
[2.993s] [01m[K/home/aksel/Documents/GitHub/Mobile_robotter/ros2_ws/src/controller_input/src/controllerinput.cpp:49:55:[m[K [01;31m[Kerror: [m[Kexpected â€˜[01m[K)[m[Kâ€™ before â€˜[01m[K::[m[Kâ€™ token
[2.993s]    49 | void controllerInput::odomCallback[34m[K([m[Kconst nav_msgs::msg[01;31m[K:[m[K[32m[K:[m[KOdometry::SharedPtr msg){
[2.993s]       |                                   [34m[K~[m[K                   [01;31m[K^[m[K[32m[K~[m[K
[2.993s]       |                                                       [32m[K)[m[K
[2.993s] [01m[K/home/aksel/Documents/GitHub/Mobile_robotter/ros2_ws/src/controller_input/src/controllerinput.cpp:49:55:[m[K [01;31m[Kerror: [m[Kexpected initializer before â€˜[01m[K::[m[Kâ€™ token
[2.993s]    49 | void controllerInput::odomCallback(const nav_msgs::msg[01;31m[K::[m[KOdometry::SharedPtr msg){
[2.993s]       |                                                       [01;31m[K^~[m[K
[3.003s] [01m[K/home/aksel/Documents/GitHub/Mobile_robotter/ros2_ws/src/controller_input/src/controllerinput.cpp:[m[K In member function â€˜[01m[Kvoid controllerInput::joy_callback(sensor_msgs::msg::Joy_<std::allocator<void> >::SharedPtr)[m[Kâ€™:
[3.003s] [01m[K/home/aksel/Documents/GitHub/Mobile_robotter/ros2_ws/src/controller_input/src/controllerinput.cpp:77:12:[m[K [01;31m[Kerror: [m[Kâ€˜[01m[K_latest_scan[m[Kâ€™ was not declared in this scope
[3.003s]    77 |         if([01;31m[K_latest_scan[m[K && _latest_odom){
[3.003s]       |            [01;31m[K^~~~~~~~~~~~[m[K
[3.011s] [01m[K/home/aksel/Documents/GitHub/Mobile_robotter/ros2_ws/src/controller_input/src/controllerinput.cpp:77:28:[m[K [01;31m[Kerror: [m[Kâ€˜[01m[K_latest_odom[m[Kâ€™ was not declared in this scope
[3.011s]    77 |         if(_latest_scan && [01;31m[K_latest_odom[m[K){
[3.011s]       |                            [01;31m[K^~~~~~~~~~~~[m[K
[3.018s] [01m[K/home/aksel/Documents/GitHub/Mobile_robotter/ros2_ws/src/controller_input/src/controllerinput.cpp:87:21:[m[K [01;31m[Kerror: [m[Kâ€˜[01m[K_robot_yaw[m[Kâ€™ was not declared in this scope; did you mean â€˜[01m[Krobot_y[m[Kâ€™?
[3.018s]    87 |                     [01;31m[K_robot_yaw[m[K = std::atan2(siny_cosp, cosy_cosp);
[3.018s]       |                     [01;31m[K^~~~~~~~~~[m[K
[3.018s]       |                     [32m[Krobot_y[m[K
[3.385s] gmake[2]: *** [CMakeFiles/controller_input.dir/build.make:76: CMakeFiles/controller_input.dir/src/main.cpp.o] Error 1
[3.385s] gmake[2]: *** Waiting for unfinished jobs....
[4.651s] gmake[2]: *** [CMakeFiles/controller_input.dir/build.make:90: CMakeFiles/controller_input.dir/src/controllerinput.cpp.o] Error 1
[4.652s] gmake[1]: *** [CMakeFiles/Makefile2:137: CMakeFiles/controller_input.dir/all] Error 2
[4.652s] gmake: *** [Makefile:146: all] Error 2
[4.654s] Invoked command in '/home/aksel/Documents/GitHub/Mobile_robotter/ros2_ws/build/controller_input' returned '2': CMAKE_PREFIX_PATH=${CMAKE_PREFIX_PATH}:/home/aksel/turtlebot3_ws/install/turtlebot3_teleop:/home/aksel/turtlebot3_ws/install/turtlebot3_example:/opt/ros/humble /usr/bin/cmake --build /home/aksel/Documents/GitHub/Mobile_robotter/ros2_ws/build/controller_input -- -j16 -l16
