[0.035s] Invoking command in '/home/aksel/Documents/GitHub/Mobile_robotter/ros2_ws/build/lidar_gui': CMAKE_PREFIX_PATH=${CMAKE_PREFIX_PATH}:/home/aksel/turtlebot3_ws/install/turtlebot3_teleop:/home/aksel/turtlebot3_ws/install/turtlebot3_example:/opt/ros/humble /usr/bin/cmake --build /home/aksel/Documents/GitHub/Mobile_robotter/ros2_ws/build/lidar_gui -- -j16 -l16
[0.076s] [35m[1mConsolidate compiler generated dependencies of target lidar_gui[0m
[0.094s] [ 20%] [32m[1mLinking CXX executable lidar_gui[0m
[2.014s] /usr/bin/ld: CMakeFiles/lidar_gui.dir/src/lidarnode.cpp.o: in function `MappingNode::MappingNode()':
[2.014s] /home/aksel/Documents/GitHub/Mobile_robotter/ros2_ws/src/lidar_gui/src/lidarnode.cpp:3: undefined reference to `vtable for MappingNode'
[2.124s] collect2: error: ld returned 1 exit status
[2.126s] gmake[2]: *** [CMakeFiles/lidar_gui.dir/build.make:249: lidar_gui] Error 1
[2.126s] gmake[1]: *** [CMakeFiles/Makefile2:137: CMakeFiles/lidar_gui.dir/all] Error 2
[2.126s] gmake: *** [Makefile:146: all] Error 2
[2.129s] Invoked command in '/home/aksel/Documents/GitHub/Mobile_robotter/ros2_ws/build/lidar_gui' returned '2': CMAKE_PREFIX_PATH=${CMAKE_PREFIX_PATH}:/home/aksel/turtlebot3_ws/install/turtlebot3_teleop:/home/aksel/turtlebot3_ws/install/turtlebot3_example:/opt/ros/humble /usr/bin/cmake --build /home/aksel/Documents/GitHub/Mobile_robotter/ros2_ws/build/lidar_gui -- -j16 -l16
