[0.021s] Invoking command in '/home/aksel/Documents/GitHub/Mobile_robotter/ros2_ws/build/controller_input': CMAKE_PREFIX_PATH=${CMAKE_PREFIX_PATH}:/home/aksel/turtlebot3_ws/install/turtlebot3_teleop:/home/aksel/turtlebot3_ws/install/turtlebot3_example:/opt/ros/humble /usr/bin/cmake --build /home/aksel/Documents/GitHub/Mobile_robotter/ros2_ws/build/controller_input -- -j16 -l16
[0.071s] [ 33%] [32mBuilding CXX object CMakeFiles/controller_input.dir/src/controllerinput.cpp.o[0m
[8.024s] [ 66%] [32m[1mLinking CXX executable controller_input[0m
[9.166s] /usr/bin/ld: CMakeFiles/controller_input.dir/src/controllerinput.cpp.o: in function `controllerInput::joy_callback(std::shared_ptr<sensor_msgs::msg::Joy_<std::allocator<void> > >)':
[9.166s] /home/aksel/Documents/GitHub/Mobile_robotter/ros2_ws/src/controller_input/src/controllerinput.cpp:18: undefined reference to `controllerInput::mapAxisToByte(float)'
[9.166s] /usr/bin/ld: /home/aksel/Documents/GitHub/Mobile_robotter/ros2_ws/src/controller_input/src/controllerinput.cpp:19: undefined reference to `controllerInput::mapAxisToByte(float)'
[9.240s] collect2: error: ld returned 1 exit status
[9.243s] gmake[2]: *** [CMakeFiles/controller_input.dir/build.make:208: controller_input] Error 1
[9.243s] gmake[1]: *** [CMakeFiles/Makefile2:137: CMakeFiles/controller_input.dir/all] Error 2
[9.244s] gmake: *** [Makefile:146: all] Error 2
[9.246s] Invoked command in '/home/aksel/Documents/GitHub/Mobile_robotter/ros2_ws/build/controller_input' returned '2': CMAKE_PREFIX_PATH=${CMAKE_PREFIX_PATH}:/home/aksel/turtlebot3_ws/install/turtlebot3_teleop:/home/aksel/turtlebot3_ws/install/turtlebot3_example:/opt/ros/humble /usr/bin/cmake --build /home/aksel/Documents/GitHub/Mobile_robotter/ros2_ws/build/controller_input -- -j16 -l16
