[0.035s] Invoking command in '/home/aksel/Documents/GitHub/Mobile_robotter/ros2_ws/build/lidar_data': CMAKE_PREFIX_PATH=${CMAKE_PREFIX_PATH}:/home/aksel/turtlebot3_ws/install/turtlebot3_teleop:/home/aksel/turtlebot3_ws/install/turtlebot3_example:/opt/ros/humble /bin/cmake --build /home/aksel/Documents/GitHub/Mobile_robotter/ros2_ws/build/lidar_data -- -j16 -l16
[0.092s] [ 66%] [32mBuilding CXX object CMakeFiles/lidar_data.dir/src/main.cpp.o[0m
[0.092s] [ 66%] [32mBuilding CXX object CMakeFiles/lidar_data.dir/src/lidarnode.cpp.o[0m
[3.077s] [01m[K/home/aksel/Documents/GitHub/Mobile_robotter/ros2_ws/src/lidar_data/src/lidarnode.cpp:[m[K In constructor â€˜[01m[KMappingNode::MappingNode()[m[Kâ€™:
[3.078s] [01m[K/home/aksel/Documents/GitHub/Mobile_robotter/ros2_ws/src/lidar_data/src/lidarnode.cpp:3:74:[m[K [01;31m[Kerror: [m[Kno matching function for call to â€˜[01m[Ktf2_ros::Buffer::Buffer()[m[Kâ€™
[3.078s]     3 | MappingNode::MappingNode() : Node("mapping_node"), initial_pose_set(false[01;31m[K)[m[K
[3.078s]       |                                                                          [01;31m[K^[m[K
[3.078s] In file included from [01m[K/home/aksel/Documents/GitHub/Mobile_robotter/ros2_ws/src/lidar_data/include/lidarnode.h:8[m[K,
[3.078s]                  from [01m[K/home/aksel/Documents/GitHub/Mobile_robotter/ros2_ws/src/lidar_data/src/lidarnode.cpp:1[m[K:
[3.078s] [01m[K/opt/ros/humble/include/tf2_ros/tf2_ros/buffer.h:73:18:[m[K [01;36m[Knote: [m[Kcandidate: â€˜[01m[Ktf2_ros::Buffer::Buffer(rclcpp::Clock::SharedPtr, tf2::Duration, rclcpp::Node::SharedPtr)[m[Kâ€™
[3.078s]    73 |   TF2_ROS_PUBLIC [01;36m[KBuffer[m[K(
[3.078s]       |                  [01;36m[K^~~~~~[m[K
[3.078s] [01m[K/opt/ros/humble/include/tf2_ros/tf2_ros/buffer.h:73:18:[m[K [01;36m[Knote: [m[K  candidate expects 3 arguments, 0 provided
[3.097s] [01m[K/home/aksel/Documents/GitHub/Mobile_robotter/ros2_ws/src/lidar_data/src/lidarnode.cpp:[m[K In function â€˜[01m[Kvoid odomCallback(nav_msgs::msg::Odometry_<std::allocator<void> >::SharedPtr)[m[Kâ€™:
[3.097s] [01m[K/home/aksel/Documents/GitHub/Mobile_robotter/ros2_ws/src/lidar_data/src/lidarnode.cpp:68:10:[m[K [01;31m[Kerror: [m[Kâ€˜[01m[Kinitial_pose_set[m[Kâ€™ was not declared in this scope
[3.097s]    68 |     if (![01;31m[Kinitial_pose_set[m[K) {
[3.097s]       |          [01;31m[K^~~~~~~~~~~~~~~~[m[K
[3.102s] [01m[K/home/aksel/Documents/GitHub/Mobile_robotter/ros2_ws/src/lidar_data/src/lidarnode.cpp:69:9:[m[K [01;31m[Kerror: [m[Kâ€˜[01m[K_initial_x[m[Kâ€™ was not declared in this scope
[3.102s]    69 |         [01;31m[K_initial_x[m[K = msg->pose.pose.position.x;
[3.102s]       |         [01;31m[K^~~~~~~~~~[m[K
[3.106s] [01m[K/home/aksel/Documents/GitHub/Mobile_robotter/ros2_ws/src/lidar_data/src/lidarnode.cpp:70:9:[m[K [01;31m[Kerror: [m[Kâ€˜[01m[K_initial_y[m[Kâ€™ was not declared in this scope
[3.106s]    70 |         [01;31m[K_initial_y[m[K = msg->pose.pose.position.y;
[3.106s]       |         [01;31m[K^~~~~~~~~~[m[K
[3.111s] [01m[K/home/aksel/Documents/GitHub/Mobile_robotter/ros2_ws/src/lidar_data/src/lidarnode.cpp:76:9:[m[K [01;31m[Kerror: [m[Kâ€˜[01m[K_initial_yaw[m[Kâ€™ was not declared in this scope
[3.112s]    76 |         [01;31m[K_initial_yaw[m[K = std::atan2(siny_cosp, cosy_cosp);
[3.112s]       |         [01;31m[K^~~~~~~~~~~~[m[K
[3.112s] In file included from [01m[K/opt/ros/humble/include/rclcpp/rclcpp/client.hpp:40[m[K,
[3.112s]                  from [01m[K/opt/ros/humble/include/rclcpp/rclcpp/callback_group.hpp:24[m[K,
[3.112s]                  from [01m[K/opt/ros/humble/include/rclcpp/rclcpp/any_executable.hpp:20[m[K,
[3.112s]                  from [01m[K/opt/ros/humble/include/rclcpp/rclcpp/memory_strategy.hpp:25[m[K,
[3.112s]                  from [01m[K/opt/ros/humble/include/rclcpp/rclcpp/memory_strategies.hpp:18[m[K,
[3.112s]                  from [01m[K/opt/ros/humble/include/rclcpp/rclcpp/executor_options.hpp:20[m[K,
[3.112s]                  from [01m[K/opt/ros/humble/include/rclcpp/rclcpp/executor.hpp:37[m[K,
[3.112s]                  from [01m[K/opt/ros/humble/include/rclcpp/rclcpp/executors/multi_threaded_executor.hpp:25[m[K,
[3.112s]                  from [01m[K/opt/ros/humble/include/rclcpp/rclcpp/executors.hpp:21[m[K,
[3.112s]                  from [01m[K/opt/ros/humble/include/rclcpp/rclcpp/rclcpp.hpp:155[m[K,
[3.112s]                  from [01m[K/home/aksel/Documents/GitHub/Mobile_robotter/ros2_ws/src/lidar_data/include/lidarnode.h:4[m[K,
[3.112s]                  from [01m[K/home/aksel/Documents/GitHub/Mobile_robotter/ros2_ws/src/lidar_data/src/lidarnode.cpp:1[m[K:
[3.112s] [01m[K/home/aksel/Documents/GitHub/Mobile_robotter/ros2_ws/src/lidar_data/src/lidarnode.cpp:79:21:[m[K [01;31m[Kerror: [m[Kinvalid use of â€˜[01m[Kthis[m[Kâ€™ in non-member function
[3.112s]    79 |         RCLCPP_INFO([01;31m[Kthis[m[K->get_logger(), "Initial pose set: x=%.2f, y=%.2f, yaw=%.2f",
[3.113s]       |                     [01;31m[K^~~~[m[K
[3.113s] [01m[K/home/aksel/Documents/GitHub/Mobile_robotter/ros2_ws/src/lidar_data/src/lidarnode.cpp:79:21:[m[K [01;31m[Kerror: [m[Kinvalid use of â€˜[01m[Kthis[m[Kâ€™ in non-member function
[3.113s] [01m[K/home/aksel/Documents/GitHub/Mobile_robotter/ros2_ws/src/lidar_data/src/lidarnode.cpp:79:9:[m[K [01;31m[Kerror: [m[Ktemplate argument 1 is invalid
[3.113s]    79 |         [01;31m[KRCLCPP_INFO[m[K(this->get_logger(), "Initial pose set: x=%.2f, y=%.2f, yaw=%.2f",
[3.113s]       |         [01;31m[K^~~~~~~~~~~[m[K
[3.113s] [01m[K/home/aksel/Documents/GitHub/Mobile_robotter/ros2_ws/src/lidar_data/src/lidarnode.cpp:79:9:[m[K [01;31m[Kerror: [m[Ktemplate argument 1 is invalid
[3.113s]    79 |         [01;31m[KRCLCPP_INFO[m[K(this->get_logger(), "Initial pose set: x=%.2f, y=%.2f, yaw=%.2f",
[3.113s]       |         [01;31m[K^~~~~~~~~~~[m[K
[3.113s] [01m[K/home/aksel/Documents/GitHub/Mobile_robotter/ros2_ws/src/lidar_data/src/lidarnode.cpp:79:9:[m[K [01;31m[Kerror: [m[Ktemplate argument 1 is invalid
[3.113s]    79 |         [01;31m[KRCLCPP_INFO[m[K(this->get_logger(), "Initial pose set: x=%.2f, y=%.2f, yaw=%.2f",
[3.113s]       |         [01;31m[K^~~~~~~~~~~[m[K
[3.113s] In file included from [01m[K/opt/ros/humble/include/rclcpp/rclcpp/logging.hpp:24[m[K,
[3.113s]                  from [01m[K/opt/ros/humble/include/rclcpp/rclcpp/client.hpp:40[m[K,
[3.113s]                  from [01m[K/opt/ros/humble/include/rclcpp/rclcpp/callback_group.hpp:24[m[K,
[3.113s]                  from [01m[K/opt/ros/humble/include/rclcpp/rclcpp/any_executable.hpp:20[m[K,
[3.113s]                  from [01m[K/opt/ros/humble/include/rclcpp/rclcpp/memory_strategy.hpp:25[m[K,
[3.113s]                  from [01m[K/opt/ros/humble/include/rclcpp/rclcpp/memory_strategies.hpp:18[m[K,
[3.113s]                  from [01m[K/opt/ros/humble/include/rclcpp/rclcpp/executor_options.hpp:20[m[K,
[3.113s]                  from [01m[K/opt/ros/humble/include/rclcpp/rclcpp/executor.hpp:37[m[K,
[3.113s]                  from [01m[K/opt/ros/humble/include/rclcpp/rclcpp/executors/multi_threaded_executor.hpp:25[m[K,
[3.113s]                  from [01m[K/opt/ros/humble/include/rclcpp/rclcpp/executors.hpp:21[m[K,
[3.113s]                  from [01m[K/opt/ros/humble/include/rclcpp/rclcpp/rclcpp.hpp:155[m[K,
[3.114s]                  from [01m[K/home/aksel/Documents/GitHub/Mobile_robotter/ros2_ws/src/lidar_data/include/lidarnode.h:4[m[K,
[3.114s]                  from [01m[K/home/aksel/Documents/GitHub/Mobile_robotter/ros2_ws/src/lidar_data/src/lidarnode.cpp:1[m[K:
[3.114s] [01m[K/home/aksel/Documents/GitHub/Mobile_robotter/ros2_ws/src/lidar_data/src/lidarnode.cpp:79:21:[m[K [01;31m[Kerror: [m[Kinvalid use of â€˜[01m[Kthis[m[Kâ€™ in non-member function
[3.114s]    79 |         RCLCPP_INFO([01;31m[Kthis[m[K->get_logger(), "Initial pose set: x=%.2f, y=%.2f, yaw=%.2f",
[3.114s]       |                     [01;31m[K^~~~[m[K
[3.114s] [01m[K/home/aksel/Documents/GitHub/Mobile_robotter/ros2_ws/src/lidar_data/src/lidarnode.cpp:79:21:[m[K [01;31m[Kerror: [m[Kinvalid use of â€˜[01m[Kthis[m[Kâ€™ in non-member function
[3.114s]    79 |         RCLCPP_INFO([01;31m[Kthis[m[K->get_logger(), "Initial pose set: x=%.2f, y=%.2f, yaw=%.2f",
[3.114s]       |                     [01;31m[K^~~~[m[K
[3.114s] [01m[K/home/aksel/Documents/GitHub/Mobile_robotter/ros2_ws/src/lidar_data/src/lidarnode.cpp:85:22:[m[K [01;31m[Kerror: [m[Kinvalid use of â€˜[01m[Kthis[m[Kâ€™ in non-member function
[3.114s]    85 |     t.header.stamp = [01;31m[Kthis[m[K->get_clock()->now();
[3.114s]       |                      [01;31m[K^~~~[m[K
[3.116s] [01m[K/home/aksel/Documents/GitHub/Mobile_robotter/ros2_ws/src/lidar_data/src/lidarnode.cpp:90:34:[m[K [01;31m[Kerror: [m[Kâ€˜[01m[K_initial_x[m[Kâ€™ was not declared in this scope
[3.116s]    90 |     t.transform.translation.x = -[01;31m[K_initial_x[m[K;
[3.116s]       |                                  [01;31m[K^~~~~~~~~~[m[K
[3.120s] [01m[K/home/aksel/Documents/GitHub/Mobile_robotter/ros2_ws/src/lidar_data/src/lidarnode.cpp:91:34:[m[K [01;31m[Kerror: [m[Kâ€˜[01m[K_initial_y[m[Kâ€™ was not declared in this scope
[3.120s]    91 |     t.transform.translation.y = -[01;31m[K_initial_y[m[K;
[3.120s]       |                                  [01;31m[K^~~~~~~~~~[m[K
[3.124s] [01m[K/home/aksel/Documents/GitHub/Mobile_robotter/ros2_ws/src/lidar_data/src/lidarnode.cpp:96:25:[m[K [01;31m[Kerror: [m[Kâ€˜[01m[Kinitial_yaw_[m[Kâ€™ was not declared in this scope
[3.124s]    96 |     q.setRPY(0.0, 0.0, -[01;31m[Kinitial_yaw_[m[K);
[3.124s]       |                         [01;31m[K^~~~~~~~~~~~[m[K
[3.130s] [01m[K/home/aksel/Documents/GitHub/Mobile_robotter/ros2_ws/src/lidar_data/src/lidarnode.cpp:103:5:[m[K [01;31m[Kerror: [m[Kâ€˜[01m[K_tf_broadcaster[m[Kâ€™ was not declared in this scope
[3.130s]   103 |     [01;31m[K_tf_broadcaster[m[K->sendTransform(t);
[3.130s]       |     [01;31m[K^~~~~~~~~~~~~~~[m[K
[3.141s] [01m[K/home/aksel/Documents/GitHub/Mobile_robotter/ros2_ws/src/lidar_data/src/lidarnode.cpp:[m[K In member function â€˜[01m[Kvoid MappingNode::sendMapDataToGUI(const std::vector<double, std::allocator<double> >&, const std::vector<double, std::allocator<double> >&, double, double, double)[m[Kâ€™:
[3.141s] [01m[K/home/aksel/Documents/GitHub/Mobile_robotter/ros2_ws/src/lidar_data/src/lidarnode.cpp:107:43:[m[K [01;35m[Kwarning: [m[Kunused parameter â€˜[01m[Krobot_x[m[Kâ€™ [[01;35m[K]8;;https://gcc.gnu.org/onlinedocs/gcc/Warning-Options.html#index-Wunused-parameter-Wunused-parameter]8;;[m[K]
[3.141s]   107 |                                    [01;35m[Kdouble robot_x[m[K, double robot_y, double robot_yaw) {
[3.141s]       |                                    [01;35m[K~~~~~~~^~~~~~~[m[K
[3.141s] [01m[K/home/aksel/Documents/GitHub/Mobile_robotter/ros2_ws/src/lidar_data/src/lidarnode.cpp:107:59:[m[K [01;35m[Kwarning: [m[Kunused parameter â€˜[01m[Krobot_y[m[Kâ€™ [[01;35m[K]8;;https://gcc.gnu.org/onlinedocs/gcc/Warning-Options.html#index-Wunused-parameter-Wunused-parameter]8;;[m[K]
[3.141s]   107 |                                    double robot_x, [01;35m[Kdouble robot_y[m[K, double robot_yaw) {
[3.141s]       |                                                    [01;35m[K~~~~~~~^~~~~~~[m[K
[3.141s] [01m[K/home/aksel/Documents/GitHub/Mobile_robotter/ros2_ws/src/lidar_data/src/lidarnode.cpp:107:75:[m[K [01;35m[Kwarning: [m[Kunused parameter â€˜[01m[Krobot_yaw[m[Kâ€™ [[01;35m[K]8;;https://gcc.gnu.org/onlinedocs/gcc/Warning-Options.html#index-Wunused-parameter-Wunused-parameter]8;;[m[K]
[3.141s]   107 |                                    double robot_x, double robot_y, [01;35m[Kdouble robot_yaw[m[K) {
[3.141s]       |                                                                    [01;35m[K~~~~~~~^~~~~~~~~[m[K
[5.682s] gmake[2]: *** [CMakeFiles/lidar_data.dir/build.make:90: CMakeFiles/lidar_data.dir/src/lidarnode.cpp.o] Error 1
[5.682s] gmake[1]: *** [CMakeFiles/Makefile2:137: CMakeFiles/lidar_data.dir/all] Error 2
[5.682s] gmake: *** [Makefile:146: all] Error 2
[5.684s] Invoked command in '/home/aksel/Documents/GitHub/Mobile_robotter/ros2_ws/build/lidar_data' returned '2': CMAKE_PREFIX_PATH=${CMAKE_PREFIX_PATH}:/home/aksel/turtlebot3_ws/install/turtlebot3_teleop:/home/aksel/turtlebot3_ws/install/turtlebot3_example:/opt/ros/humble /bin/cmake --build /home/aksel/Documents/GitHub/Mobile_robotter/ros2_ws/build/lidar_data -- -j16 -l16
