[35m[1mConsolidate compiler generated dependencies of target lidar_gui[0m
[ 20%] [32mBuilding CXX object CMakeFiles/lidar_gui.dir/src/lidarnode.cpp.o[0m
[01m[K/home/aksel/Documents/GitHub/Mobile_robotter/ros2_ws/src/lidar_gui/src/lidarnode.cpp:[m[K In member function â€˜[01m[Kvoid MappingNode::odomCallback(nav_msgs::msg::Odometry_<std::allocator<void> >::SharedPtr)[m[Kâ€™:
[01m[K/home/aksel/Documents/GitHub/Mobile_robotter/ros2_ws/src/lidar_gui/src/lidarnode.cpp:74:24:[m[K [01;31m[Kerror: [m[Kâ€˜[01m[K_latest_angle[m[Kâ€™ was not declared in this scope; did you mean â€˜[01m[K_latest_distance[m[Kâ€™?
   74 |     gui.update(update, [01;31m[K_latest_angle[m[K, _latest_distance, _robot_x, _robot_y, _robot_yaw);
      |                        [01;31m[K^~~~~~~~~~~~~[m[K
      |                        [32m[K_latest_distance[m[K
gmake[2]: *** [CMakeFiles/lidar_gui.dir/build.make:90: CMakeFiles/lidar_gui.dir/src/lidarnode.cpp.o] Error 1
gmake[1]: *** [CMakeFiles/Makefile2:137: CMakeFiles/lidar_gui.dir/all] Error 2
gmake: *** [Makefile:146: all] Error 2
