[0.017s] Invoking command in '/home/aksel/Documents/GitHub/Mobile_robotter/ros2_ws/build/lidar_gui': CMAKE_PREFIX_PATH=${CMAKE_PREFIX_PATH}:/home/aksel/turtlebot3_ws/install/turtlebot3_teleop:/home/aksel/turtlebot3_ws/install/turtlebot3_example:/opt/ros/humble /usr/bin/cmake --build /home/aksel/Documents/GitHub/Mobile_robotter/ros2_ws/build/lidar_gui -- -j16 -l16
[0.053s] [35m[1mConsolidate compiler generated dependencies of target lidar_gui[0m
[0.072s] [ 40%] [32mBuilding CXX object CMakeFiles/lidar_gui.dir/src/GUIWindow.cpp.o[0m
[0.072s] [ 60%] [32mBuilding CXX object CMakeFiles/lidar_gui.dir/src/main.cpp.o[0m
[0.072s] [ 60%] [32mBuilding CXX object CMakeFiles/lidar_gui.dir/src/lidarnode.cpp.o[0m
[0.430s] [01m[K/home/aksel/Documents/GitHub/Mobile_robotter/ros2_ws/src/lidar_gui/src/GUIWindow.cpp:[m[K In member function â€˜[01m[Kvoid GUI::update(bool&, float, float, float, float, float)[m[Kâ€™:
[0.430s] [01m[K/home/aksel/Documents/GitHub/Mobile_robotter/ros2_ws/src/lidar_gui/src/GUIWindow.cpp:195:40:[m[K [01;31m[Kerror: [m[Kâ€˜[01m[Kgc[m[Kâ€™ was not declared in this scope; did you mean â€˜[01m[KGC[m[Kâ€™?
[0.430s]   195 |     XCopyArea(display, pixmap, window, [01;31m[Kgc[m[K, 0, 0,
[0.430s]       |                                        [01;31m[K^~[m[K
[0.430s]       |                                        [32m[KGC[m[K
[0.430s] [01m[K/home/aksel/Documents/GitHub/Mobile_robotter/ros2_ws/src/lidar_gui/src/GUIWindow.cpp:[m[K In lambda function:
[0.430s] [01m[K/home/aksel/Documents/GitHub/Mobile_robotter/ros2_ws/src/lidar_gui/src/GUIWindow.cpp:221:30:[m[K [01;31m[Kerror: [m[Kinvalid use of non-static member function â€˜[01m[Kvoid GUI::update(bool&, float, float, float, float, float)[m[Kâ€™
[0.430s]   221 |                 this->update([01;31m[Kupdate[m[K, _latest_angle, _latest_distance, _robot_x, _robot_y, _robot_yaw);
[0.430s]       |                              [01;31m[K^~~~~~[m[K
[0.430s] [01m[K/home/aksel/Documents/GitHub/Mobile_robotter/ros2_ws/src/lidar_gui/src/GUIWindow.cpp:175:6:[m[K [01;36m[Knote: [m[Kdeclared here
[0.430s]   175 | void [01;36m[KGUI[m[K::update(bool& update, float angle, float len, float robot_x, float robot_y, float robot_yaw) {
[0.430s]       |      [01;36m[K^~~[m[K
[0.515s] gmake[2]: *** [CMakeFiles/lidar_gui.dir/build.make:118: CMakeFiles/lidar_gui.dir/src/GUIWindow.cpp.o] Error 1
[0.515s] gmake[2]: *** Waiting for unfinished jobs....
[2.222s] [01m[K/home/aksel/Documents/GitHub/Mobile_robotter/ros2_ws/src/lidar_gui/src/lidarnode.cpp:[m[K In member function â€˜[01m[Kvoid MappingNode::scanCallback(sensor_msgs::msg::LaserScan_<std::allocator<void> >::SharedPtr)[m[Kâ€™:
[2.222s] [01m[K/home/aksel/Documents/GitHub/Mobile_robotter/ros2_ws/src/lidar_gui/src/lidarnode.cpp:28:11:[m[K [01;35m[Kwarning: [m[Kvariable â€˜[01m[Kprevious_distance[m[Kâ€™ set but not used [[01;35m[K]8;;https://gcc.gnu.org/onlinedocs/gcc/Warning-Options.html#index-Wunused-but-set-variable-Wunused-but-set-variable]8;;[m[K]
[2.222s]    28 |     float [01;35m[Kprevious_distance[m[K = msg->ranges[0];
[2.222s]       |           [01;35m[K^~~~~~~~~~~~~~~~~[m[K
[8.807s] gmake[1]: *** [CMakeFiles/Makefile2:137: CMakeFiles/lidar_gui.dir/all] Error 2
[8.807s] gmake: *** [Makefile:146: all] Error 2
[8.809s] Invoked command in '/home/aksel/Documents/GitHub/Mobile_robotter/ros2_ws/build/lidar_gui' returned '2': CMAKE_PREFIX_PATH=${CMAKE_PREFIX_PATH}:/home/aksel/turtlebot3_ws/install/turtlebot3_teleop:/home/aksel/turtlebot3_ws/install/turtlebot3_example:/opt/ros/humble /usr/bin/cmake --build /home/aksel/Documents/GitHub/Mobile_robotter/ros2_ws/build/lidar_gui -- -j16 -l16
