[0.018s] Invoking command in '/home/aksel/Documents/GitHub/Mobile_robotter/ros2_ws/build/lidar_gui': CMAKE_PREFIX_PATH=${CMAKE_PREFIX_PATH}:/home/aksel/turtlebot3_ws/install/turtlebot3_teleop:/home/aksel/turtlebot3_ws/install/turtlebot3_example:/opt/ros/humble /usr/bin/cmake --build /home/aksel/Documents/GitHub/Mobile_robotter/ros2_ws/build/lidar_gui -- -j16 -l16
[0.057s] [35m[1mConsolidate compiler generated dependencies of target lidar_gui[0m
[0.074s] [ 40%] [32mBuilding CXX object CMakeFiles/lidar_gui.dir/src/main.cpp.o[0m
[0.074s] [ 40%] [32mBuilding CXX object CMakeFiles/lidar_gui.dir/src/lidarnode.cpp.o[0m
[0.074s] [ 60%] [32mBuilding CXX object CMakeFiles/lidar_gui.dir/src/dataTypes.cpp.o[0m
[0.074s] [ 80%] [32mBuilding CXX object CMakeFiles/lidar_gui.dir/src/GUIWindow.cpp.o[0m
[0.434s] [01m[K/home/aksel/Documents/GitHub/Mobile_robotter/ros2_ws/src/lidar_gui/src/GUIWindow.cpp:[m[K In member function â€˜[01m[Kvoid GUI::paintRobot()[m[Kâ€™:
[0.435s] [01m[K/home/aksel/Documents/GitHub/Mobile_robotter/ros2_ws/src/lidar_gui/src/GUIWindow.cpp:158:38:[m[K [01;31m[Kerror: [m[Kinvalid conversion from â€˜[01m[Kconst char*[m[Kâ€™ to â€˜[01m[Klong unsigned int[m[Kâ€™ [[01;31m[K]8;;https://gcc.gnu.org/onlinedocs/gcc/Warning-Options.html#index-fpermissive-fpermissive]8;;[m[K]
[0.435s]   158 |     XSetForeground(display, gcRobot, [01;31m[K"firebrick3"[m[K);
[0.435s]       |                                      [01;31m[K^~~~~~~~~~~~[m[K
[0.435s]       |                                      [01;31m[K|[m[K
[0.435s]       |                                      [01;31m[Kconst char*[m[K
[0.435s] In file included from [01m[K/home/aksel/Documents/GitHub/Mobile_robotter/ros2_ws/src/lidar_gui/include/GUIWindow.h:4[m[K,
[0.435s]                  from [01m[K/home/aksel/Documents/GitHub/Mobile_robotter/ros2_ws/src/lidar_gui/src/GUIWindow.cpp:1[m[K:
[0.435s] [01m[K/usr/include/X11/Xlib.h:3240:5:[m[K [01;36m[Knote: [m[K  initializing argument 3 of â€˜[01m[Kint XSetForeground(Display*, GC, long unsigned int)[m[Kâ€™
[0.435s]  3240 |     [01;36m[Kunsigned long[m[K       /* foreground */
[0.435s]       |     [01;36m[K^~~~~~~~~~~~~[m[K
[0.438s] [01m[K/home/aksel/Documents/GitHub/Mobile_robotter/ros2_ws/src/lidar_gui/src/GUIWindow.cpp:[m[K In member function â€˜[01m[Kvoid GUI::update(bool&, float, float, float, float, float)[m[Kâ€™:
[0.438s] [01m[K/home/aksel/Documents/GitHub/Mobile_robotter/ros2_ws/src/lidar_gui/src/GUIWindow.cpp:189:40:[m[K [01;31m[Kerror: [m[Kâ€˜[01m[Kgc[m[Kâ€™ was not declared in this scope; did you mean â€˜[01m[KGC[m[Kâ€™?
[0.438s]   189 |     XCopyArea(display, pixmap, window, [01;31m[Kgc[m[K, 0, 0,
[0.438s]       |                                        [01;31m[K^~[m[K
[0.438s]       |                                        [32m[KGC[m[K
[0.444s] [01m[K/home/aksel/Documents/GitHub/Mobile_robotter/ros2_ws/src/lidar_gui/src/GUIWindow.cpp:[m[K In lambda function:
[0.445s] [01m[K/home/aksel/Documents/GitHub/Mobile_robotter/ros2_ws/src/lidar_gui/src/GUIWindow.cpp:215:38:[m[K [01;31m[Kerror: [m[Kâ€˜[01m[K_latest_angle[m[Kâ€™ was not declared in this scope
[0.445s]   215 |                 this->update(update, [01;31m[K_latest_angle[m[K, _latest_distance, _robot_x, _robot_y, _robot_yaw);
[0.445s]       |                                      [01;31m[K^~~~~~~~~~~~~[m[K
[0.451s] [01m[K/home/aksel/Documents/GitHub/Mobile_robotter/ros2_ws/src/lidar_gui/src/GUIWindow.cpp:215:53:[m[K [01;31m[Kerror: [m[Kâ€˜[01m[K_latest_distance[m[Kâ€™ was not declared in this scope
[0.452s]   215 |                 this->update(update, _latest_angle, [01;31m[K_latest_distance[m[K, _robot_x, _robot_y, _robot_yaw);
[0.452s]       |                                                     [01;31m[K^~~~~~~~~~~~~~~~[m[K
[0.456s] [01m[K/home/aksel/Documents/GitHub/Mobile_robotter/ros2_ws/src/lidar_gui/src/GUIWindow.cpp:215:71:[m[K [01;31m[Kerror: [m[Kâ€˜[01m[K_robot_x[m[Kâ€™ was not declared in this scope; did you mean â€˜[01m[Krobot[m[Kâ€™?
[0.456s]   215 |                 this->update(update, _latest_angle, _latest_distance, [01;31m[K_robot_x[m[K, _robot_y, _robot_yaw);
[0.456s]       |                                                                       [01;31m[K^~~~~~~~[m[K
[0.456s]       |                                                                       [32m[Krobot[m[K
[0.459s] [01m[K/home/aksel/Documents/GitHub/Mobile_robotter/ros2_ws/src/lidar_gui/src/GUIWindow.cpp:215:81:[m[K [01;31m[Kerror: [m[Kâ€˜[01m[K_robot_y[m[Kâ€™ was not declared in this scope; did you mean â€˜[01m[Krobot[m[Kâ€™?
[0.459s]   215 |                 this->update(update, _latest_angle, _latest_distance, _robot_x, [01;31m[K_robot_y[m[K, _robot_yaw);
[0.460s]       |                                                                                 [01;31m[K^~~~~~~~[m[K
[0.460s]       |                                                                                 [32m[Krobot[m[K
[0.465s] [01m[K/home/aksel/Documents/GitHub/Mobile_robotter/ros2_ws/src/lidar_gui/src/GUIWindow.cpp:215:91:[m[K [01;31m[Kerror: [m[Kâ€˜[01m[K_robot_yaw[m[Kâ€™ was not declared in this scope
[0.465s]   215 |                 this->update(update, _latest_angle, _latest_distance, _robot_x, _robot_y, [01;31m[K_robot_yaw[m[K);
[0.465s]       |                                                                                           [01;31m[K^~~~~~~~~~[m[K
[0.465s] [01m[K/home/aksel/Documents/GitHub/Mobile_robotter/ros2_ws/src/lidar_gui/src/GUIWindow.cpp:215:30:[m[K [01;31m[Kerror: [m[Kinvalid use of non-static member function â€˜[01m[Kvoid GUI::update(bool&, float, float, float, float, float)[m[Kâ€™
[0.465s]   215 |                 this->update([01;31m[Kupdate[m[K, _latest_angle, _latest_distance, _robot_x, _robot_y, _robot_yaw);
[0.465s]       |                              [01;31m[K^~~~~~[m[K
[0.465s] [01m[K/home/aksel/Documents/GitHub/Mobile_robotter/ros2_ws/src/lidar_gui/src/GUIWindow.cpp:169:6:[m[K [01;36m[Knote: [m[Kdeclared here
[0.465s]   169 | void [01;36m[KGUI[m[K::update(bool& update, float angle, float len, float robot_x, float robot_y, float robot_yaw) {
[0.465s]       |      [01;36m[K^~~[m[K
[0.556s] gmake[2]: *** [CMakeFiles/lidar_gui.dir/build.make:118: CMakeFiles/lidar_gui.dir/src/GUIWindow.cpp.o] Error 1
[0.556s] gmake[2]: *** Waiting for unfinished jobs....
[2.175s] [01m[K/home/aksel/Documents/GitHub/Mobile_robotter/ros2_ws/src/lidar_gui/src/lidarnode.cpp:[m[K In member function â€˜[01m[Kvoid MappingNode::scanCallback(sensor_msgs::msg::LaserScan_<std::allocator<void> >::SharedPtr)[m[Kâ€™:
[2.175s] [01m[K/home/aksel/Documents/GitHub/Mobile_robotter/ros2_ws/src/lidar_gui/src/lidarnode.cpp:27:11:[m[K [01;35m[Kwarning: [m[Kvariable â€˜[01m[Kprevious_distance[m[Kâ€™ set but not used [[01;35m[K]8;;https://gcc.gnu.org/onlinedocs/gcc/Warning-Options.html#index-Wunused-but-set-variable-Wunused-but-set-variable]8;;[m[K]
[2.175s]    27 |     float [01;35m[Kprevious_distance[m[K = msg->ranges[0];
[2.175s]       |           [01;35m[K^~~~~~~~~~~~~~~~~[m[K
[8.473s] gmake[1]: *** [CMakeFiles/Makefile2:137: CMakeFiles/lidar_gui.dir/all] Error 2
[8.473s] gmake: *** [Makefile:146: all] Error 2
[8.475s] Invoked command in '/home/aksel/Documents/GitHub/Mobile_robotter/ros2_ws/build/lidar_gui' returned '2': CMAKE_PREFIX_PATH=${CMAKE_PREFIX_PATH}:/home/aksel/turtlebot3_ws/install/turtlebot3_teleop:/home/aksel/turtlebot3_ws/install/turtlebot3_example:/opt/ros/humble /usr/bin/cmake --build /home/aksel/Documents/GitHub/Mobile_robotter/ros2_ws/build/lidar_gui -- -j16 -l16
