[0.035s] Invoking command in '/home/aksel/Documents/GitHub/Mobile_robotter/ros2_ws/build/lidar_data': CMAKE_PREFIX_PATH=${CMAKE_PREFIX_PATH}:/home/aksel/turtlebot3_ws/install/turtlebot3_teleop:/home/aksel/turtlebot3_ws/install/turtlebot3_example:/opt/ros/humble /bin/cmake --build /home/aksel/Documents/GitHub/Mobile_robotter/ros2_ws/build/lidar_data -- -j16 -l16
[0.077s] [35m[1mConsolidate compiler generated dependencies of target lidar_data[0m
[0.098s] [ 33%] [32mBuilding CXX object CMakeFiles/lidar_data.dir/src/lidarnode.cpp.o[0m
[2.897s] [01m[K/home/aksel/Documents/GitHub/Mobile_robotter/ros2_ws/src/lidar_data/src/lidarnode.cpp:[m[K In constructor â€˜[01m[KMappingNode::MappingNode()[m[Kâ€™:
[2.897s] [01m[K/home/aksel/Documents/GitHub/Mobile_robotter/ros2_ws/src/lidar_data/src/lidarnode.cpp:3:74:[m[K [01;31m[Kerror: [m[Kno matching function for call to â€˜[01m[Ktf2_ros::Buffer::Buffer()[m[Kâ€™
[2.897s]     3 | MappingNode::MappingNode() : Node("mapping_node"), initial_pose_set(false[01;31m[K)[m[K
[2.897s]       |                                                                          [01;31m[K^[m[K
[2.897s] In file included from [01m[K/home/aksel/Documents/GitHub/Mobile_robotter/ros2_ws/src/lidar_data/include/lidarnode.h:8[m[K,
[2.897s]                  from [01m[K/home/aksel/Documents/GitHub/Mobile_robotter/ros2_ws/src/lidar_data/src/lidarnode.cpp:1[m[K:
[2.897s] [01m[K/opt/ros/humble/include/tf2_ros/tf2_ros/buffer.h:73:18:[m[K [01;36m[Knote: [m[Kcandidate: â€˜[01m[Ktf2_ros::Buffer::Buffer(rclcpp::Clock::SharedPtr, tf2::Duration, rclcpp::Node::SharedPtr)[m[Kâ€™
[2.897s]    73 |   TF2_ROS_PUBLIC [01;36m[KBuffer[m[K(
[2.897s]       |                  [01;36m[K^~~~~~[m[K
[2.897s] [01m[K/opt/ros/humble/include/tf2_ros/tf2_ros/buffer.h:73:18:[m[K [01;36m[Knote: [m[K  candidate expects 3 arguments, 0 provided
[2.909s] [01m[K/home/aksel/Documents/GitHub/Mobile_robotter/ros2_ws/src/lidar_data/src/lidarnode.cpp:[m[K In member function â€˜[01m[Kvoid MappingNode::scanCallback(sensor_msgs::msg::LaserScan_<std::allocator<void> >::SharedPtr)[m[Kâ€™:
[2.909s] [01m[K/home/aksel/Documents/GitHub/Mobile_robotter/ros2_ws/src/lidar_data/src/lidarnode.cpp:63:22:[m[K [01;31m[Kerror: [m[Kcannot convert â€˜[01m[Kstd::vector<float>[m[Kâ€™ to â€˜[01m[Kconst std::vector<double, std::allocator<double> >&[m[Kâ€™
[2.909s]    63 |     sendMapDataToGUI([01;31m[Kmap_x_points[m[K, map_y_points, _robot_x, _robot_y, _robot_yaw);
[2.909s]       |                      [01;31m[K^~~~~~~~~~~~[m[K
[2.909s]       |                      [01;31m[K|[m[K
[2.909s]       |                      [01;31m[Kstd::vector<float>[m[K
[2.909s] In file included from [01m[K/home/aksel/Documents/GitHub/Mobile_robotter/ros2_ws/src/lidar_data/src/lidarnode.cpp:1[m[K:
[2.909s] [01m[K/home/aksel/Documents/GitHub/Mobile_robotter/ros2_ws/src/lidar_data/include/lidarnode.h:48:54:[m[K [01;36m[Knote: [m[K  initializing argument 1 of â€˜[01m[Kvoid MappingNode::sendMapDataToGUI(const std::vector<double, std::allocator<double> >&, const std::vector<double, std::allocator<double> >&, double, double, double)[m[Kâ€™
[2.909s]    48 |     void sendMapDataToGUI([01;36m[Kconst std::vector<double>& x_points[m[K, const std::vector<double>& y_points,
[2.909s]       |                           [01;36m[K~~~~~~~~~~~~~~~~~~~~~~~~~~~^~~~~~~~[m[K
[2.916s] [01m[K/home/aksel/Documents/GitHub/Mobile_robotter/ros2_ws/src/lidar_data/src/lidarnode.cpp:[m[K In member function â€˜[01m[Kvoid MappingNode::odomCallback(nav_msgs::msg::Odometry_<std::allocator<void> >::SharedPtr)[m[Kâ€™:
[2.916s] [01m[K/home/aksel/Documents/GitHub/Mobile_robotter/ros2_ws/src/lidar_data/src/lidarnode.cpp:97:25:[m[K [01;31m[Kerror: [m[Kâ€˜[01m[K_initial_yaw_[m[Kâ€™ was not declared in this scope; did you mean â€˜[01m[K_initial_yaw[m[Kâ€™?
[2.916s]    97 |     q.setRPY(0.0, 0.0, -[01;31m[K_initial_yaw_[m[K);
[2.916s]       |                         [01;31m[K^~~~~~~~~~~~~[m[K
[2.917s]       |                         [32m[K_initial_yaw[m[K
[2.917s] [01m[K/home/aksel/Documents/GitHub/Mobile_robotter/ros2_ws/src/lidar_data/src/lidarnode.cpp:[m[K At global scope:
[2.917s] [01m[K/home/aksel/Documents/GitHub/Mobile_robotter/ros2_ws/src/lidar_data/src/lidarnode.cpp:107:6:[m[K [01;31m[Kerror: [m[Kno declaration matches â€˜[01m[Kvoid MappingNode::sendMapDataToGUI(std::vector<double, std::allocator<double> >&, std::vector<double, std::allocator<double> >&, double, double, double)[m[Kâ€™
[2.917s]   107 | void [01;31m[KMappingNode[m[K::sendMapDataToGUI(std::vector<double>& x_points, std::vector<double>& y_points,
[2.917s]       |      [01;31m[K^~~~~~~~~~~[m[K
[2.917s] In file included from [01m[K/home/aksel/Documents/GitHub/Mobile_robotter/ros2_ws/src/lidar_data/src/lidarnode.cpp:1[m[K:
[2.917s] [01m[K/home/aksel/Documents/GitHub/Mobile_robotter/ros2_ws/src/lidar_data/include/lidarnode.h:48:10:[m[K [01;36m[Knote: [m[Kcandidate is: â€˜[01m[Kvoid MappingNode::sendMapDataToGUI(const std::vector<double, std::allocator<double> >&, const std::vector<double, std::allocator<double> >&, double, double, double)[m[Kâ€™
[2.917s]    48 |     void [01;36m[KsendMapDataToGUI[m[K(const std::vector<double>& x_points, const std::vector<double>& y_points,
[2.917s]       |          [01;36m[K^~~~~~~~~~~~~~~~[m[K
[2.917s] [01m[K/home/aksel/Documents/GitHub/Mobile_robotter/ros2_ws/src/lidar_data/include/lidarnode.h:18:7:[m[K [01;36m[Knote: [m[Kâ€˜[01m[Kclass MappingNode[m[Kâ€™ defined here
[2.917s]    18 | class [01;36m[KMappingNode[m[K : public rclcpp::Node {
[2.917s]       |       [01;36m[K^~~~~~~~~~~[m[K
[5.366s] gmake[2]: *** [CMakeFiles/lidar_data.dir/build.make:90: CMakeFiles/lidar_data.dir/src/lidarnode.cpp.o] Error 1
[5.367s] gmake[1]: *** [CMakeFiles/Makefile2:137: CMakeFiles/lidar_data.dir/all] Error 2
[5.367s] gmake: *** [Makefile:146: all] Error 2
[5.370s] Invoked command in '/home/aksel/Documents/GitHub/Mobile_robotter/ros2_ws/build/lidar_data' returned '2': CMAKE_PREFIX_PATH=${CMAKE_PREFIX_PATH}:/home/aksel/turtlebot3_ws/install/turtlebot3_teleop:/home/aksel/turtlebot3_ws/install/turtlebot3_example:/opt/ros/humble /bin/cmake --build /home/aksel/Documents/GitHub/Mobile_robotter/ros2_ws/build/lidar_data -- -j16 -l16
