[0.019s] Invoking command in '/home/aksel/Documents/GitHub/Mobile_robotter/ros2_ws/build/controller_input': CMAKE_PREFIX_PATH=${CMAKE_PREFIX_PATH}:/home/aksel/turtlebot3_ws/install/turtlebot3_teleop:/home/aksel/turtlebot3_ws/install/turtlebot3_example:/opt/ros/humble /usr/bin/cmake --build /home/aksel/Documents/GitHub/Mobile_robotter/ros2_ws/build/controller_input -- -j16 -l16
[0.063s] [35m[1mConsolidate compiler generated dependencies of target controller_input[0m
[0.080s] [ 33%] [32mBuilding CXX object CMakeFiles/controller_input.dir/src/main.cpp.o[0m
[0.080s] [ 66%] [32mBuilding CXX object CMakeFiles/controller_input.dir/src/controllerinput.cpp.o[0m
[2.153s] [01m[K/home/aksel/Documents/GitHub/Mobile_robotter/ros2_ws/src/controller_input/src/main.cpp:[m[K In function â€˜[01m[Kint main(int, char**)[m[Kâ€™:
[2.153s] [01m[K/home/aksel/Documents/GitHub/Mobile_robotter/ros2_ws/src/controller_input/src/main.cpp:7:35:[m[K [01;31m[Kerror: [m[Kâ€˜[01m[KControllerInput[m[Kâ€™ was not declared in this scope; did you mean â€˜[01m[KcontrollerInput[m[Kâ€™?
[2.153s]     7 |     rclcpp::spin(std::make_shared<[01;31m[KControllerInput[m[K>());
[2.153s]       |                                   [01;31m[K^~~~~~~~~~~~~~~[m[K
[2.153s]       |                                   [32m[KcontrollerInput[m[K
[2.153s] [01m[K/home/aksel/Documents/GitHub/Mobile_robotter/ros2_ws/src/controller_input/src/main.cpp:7:51:[m[K [01;31m[Kerror: [m[Kno matching function for call to â€˜[01m[Kmake_shared<<expression error> >()[m[Kâ€™
[2.153s]     7 |     rclcpp::spin([01;31m[Kstd::make_shared<ControllerInput>()[m[K);
[2.153s]       |                  [01;31m[K~~~~~~~~~~~~~~~~~~~~~~~~~~~~~~~~~^~[m[K
[2.153s] In file included from [01m[K/usr/include/c++/11/memory:77[m[K,
[2.153s]                  from [01m[K/opt/ros/humble/include/rclcpp/rclcpp/rclcpp.hpp:153[m[K,
[2.153s]                  from [01m[K/home/aksel/Documents/GitHub/Mobile_robotter/ros2_ws/src/controller_input/src/main.cpp:1[m[K:
[2.153s] [01m[K/usr/include/c++/11/bits/shared_ptr.h:875:5:[m[K [01;36m[Knote: [m[Kcandidate: â€˜[01m[Ktemplate<class _Tp, class ... _Args> std::shared_ptr<_Tp> std::make_shared(_Args&& ...)[m[Kâ€™
[2.153s]   875 |     [01;36m[Kmake_shared[m[K(_Args&&... __args)
[2.153s]       |     [01;36m[K^~~~~~~~~~~[m[K
[2.153s] [01m[K/usr/include/c++/11/bits/shared_ptr.h:875:5:[m[K [01;36m[Knote: [m[K  template argument deduction/substitution failed:
[2.153s] [01m[K/home/aksel/Documents/GitHub/Mobile_robotter/ros2_ws/src/controller_input/src/main.cpp:7:51:[m[K [01;31m[Kerror: [m[Ktemplate argument 1 is invalid
[2.153s]     7 |     rclcpp::spin([01;31m[Kstd::make_shared<ControllerInput>()[m[K);
[2.153s]       |                  [01;31m[K~~~~~~~~~~~~~~~~~~~~~~~~~~~~~~~~~^~[m[K
[2.514s] gmake[2]: *** [CMakeFiles/controller_input.dir/build.make:76: CMakeFiles/controller_input.dir/src/main.cpp.o] Error 1
[2.514s] gmake[2]: *** Waiting for unfinished jobs....
[6.481s] gmake[1]: *** [CMakeFiles/Makefile2:137: CMakeFiles/controller_input.dir/all] Error 2
[6.481s] gmake: *** [Makefile:146: all] Error 2
[6.483s] Invoked command in '/home/aksel/Documents/GitHub/Mobile_robotter/ros2_ws/build/controller_input' returned '2': CMAKE_PREFIX_PATH=${CMAKE_PREFIX_PATH}:/home/aksel/turtlebot3_ws/install/turtlebot3_teleop:/home/aksel/turtlebot3_ws/install/turtlebot3_example:/opt/ros/humble /usr/bin/cmake --build /home/aksel/Documents/GitHub/Mobile_robotter/ros2_ws/build/controller_input -- -j16 -l16
