[35m[1mConsolidate compiler generated dependencies of target lidar_data[0m
[ 66%] [32mBuilding CXX object CMakeFiles/lidar_data.dir/src/main.cpp.o[0m
[ 66%] [32mBuilding CXX object CMakeFiles/lidar_data.dir/src/lidarnode.cpp.o[0m
[01m[K/home/aksel/Documents/GitHub/Mobile_robotter/ros2_ws/src/lidar_data/src/lidarnode.cpp:[m[K In member function â€˜[01m[Kvoid MappingNode::scanCallback(sensor_msgs::msg::LaserScan_<std::allocator<void> >::SharedPtr)[m[Kâ€™:
[01m[K/home/aksel/Documents/GitHub/Mobile_robotter/ros2_ws/src/lidar_data/src/lidarnode.cpp:36:35:[m[K [01;31m[Kerror: [m[Kâ€˜[01m[Krobot_x_[m[Kâ€™ was not declared in this scope; did you mean â€˜[01m[K_robot_x[m[Kâ€™?
   36 |                 double global_x = [01;31m[Krobot_x_[m[K + local_x * cos(robot_yaw_) - local_y * sin(robot_yaw_);
      |                                   [01;31m[K^~~~~~~~[m[K
      |                                   [32m[K_robot_x[m[K
[01m[K/home/aksel/Documents/GitHub/Mobile_robotter/ros2_ws/src/lidar_data/src/lidarnode.cpp:36:60:[m[K [01;31m[Kerror: [m[Kâ€˜[01m[Krobot_yaw_[m[Kâ€™ was not declared in this scope; did you mean â€˜[01m[K_robot_yaw[m[Kâ€™?
   36 |                 double global_x = robot_x_ + local_x * cos([01;31m[Krobot_yaw_[m[K) - local_y * sin(robot_yaw_);
      |                                                            [01;31m[K^~~~~~~~~~[m[K
      |                                                            [32m[K_robot_yaw[m[K
[01m[K/home/aksel/Documents/GitHub/Mobile_robotter/ros2_ws/src/lidar_data/src/lidarnode.cpp:37:35:[m[K [01;31m[Kerror: [m[Kâ€˜[01m[Krobot_y_[m[Kâ€™ was not declared in this scope; did you mean â€˜[01m[K_robot_y[m[Kâ€™?
   37 |                 double global_y = [01;31m[Krobot_y_[m[K + local_x * sin(robot_yaw_) + local_y * cos(robot_yaw_);
      |                                   [01;31m[K^~~~~~~~[m[K
      |                                   [32m[K_robot_y[m[K
gmake[2]: *** [CMakeFiles/lidar_data.dir/build.make:90: CMakeFiles/lidar_data.dir/src/lidarnode.cpp.o] Error 1
gmake[1]: *** [CMakeFiles/Makefile2:137: CMakeFiles/lidar_data.dir/all] Error 2
gmake: *** [Makefile:146: all] Error 2
