[0.019s] Invoking command in '/home/aksel/Documents/GitHub/Mobile_robotter/ros2_ws/build/controller_input': CMAKE_PREFIX_PATH=${CMAKE_PREFIX_PATH}:/home/aksel/turtlebot3_ws/install/turtlebot3_teleop:/home/aksel/turtlebot3_ws/install/turtlebot3_example:/opt/ros/humble /usr/bin/cmake --build /home/aksel/Documents/GitHub/Mobile_robotter/ros2_ws/build/controller_input -- -j16 -l16
[0.045s] -- Found ament_cmake: 1.3.10 (/opt/ros/humble/share/ament_cmake/cmake)
[0.158s] -- Found rclcpp: 16.0.10 (/opt/ros/humble/share/rclcpp/cmake)
[0.182s] -- Found rosidl_generator_c: 3.1.5 (/opt/ros/humble/share/rosidl_generator_c/cmake)
[0.183s] -- Found rosidl_adapter: 3.1.5 (/opt/ros/humble/share/rosidl_adapter/cmake)
[0.188s] -- Found rosidl_generator_cpp: 3.1.5 (/opt/ros/humble/share/rosidl_generator_cpp/cmake)
[0.196s] -- Using all available rosidl_typesupport_c: rosidl_typesupport_fastrtps_c;rosidl_typesupport_introspection_c
[0.205s] -- Using all available rosidl_typesupport_cpp: rosidl_typesupport_fastrtps_cpp;rosidl_typesupport_introspection_cpp
[0.233s] -- Found rmw_implementation_cmake: 6.1.2 (/opt/ros/humble/share/rmw_implementation_cmake/cmake)
[0.234s] -- Found rmw_fastrtps_cpp: 6.2.7 (/opt/ros/humble/share/rmw_fastrtps_cpp/cmake)
[0.340s] -- Using RMW implementation 'rmw_fastrtps_cpp' as default
[0.373s] -- Found geometry_msgs: 4.2.4 (/opt/ros/humble/share/geometry_msgs/cmake)
[0.381s] -- Found sensor_msgs: 4.2.4 (/opt/ros/humble/share/sensor_msgs/cmake)
[0.393s] -- Found teleop_twist_joy: 2.4.7 (/opt/ros/humble/share/teleop_twist_joy/cmake)
[0.394s] -- Found rclcpp_components: 16.0.10 (/opt/ros/humble/share/rclcpp_components/cmake)
[0.407s] -- Found SFML 2.5.1 in /usr/lib/x86_64-linux-gnu/cmake/SFML
[0.460s] -- Configuring done
[0.469s] -- Generating done
[0.471s] -- Build files have been written to: /home/aksel/Documents/GitHub/Mobile_robotter/ros2_ws/build/controller_input
[0.501s] [35m[1mConsolidate compiler generated dependencies of target controller_input[0m
[0.518s] [ 66%] [32mBuilding CXX object CMakeFiles/controller_input.dir/src/controllerinput.cpp.o[0m
[0.518s] [ 66%] [32mBuilding CXX object CMakeFiles/controller_input.dir/src/main.cpp.o[0m
[1.005s] In file included from [01m[K/home/aksel/Documents/GitHub/Mobile_robotter/ros2_ws/src/controller_input/src/controllerinput.cpp:1[m[K:
[1.005s] [01m[K/home/aksel/Documents/GitHub/Mobile_robotter/ros2_ws/src/controller_input/include/controllerinput.h:14:32:[m[K [01;31m[Kerror: [m[Kâ€˜[01m[Krclcpp[m[Kâ€™ has not been declared
[1.005s]    14 | class controllerInput : public [01;31m[Krclcpp[m[K::Node
[1.005s]       |                                [01;31m[K^~~~~~[m[K
[1.005s] In file included from [01m[K/home/aksel/Documents/GitHub/Mobile_robotter/ros2_ws/src/controller_input/src/main.cpp:1[m[K:
[1.005s] [01m[K/home/aksel/Documents/GitHub/Mobile_robotter/ros2_ws/src/controller_input/include/controllerinput.h:14:32:[m[K [01;31m[Kerror: [m[Kâ€˜[01m[Krclcpp[m[Kâ€™ has not been declared
[1.005s]    14 | class controllerInput : public [01;31m[Krclcpp[m[K::Node
[1.005s]       |                                [01;31m[K^~~~~~[m[K
[1.005s] [01m[K/home/aksel/Documents/GitHub/Mobile_robotter/ros2_ws/src/controller_input/include/controllerinput.h:14:40:[m[K [01;31m[Kerror: [m[Kexpected â€˜[01m[K{[m[Kâ€™ before â€˜[01m[KNode[m[Kâ€™
[1.005s]    14 | class controllerInput : public rclcpp::[01;31m[KNode[m[K
[1.005s]       |                                        [01;31m[K^~~~[m[K
[1.005s] [01m[K/home/aksel/Documents/GitHub/Mobile_robotter/ros2_ws/src/controller_input/include/controllerinput.h:14:40:[m[K [01;31m[Kerror: [m[Kexpected â€˜[01m[K{[m[Kâ€™ before â€˜[01m[KNode[m[Kâ€™
[1.005s]    14 | class controllerInput : public rclcpp::[01;31m[KNode[m[K
[1.005s]       |                                        [01;31m[K^~~~[m[K
[1.005s] [01m[K/home/aksel/Documents/GitHub/Mobile_robotter/ros2_ws/src/controller_input/include/controllerinput.h:16:1:[m[K [01;31m[Kerror: [m[Kexpected primary-expression before â€˜[01m[Kprivate[m[Kâ€™
[1.005s]    16 | [01;31m[Kprivate[m[K:
[1.005s]       | [01;31m[K^~~~~~~[m[K
[1.005s] [01m[K/home/aksel/Documents/GitHub/Mobile_robotter/ros2_ws/src/controller_input/include/controllerinput.h:16:1:[m[K [01;31m[Kerror: [m[Kexpected primary-expression before â€˜[01m[Kprivate[m[Kâ€™
[1.005s]    16 | [01;31m[Kprivate[m[K:
[1.006s]       | [01;31m[K^~~~~~~[m[K
[1.006s] [01m[K/home/aksel/Documents/GitHub/Mobile_robotter/ros2_ws/src/controller_input/include/controllerinput.h:16:1:[m[K [01;31m[Kerror: [m[Kexpected â€˜[01m[K}[m[Kâ€™ before â€˜[01m[Kprivate[m[Kâ€™
[1.006s] [01m[K/home/aksel/Documents/GitHub/Mobile_robotter/ros2_ws/src/controller_input/include/controllerinput.h:16:1:[m[K [01;31m[Kerror: [m[Kexpected â€˜[01m[K}[m[Kâ€™ before â€˜[01m[Kprivate[m[Kâ€™
[1.006s] [01m[K/home/aksel/Documents/GitHub/Mobile_robotter/ros2_ws/src/controller_input/include/controllerinput.h:15:1:[m[K [01;36m[Knote: [m[Kto match this â€˜[01m[K{[m[Kâ€™
[1.006s]    15 | [01;36m[K{[m[K
[1.006s]       | [01;36m[K^[m[K
[1.006s] [01m[K/home/aksel/Documents/GitHub/Mobile_robotter/ros2_ws/src/controller_input/include/controllerinput.h:15:1:[m[K [01;36m[Knote: [m[Kto match this â€˜[01m[K{[m[Kâ€™
[1.006s]    15 | [01;36m[K{[m[K
[1.006s]       | [01;36m[K^[m[K
[1.006s] [01m[K/home/aksel/Documents/GitHub/Mobile_robotter/ros2_ws/src/controller_input/include/controllerinput.h:19:5:[m[K [01;31m[Kerror: [m[Kâ€˜[01m[Krclcpp[m[Kâ€™ does not name a type
[1.006s]    19 |     [01;31m[Krclcpp[m[K::TimerBase::SharedPtr _timer;
[1.006s]       |     [01;31m[K^~~~~~[m[K
[1.006s] [01m[K/home/aksel/Documents/GitHub/Mobile_robotter/ros2_ws/src/controller_input/include/controllerinput.h:19:5:[m[K [01;31m[Kerror: [m[Kâ€˜[01m[Krclcpp[m[Kâ€™ does not name a type
[1.006s]    19 |     [01;31m[Krclcpp[m[K::TimerBase::SharedPtr _timer;
[1.006s]       |     [01;31m[K^~~~~~[m[K
[1.007s] In file included from [01m[K/home/aksel/Documents/GitHub/Mobile_robotter/ros2_ws/src/controller_input/src/main.cpp:1[m[K:
[1.007s] [01m[K/home/aksel/Documents/GitHub/Mobile_robotter/ros2_ws/src/controller_input/include/controllerinput.h:42:1:[m[K [01;31m[Kerror: [m[Kexpected unqualified-id before â€˜[01m[Kpublic[m[Kâ€™
[1.007s]    42 | [01;31m[Kpublic[m[K:
[1.007s]       | [01;31m[K^~~~~~[m[K
[1.008s] In file included from [01m[K/home/aksel/Documents/GitHub/Mobile_robotter/ros2_ws/src/controller_input/src/controllerinput.cpp:1[m[K:
[1.008s] [01m[K/home/aksel/Documents/GitHub/Mobile_robotter/ros2_ws/src/controller_input/include/controllerinput.h:42:1:[m[K [01;31m[Kerror: [m[Kexpected unqualified-id before â€˜[01m[Kpublic[m[Kâ€™
[1.008s]    42 | [01;31m[Kpublic[m[K:
[1.008s]       | [01;31m[K^~~~~~[m[K
[1.008s] [01m[K/home/aksel/Documents/GitHub/Mobile_robotter/ros2_ws/src/controller_input/include/controllerinput.h:45:29:[m[K [01;31m[Kerror: [m[Kâ€˜[01m[Ksensor_msgs[m[Kâ€™ does not name a type
[1.008s]    45 |     void joy_callback(const [01;31m[Ksensor_msgs[m[K::msg::Joy::SharedPtr msg);
[1.008s]       |                             [01;31m[K^~~~~~~~~~~[m[K
[1.009s] [01m[K/home/aksel/Documents/GitHub/Mobile_robotter/ros2_ws/src/controller_input/include/controllerinput.h:45:45:[m[K [01;31m[Kerror: [m[Kexpected unqualified-id before â€˜[01m[K::[m[Kâ€™ token
[1.009s]    45 |     void joy_callback(const sensor_msgs::msg[01;31m[K::[m[KJoy::SharedPtr msg);
[1.009s]       |                                             [01;31m[K^~[m[K
[1.009s] [01m[K/home/aksel/Documents/GitHub/Mobile_robotter/ros2_ws/src/controller_input/include/controllerinput.h:45:29:[m[K [01;31m[Kerror: [m[Kâ€˜[01m[Ksensor_msgs[m[Kâ€™ does not name a type
[1.009s]    45 |     void joy_callback(const [01;31m[Ksensor_msgs[m[K::msg::Joy::SharedPtr msg);
[1.009s]       |                             [01;31m[K^~~~~~~~~~~[m[K
[1.009s] [01m[K/home/aksel/Documents/GitHub/Mobile_robotter/ros2_ws/src/controller_input/include/controllerinput.h:45:45:[m[K [01;31m[Kerror: [m[Kexpected â€˜[01m[K)[m[Kâ€™ before â€˜[01m[K::[m[Kâ€™ token
[1.009s]    45 |     void joy_callback[34m[K([m[Kconst sensor_msgs::msg[01;31m[K:[m[K[32m[K:[m[KJoy::SharedPtr msg);
[1.009s]       |                      [34m[K~[m[K                      [01;31m[K^[m[K[32m[K~[m[K
[1.009s]       |                                             [32m[K)[m[K
[1.009s] [01m[K/home/aksel/Documents/GitHub/Mobile_robotter/ros2_ws/src/controller_input/include/controllerinput.h:45:45:[m[K [01;31m[Kerror: [m[Kexpected unqualified-id before â€˜[01m[K::[m[Kâ€™ token
[1.009s]    45 |     void joy_callback(const sensor_msgs::msg[01;31m[K::[m[KJoy::SharedPtr msg);
[1.009s]       |                                             [01;31m[K^~[m[K
[1.009s] [01m[K/home/aksel/Documents/GitHub/Mobile_robotter/ros2_ws/src/controller_input/include/controllerinput.h:45:45:[m[K [01;31m[Kerror: [m[Kexpected initializer before â€˜[01m[K::[m[Kâ€™ token
[1.009s]    45 |     void joy_callback(const sensor_msgs::msg[01;31m[K::[m[KJoy::SharedPtr msg);
[1.009s]       |                                             [01;31m[K^~[m[K
[1.009s] [01m[K/home/aksel/Documents/GitHub/Mobile_robotter/ros2_ws/src/controller_input/include/controllerinput.h:45:45:[m[K [01;31m[Kerror: [m[Kexpected â€˜[01m[K)[m[Kâ€™ before â€˜[01m[K::[m[Kâ€™ token
[1.009s]    45 |     void joy_callback[34m[K([m[Kconst sensor_msgs::msg[01;31m[K:[m[K[32m[K:[m[KJoy::SharedPtr msg);
[1.009s]       |                      [34m[K~[m[K                      [01;31m[K^[m[K[32m[K~[m[K
[1.009s]       |                                             [32m[K)[m[K
[1.009s] [01m[K/home/aksel/Documents/GitHub/Mobile_robotter/ros2_ws/src/controller_input/include/controllerinput.h:45:45:[m[K [01;31m[Kerror: [m[Kexpected initializer before â€˜[01m[K::[m[Kâ€™ token
[1.009s]    45 |     void joy_callback(const sensor_msgs::msg[01;31m[K::[m[KJoy::SharedPtr msg);
[1.009s]       |                                             [01;31m[K^~[m[K
[1.009s] [01m[K/home/aksel/Documents/GitHub/Mobile_robotter/ros2_ws/src/controller_input/include/controllerinput.h:57:1:[m[K [01;31m[Kerror: [m[Kexpected declaration before â€˜[01m[K}[m[Kâ€™ token
[1.009s]    57 | [01;31m[K}[m[K;
[1.009s]       | [01;31m[K^[m[K
[1.010s] [01m[K/home/aksel/Documents/GitHub/Mobile_robotter/ros2_ws/src/controller_input/include/controllerinput.h:57:1:[m[K [01;31m[Kerror: [m[Kexpected declaration before â€˜[01m[K}[m[Kâ€™ token
[1.010s]    57 | [01;31m[K}[m[K;
[1.010s]       | [01;31m[K^[m[K
[1.010s] [01m[K/home/aksel/Documents/GitHub/Mobile_robotter/ros2_ws/src/controller_input/src/main.cpp:[m[K In function â€˜[01m[Kint main(int, char**)[m[Kâ€™:
[1.010s] [01m[K/home/aksel/Documents/GitHub/Mobile_robotter/ros2_ws/src/controller_input/src/main.cpp:5:5:[m[K [01;31m[Kerror: [m[Kâ€˜[01m[Krclcpp[m[Kâ€™ has not been declared
[1.010s]     5 |     [01;31m[Krclcpp[m[K::init(argc, argv);
[1.010s]       |     [01;31m[K^~~~~~[m[K
[1.010s] [01m[K/home/aksel/Documents/GitHub/Mobile_robotter/ros2_ws/src/controller_input/src/controllerinput.cpp:3:34:[m[K [01;31m[Kerror: [m[Kinvalid use of incomplete type â€˜[01m[Kclass controllerInput[m[Kâ€™
[1.010s]     3 | controllerInput::controllerInput([01;31m[K)[m[K : Node("controller_input")
[1.010s]       |                                  [01;31m[K^[m[K
[1.010s] [01m[K/home/aksel/Documents/GitHub/Mobile_robotter/ros2_ws/src/controller_input/src/main.cpp:6:5:[m[K [01;31m[Kerror: [m[Kâ€˜[01m[Krclcpp[m[Kâ€™ has not been declared
[1.010s]     6 |     [01;31m[Krclcpp[m[K::spin(std::make_shared<ControllerInput>());
[1.010s]       |     [01;31m[K^~~~~~[m[K
[1.010s] In file included from [01m[K/home/aksel/Documents/GitHub/Mobile_robotter/ros2_ws/src/controller_input/src/controllerinput.cpp:1[m[K:
[1.010s] [01m[K/home/aksel/Documents/GitHub/Mobile_robotter/ros2_ws/src/controller_input/include/controllerinput.h:14:7:[m[K [01;36m[Knote: [m[Kforward declaration of â€˜[01m[Kclass controllerInput[m[Kâ€™
[1.010s]    14 | class [01;36m[KcontrollerInput[m[K : public rclcpp::Node
[1.010s]       |       [01;36m[K^~~~~~~~~~~~~~~[m[K
[1.010s] [01m[K/home/aksel/Documents/GitHub/Mobile_robotter/ros2_ws/src/controller_input/src/main.cpp:6:23:[m[K [01;31m[Kerror: [m[Kâ€˜[01m[Kmake_shared[m[Kâ€™ is not a member of â€˜[01m[Kstd[m[Kâ€™
[1.010s]     6 |     rclcpp::spin(std::[01;31m[Kmake_shared[m[K<ControllerInput>());
[1.010s]       |                       [01;31m[K^~~~~~~~~~~[m[K
[1.010s] [01m[K/home/aksel/Documents/GitHub/Mobile_robotter/ros2_ws/src/controller_input/src/main.cpp:2:1:[m[K [01;36m[Knote: [m[Kâ€˜[01m[Kstd::make_shared[m[Kâ€™ is defined in header â€˜[01m[K<memory>[m[Kâ€™; did you forget to â€˜[01m[K#include <memory>[m[Kâ€™?
[1.010s]     1 | #include "controllerinput.h"
[1.010s]   +++ |+[32m[K#include <memory>[m[K
[1.010s]     2 | 
[1.010s] [01m[K/home/aksel/Documents/GitHub/Mobile_robotter/ros2_ws/src/controller_input/src/controllerinput.cpp:16:42:[m[K [01;31m[Kerror: [m[Kâ€˜[01m[Ksensor_msgs[m[Kâ€™ does not name a type
[1.010s]    16 | void controllerInput::joy_callback(const [01;31m[Ksensor_msgs[m[K::msg::Joy::SharedPtr msg) {
[1.010s]       |                                          [01;31m[K^~~~~~~~~~~[m[K
[1.011s] [01m[K/home/aksel/Documents/GitHub/Mobile_robotter/ros2_ws/src/controller_input/src/controllerinput.cpp:16:58:[m[K [01;31m[Kerror: [m[Kexpected unqualified-id before â€˜[01m[K::[m[Kâ€™ token
[1.011s]    16 | void controllerInput::joy_callback(const sensor_msgs::msg[01;31m[K::[m[KJoy::SharedPtr msg) {
[1.011s]       |                                                          [01;31m[K^~[m[K
[1.011s] [01m[K/home/aksel/Documents/GitHub/Mobile_robotter/ros2_ws/src/controller_input/src/controllerinput.cpp:16:58:[m[K [01;31m[Kerror: [m[Kexpected â€˜[01m[K)[m[Kâ€™ before â€˜[01m[K::[m[Kâ€™ token
[1.011s]    16 | void controllerInput::joy_callback[34m[K([m[Kconst sensor_msgs::msg[01;31m[K:[m[K[32m[K:[m[KJoy::SharedPtr msg) {
[1.011s]       |                                   [34m[K~[m[K                      [01;31m[K^[m[K[32m[K~[m[K
[1.011s]       |                                                          [32m[K)[m[K
[1.011s] [01m[K/home/aksel/Documents/GitHub/Mobile_robotter/ros2_ws/src/controller_input/src/controllerinput.cpp:16:58:[m[K [01;31m[Kerror: [m[Kexpected initializer before â€˜[01m[K::[m[Kâ€™ token
[1.011s]    16 | void controllerInput::joy_callback(const sensor_msgs::msg[01;31m[K::[m[KJoy::SharedPtr msg) {
[1.011s]       |                                                          [01;31m[K^~[m[K
[1.011s] [01m[K/home/aksel/Documents/GitHub/Mobile_robotter/ros2_ws/src/controller_input/src/controllerinput.cpp:29:43:[m[K [01;31m[Kerror: [m[Kinvalid use of incomplete type â€˜[01m[Kclass controllerInput[m[Kâ€™
[1.011s]    29 | void controllerInput::play_dtmf_if_active([01;31m[K)[m[K {
[1.011s]       |                                           [01;31m[K^[m[K
[1.011s] In file included from [01m[K/home/aksel/Documents/GitHub/Mobile_robotter/ros2_ws/src/controller_input/src/controllerinput.cpp:1[m[K:
[1.011s] [01m[K/home/aksel/Documents/GitHub/Mobile_robotter/ros2_ws/src/controller_input/include/controllerinput.h:14:7:[m[K [01;36m[Knote: [m[Kforward declaration of â€˜[01m[Kclass controllerInput[m[Kâ€™
[1.011s]    14 | class [01;36m[KcontrollerInput[m[K : public rclcpp::Node
[1.011s]       |       [01;36m[K^~~~~~~~~~~~~~~[m[K
[1.011s] [01m[K/home/aksel/Documents/GitHub/Mobile_robotter/ros2_ws/src/controller_input/src/controllerinput.cpp:47:43:[m[K [01;31m[Kerror: [m[Kinvalid use of incomplete type â€˜[01m[Kclass controllerInput[m[Kâ€™
[1.011s]    47 | void controllerInput::makeAmplitudeFading([01;31m[K)[m[K{
[1.011s]       |                                           [01;31m[K^[m[K
[1.011s] In file included from [01m[K/home/aksel/Documents/GitHub/Mobile_robotter/ros2_ws/src/controller_input/src/controllerinput.cpp:1[m[K:
[1.011s] [01m[K/home/aksel/Documents/GitHub/Mobile_robotter/ros2_ws/src/controller_input/include/controllerinput.h:14:7:[m[K [01;36m[Knote: [m[Kforward declaration of â€˜[01m[Kclass controllerInput[m[Kâ€™
[1.011s]    14 | class [01;36m[KcontrollerInput[m[K : public rclcpp::Node
[1.011s]       |       [01;36m[K^~~~~~~~~~~~~~~[m[K
[1.011s] [01m[K/home/aksel/Documents/GitHub/Mobile_robotter/ros2_ws/src/controller_input/src/controllerinput.cpp:68:45:[m[K [01;31m[Kerror: [m[Kinvalid use of incomplete type â€˜[01m[Kclass controllerInput[m[Kâ€™
[1.011s]    68 | int controllerInput::mapCharToIndex(char key[01;31m[K)[m[K {
[1.011s]       |                                             [01;31m[K^[m[K
[1.011s] In file included from [01m[K/home/aksel/Documents/GitHub/Mobile_robotter/ros2_ws/src/controller_input/src/controllerinput.cpp:1[m[K:
[1.012s] [01m[K/home/aksel/Documents/GitHub/Mobile_robotter/ros2_ws/src/controller_input/include/controllerinput.h:14:7:[m[K [01;36m[Knote: [m[Kforward declaration of â€˜[01m[Kclass controllerInput[m[Kâ€™
[1.012s]    14 | class [01;36m[KcontrollerInput[m[K : public rclcpp::Node
[1.012s]       |       [01;36m[K^~~~~~~~~~~~~~~[m[K
[1.012s] [01m[K/home/aksel/Documents/GitHub/Mobile_robotter/ros2_ws/src/controller_input/src/controllerinput.cpp:86:58:[m[K [01;31m[Kerror: [m[Kinvalid use of incomplete type â€˜[01m[Kclass controllerInput[m[Kâ€™
[1.012s]    86 | void controllerInput::playTone(double freq1, double freq2[01;31m[K)[m[K{
[1.012s]       |                                                          [01;31m[K^[m[K
[1.012s] In file included from [01m[K/home/aksel/Documents/GitHub/Mobile_robotter/ros2_ws/src/controller_input/src/controllerinput.cpp:1[m[K:
[1.012s] [01m[K/home/aksel/Documents/GitHub/Mobile_robotter/ros2_ws/src/controller_input/include/controllerinput.h:14:7:[m[K [01;36m[Knote: [m[Kforward declaration of â€˜[01m[Kclass controllerInput[m[Kâ€™
[1.012s]    14 | class [01;36m[KcontrollerInput[m[K : public rclcpp::Node
[1.012s]       |       [01;36m[K^~~~~~~~~~~~~~~[m[K
[1.012s] [01m[K/home/aksel/Documents/GitHub/Mobile_robotter/ros2_ws/src/controller_input/src/controllerinput.cpp:109:63:[m[K [01;31m[Kerror: [m[Kinvalid use of incomplete type â€˜[01m[Kclass controllerInput[m[Kâ€™
[1.012s]   109 | void controllerInput::playSequence(const std::string &sequence[01;31m[K)[m[K {
[1.012s]       |                                                               [01;31m[K^[m[K
[1.012s] In file included from [01m[K/home/aksel/Documents/GitHub/Mobile_robotter/ros2_ws/src/controller_input/src/controllerinput.cpp:1[m[K:
[1.012s] [01m[K/home/aksel/Documents/GitHub/Mobile_robotter/ros2_ws/src/controller_input/include/controllerinput.h:14:7:[m[K [01;36m[Knote: [m[Kforward declaration of â€˜[01m[Kclass controllerInput[m[Kâ€™
[1.012s]    14 | class [01;36m[KcontrollerInput[m[K : public rclcpp::Node
[1.012s]       |       [01;36m[K^~~~~~~~~~~~~~~[m[K
[1.012s] [01m[K/home/aksel/Documents/GitHub/Mobile_robotter/ros2_ws/src/controller_input/src/main.cpp:6:35:[m[K [01;31m[Kerror: [m[Kâ€˜[01m[KControllerInput[m[Kâ€™ was not declared in this scope; did you mean â€˜[01m[KcontrollerInput[m[Kâ€™?
[1.012s]     6 |     rclcpp::spin(std::make_shared<[01;31m[KControllerInput[m[K>());
[1.012s]       |                                   [01;31m[K^~~~~~~~~~~~~~~[m[K
[1.012s]       |                                   [32m[KcontrollerInput[m[K
[1.012s] [01m[K/home/aksel/Documents/GitHub/Mobile_robotter/ros2_ws/src/controller_input/src/main.cpp:6:52:[m[K [01;31m[Kerror: [m[Kexpected primary-expression before â€˜[01m[K)[m[Kâ€™ token
[1.012s]     6 |     rclcpp::spin(std::make_shared<ControllerInput>([01;31m[K)[m[K);
[1.012s]       |                                                    [01;31m[K^[m[K
[1.012s] [01m[K/home/aksel/Documents/GitHub/Mobile_robotter/ros2_ws/src/controller_input/src/main.cpp:7:5:[m[K [01;31m[Kerror: [m[Kâ€˜[01m[Krclcpp[m[Kâ€™ has not been declared
[1.012s]     7 |     [01;31m[Krclcpp[m[K::shutdown();
[1.012s]       |     [01;31m[K^~~~~~[m[K
[1.065s] gmake[2]: *** [CMakeFiles/controller_input.dir/build.make:90: CMakeFiles/controller_input.dir/src/controllerinput.cpp.o] Error 1
[1.065s] gmake[2]: *** Waiting for unfinished jobs....
[1.066s] gmake[2]: *** [CMakeFiles/controller_input.dir/build.make:76: CMakeFiles/controller_input.dir/src/main.cpp.o] Error 1
[1.066s] gmake[1]: *** [CMakeFiles/Makefile2:137: CMakeFiles/controller_input.dir/all] Error 2
[1.066s] gmake: *** [Makefile:146: all] Error 2
[1.069s] Invoked command in '/home/aksel/Documents/GitHub/Mobile_robotter/ros2_ws/build/controller_input' returned '2': CMAKE_PREFIX_PATH=${CMAKE_PREFIX_PATH}:/home/aksel/turtlebot3_ws/install/turtlebot3_teleop:/home/aksel/turtlebot3_ws/install/turtlebot3_example:/opt/ros/humble /usr/bin/cmake --build /home/aksel/Documents/GitHub/Mobile_robotter/ros2_ws/build/controller_input -- -j16 -l16
