[0.021s] Invoking command in '/home/aksel/Documents/GitHub/Mobile_robotter/ros2_ws/build/controller_input': CMAKE_PREFIX_PATH=${CMAKE_PREFIX_PATH}:/home/aksel/turtlebot3_ws/install/turtlebot3_teleop:/home/aksel/turtlebot3_ws/install/turtlebot3_example:/opt/ros/humble /usr/bin/cmake --build /home/aksel/Documents/GitHub/Mobile_robotter/ros2_ws/build/controller_input -- -j16 -l16
[0.064s] [35m[1mConsolidate compiler generated dependencies of target controller_input[0m
[0.082s] [ 66%] [32mBuilding CXX object CMakeFiles/controller_input.dir/src/main.cpp.o[0m
[0.082s] [ 66%] [32mBuilding CXX object CMakeFiles/controller_input.dir/src/controllerinput.cpp.o[0m
[0.647s] In file included from [01m[K/home/aksel/Documents/GitHub/Mobile_robotter/ros2_ws/src/controller_input/src/controllerinput.cpp:1[m[K:
[0.647s] [01m[K/home/aksel/Documents/GitHub/Mobile_robotter/ros2_ws/src/controller_input/include/controllerinput.h:14:32:[m[K [01;31m[Kerror: [m[Kâ€˜[01m[Krclcpp[m[Kâ€™ has not been declared
[0.647s]    14 | class controllerInput : public [01;31m[Krclcpp[m[K::Node
[0.647s]       |                                [01;31m[K^~~~~~[m[K
[0.647s] [01m[K/home/aksel/Documents/GitHub/Mobile_robotter/ros2_ws/src/controller_input/include/controllerinput.h:14:40:[m[K [01;31m[Kerror: [m[Kexpected â€˜[01m[K{[m[Kâ€™ before â€˜[01m[KNode[m[Kâ€™
[0.647s]    14 | class controllerInput : public rclcpp::[01;31m[KNode[m[K
[0.647s]       |                                        [01;31m[K^~~~[m[K
[0.647s] [01m[K/home/aksel/Documents/GitHub/Mobile_robotter/ros2_ws/src/controller_input/include/controllerinput.h:16:1:[m[K [01;31m[Kerror: [m[Kexpected primary-expression before â€˜[01m[Kprivate[m[Kâ€™
[0.647s]    16 | [01;31m[Kprivate[m[K:
[0.647s]       | [01;31m[K^~~~~~~[m[K
[0.648s] [01m[K/home/aksel/Documents/GitHub/Mobile_robotter/ros2_ws/src/controller_input/include/controllerinput.h:16:1:[m[K [01;31m[Kerror: [m[Kexpected â€˜[01m[K}[m[Kâ€™ before â€˜[01m[Kprivate[m[Kâ€™
[0.648s] [01m[K/home/aksel/Documents/GitHub/Mobile_robotter/ros2_ws/src/controller_input/include/controllerinput.h:15:1:[m[K [01;36m[Knote: [m[Kto match this â€˜[01m[K{[m[Kâ€™
[0.648s]    15 | [01;36m[K{[m[K
[0.648s]       | [01;36m[K^[m[K
[0.648s] [01m[K/home/aksel/Documents/GitHub/Mobile_robotter/ros2_ws/src/controller_input/include/controllerinput.h:19:5:[m[K [01;31m[Kerror: [m[Kâ€˜[01m[Krclcpp[m[Kâ€™ does not name a type
[0.648s]    19 |     [01;31m[Krclcpp[m[K::TimerBase::SharedPtr _timer;
[0.648s]       |     [01;31m[K^~~~~~[m[K
[0.651s] In file included from [01m[K/home/aksel/Documents/GitHub/Mobile_robotter/ros2_ws/src/controller_input/src/controllerinput.cpp:1[m[K:
[0.651s] [01m[K/home/aksel/Documents/GitHub/Mobile_robotter/ros2_ws/src/controller_input/include/controllerinput.h:42:1:[m[K [01;31m[Kerror: [m[Kexpected unqualified-id before â€˜[01m[Kpublic[m[Kâ€™
[0.651s]    42 | [01;31m[Kpublic[m[K:
[0.651s]       | [01;31m[K^~~~~~[m[K
[0.652s] [01m[K/home/aksel/Documents/GitHub/Mobile_robotter/ros2_ws/src/controller_input/include/controllerinput.h:45:29:[m[K [01;31m[Kerror: [m[Kâ€˜[01m[Ksensor_msgs[m[Kâ€™ does not name a type
[0.652s]    45 |     void joy_callback(const [01;31m[Ksensor_msgs[m[K::msg::Joy::SharedPtr msg);
[0.652s]       |                             [01;31m[K^~~~~~~~~~~[m[K
[0.652s] [01m[K/home/aksel/Documents/GitHub/Mobile_robotter/ros2_ws/src/controller_input/include/controllerinput.h:45:45:[m[K [01;31m[Kerror: [m[Kexpected unqualified-id before â€˜[01m[K::[m[Kâ€™ token
[0.652s]    45 |     void joy_callback(const sensor_msgs::msg[01;31m[K::[m[KJoy::SharedPtr msg);
[0.652s]       |                                             [01;31m[K^~[m[K
[0.652s] [01m[K/home/aksel/Documents/GitHub/Mobile_robotter/ros2_ws/src/controller_input/include/controllerinput.h:45:45:[m[K [01;31m[Kerror: [m[Kexpected â€˜[01m[K)[m[Kâ€™ before â€˜[01m[K::[m[Kâ€™ token
[0.652s]    45 |     void joy_callback[34m[K([m[Kconst sensor_msgs::msg[01;31m[K:[m[K[32m[K:[m[KJoy::SharedPtr msg);
[0.653s]       |                      [34m[K~[m[K                      [01;31m[K^[m[K[32m[K~[m[K
[0.653s]       |                                             [32m[K)[m[K
[0.653s] [01m[K/home/aksel/Documents/GitHub/Mobile_robotter/ros2_ws/src/controller_input/include/controllerinput.h:45:45:[m[K [01;31m[Kerror: [m[Kexpected initializer before â€˜[01m[K::[m[Kâ€™ token
[0.653s]    45 |     void joy_callback(const sensor_msgs::msg[01;31m[K::[m[KJoy::SharedPtr msg);
[0.653s]       |                                             [01;31m[K^~[m[K
[0.653s] [01m[K/home/aksel/Documents/GitHub/Mobile_robotter/ros2_ws/src/controller_input/include/controllerinput.h:57:1:[m[K [01;31m[Kerror: [m[Kexpected declaration before â€˜[01m[K}[m[Kâ€™ token
[0.653s]    57 | [01;31m[K}[m[K;
[0.653s]       | [01;31m[K^[m[K
[0.653s] [01m[K/home/aksel/Documents/GitHub/Mobile_robotter/ros2_ws/src/controller_input/src/controllerinput.cpp:3:34:[m[K [01;31m[Kerror: [m[Kinvalid use of incomplete type â€˜[01m[Kclass controllerInput[m[Kâ€™
[0.653s]     3 | controllerInput::controllerInput([01;31m[K)[m[K : Node("controller_input")
[0.653s]       |                                  [01;31m[K^[m[K
[0.653s] In file included from [01m[K/home/aksel/Documents/GitHub/Mobile_robotter/ros2_ws/src/controller_input/src/controllerinput.cpp:1[m[K:
[0.653s] [01m[K/home/aksel/Documents/GitHub/Mobile_robotter/ros2_ws/src/controller_input/include/controllerinput.h:14:7:[m[K [01;36m[Knote: [m[Kforward declaration of â€˜[01m[Kclass controllerInput[m[Kâ€™
[0.653s]    14 | class [01;36m[KcontrollerInput[m[K : public rclcpp::Node
[0.653s]       |       [01;36m[K^~~~~~~~~~~~~~~[m[K
[0.654s] [01m[K/home/aksel/Documents/GitHub/Mobile_robotter/ros2_ws/src/controller_input/src/controllerinput.cpp:16:42:[m[K [01;31m[Kerror: [m[Kâ€˜[01m[Ksensor_msgs[m[Kâ€™ does not name a type
[0.654s]    16 | void controllerInput::joy_callback(const [01;31m[Ksensor_msgs[m[K::msg::Joy::SharedPtr msg) {
[0.654s]       |                                          [01;31m[K^~~~~~~~~~~[m[K
[0.654s] [01m[K/home/aksel/Documents/GitHub/Mobile_robotter/ros2_ws/src/controller_input/src/controllerinput.cpp:16:58:[m[K [01;31m[Kerror: [m[Kexpected unqualified-id before â€˜[01m[K::[m[Kâ€™ token
[0.654s]    16 | void controllerInput::joy_callback(const sensor_msgs::msg[01;31m[K::[m[KJoy::SharedPtr msg) {
[0.654s]       |                                                          [01;31m[K^~[m[K
[0.654s] [01m[K/home/aksel/Documents/GitHub/Mobile_robotter/ros2_ws/src/controller_input/src/controllerinput.cpp:16:58:[m[K [01;31m[Kerror: [m[Kexpected â€˜[01m[K)[m[Kâ€™ before â€˜[01m[K::[m[Kâ€™ token
[0.654s]    16 | void controllerInput::joy_callback[34m[K([m[Kconst sensor_msgs::msg[01;31m[K:[m[K[32m[K:[m[KJoy::SharedPtr msg) {
[0.654s]       |                                   [34m[K~[m[K                      [01;31m[K^[m[K[32m[K~[m[K
[0.654s]       |                                                          [32m[K)[m[K
[0.654s] [01m[K/home/aksel/Documents/GitHub/Mobile_robotter/ros2_ws/src/controller_input/src/controllerinput.cpp:16:58:[m[K [01;31m[Kerror: [m[Kexpected initializer before â€˜[01m[K::[m[Kâ€™ token
[0.654s]    16 | void controllerInput::joy_callback(const sensor_msgs::msg[01;31m[K::[m[KJoy::SharedPtr msg) {
[0.655s]       |                                                          [01;31m[K^~[m[K
[0.655s] [01m[K/home/aksel/Documents/GitHub/Mobile_robotter/ros2_ws/src/controller_input/src/controllerinput.cpp:29:43:[m[K [01;31m[Kerror: [m[Kinvalid use of incomplete type â€˜[01m[Kclass controllerInput[m[Kâ€™
[0.655s]    29 | void controllerInput::play_dtmf_if_active([01;31m[K)[m[K {
[0.655s]       |                                           [01;31m[K^[m[K
[0.655s] In file included from [01m[K/home/aksel/Documents/GitHub/Mobile_robotter/ros2_ws/src/controller_input/src/controllerinput.cpp:1[m[K:
[0.655s] [01m[K/home/aksel/Documents/GitHub/Mobile_robotter/ros2_ws/src/controller_input/include/controllerinput.h:14:7:[m[K [01;36m[Knote: [m[Kforward declaration of â€˜[01m[Kclass controllerInput[m[Kâ€™
[0.655s]    14 | class [01;36m[KcontrollerInput[m[K : public rclcpp::Node
[0.655s]       |       [01;36m[K^~~~~~~~~~~~~~~[m[K
[0.655s] [01m[K/home/aksel/Documents/GitHub/Mobile_robotter/ros2_ws/src/controller_input/src/controllerinput.cpp:47:43:[m[K [01;31m[Kerror: [m[Kinvalid use of incomplete type â€˜[01m[Kclass controllerInput[m[Kâ€™
[0.655s]    47 | void controllerInput::makeAmplitudeFading([01;31m[K)[m[K{
[0.655s]       |                                           [01;31m[K^[m[K
[0.655s] In file included from [01m[K/home/aksel/Documents/GitHub/Mobile_robotter/ros2_ws/src/controller_input/src/controllerinput.cpp:1[m[K:
[0.655s] [01m[K/home/aksel/Documents/GitHub/Mobile_robotter/ros2_ws/src/controller_input/include/controllerinput.h:14:7:[m[K [01;36m[Knote: [m[Kforward declaration of â€˜[01m[Kclass controllerInput[m[Kâ€™
[0.655s]    14 | class [01;36m[KcontrollerInput[m[K : public rclcpp::Node
[0.655s]       |       [01;36m[K^~~~~~~~~~~~~~~[m[K
[0.655s] [01m[K/home/aksel/Documents/GitHub/Mobile_robotter/ros2_ws/src/controller_input/src/controllerinput.cpp:68:45:[m[K [01;31m[Kerror: [m[Kinvalid use of incomplete type â€˜[01m[Kclass controllerInput[m[Kâ€™
[0.655s]    68 | int controllerInput::mapCharToIndex(char key[01;31m[K)[m[K {
[0.655s]       |                                             [01;31m[K^[m[K
[0.655s] In file included from [01m[K/home/aksel/Documents/GitHub/Mobile_robotter/ros2_ws/src/controller_input/src/controllerinput.cpp:1[m[K:
[0.655s] [01m[K/home/aksel/Documents/GitHub/Mobile_robotter/ros2_ws/src/controller_input/include/controllerinput.h:14:7:[m[K [01;36m[Knote: [m[Kforward declaration of â€˜[01m[Kclass controllerInput[m[Kâ€™
[0.655s]    14 | class [01;36m[KcontrollerInput[m[K : public rclcpp::Node
[0.655s]       |       [01;36m[K^~~~~~~~~~~~~~~[m[K
[0.655s] [01m[K/home/aksel/Documents/GitHub/Mobile_robotter/ros2_ws/src/controller_input/src/controllerinput.cpp:86:58:[m[K [01;31m[Kerror: [m[Kinvalid use of incomplete type â€˜[01m[Kclass controllerInput[m[Kâ€™
[0.655s]    86 | void controllerInput::playTone(double freq1, double freq2[01;31m[K)[m[K{
[0.655s]       |                                                          [01;31m[K^[m[K
[0.655s] In file included from [01m[K/home/aksel/Documents/GitHub/Mobile_robotter/ros2_ws/src/controller_input/src/controllerinput.cpp:1[m[K:
[0.655s] [01m[K/home/aksel/Documents/GitHub/Mobile_robotter/ros2_ws/src/controller_input/include/controllerinput.h:14:7:[m[K [01;36m[Knote: [m[Kforward declaration of â€˜[01m[Kclass controllerInput[m[Kâ€™
[0.655s]    14 | class [01;36m[KcontrollerInput[m[K : public rclcpp::Node
[0.655s]       |       [01;36m[K^~~~~~~~~~~~~~~[m[K
[0.655s] [01m[K/home/aksel/Documents/GitHub/Mobile_robotter/ros2_ws/src/controller_input/src/controllerinput.cpp:109:63:[m[K [01;31m[Kerror: [m[Kinvalid use of incomplete type â€˜[01m[Kclass controllerInput[m[Kâ€™
[0.656s]   109 | void controllerInput::playSequence(const std::string &sequence[01;31m[K)[m[K {
[0.656s]       |                                                               [01;31m[K^[m[K
[0.656s] In file included from [01m[K/home/aksel/Documents/GitHub/Mobile_robotter/ros2_ws/src/controller_input/src/controllerinput.cpp:1[m[K:
[0.656s] [01m[K/home/aksel/Documents/GitHub/Mobile_robotter/ros2_ws/src/controller_input/include/controllerinput.h:14:7:[m[K [01;36m[Knote: [m[Kforward declaration of â€˜[01m[Kclass controllerInput[m[Kâ€™
[0.656s]    14 | class [01;36m[KcontrollerInput[m[K : public rclcpp::Node
[0.656s]       |       [01;36m[K^~~~~~~~~~~~~~~[m[K
[0.715s] gmake[2]: *** [CMakeFiles/controller_input.dir/build.make:90: CMakeFiles/controller_input.dir/src/controllerinput.cpp.o] Error 1
[0.715s] gmake[2]: *** Waiting for unfinished jobs....
[1.942s] In file included from [01m[K/home/aksel/Documents/GitHub/Mobile_robotter/ros2_ws/src/controller_input/src/main.cpp:2[m[K:
[1.942s] [01m[K/home/aksel/Documents/GitHub/Mobile_robotter/ros2_ws/src/controller_input/include/controllerinput.h:18:26:[m[K [01;31m[Kerror: [m[Kâ€˜[01m[Ksensor_msgs[m[Kâ€™ was not declared in this scope
[1.942s]    18 |     rclcpp::Subscription<[01;31m[Ksensor_msgs[m[K::msg::Joy>::SharedPtr _joySubscriber;
[1.942s]       |                          [01;31m[K^~~~~~~~~~~[m[K
[1.942s] [01m[K/home/aksel/Documents/GitHub/Mobile_robotter/ros2_ws/src/controller_input/include/controllerinput.h:18:47:[m[K [01;31m[Kerror: [m[Ktemplate argument 1 is invalid
[1.942s]    18 |     rclcpp::Subscription<sensor_msgs::msg::Joy[01;31m[K>[m[K::SharedPtr _joySubscriber;
[1.942s]       |                                               [01;31m[K^[m[K
[1.942s] [01m[K/home/aksel/Documents/GitHub/Mobile_robotter/ros2_ws/src/controller_input/include/controllerinput.h:18:47:[m[K [01;31m[Kerror: [m[Ktemplate argument 3 is invalid
[1.942s] [01m[K/home/aksel/Documents/GitHub/Mobile_robotter/ros2_ws/src/controller_input/include/controllerinput.h:18:47:[m[K [01;31m[Kerror: [m[Ktemplate argument 4 is invalid
[1.942s] [01m[K/home/aksel/Documents/GitHub/Mobile_robotter/ros2_ws/src/controller_input/include/controllerinput.h:18:47:[m[K [01;31m[Kerror: [m[Ktemplate argument 5 is invalid
[1.942s] [01m[K/home/aksel/Documents/GitHub/Mobile_robotter/ros2_ws/src/controller_input/include/controllerinput.h:18:50:[m[K [01;31m[Kerror: [m[Kexpected â€˜[01m[K;[m[Kâ€™ at end of member declaration
[1.942s]    18 |     rclcpp::Subscription<sensor_msgs::msg::Joy>::[01;31m[KSharedPtr[m[K _joySubscriber;
[1.942s]       |                                                  [01;31m[K^~~~~~~~~[m[K
[1.942s]       |                                                           [32m[K;[m[K
[1.943s] [01m[K/home/aksel/Documents/GitHub/Mobile_robotter/ros2_ws/src/controller_input/include/controllerinput.h:18:60:[m[K [01;31m[Kerror: [m[Kâ€˜[01m[K_joySubscriber[m[Kâ€™ does not name a type
[1.943s]    18 |     rclcpp::Subscription<sensor_msgs::msg::Joy>::SharedPtr [01;31m[K_joySubscriber[m[K;
[1.943s]       |                                                            [01;31m[K^~~~~~~~~~~~~~[m[K
[1.944s] In file included from [01m[K/home/aksel/Documents/GitHub/Mobile_robotter/ros2_ws/src/controller_input/src/main.cpp:2[m[K:
[1.944s] [01m[K/home/aksel/Documents/GitHub/Mobile_robotter/ros2_ws/src/controller_input/include/controllerinput.h:45:29:[m[K [01;31m[Kerror: [m[Kâ€˜[01m[Ksensor_msgs[m[Kâ€™ does not name a type
[1.944s]    45 |     void joy_callback(const [01;31m[Ksensor_msgs[m[K::msg::Joy::SharedPtr msg);
[1.944s]       |                             [01;31m[K^~~~~~~~~~~[m[K
[1.944s] [01m[K/home/aksel/Documents/GitHub/Mobile_robotter/ros2_ws/src/controller_input/include/controllerinput.h:45:45:[m[K [01;31m[Kerror: [m[Kexpected unqualified-id before â€˜[01m[K::[m[Kâ€™ token
[1.944s]    45 |     void joy_callback(const sensor_msgs::msg[01;31m[K::[m[KJoy::SharedPtr msg);
[1.944s]       |                                             [01;31m[K^~[m[K
[1.944s] [01m[K/home/aksel/Documents/GitHub/Mobile_robotter/ros2_ws/src/controller_input/include/controllerinput.h:45:45:[m[K [01;31m[Kerror: [m[Kexpected â€˜[01m[K)[m[Kâ€™ before â€˜[01m[K::[m[Kâ€™ token
[1.944s]    45 |     void joy_callback[34m[K([m[Kconst sensor_msgs::msg[01;31m[K:[m[K[32m[K:[m[KJoy::SharedPtr msg);
[1.945s]       |                      [34m[K~[m[K                      [01;31m[K^[m[K[32m[K~[m[K
[1.945s]       |                                             [32m[K)[m[K
[1.945s] [01m[K/home/aksel/Documents/GitHub/Mobile_robotter/ros2_ws/src/controller_input/include/controllerinput.h:45:42:[m[K [01;31m[Kerror: [m[Kexpected â€˜[01m[K;[m[Kâ€™ at end of member declaration
[1.945s]    45 |     void joy_callback(const sensor_msgs::[01;31m[Kmsg[m[K::Joy::SharedPtr msg);
[1.945s]       |                                          [01;31m[K^~~[m[K
[1.945s]       |                                             [32m[K;[m[K
[1.945s] [01m[K/home/aksel/Documents/GitHub/Mobile_robotter/ros2_ws/src/controller_input/include/controllerinput.h:45:47:[m[K [01;31m[Kerror: [m[Kâ€˜[01m[KJoy[m[Kâ€™ in namespace â€˜[01m[K::[m[Kâ€™ does not name a type
[1.945s]    45 |     void joy_callback(const sensor_msgs::msg::[01;31m[KJoy[m[K::SharedPtr msg);
[1.945s]       |                                               [01;31m[K^~~[m[K
[2.285s] gmake[2]: *** [CMakeFiles/controller_input.dir/build.make:76: CMakeFiles/controller_input.dir/src/main.cpp.o] Error 1
[2.285s] gmake[1]: *** [CMakeFiles/Makefile2:137: CMakeFiles/controller_input.dir/all] Error 2
[2.285s] gmake: *** [Makefile:146: all] Error 2
[2.288s] Invoked command in '/home/aksel/Documents/GitHub/Mobile_robotter/ros2_ws/build/controller_input' returned '2': CMAKE_PREFIX_PATH=${CMAKE_PREFIX_PATH}:/home/aksel/turtlebot3_ws/install/turtlebot3_teleop:/home/aksel/turtlebot3_ws/install/turtlebot3_example:/opt/ros/humble /usr/bin/cmake --build /home/aksel/Documents/GitHub/Mobile_robotter/ros2_ws/build/controller_input -- -j16 -l16
