[0.021s] Invoking command in '/home/aksel/Documents/GitHub/Mobile_robotter/ros2_ws/build/controller_input': CMAKE_PREFIX_PATH=${CMAKE_PREFIX_PATH}:/home/aksel/turtlebot3_ws/install/turtlebot3_teleop:/home/aksel/turtlebot3_ws/install/turtlebot3_example:/opt/ros/humble /usr/bin/cmake --build /home/aksel/Documents/GitHub/Mobile_robotter/ros2_ws/build/controller_input -- -j16 -l16
[0.060s] [35m[1mConsolidate compiler generated dependencies of target controller_input[0m
[0.079s] [ 33%] [32m[1mLinking CXX executable controller_input[0m
[1.230s] /usr/bin/ld: CMakeFiles/controller_input.dir/src/controllerinput.cpp.o: in function `controllerInput::joy_callback(std::shared_ptr<sensor_msgs::msg::Joy_<std::allocator<void> > >)':
[1.230s] /home/aksel/Documents/GitHub/Mobile_robotter/ros2_ws/src/controller_input/src/controllerinput.cpp:18: undefined reference to `controllerInput::mapAxisToByte(float)'
[1.231s] /usr/bin/ld: /home/aksel/Documents/GitHub/Mobile_robotter/ros2_ws/src/controller_input/src/controllerinput.cpp:19: undefined reference to `controllerInput::mapAxisToByte(float)'
[1.313s] collect2: error: ld returned 1 exit status
[1.315s] gmake[2]: *** [CMakeFiles/controller_input.dir/build.make:208: controller_input] Error 1
[1.315s] gmake[1]: *** [CMakeFiles/Makefile2:137: CMakeFiles/controller_input.dir/all] Error 2
[1.316s] gmake: *** [Makefile:146: all] Error 2
[1.318s] Invoked command in '/home/aksel/Documents/GitHub/Mobile_robotter/ros2_ws/build/controller_input' returned '2': CMAKE_PREFIX_PATH=${CMAKE_PREFIX_PATH}:/home/aksel/turtlebot3_ws/install/turtlebot3_teleop:/home/aksel/turtlebot3_ws/install/turtlebot3_example:/opt/ros/humble /usr/bin/cmake --build /home/aksel/Documents/GitHub/Mobile_robotter/ros2_ws/build/controller_input -- -j16 -l16
